#
# There is insufficient memory for the Java Runtime Environment to continue.
# Native memory allocation (malloc) failed to allocate 1048576 bytes for AllocateHeap
# Possible reasons:
#   The system is out of physical RAM or swap space
#   The process is running with CompressedOops enabled, and the Java Heap may be blocking the growth of the native heap
# Possible solutions:
#   Reduce memory load on the system
#   Increase physical memory or swap space
#   Check if swap backing store is full
#   Decrease Java heap size (-Xmx/-Xms)
#   Decrease number of Java threads
#   Decrease Java thread stack sizes (-Xss)
#   Set larger code cache with -XX:ReservedCodeCacheSize=
#   JVM is running with Unscaled Compressed Oops mode in which the Java heap is
#     placed in the first 4GB address space. The Java Heap base address is the
#     maximum limit for the native heap growth. Please use -XX:HeapBaseMinAddress
#     to set the Java Heap base and to place the Java Heap above 4GB virtual address.
# This output file may be truncated or incomplete.
#
#  Out of Memory Error (allocation.cpp:44), pid=22936, tid=4724
#
# JRE version:  (17.0.10+7) (build )
# Java VM: OpenJDK 64-Bit Server VM (17.0.10+7, mixed mode, tiered, compressed oops, compressed class ptrs, parallel gc, windows-amd64)
# No core dump will be written. Minidumps are not enabled by default on client versions of Windows
#

---------------  S U M M A R Y ------------

Command Line: --add-modules=ALL-SYSTEM --add-opens=java.base/java.util=ALL-UNNAMED --add-opens=java.base/java.lang=ALL-UNNAMED --add-opens=java.base/sun.nio.fs=ALL-UNNAMED -Declipse.application=org.eclipse.jdt.ls.core.id1 -Dosgi.bundles.defaultStartLevel=4 -Declipse.product=org.eclipse.jdt.ls.core.product -Djava.import.generatesMetadataFilesAtProjectRoot=false -DDetectVMInstallationsJob.disabled=true -Dfile.encoding=utf8 -XX:+UseParallelGC -XX:GCTimeRatio=4 -XX:AdaptiveSizePolicyWeight=90 -Dsun.zip.disableMemoryMapping=true -Xmx1G -Xms100m -Xlog:disable -javaagent:c:\Users\Butani Jeel\.vscode\extensions\redhat.java-1.29.0-win32-x64\lombok\lombok-1.18.32.jar c:\Users\Butani Jeel\.vscode\extensions\redhat.java-1.29.0-win32-x64\server\plugins\org.eclipse.equinox.launcher_1.6.800.v20240304-1850.jar -configuration c:\Users\Butani Jeel\AppData\Roaming\Code\User\globalStorage\redhat.java\1.29.0\config_ss_win -data c:\Users\Butani Jeel\AppData\Roaming\Code\User\workspaceStorage\cecd2bf41a9f934d139ef9bd3f5baad6\redhat.java\ss_ws --stdio

Host: 11th Gen Intel(R) Core(TM) i5-1135G7 @ 2.40GHz, 8 cores, 7G,  Windows 11 , 64 bit Build 22621 (10.0.22621.3374)
Time: Mon Apr 22 07:31:48 2024 India Standard Time elapsed time: 0.305599 seconds (0d 0h 0m 0s)

---------------  T H R E A D  ---------------

Current thread (0x00000181443d0640):  JavaThread "Unknown thread" [_thread_in_vm, id=4724, stack(0x000000194ed00000,0x000000194ee00000)]

Stack: [0x000000194ed00000,0x000000194ee00000]
Native frames: (J=compiled Java code, j=interpreted, Vv=VM code, C=native code)
V  [jvm.dll+0x67d2c9]
V  [jvm.dll+0x834afa]
V  [jvm.dll+0x8365be]
V  [jvm.dll+0x836c23]
V  [jvm.dll+0x2477ff]
V  [jvm.dll+0xa6c93]
V  [jvm.dll+0x6aff76]
V  [jvm.dll+0x6b0b4f]
V  [jvm.dll+0x689a43]
V  [jvm.dll+0x806a7b]
V  [jvm.dll+0x36c774]
V  [jvm.dll+0x7e4e06]
V  [jvm.dll+0x3eff3f]
V  [jvm.dll+0x3f1b71]
C  [jli.dll+0x528f]
C  [ucrtbase.dll+0x29333]
C  [KERNEL32.DLL+0x1257d]
C  [ntdll.dll+0x5aa48]


---------------  P R O C E S S  ---------------

Threads class SMR info:
_java_thread_list=0x00007ffdc0b4ee98, length=0, elements={
}

Java Threads: ( => current thread )

Other Threads:
  0x00000181443e4210 GCTaskThread "GC Thread#0" [stack: 0x000000194ee00000,0x000000194ef00000] [id=13840]

=>0x00000181443d0640 (exited) JavaThread "Unknown thread" [_thread_in_vm, id=4724, stack(0x000000194ed00000,0x000000194ee00000)]

Threads with active compile tasks:

VM state: not at safepoint (normal execution)

VM Mutex/Monitor currently owned by a thread: None

Heap address: 0x00000000c0000000, size: 1024 MB, Compressed Oops mode: 32-bit

CDS archive(s) not mapped
Compressed class space mapped at: 0x0000000100000000-0x0000000140000000, reserved size: 1073741824
Narrow klass base: 0x0000000000000000, Narrow klass shift: 3, Narrow klass range: 0x140000000

GC Precious Log:
 CPUs: 8 total, 8 available
 Memory: 7934M
 Large Page Support: Disabled
 NUMA Support: Disabled
 Compressed Oops: Enabled (32-bit)
 Alignments: Space 512K, Generation 512K, Heap 2M
 Heap Min Capacity: 100M
 Heap Initial Capacity: 100M
 Heap Max Capacity: 1G
 Pre-touch: Disabled
 Parallel Workers: 8

Heap:
 PSYoungGen      total 29696K, used 512K [0x00000000eab00000, 0x00000000ecc00000, 0x0000000100000000)
  eden space 25600K, 2% used [0x00000000eab00000,0x00000000eab80070,0x00000000ec400000)
  from space 4096K, 0% used [0x00000000ec800000,0x00000000ec800000,0x00000000ecc00000)
  to   space 4096K, 0% used [0x00000000ec400000,0x00000000ec400000,0x00000000ec800000)
 ParOldGen       total 68608K, used 0K [0x00000000c0000000, 0x00000000c4300000, 0x00000000eab00000)
  object space 68608K, 0% used [0x00000000c0000000,0x00000000c0000000,0x00000000c4300000)
 Metaspace       used 1149K, committed 1216K, reserved 1114112K
  class space    used 101K, committed 128K, reserved 1048576K

Card table byte_map: [0x0000018157a20000,0x0000018157c30000] _byte_map_base: 0x0000018157420000

Marking Bits: (ParMarkBitMap*) 0x00007ffdc0bbd7d0
 Begin Bits: [0x0000018157d90000, 0x0000018158d90000)
 End Bits:   [0x0000018158d90000, 0x0000018159d90000)

Polling page: 0x0000018148810000

Metaspace:

Usage:
  Non-class:      1.02 MB used.
      Class:    101.05 KB used.
       Both:      1.12 MB used.

Virtual space:
  Non-class space:       64.00 MB reserved,       1.06 MB (  2%) committed,  1 nodes.
      Class space:        1.00 GB reserved,     128.00 KB ( <1%) committed,  1 nodes.
             Both:        1.06 GB reserved,       1.19 MB ( <1%) committed. 

Chunk freelists:
   Non-Class:  12.00 MB
       Class:  15.75 MB
        Both:  27.75 MB

MaxMetaspaceSize: unlimited
CompressedClassSpaceSize: 1.00 GB
Initial GC threshold: 21.00 MB
Current GC threshold: 17179869184.00 GB
CDS: off
MetaspaceReclaimPolicy: balanced
 - commit_granule_bytes: 65536.
 - commit_granule_words: 8192.
 - virtual_space_node_default_size: 8388608.
 - enlarge_chunks_in_place: 1.
 - new_chunks_are_fully_committed: 0.
 - uncommit_free_chunks: 1.
 - use_allocation_guard: 0.
 - handle_deallocations: 1.


Internal statistics:

num_allocs_failed_limit: 0.
num_arena_births: 2.
num_arena_deaths: 0.
num_vsnodes_births: 2.
num_vsnodes_deaths: 0.
num_space_committed: 19.
num_space_uncommitted: 0.
num_chunks_returned_to_freelist: 0.
num_chunks_taken_from_freelist: 3.
num_chunk_merges: 0.
num_chunk_splits: 2.
num_chunks_enlarged: 0.
num_inconsistent_stats: 0.

CodeHeap 'non-profiled nmethods': size=120000Kb used=0Kb max_used=0Kb free=120000Kb
 bounds [0x0000018150300000, 0x0000018150570000, 0x0000018157830000]
CodeHeap 'profiled nmethods': size=120000Kb used=0Kb max_used=0Kb free=120000Kb
 bounds [0x0000018148830000, 0x0000018148aa0000, 0x000001814fd60000]
CodeHeap 'non-nmethods': size=5760Kb used=208Kb max_used=360Kb free=5551Kb
 bounds [0x000001814fd60000, 0x000001814ffd0000, 0x0000018150300000]
 total_blobs=66 nmethods=0 adapters=47
 compilation: enabled
              stopped_count=0, restarted_count=0
 full_count=0

Compilation events (0 events):
No events

GC Heap History (0 events):
No events

Dll operation events (1 events):
Event: 0.039 Loaded shared library c:\Users\Butani Jeel\.vscode\extensions\redhat.java-1.29.0-win32-x64\jre\17.0.10-win32-x86_64\bin\java.dll

Deoptimization events (0 events):
No events

Classes unloaded (0 events):
No events

Classes redefined (0 events):
No events

Internal exceptions (0 events):
No events

VM Operations (0 events):
No events

Events (20 events):
Event: 0.294 loading class java/lang/Long
Event: 0.295 loading class java/lang/Long done
Event: 0.295 loading class java/util/Iterator
Event: 0.295 loading class java/util/Iterator done
Event: 0.295 loading class java/lang/reflect/RecordComponent
Event: 0.295 loading class java/lang/reflect/RecordComponent done
Event: 0.295 loading class jdk/internal/vm/vector/VectorSupport
Event: 0.296 loading class jdk/internal/vm/vector/VectorSupport done
Event: 0.296 loading class jdk/internal/vm/vector/VectorSupport$VectorPayload
Event: 0.296 loading class jdk/internal/vm/vector/VectorSupport$VectorPayload done
Event: 0.296 loading class jdk/internal/vm/vector/VectorSupport$Vector
Event: 0.296 loading class jdk/internal/vm/vector/VectorSupport$Vector done
Event: 0.296 loading class jdk/internal/vm/vector/VectorSupport$VectorMask
Event: 0.297 loading class jdk/internal/vm/vector/VectorSupport$VectorMask done
Event: 0.297 loading class jdk/internal/vm/vector/VectorSupport$VectorShuffle
Event: 0.297 loading class jdk/internal/vm/vector/VectorSupport$VectorShuffle done
Event: 0.301 loading class java/lang/NullPointerException
Event: 0.301 loading class java/lang/NullPointerException done
Event: 0.301 loading class java/lang/ArithmeticException
Event: 0.301 loading class java/lang/ArithmeticException done


Dynamic libraries:
0x00007ff7d4ac0000 - 0x00007ff7d4ace000 	c:\Users\Butani Jeel\.vscode\extensions\redhat.java-1.29.0-win32-x64\jre\17.0.10-win32-x86_64\bin\java.exe
0x00007ffe6f0b0000 - 0x00007ffe6f2c6000 	C:\WINDOWS\SYSTEM32\ntdll.dll
0x00007ffe6d600000 - 0x00007ffe6d6c4000 	C:\WINDOWS\System32\KERNEL32.DLL
0x00007ffe6c5c0000 - 0x00007ffe6c967000 	C:\WINDOWS\System32\KERNELBASE.dll
0x00007ffe6c430000 - 0x00007ffe6c541000 	C:\WINDOWS\System32\ucrtbase.dll
0x00007ffdc0d40000 - 0x00007ffdc0d57000 	c:\Users\Butani Jeel\.vscode\extensions\redhat.java-1.29.0-win32-x64\jre\17.0.10-win32-x86_64\bin\jli.dll
0x00007ffe6e1d0000 - 0x00007ffe6e37e000 	C:\WINDOWS\System32\USER32.dll
0x00007ffe6c3d0000 - 0x00007ffe6c3f6000 	C:\WINDOWS\System32\win32u.dll
0x00007ffe6d1c0000 - 0x00007ffe6d1e9000 	C:\WINDOWS\System32\GDI32.dll
0x00007ffe6ccc0000 - 0x00007ffe6cdd9000 	C:\WINDOWS\System32\gdi32full.dll
0x00007ffe6cc20000 - 0x00007ffe6ccba000 	C:\WINDOWS\System32\msvcp_win.dll
0x00007ffdc0d20000 - 0x00007ffdc0d3b000 	c:\Users\Butani Jeel\.vscode\extensions\redhat.java-1.29.0-win32-x64\jre\17.0.10-win32-x86_64\bin\VCRUNTIME140.dll
0x00007ffe44c10000 - 0x00007ffe44ea3000 	C:\WINDOWS\WinSxS\amd64_microsoft.windows.common-controls_6595b64144ccf1df_6.0.22621.3235_none_270f74e173860f98\COMCTL32.dll
0x00007ffe6efc0000 - 0x00007ffe6f067000 	C:\WINDOWS\System32\msvcrt.dll
0x00007ffe6ef70000 - 0x00007ffe6efa1000 	C:\WINDOWS\System32\IMM32.DLL
0x00007ffe00e30000 - 0x00007ffe00e3c000 	c:\Users\Butani Jeel\.vscode\extensions\redhat.java-1.29.0-win32-x64\jre\17.0.10-win32-x86_64\bin\vcruntime140_1.dll
0x00007ffdc0c90000 - 0x00007ffdc0d1d000 	c:\Users\Butani Jeel\.vscode\extensions\redhat.java-1.29.0-win32-x64\jre\17.0.10-win32-x86_64\bin\msvcp140.dll
0x00007ffdc0020000 - 0x00007ffdc0c82000 	c:\Users\Butani Jeel\.vscode\extensions\redhat.java-1.29.0-win32-x64\jre\17.0.10-win32-x86_64\bin\server\jvm.dll
0x00007ffe6d1f0000 - 0x00007ffe6d2a2000 	C:\WINDOWS\System32\ADVAPI32.dll
0x00007ffe6df30000 - 0x00007ffe6dfd8000 	C:\WINDOWS\System32\sechost.dll
0x00007ffe6c400000 - 0x00007ffe6c428000 	C:\WINDOWS\System32\bcrypt.dll
0x00007ffe6d040000 - 0x00007ffe6d155000 	C:\WINDOWS\System32\RPCRT4.dll
0x00007ffe6c2a0000 - 0x00007ffe6c2ed000 	C:\WINDOWS\SYSTEM32\POWRPROF.dll
0x00007ffdddef0000 - 0x00007ffdddef9000 	C:\WINDOWS\SYSTEM32\WSOCK32.dll
0x00007ffe63ff0000 - 0x00007ffe64024000 	C:\WINDOWS\SYSTEM32\WINMM.dll
0x00007ffe64e70000 - 0x00007ffe64e7a000 	C:\WINDOWS\SYSTEM32\VERSION.dll
0x00007ffe6e150000 - 0x00007ffe6e1c1000 	C:\WINDOWS\System32\WS2_32.dll
0x00007ffe6c280000 - 0x00007ffe6c293000 	C:\WINDOWS\SYSTEM32\UMPDC.dll
0x00007ffe6b410000 - 0x00007ffe6b428000 	C:\WINDOWS\SYSTEM32\kernel.appcore.dll
0x00007ffddd580000 - 0x00007ffddd58a000 	c:\Users\Butani Jeel\.vscode\extensions\redhat.java-1.29.0-win32-x64\jre\17.0.10-win32-x86_64\bin\jimage.dll
0x00007ffe69420000 - 0x00007ffe69653000 	C:\WINDOWS\SYSTEM32\DBGHELP.DLL
0x00007ffe6e5f0000 - 0x00007ffe6e978000 	C:\WINDOWS\System32\combase.dll
0x00007ffe6d490000 - 0x00007ffe6d567000 	C:\WINDOWS\System32\OLEAUT32.dll
0x00007ffe4ece0000 - 0x00007ffe4ed12000 	C:\WINDOWS\SYSTEM32\dbgcore.DLL
0x00007ffe6cba0000 - 0x00007ffe6cc19000 	C:\WINDOWS\System32\bcryptPrimitives.dll
0x00007ffdda1b0000 - 0x00007ffdda1be000 	c:\Users\Butani Jeel\.vscode\extensions\redhat.java-1.29.0-win32-x64\jre\17.0.10-win32-x86_64\bin\instrument.dll
0x00007ffdbfff0000 - 0x00007ffdc0015000 	c:\Users\Butani Jeel\.vscode\extensions\redhat.java-1.29.0-win32-x64\jre\17.0.10-win32-x86_64\bin\java.dll
0x00007ffddda20000 - 0x00007ffddda38000 	c:\Users\Butani Jeel\.vscode\extensions\redhat.java-1.29.0-win32-x64\jre\17.0.10-win32-x86_64\bin\zip.dll

dbghelp: loaded successfully - version: 4.0.5 - missing functions: none
symbol engine: initialized successfully - sym options: 0x614 - pdb path: .;c:\Users\Butani Jeel\.vscode\extensions\redhat.java-1.29.0-win32-x64\jre\17.0.10-win32-x86_64\bin;C:\WINDOWS\SYSTEM32;C:\WINDOWS\WinSxS\amd64_microsoft.windows.common-controls_6595b64144ccf1df_6.0.22621.3235_none_270f74e173860f98;c:\Users\Butani Jeel\.vscode\extensions\redhat.java-1.29.0-win32-x64\jre\17.0.10-win32-x86_64\bin\server

VM Arguments:
jvm_args: --add-modules=ALL-SYSTEM --add-opens=java.base/java.util=ALL-UNNAMED --add-opens=java.base/java.lang=ALL-UNNAMED --add-opens=java.base/sun.nio.fs=ALL-UNNAMED -Declipse.application=org.eclipse.jdt.ls.core.id1 -Dosgi.bundles.defaultStartLevel=4 -Declipse.product=org.eclipse.jdt.ls.core.product -Djava.import.generatesMetadataFilesAtProjectRoot=false -DDetectVMInstallationsJob.disabled=true -Dfile.encoding=utf8 -XX:+UseParallelGC -XX:GCTimeRatio=4 -XX:AdaptiveSizePolicyWeight=90 -Dsun.zip.disableMemoryMapping=true -Xmx1G -Xms100m -Xlog:disable -javaagent:c:\Users\Butani Jeel\.vscode\extensions\redhat.java-1.29.0-win32-x64\lombok\lombok-1.18.32.jar 
java_command: c:\Users\Butani Jeel\.vscode\extensions\redhat.java-1.29.0-win32-x64\server\plugins\org.eclipse.equinox.launcher_1.6.800.v20240304-1850.jar -configuration c:\Users\Butani Jeel\AppData\Roaming\Code\User\globalStorage\redhat.java\1.29.0\config_ss_win -data c:\Users\Butani Jeel\AppData\Roaming\Code\User\workspaceStorage\cecd2bf41a9f934d139ef9bd3f5baad6\redhat.java\ss_ws --stdio
java_class_path (initial): c:\Users\Butani Jeel\.vscode\extensions\redhat.java-1.29.0-win32-x64\server\plugins\org.eclipse.equinox.launcher_1.6.800.v20240304-1850.jar
Launcher Type: SUN_STANDARD

[Global flags]
    uintx AdaptiveSizePolicyWeight                 = 90                                        {product} {command line}
     intx CICompilerCount                          = 4                                         {product} {ergonomic}
    uintx GCTimeRatio                              = 4                                         {product} {command line}
   size_t InitialHeapSize                          = 104857600                                 {product} {command line}
   size_t MaxHeapSize                              = 1073741824                                {product} {command line}
   size_t MaxNewSize                               = 357564416                                 {product} {ergonomic}
   size_t MinHeapDeltaBytes                        = 524288                                    {product} {ergonomic}
   size_t MinHeapSize                              = 104857600                                 {product} {command line}
   size_t NewSize                                  = 34603008                                  {product} {ergonomic}
    uintx NonNMethodCodeHeapSize                   = 5839372                                {pd product} {ergonomic}
    uintx NonProfiledCodeHeapSize                  = 122909434                              {pd product} {ergonomic}
   size_t OldSize                                  = 70254592                                  {product} {ergonomic}
    uintx ProfiledCodeHeapSize                     = 122909434                              {pd product} {ergonomic}
    uintx ReservedCodeCacheSize                    = 251658240                              {pd product} {ergonomic}
     bool SegmentedCodeCache                       = true                                      {product} {ergonomic}
   size_t SoftMaxHeapSize                          = 1073741824                             {manageable} {ergonomic}
     bool UseCompressedClassPointers               = true                           {product lp64_product} {ergonomic}
     bool UseCompressedOops                        = true                           {product lp64_product} {ergonomic}
     bool UseLargePagesIndividualAllocation        = false                                  {pd product} {ergonomic}
     bool UseParallelGC                            = true                                      {product} {command line}

Logging:
Log output configuration:
 #0: stdout all=off uptime,level,tags
 #1: stderr all=off uptime,level,tags

Environment Variables:
PATH=C:\Program Files\Common Files\Oracle\Java\javapath;C:\WINDOWS\system32;C:\WINDOWS;C:\WINDOWS\System32\Wbem;C:\WINDOWS\System32\WindowsPowerShell\v1.0\;C:\WINDOWS\System32\OpenSSH\;C:\Program Files\dotnet\;C:\xampp;C:\Program Files\Git\cmd;C:\Program Files\Microsoft SQL Server\150\Tools\Binn\;C:\Program Files\Microsoft SQL Server\Client SDK\ODBC\170\Tools\Binn\;C:\Program Files (x86)\Microsoft SQL Server\150\Tools\Binn\;C:\Program Files (x86)\Microsoft SQL Server\150\DTS\Binn\;C:\Program Files\Microsoft SQL Server\150\DTS\Binn\;C:\Program Files (x86)\Microsoft SQL Server\Client SDK\ODBC\130\Tools\Binn\;C:\Program Files (x86)\Microsoft SQL Server\140\Tools\Binn\;C:\Program Files (x86)\Microsoft SQL Server\140\DTS\Binn\;C:\Program Files (x86)\Microsoft SQL Server\140\Tools\Binn\ManagementStudio\;C:\Users\Butani Jeel\AppData\Local\Pub\Cache\bin;C:\Users\Butani Jeel\AppData\Roaming\npm;C:\Program Files\nodejs\;C:\Program Files\MySQL\MySQL Shell 8.0\bin\;C:\Users\Butani Jeel\AppData\Local\Microsoft\WindowsApps;D:\dev and mul\jdk1.8.0_201\jdk1.8.0_201\bin;C:\Users\Butani Jeel\.vscode\Microsoft VS Code\bin;D:\Flutter\install\flutter\bin;C:\Users\Butani Jeel\.dotnet\tools;C:\Users\Butani Jeel\AppData\Roaming\npm;D:\IntelliJ IDEA Community Edition 2023.3.2\bin;;C:\msys64\ucrt64\bin
USERNAME=Jeel
OS=Windows_NT
PROCESSOR_IDENTIFIER=Intel64 Family 6 Model 140 Stepping 1, GenuineIntel
TMP=C:\Users\BUTANI~1\AppData\Local\Temp
TEMP=C:\Users\BUTANI~1\AppData\Local\Temp



Periodic native trim disabled


---------------  S Y S T E M  ---------------

OS:
 Windows 11 , 64 bit Build 22621 (10.0.22621.3374)
OS uptime: 3 days 0:06 hours

CPU: total 8 (initial active 8) (4 cores per cpu, 2 threads per core) family 6 model 140 stepping 1 microcode 0xb4, cx8, cmov, fxsr, ht, mmx, 3dnowpref, sse, sse2, sse3, ssse3, sse4.1, sse4.2, popcnt, lzcnt, tsc, tscinvbit, avx, avx2, aes, erms, clmul, bmi1, bmi2, adx, avx512f, avx512dq, avx512cd, avx512bw, avx512vl, sha, fma, vzeroupper, avx512_vpopcntdq, avx512_vpclmulqdq, avx512_vaes, avx512_vnni, clflush, clflushopt, clwb, avx512_vbmi2, avx512_vbmi
Processor Information for all 8 processors :
  Max Mhz: 2419, Current Mhz: 2419, Mhz Limit: 2419

Memory: 4k page, system-wide physical 7934M (78M free)
TotalPageFile size 20734M (AvailPageFile size 4M)
current process WorkingSet (physical memory assigned to process): 16M, peak: 16M
current process commit charge ("private bytes"): 154M, peak: 155M

vm_info: OpenJDK 64-Bit Server VM (17.0.10+7) for windows-amd64 JRE (17.0.10+7), built on Jan 16 2024 23:25:11 by "admin" with MS VC++ 16.10 / 16.11 (VS2019)

END.
