#
# There is insufficient memory for the Java Runtime Environment to continue.
# Native memory allocation (malloc) failed to allocate 563040 bytes for Chunk::new
# Possible reasons:
#   The system is out of physical RAM or swap space
#   The process is running with CompressedOops enabled, and the Java Heap may be blocking the growth of the native heap
# Possible solutions:
#   Reduce memory load on the system
#   Increase physical memory or swap space
#   Check if swap backing store is full
#   Decrease Java heap size (-Xmx/-Xms)
#   Decrease number of Java threads
#   Decrease Java thread stack sizes (-Xss)
#   Set larger code cache with -XX:ReservedCodeCacheSize=
#   JVM is running with Unscaled Compressed Oops mode in which the Java heap is
#     placed in the first 4GB address space. The Java Heap base address is the
#     maximum limit for the native heap growth. Please use -XX:HeapBaseMinAddress
#     to set the Java Heap base and to place the Java Heap above 4GB virtual address.
# This output file may be truncated or incomplete.
#
#  Out of Memory Error (arena.cpp:168), pid=11604, tid=10496
#
# JRE version: Java(TM) SE Runtime Environment (21.0.1+12) (build 21.0.1+12-LTS-29)
# Java VM: Java HotSpot(TM) 64-Bit Server VM (21.0.1+12-LTS-29, mixed mode, sharing, tiered, compressed oops, compressed class ptrs, g1 gc, windows-amd64)
# No core dump will be written. Minidumps are not enabled by default on client versions of Windows
#

---------------  S U M M A R Y ------------

Command Line: -Dfile.encoding=utf8 c:\\Users\\Butani Jeel\\.vscode\\extensions\\vscjava.vscode-gradle-3.13.5\\lib\\gradle-language-server.jar

Host: 11th Gen Intel(R) Core(TM) i5-1135G7 @ 2.40GHz, 8 cores, 7G,  Windows 11 , 64 bit Build 22621 (10.0.22621.3374)
Time: Mon Apr 22 07:31:49 2024 India Standard Time elapsed time: 4.263926 seconds (0d 0h 0m 4s)

---------------  T H R E A D  ---------------

Current thread (0x000001b7675fbe70):  JavaThread "C2 CompilerThread0" daemon [_thread_in_native, id=10496, stack(0x000000535c200000,0x000000535c300000) (1024K)]


Current CompileTask:
C2:   4264  636       4       java.util.stream.ReferencePipeline$3$1::accept (23 bytes)

Stack: [0x000000535c200000,0x000000535c300000]
Native frames: (J=compiled Java code, j=interpreted, Vv=VM code, C=native code)
V  [jvm.dll+0x6c9029]
V  [jvm.dll+0x854b81]
V  [jvm.dll+0x856e5e]
V  [jvm.dll+0x857543]
V  [jvm.dll+0x280c06]
V  [jvm.dll+0xc3ead]
V  [jvm.dll+0xc43c3]
V  [jvm.dll+0x3b576c]
V  [jvm.dll+0x382475]
V  [jvm.dll+0x3818ea]
V  [jvm.dll+0x249ad0]
V  [jvm.dll+0x2490b1]
V  [jvm.dll+0x1c9ca1]
V  [jvm.dll+0x2586b9]
V  [jvm.dll+0x256c9a]
V  [jvm.dll+0x3ef1b6]
V  [jvm.dll+0x7fd728]
V  [jvm.dll+0x6c777d]
C  [ucrtbase.dll+0x29333]
C  [KERNEL32.DLL+0x1257d]
C  [ntdll.dll+0x5aa48]


---------------  P R O C E S S  ---------------

Threads class SMR info:
_java_thread_list=0x000001b76786fbc0, length=11, elements={
0x000001b748b9ee90, 0x000001b7675f4170, 0x000001b7675f5130, 0x000001b7675f6df0,
0x000001b7675f7940, 0x000001b7675f8490, 0x000001b7675f8fe0, 0x000001b7675fbe70,
0x000001b76761b8a0, 0x000001b76786d3e0, 0x000001b767870260
}

Java Threads: ( => current thread )
  0x000001b748b9ee90 JavaThread "main"                              [_thread_in_native, id=24888, stack(0x000000535b400000,0x000000535b500000) (1024K)]
  0x000001b7675f4170 JavaThread "Reference Handler"          daemon [_thread_blocked, id=7000, stack(0x000000535bc00000,0x000000535bd00000) (1024K)]
  0x000001b7675f5130 JavaThread "Finalizer"                  daemon [_thread_blocked, id=24216, stack(0x000000535bd00000,0x000000535be00000) (1024K)]
  0x000001b7675f6df0 JavaThread "Signal Dispatcher"          daemon [_thread_blocked, id=8364, stack(0x000000535be00000,0x000000535bf00000) (1024K)]
  0x000001b7675f7940 JavaThread "Attach Listener"            daemon [_thread_blocked, id=20952, stack(0x000000535bf00000,0x000000535c000000) (1024K)]
  0x000001b7675f8490 JavaThread "Service Thread"             daemon [_thread_blocked, id=7792, stack(0x000000535c000000,0x000000535c100000) (1024K)]
  0x000001b7675f8fe0 JavaThread "Monitor Deflation Thread"   daemon [_thread_blocked, id=25168, stack(0x000000535c100000,0x000000535c200000) (1024K)]
=>0x000001b7675fbe70 JavaThread "C2 CompilerThread0"         daemon [_thread_in_native, id=10496, stack(0x000000535c200000,0x000000535c300000) (1024K)]
  0x000001b76761b8a0 JavaThread "C1 CompilerThread0"         daemon [_thread_blocked, id=20720, stack(0x000000535c300000,0x000000535c400000) (1024K)]
  0x000001b76786d3e0 JavaThread "Notification Thread"        daemon [_thread_blocked, id=25280, stack(0x000000535c400000,0x000000535c500000) (1024K)]
  0x000001b767870260 JavaThread "Common-Cleaner"             daemon [_thread_blocked, id=14908, stack(0x000000535c500000,0x000000535c600000) (1024K)]
Total: 11

Other Threads:
  0x000001b7675d4dd0 VMThread "VM Thread"                           [id=11752, stack(0x000000535bb00000,0x000000535bc00000) (1024K)]
  0x000001b7675bc750 WatcherThread "VM Periodic Task Thread"        [id=22704, stack(0x000000535ba00000,0x000000535bb00000) (1024K)]
  0x000001b748e1b670 WorkerThread "GC Thread#0"                     [id=20344, stack(0x000000535b500000,0x000000535b600000) (1024K)]
  0x000001b748e2be50 ConcurrentGCThread "G1 Main Marker"            [id=23804, stack(0x000000535b600000,0x000000535b700000) (1024K)]
  0x000001b748e2c950 WorkerThread "G1 Conc#0"                       [id=18552, stack(0x000000535b700000,0x000000535b800000) (1024K)]
  0x000001b7674930e0 ConcurrentGCThread "G1 Refine#0"               [id=27088, stack(0x000000535b800000,0x000000535b900000) (1024K)]
  0x000001b748e897a0 ConcurrentGCThread "G1 Service"                [id=11200, stack(0x000000535b900000,0x000000535ba00000) (1024K)]
Total: 7

Threads with active compile tasks:
C2 CompilerThread0     4296  636       4       java.util.stream.ReferencePipeline$3$1::accept (23 bytes)
Total: 1

VM state: not at safepoint (normal execution)

VM Mutex/Monitor currently owned by a thread: None

Heap address: 0x0000000084000000, size: 1984 MB, Compressed Oops mode: 32-bit

CDS archive(s) mapped at: [0x000001b700000000-0x000001b700c90000-0x000001b700c90000), size 13172736, SharedBaseAddress: 0x000001b700000000, ArchiveRelocationMode: 1.
Compressed class space mapped at: 0x000001b701000000-0x000001b741000000, reserved size: 1073741824
Narrow klass base: 0x000001b700000000, Narrow klass shift: 0, Narrow klass range: 0x100000000

GC Precious Log:
 CardTable entry size: 512
 Card Set container configuration: InlinePtr #cards 5 size 8 Array Of Cards #cards 12 size 40 Howl #buckets 4 coarsen threshold 1843 Howl Bitmap #cards 512 size 80 coarsen threshold 460 Card regions per heap region 1 cards per card region 2048
 CPUs: 8 total, 8 available
 Memory: 7934M
 Large Page Support: Disabled
 NUMA Support: Disabled
 Compressed Oops: Enabled (32-bit)
 Heap Region Size: 1M
 Heap Min Capacity: 8M
 Heap Initial Capacity: 124M
 Heap Max Capacity: 1984M
 Pre-touch: Disabled
 Parallel Workers: 8
 Concurrent Workers: 2
 Concurrent Refinement Workers: 8
 Periodic GC: Disabled

Heap:
 garbage-first heap   total 126976K, used 12288K [0x0000000084000000, 0x0000000100000000)
  region size 1024K, 13 young (13312K), 0 survivors (0K)
 Metaspace       used 2926K, committed 3072K, reserved 1114112K
  class space    used 291K, committed 384K, reserved 1048576K

Heap Regions: E=young(eden), S=young(survivor), O=old, HS=humongous(starts), HC=humongous(continues), CS=collection set, F=free, TAMS=top-at-mark-start, PB=parsable bottom
|   0|0x0000000084000000, 0x0000000084100000, 0x0000000084100000|100%|HS|  |TAMS 0x0000000084000000| PB 0x0000000084000000| Complete 
|   1|0x0000000084100000, 0x0000000084100000, 0x0000000084200000|  0%| F|  |TAMS 0x0000000084100000| PB 0x0000000084100000| Untracked 
|   2|0x0000000084200000, 0x0000000084200000, 0x0000000084300000|  0%| F|  |TAMS 0x0000000084200000| PB 0x0000000084200000| Untracked 
|   3|0x0000000084300000, 0x0000000084300000, 0x0000000084400000|  0%| F|  |TAMS 0x0000000084300000| PB 0x0000000084300000| Untracked 
|   4|0x0000000084400000, 0x0000000084400000, 0x0000000084500000|  0%| F|  |TAMS 0x0000000084400000| PB 0x0000000084400000| Untracked 
|   5|0x0000000084500000, 0x0000000084500000, 0x0000000084600000|  0%| F|  |TAMS 0x0000000084500000| PB 0x0000000084500000| Untracked 
|   6|0x0000000084600000, 0x0000000084600000, 0x0000000084700000|  0%| F|  |TAMS 0x0000000084600000| PB 0x0000000084600000| Untracked 
|   7|0x0000000084700000, 0x0000000084700000, 0x0000000084800000|  0%| F|  |TAMS 0x0000000084700000| PB 0x0000000084700000| Untracked 
|   8|0x0000000084800000, 0x0000000084800000, 0x0000000084900000|  0%| F|  |TAMS 0x0000000084800000| PB 0x0000000084800000| Untracked 
|   9|0x0000000084900000, 0x0000000084900000, 0x0000000084a00000|  0%| F|  |TAMS 0x0000000084900000| PB 0x0000000084900000| Untracked 
|  10|0x0000000084a00000, 0x0000000084a00000, 0x0000000084b00000|  0%| F|  |TAMS 0x0000000084a00000| PB 0x0000000084a00000| Untracked 
|  11|0x0000000084b00000, 0x0000000084b00000, 0x0000000084c00000|  0%| F|  |TAMS 0x0000000084b00000| PB 0x0000000084b00000| Untracked 
|  12|0x0000000084c00000, 0x0000000084c00000, 0x0000000084d00000|  0%| F|  |TAMS 0x0000000084c00000| PB 0x0000000084c00000| Untracked 
|  13|0x0000000084d00000, 0x0000000084d00000, 0x0000000084e00000|  0%| F|  |TAMS 0x0000000084d00000| PB 0x0000000084d00000| Untracked 
|  14|0x0000000084e00000, 0x0000000084e00000, 0x0000000084f00000|  0%| F|  |TAMS 0x0000000084e00000| PB 0x0000000084e00000| Untracked 
|  15|0x0000000084f00000, 0x0000000084f00000, 0x0000000085000000|  0%| F|  |TAMS 0x0000000084f00000| PB 0x0000000084f00000| Untracked 
|  16|0x0000000085000000, 0x0000000085000000, 0x0000000085100000|  0%| F|  |TAMS 0x0000000085000000| PB 0x0000000085000000| Untracked 
|  17|0x0000000085100000, 0x0000000085100000, 0x0000000085200000|  0%| F|  |TAMS 0x0000000085100000| PB 0x0000000085100000| Untracked 
|  18|0x0000000085200000, 0x0000000085200000, 0x0000000085300000|  0%| F|  |TAMS 0x0000000085200000| PB 0x0000000085200000| Untracked 
|  19|0x0000000085300000, 0x0000000085300000, 0x0000000085400000|  0%| F|  |TAMS 0x0000000085300000| PB 0x0000000085300000| Untracked 
|  20|0x0000000085400000, 0x0000000085400000, 0x0000000085500000|  0%| F|  |TAMS 0x0000000085400000| PB 0x0000000085400000| Untracked 
|  21|0x0000000085500000, 0x0000000085500000, 0x0000000085600000|  0%| F|  |TAMS 0x0000000085500000| PB 0x0000000085500000| Untracked 
|  22|0x0000000085600000, 0x0000000085600000, 0x0000000085700000|  0%| F|  |TAMS 0x0000000085600000| PB 0x0000000085600000| Untracked 
|  23|0x0000000085700000, 0x0000000085700000, 0x0000000085800000|  0%| F|  |TAMS 0x0000000085700000| PB 0x0000000085700000| Untracked 
|  24|0x0000000085800000, 0x0000000085800000, 0x0000000085900000|  0%| F|  |TAMS 0x0000000085800000| PB 0x0000000085800000| Untracked 
|  25|0x0000000085900000, 0x0000000085900000, 0x0000000085a00000|  0%| F|  |TAMS 0x0000000085900000| PB 0x0000000085900000| Untracked 
|  26|0x0000000085a00000, 0x0000000085a00000, 0x0000000085b00000|  0%| F|  |TAMS 0x0000000085a00000| PB 0x0000000085a00000| Untracked 
|  27|0x0000000085b00000, 0x0000000085b00000, 0x0000000085c00000|  0%| F|  |TAMS 0x0000000085b00000| PB 0x0000000085b00000| Untracked 
|  28|0x0000000085c00000, 0x0000000085c00000, 0x0000000085d00000|  0%| F|  |TAMS 0x0000000085c00000| PB 0x0000000085c00000| Untracked 
|  29|0x0000000085d00000, 0x0000000085d00000, 0x0000000085e00000|  0%| F|  |TAMS 0x0000000085d00000| PB 0x0000000085d00000| Untracked 
|  30|0x0000000085e00000, 0x0000000085e00000, 0x0000000085f00000|  0%| F|  |TAMS 0x0000000085e00000| PB 0x0000000085e00000| Untracked 
|  31|0x0000000085f00000, 0x0000000085f00000, 0x0000000086000000|  0%| F|  |TAMS 0x0000000085f00000| PB 0x0000000085f00000| Untracked 
|  32|0x0000000086000000, 0x0000000086000000, 0x0000000086100000|  0%| F|  |TAMS 0x0000000086000000| PB 0x0000000086000000| Untracked 
|  33|0x0000000086100000, 0x0000000086100000, 0x0000000086200000|  0%| F|  |TAMS 0x0000000086100000| PB 0x0000000086100000| Untracked 
|  34|0x0000000086200000, 0x0000000086200000, 0x0000000086300000|  0%| F|  |TAMS 0x0000000086200000| PB 0x0000000086200000| Untracked 
|  35|0x0000000086300000, 0x0000000086300000, 0x0000000086400000|  0%| F|  |TAMS 0x0000000086300000| PB 0x0000000086300000| Untracked 
|  36|0x0000000086400000, 0x0000000086400000, 0x0000000086500000|  0%| F|  |TAMS 0x0000000086400000| PB 0x0000000086400000| Untracked 
|  37|0x0000000086500000, 0x0000000086500000, 0x0000000086600000|  0%| F|  |TAMS 0x0000000086500000| PB 0x0000000086500000| Untracked 
|  38|0x0000000086600000, 0x0000000086600000, 0x0000000086700000|  0%| F|  |TAMS 0x0000000086600000| PB 0x0000000086600000| Untracked 
|  39|0x0000000086700000, 0x0000000086700000, 0x0000000086800000|  0%| F|  |TAMS 0x0000000086700000| PB 0x0000000086700000| Untracked 
|  40|0x0000000086800000, 0x0000000086800000, 0x0000000086900000|  0%| F|  |TAMS 0x0000000086800000| PB 0x0000000086800000| Untracked 
|  41|0x0000000086900000, 0x0000000086900000, 0x0000000086a00000|  0%| F|  |TAMS 0x0000000086900000| PB 0x0000000086900000| Untracked 
|  42|0x0000000086a00000, 0x0000000086a00000, 0x0000000086b00000|  0%| F|  |TAMS 0x0000000086a00000| PB 0x0000000086a00000| Untracked 
|  43|0x0000000086b00000, 0x0000000086b00000, 0x0000000086c00000|  0%| F|  |TAMS 0x0000000086b00000| PB 0x0000000086b00000| Untracked 
|  44|0x0000000086c00000, 0x0000000086c00000, 0x0000000086d00000|  0%| F|  |TAMS 0x0000000086c00000| PB 0x0000000086c00000| Untracked 
|  45|0x0000000086d00000, 0x0000000086d00000, 0x0000000086e00000|  0%| F|  |TAMS 0x0000000086d00000| PB 0x0000000086d00000| Untracked 
|  46|0x0000000086e00000, 0x0000000086e00000, 0x0000000086f00000|  0%| F|  |TAMS 0x0000000086e00000| PB 0x0000000086e00000| Untracked 
|  47|0x0000000086f00000, 0x0000000086f00000, 0x0000000087000000|  0%| F|  |TAMS 0x0000000086f00000| PB 0x0000000086f00000| Untracked 
|  48|0x0000000087000000, 0x0000000087000000, 0x0000000087100000|  0%| F|  |TAMS 0x0000000087000000| PB 0x0000000087000000| Untracked 
|  49|0x0000000087100000, 0x0000000087100000, 0x0000000087200000|  0%| F|  |TAMS 0x0000000087100000| PB 0x0000000087100000| Untracked 
|  50|0x0000000087200000, 0x0000000087200000, 0x0000000087300000|  0%| F|  |TAMS 0x0000000087200000| PB 0x0000000087200000| Untracked 
|  51|0x0000000087300000, 0x0000000087300000, 0x0000000087400000|  0%| F|  |TAMS 0x0000000087300000| PB 0x0000000087300000| Untracked 
|  52|0x0000000087400000, 0x0000000087400000, 0x0000000087500000|  0%| F|  |TAMS 0x0000000087400000| PB 0x0000000087400000| Untracked 
|  53|0x0000000087500000, 0x0000000087500000, 0x0000000087600000|  0%| F|  |TAMS 0x0000000087500000| PB 0x0000000087500000| Untracked 
|  54|0x0000000087600000, 0x0000000087600000, 0x0000000087700000|  0%| F|  |TAMS 0x0000000087600000| PB 0x0000000087600000| Untracked 
|  55|0x0000000087700000, 0x0000000087700000, 0x0000000087800000|  0%| F|  |TAMS 0x0000000087700000| PB 0x0000000087700000| Untracked 
|  56|0x0000000087800000, 0x0000000087800000, 0x0000000087900000|  0%| F|  |TAMS 0x0000000087800000| PB 0x0000000087800000| Untracked 
|  57|0x0000000087900000, 0x0000000087900000, 0x0000000087a00000|  0%| F|  |TAMS 0x0000000087900000| PB 0x0000000087900000| Untracked 
|  58|0x0000000087a00000, 0x0000000087a00000, 0x0000000087b00000|  0%| F|  |TAMS 0x0000000087a00000| PB 0x0000000087a00000| Untracked 
|  59|0x0000000087b00000, 0x0000000087b00000, 0x0000000087c00000|  0%| F|  |TAMS 0x0000000087b00000| PB 0x0000000087b00000| Untracked 
|  60|0x0000000087c00000, 0x0000000087c00000, 0x0000000087d00000|  0%| F|  |TAMS 0x0000000087c00000| PB 0x0000000087c00000| Untracked 
|  61|0x0000000087d00000, 0x0000000087d00000, 0x0000000087e00000|  0%| F|  |TAMS 0x0000000087d00000| PB 0x0000000087d00000| Untracked 
|  62|0x0000000087e00000, 0x0000000087e00000, 0x0000000087f00000|  0%| F|  |TAMS 0x0000000087e00000| PB 0x0000000087e00000| Untracked 
|  63|0x0000000087f00000, 0x0000000087f00000, 0x0000000088000000|  0%| F|  |TAMS 0x0000000087f00000| PB 0x0000000087f00000| Untracked 
|  64|0x0000000088000000, 0x0000000088000000, 0x0000000088100000|  0%| F|  |TAMS 0x0000000088000000| PB 0x0000000088000000| Untracked 
|  65|0x0000000088100000, 0x0000000088100000, 0x0000000088200000|  0%| F|  |TAMS 0x0000000088100000| PB 0x0000000088100000| Untracked 
|  66|0x0000000088200000, 0x0000000088200000, 0x0000000088300000|  0%| F|  |TAMS 0x0000000088200000| PB 0x0000000088200000| Untracked 
|  67|0x0000000088300000, 0x0000000088300000, 0x0000000088400000|  0%| F|  |TAMS 0x0000000088300000| PB 0x0000000088300000| Untracked 
|  68|0x0000000088400000, 0x0000000088400000, 0x0000000088500000|  0%| F|  |TAMS 0x0000000088400000| PB 0x0000000088400000| Untracked 
|  69|0x0000000088500000, 0x0000000088500000, 0x0000000088600000|  0%| F|  |TAMS 0x0000000088500000| PB 0x0000000088500000| Untracked 
|  70|0x0000000088600000, 0x0000000088600000, 0x0000000088700000|  0%| F|  |TAMS 0x0000000088600000| PB 0x0000000088600000| Untracked 
|  71|0x0000000088700000, 0x0000000088700000, 0x0000000088800000|  0%| F|  |TAMS 0x0000000088700000| PB 0x0000000088700000| Untracked 
|  72|0x0000000088800000, 0x0000000088800000, 0x0000000088900000|  0%| F|  |TAMS 0x0000000088800000| PB 0x0000000088800000| Untracked 
|  73|0x0000000088900000, 0x0000000088900000, 0x0000000088a00000|  0%| F|  |TAMS 0x0000000088900000| PB 0x0000000088900000| Untracked 
|  74|0x0000000088a00000, 0x0000000088a00000, 0x0000000088b00000|  0%| F|  |TAMS 0x0000000088a00000| PB 0x0000000088a00000| Untracked 
|  75|0x0000000088b00000, 0x0000000088b00000, 0x0000000088c00000|  0%| F|  |TAMS 0x0000000088b00000| PB 0x0000000088b00000| Untracked 
|  76|0x0000000088c00000, 0x0000000088c00000, 0x0000000088d00000|  0%| F|  |TAMS 0x0000000088c00000| PB 0x0000000088c00000| Untracked 
|  77|0x0000000088d00000, 0x0000000088d00000, 0x0000000088e00000|  0%| F|  |TAMS 0x0000000088d00000| PB 0x0000000088d00000| Untracked 
|  78|0x0000000088e00000, 0x0000000088e00000, 0x0000000088f00000|  0%| F|  |TAMS 0x0000000088e00000| PB 0x0000000088e00000| Untracked 
|  79|0x0000000088f00000, 0x0000000088f00000, 0x0000000089000000|  0%| F|  |TAMS 0x0000000088f00000| PB 0x0000000088f00000| Untracked 
|  80|0x0000000089000000, 0x0000000089000000, 0x0000000089100000|  0%| F|  |TAMS 0x0000000089000000| PB 0x0000000089000000| Untracked 
|  81|0x0000000089100000, 0x0000000089100000, 0x0000000089200000|  0%| F|  |TAMS 0x0000000089100000| PB 0x0000000089100000| Untracked 
|  82|0x0000000089200000, 0x0000000089200000, 0x0000000089300000|  0%| F|  |TAMS 0x0000000089200000| PB 0x0000000089200000| Untracked 
|  83|0x0000000089300000, 0x0000000089300000, 0x0000000089400000|  0%| F|  |TAMS 0x0000000089300000| PB 0x0000000089300000| Untracked 
|  84|0x0000000089400000, 0x0000000089400000, 0x0000000089500000|  0%| F|  |TAMS 0x0000000089400000| PB 0x0000000089400000| Untracked 
|  85|0x0000000089500000, 0x0000000089500000, 0x0000000089600000|  0%| F|  |TAMS 0x0000000089500000| PB 0x0000000089500000| Untracked 
|  86|0x0000000089600000, 0x0000000089600000, 0x0000000089700000|  0%| F|  |TAMS 0x0000000089600000| PB 0x0000000089600000| Untracked 
|  87|0x0000000089700000, 0x0000000089700000, 0x0000000089800000|  0%| F|  |TAMS 0x0000000089700000| PB 0x0000000089700000| Untracked 
|  88|0x0000000089800000, 0x0000000089800000, 0x0000000089900000|  0%| F|  |TAMS 0x0000000089800000| PB 0x0000000089800000| Untracked 
|  89|0x0000000089900000, 0x0000000089900000, 0x0000000089a00000|  0%| F|  |TAMS 0x0000000089900000| PB 0x0000000089900000| Untracked 
|  90|0x0000000089a00000, 0x0000000089a00000, 0x0000000089b00000|  0%| F|  |TAMS 0x0000000089a00000| PB 0x0000000089a00000| Untracked 
|  91|0x0000000089b00000, 0x0000000089b00000, 0x0000000089c00000|  0%| F|  |TAMS 0x0000000089b00000| PB 0x0000000089b00000| Untracked 
|  92|0x0000000089c00000, 0x0000000089c00000, 0x0000000089d00000|  0%| F|  |TAMS 0x0000000089c00000| PB 0x0000000089c00000| Untracked 
|  93|0x0000000089d00000, 0x0000000089d00000, 0x0000000089e00000|  0%| F|  |TAMS 0x0000000089d00000| PB 0x0000000089d00000| Untracked 
|  94|0x0000000089e00000, 0x0000000089e00000, 0x0000000089f00000|  0%| F|  |TAMS 0x0000000089e00000| PB 0x0000000089e00000| Untracked 
|  95|0x0000000089f00000, 0x0000000089f00000, 0x000000008a000000|  0%| F|  |TAMS 0x0000000089f00000| PB 0x0000000089f00000| Untracked 
|  96|0x000000008a000000, 0x000000008a000000, 0x000000008a100000|  0%| F|  |TAMS 0x000000008a000000| PB 0x000000008a000000| Untracked 
|  97|0x000000008a100000, 0x000000008a100000, 0x000000008a200000|  0%| F|  |TAMS 0x000000008a100000| PB 0x000000008a100000| Untracked 
|  98|0x000000008a200000, 0x000000008a200000, 0x000000008a300000|  0%| F|  |TAMS 0x000000008a200000| PB 0x000000008a200000| Untracked 
|  99|0x000000008a300000, 0x000000008a300000, 0x000000008a400000|  0%| F|  |TAMS 0x000000008a300000| PB 0x000000008a300000| Untracked 
| 100|0x000000008a400000, 0x000000008a400000, 0x000000008a500000|  0%| F|  |TAMS 0x000000008a400000| PB 0x000000008a400000| Untracked 
| 101|0x000000008a500000, 0x000000008a500000, 0x000000008a600000|  0%| F|  |TAMS 0x000000008a500000| PB 0x000000008a500000| Untracked 
| 102|0x000000008a600000, 0x000000008a600000, 0x000000008a700000|  0%| F|  |TAMS 0x000000008a600000| PB 0x000000008a600000| Untracked 
| 103|0x000000008a700000, 0x000000008a700000, 0x000000008a800000|  0%| F|  |TAMS 0x000000008a700000| PB 0x000000008a700000| Untracked 
| 104|0x000000008a800000, 0x000000008a800000, 0x000000008a900000|  0%| F|  |TAMS 0x000000008a800000| PB 0x000000008a800000| Untracked 
| 105|0x000000008a900000, 0x000000008a900000, 0x000000008aa00000|  0%| F|  |TAMS 0x000000008a900000| PB 0x000000008a900000| Untracked 
| 106|0x000000008aa00000, 0x000000008aa00000, 0x000000008ab00000|  0%| F|  |TAMS 0x000000008aa00000| PB 0x000000008aa00000| Untracked 
| 107|0x000000008ab00000, 0x000000008ab00000, 0x000000008ac00000|  0%| F|  |TAMS 0x000000008ab00000| PB 0x000000008ab00000| Untracked 
| 108|0x000000008ac00000, 0x000000008ac00000, 0x000000008ad00000|  0%| F|  |TAMS 0x000000008ac00000| PB 0x000000008ac00000| Untracked 
| 109|0x000000008ad00000, 0x000000008ad00000, 0x000000008ae00000|  0%| F|  |TAMS 0x000000008ad00000| PB 0x000000008ad00000| Untracked 
| 110|0x000000008ae00000, 0x000000008ae00000, 0x000000008af00000|  0%| F|  |TAMS 0x000000008ae00000| PB 0x000000008ae00000| Untracked 
| 111|0x000000008af00000, 0x000000008afec0e0, 0x000000008b000000| 92%| E|  |TAMS 0x000000008af00000| PB 0x000000008af00000| Complete 
| 112|0x000000008b000000, 0x000000008b100000, 0x000000008b100000|100%| E|CS|TAMS 0x000000008b000000| PB 0x000000008b000000| Complete 
| 113|0x000000008b100000, 0x000000008b200000, 0x000000008b200000|100%| E|CS|TAMS 0x000000008b100000| PB 0x000000008b100000| Complete 
| 114|0x000000008b200000, 0x000000008b300000, 0x000000008b300000|100%| E|CS|TAMS 0x000000008b200000| PB 0x000000008b200000| Complete 
| 115|0x000000008b300000, 0x000000008b400000, 0x000000008b400000|100%| E|CS|TAMS 0x000000008b300000| PB 0x000000008b300000| Complete 
| 116|0x000000008b400000, 0x000000008b500000, 0x000000008b500000|100%| E|CS|TAMS 0x000000008b400000| PB 0x000000008b400000| Complete 
| 117|0x000000008b500000, 0x000000008b600000, 0x000000008b600000|100%| E|CS|TAMS 0x000000008b500000| PB 0x000000008b500000| Complete 
| 118|0x000000008b600000, 0x000000008b700000, 0x000000008b700000|100%| E|  |TAMS 0x000000008b600000| PB 0x000000008b600000| Complete 
| 119|0x000000008b700000, 0x000000008b800000, 0x000000008b800000|100%| E|CS|TAMS 0x000000008b700000| PB 0x000000008b700000| Complete 
| 120|0x000000008b800000, 0x000000008b900000, 0x000000008b900000|100%| E|CS|TAMS 0x000000008b800000| PB 0x000000008b800000| Complete 
| 121|0x000000008b900000, 0x000000008ba00000, 0x000000008ba00000|100%| E|CS|TAMS 0x000000008b900000| PB 0x000000008b900000| Complete 
| 122|0x000000008ba00000, 0x000000008bb00000, 0x000000008bb00000|100%| E|CS|TAMS 0x000000008ba00000| PB 0x000000008ba00000| Complete 
| 123|0x000000008bb00000, 0x000000008bc00000, 0x000000008bc00000|100%| E|CS|TAMS 0x000000008bb00000| PB 0x000000008bb00000| Complete 

Card table byte_map: [0x000001b762870000,0x000001b762c50000] _byte_map_base: 0x000001b762450000

Marking Bits: (CMBitMap*) 0x000001b748e1bd70
 Bits: [0x000001b762c50000, 0x000001b764b50000)

Polling page: 0x000001b748e90000

Metaspace:

Usage:
  Non-class:      2.57 MB used.
      Class:    291.40 KB used.
       Both:      2.86 MB used.

Virtual space:
  Non-class space:       64.00 MB reserved,       2.62 MB (  4%) committed,  1 nodes.
      Class space:        1.00 GB reserved,     384.00 KB ( <1%) committed,  1 nodes.
             Both:        1.06 GB reserved,       3.00 MB ( <1%) committed. 

Chunk freelists:
   Non-Class:  11.58 MB
       Class:  15.67 MB
        Both:  27.25 MB

MaxMetaspaceSize: unlimited
CompressedClassSpaceSize: 1.00 GB
Initial GC threshold: 21.00 MB
Current GC threshold: 21.00 MB
CDS: on
 - commit_granule_bytes: 65536.
 - commit_granule_words: 8192.
 - virtual_space_node_default_size: 8388608.
 - enlarge_chunks_in_place: 1.
 - use_allocation_guard: 0.


Internal statistics:

num_allocs_failed_limit: 0.
num_arena_births: 18.
num_arena_deaths: 0.
num_vsnodes_births: 2.
num_vsnodes_deaths: 0.
num_space_committed: 48.
num_space_uncommitted: 0.
num_chunks_returned_to_freelist: 0.
num_chunks_taken_from_freelist: 38.
num_chunk_merges: 0.
num_chunk_splits: 32.
num_chunks_enlarged: 28.
num_inconsistent_stats: 0.

CodeHeap 'non-profiled nmethods': size=120000Kb used=228Kb max_used=228Kb free=119771Kb
 bounds [0x000001b75a4f0000, 0x000001b75a760000, 0x000001b761a20000]
CodeHeap 'profiled nmethods': size=120000Kb used=1076Kb max_used=1076Kb free=118923Kb
 bounds [0x000001b752a20000, 0x000001b752c90000, 0x000001b759f50000]
CodeHeap 'non-nmethods': size=5760Kb used=1453Kb max_used=1482Kb free=4306Kb
 bounds [0x000001b759f50000, 0x000001b75a1c0000, 0x000001b75a4f0000]
 total_blobs=1074 nmethods=635 adapters=344
 compilation: enabled
              stopped_count=0, restarted_count=0
 full_count=0

Compilation events (20 events):
Event: 2.421 Thread 0x000001b7675fbe70 nmethod 626 0x000001b75a51f190 code [0x000001b75a51f360, 0x000001b75a51f970]
Event: 2.422 Thread 0x000001b7675fbe70  627       4       sun.nio.fs.WindowsPath$WindowsPathWithAttributes::getFileSystem (5 bytes)
Event: 2.422 Thread 0x000001b7675fbe70 nmethod 627 0x000001b75a51fc10 code [0x000001b75a51fda0, 0x000001b75a51fe30]
Event: 2.595 Thread 0x000001b7675fbe70  628       4       java.nio.file.FileTreeIterator::fetchNextIfNeeded (65 bytes)
Event: 2.725 Thread 0x000001b7675fbe70 nmethod 628 0x000001b75a51ff10 code [0x000001b75a5203c0, 0x000001b75a523f00]
Event: 2.726 Thread 0x000001b7675fbe70  629       4       java.io.WinNTFileSystem::prefixLength (91 bytes)
Event: 2.730 Thread 0x000001b7675fbe70 nmethod 629 0x000001b75a525a10 code [0x000001b75a525c00, 0x000001b75a525fd0]
Event: 2.914 Thread 0x000001b76761b8a0  630       3       java.util.ArrayDeque::removeFirst (19 bytes)
Event: 2.914 Thread 0x000001b76761b8a0 nmethod 630 0x000001b752b2c910 code [0x000001b752b2cae0, 0x000001b752b2cce8]
Event: 2.978 Thread 0x000001b76761b8a0  631       3       java.nio.file.Files::provider (10 bytes)
Event: 2.978 Thread 0x000001b76761b8a0 nmethod 631 0x000001b752b2ce10 code [0x000001b752b2cfc0, 0x000001b752b2d198]
Event: 3.032 Thread 0x000001b7675fbe70  632       4       java.nio.file.Path::toFile (36 bytes)
Event: 3.046 Thread 0x000001b7675fbe70 nmethod 632 0x000001b75a526410 code [0x000001b75a526640, 0x000001b75a526ef8]
Event: 3.046 Thread 0x000001b7675fbe70  633       4       java.io.File::<init> (47 bytes)
Event: 3.056 Thread 0x000001b7675fbe70 nmethod 633 0x000001b75a527710 code [0x000001b75a527920, 0x000001b75a5280f0]
Event: 3.599 Thread 0x000001b7675fbe70  634       4       java.lang.ThreadLocal::get (35 bytes)
Event: 3.601 Thread 0x000001b7675fbe70 nmethod 634 0x000001b75a528790 code [0x000001b75a528920, 0x000001b75a528a98]
Event: 3.617 Thread 0x000001b7675fbe70  635       4       java.lang.ThreadLocal::getCarrierThreadLocal (29 bytes)
Event: 3.620 Thread 0x000001b7675fbe70 nmethod 635 0x000001b75a528c90 code [0x000001b75a528e20, 0x000001b75a528f90]
Event: 4.200 Thread 0x000001b7675fbe70  636       4       java.util.stream.ReferencePipeline$3$1::accept (23 bytes)

GC Heap History (0 events):
No events

Dll operation events (6 events):
Event: 0.058 Loaded shared library C:\Program Files\Java\jdk-21\bin\java.dll
Event: 0.194 Loaded shared library C:\Program Files\Java\jdk-21\bin\jsvml.dll
Event: 0.205 Loaded shared library C:\Program Files\Java\jdk-21\bin\net.dll
Event: 0.233 Loaded shared library C:\Program Files\Java\jdk-21\bin\nio.dll
Event: 0.243 Loaded shared library C:\Program Files\Java\jdk-21\bin\zip.dll
Event: 0.566 Loaded shared library C:\Program Files\Java\jdk-21\bin\jimage.dll

Deoptimization events (16 events):
Event: 0.311 Thread 0x000001b748b9ee90 DEOPT PACKING pc=0x000001b752a4ddf8 sp=0x000000535b4fc0d0
Event: 0.311 Thread 0x000001b748b9ee90 DEOPT UNPACKING pc=0x000001b759fa88e2 sp=0x000000535b4fb680 mode 0
Event: 0.328 Thread 0x000001b748b9ee90 Uncommon trap: trap_request=0xffffff45 fr.pc=0x000001b75a4f4af4 relative=0x00000000000002b4
Event: 0.328 Thread 0x000001b748b9ee90 Uncommon trap: reason=unstable_if action=reinterpret pc=0x000001b75a4f4af4 method=java.lang.StringLatin1.hashCode([B)I @ 2 c2
Event: 0.329 Thread 0x000001b748b9ee90 DEOPT PACKING pc=0x000001b75a4f4af4 sp=0x000000535b4fa9c0
Event: 0.329 Thread 0x000001b748b9ee90 DEOPT UNPACKING pc=0x000001b759fa7da2 sp=0x000000535b4fa8f8 mode 2
Event: 0.715 Thread 0x000001b748b9ee90 DEOPT PACKING pc=0x000001b752aa133d sp=0x000000535b4fa910
Event: 0.715 Thread 0x000001b748b9ee90 DEOPT UNPACKING pc=0x000001b759fa88e2 sp=0x000000535b4f9da8 mode 0
Event: 0.750 Thread 0x000001b748b9ee90 DEOPT PACKING pc=0x000001b752a36a19 sp=0x000000535b4fa1b0
Event: 0.750 Thread 0x000001b748b9ee90 DEOPT UNPACKING pc=0x000001b759fa88e2 sp=0x000000535b4f95d0 mode 0
Event: 0.824 Thread 0x000001b748b9ee90 DEOPT PACKING pc=0x000001b752a355e1 sp=0x000000535b4fea10
Event: 0.824 Thread 0x000001b748b9ee90 DEOPT UNPACKING pc=0x000001b759fa88e2 sp=0x000000535b4fde78 mode 0
Event: 0.969 Thread 0x000001b748b9ee90 DEOPT PACKING pc=0x000001b752aee697 sp=0x000000535b4feb40
Event: 0.969 Thread 0x000001b748b9ee90 DEOPT UNPACKING pc=0x000001b759fa88e2 sp=0x000000535b4fe018 mode 0
Event: 2.379 Thread 0x000001b748b9ee90 DEOPT PACKING pc=0x000001b752af8d4e sp=0x000000535b4fe850
Event: 2.379 Thread 0x000001b748b9ee90 DEOPT UNPACKING pc=0x000001b759fa88e2 sp=0x000000535b4fdcc8 mode 0

Classes loaded (20 events):
Event: 0.761 Loading class java/nio/file/Files$AcceptAllFilter
Event: 0.762 Loading class java/nio/file/DirectoryStream$Filter
Event: 0.762 Loading class java/nio/file/DirectoryStream$Filter done
Event: 0.762 Loading class java/nio/file/Files$AcceptAllFilter done
Event: 0.762 Loading class sun/nio/fs/WindowsDirectoryStream
Event: 0.762 Loading class java/nio/file/DirectoryStream
Event: 0.762 Loading class java/nio/file/DirectoryStream done
Event: 0.762 Loading class sun/nio/fs/WindowsDirectoryStream done
Event: 0.764 Loading class java/nio/file/FileTreeWalker$DirectoryNode
Event: 0.764 Loading class java/nio/file/FileTreeWalker$DirectoryNode done
Event: 0.764 Loading class sun/nio/fs/WindowsDirectoryStream$WindowsDirectoryIterator
Event: 0.764 Loading class sun/nio/fs/WindowsDirectoryStream$WindowsDirectoryIterator done
Event: 0.764 Loading class java/nio/file/FileTreeWalker$Event
Event: 0.764 Loading class java/nio/file/FileTreeWalker$Event done
Event: 0.764 Loading class java/nio/file/FileTreeWalker$EventType
Event: 0.764 Loading class java/nio/file/FileTreeWalker$EventType done
Event: 0.786 Loading class sun/nio/fs/WindowsPath$WindowsPathWithAttributes
Event: 0.786 Loading class sun/nio/fs/BasicFileAttributesHolder
Event: 0.786 Loading class sun/nio/fs/BasicFileAttributesHolder done
Event: 0.786 Loading class sun/nio/fs/WindowsPath$WindowsPathWithAttributes done

Classes unloaded (0 events):
No events

Classes redefined (0 events):
No events

Internal exceptions (1 events):
Event: 0.456 Thread 0x000001b748b9ee90 Exception <a 'java/lang/NoSuchMethodError'{0x000000008b72a9b8}: 'void java.lang.invoke.DirectMethodHandle$Holder.invokeVirtual(java.lang.Object, java.lang.Object)'> (0x000000008b72a9b8) 
thrown [s\open\src\hotspot\share\interpreter\linkResolver.cpp, line 773]

ZGC Phase Switch (0 events):
No events

VM Operations (8 events):
Event: 0.245 Executing VM operation: HandshakeAllThreads (Deoptimize)
Event: 0.245 Executing VM operation: HandshakeAllThreads (Deoptimize) done
Event: 0.421 Executing VM operation: HandshakeAllThreads (Deoptimize)
Event: 0.421 Executing VM operation: HandshakeAllThreads (Deoptimize) done
Event: 1.436 Executing VM operation: Cleanup
Event: 1.436 Executing VM operation: Cleanup done
Event: 2.449 Executing VM operation: Cleanup
Event: 2.449 Executing VM operation: Cleanup done

Events (11 events):
Event: 0.100 Thread 0x000001b748b9ee90 Thread added: 0x000001b748b9ee90
Event: 0.134 Thread 0x000001b7675f4170 Thread added: 0x000001b7675f4170
Event: 0.134 Thread 0x000001b7675f5130 Thread added: 0x000001b7675f5130
Event: 0.135 Thread 0x000001b7675f6df0 Thread added: 0x000001b7675f6df0
Event: 0.135 Thread 0x000001b7675f7940 Thread added: 0x000001b7675f7940
Event: 0.135 Thread 0x000001b7675f8490 Thread added: 0x000001b7675f8490
Event: 0.135 Thread 0x000001b7675f8fe0 Thread added: 0x000001b7675f8fe0
Event: 0.135 Thread 0x000001b7675fbe70 Thread added: 0x000001b7675fbe70
Event: 0.153 Thread 0x000001b76761b8a0 Thread added: 0x000001b76761b8a0
Event: 0.185 Thread 0x000001b76786d3e0 Thread added: 0x000001b76786d3e0
Event: 0.187 Thread 0x000001b767870260 Thread added: 0x000001b767870260


Dynamic libraries:
0x00007ff776fb0000 - 0x00007ff776fc0000 	C:\Program Files\Java\jdk-21\bin\java.exe
0x00007ffe6f0b0000 - 0x00007ffe6f2c6000 	C:\WINDOWS\SYSTEM32\ntdll.dll
0x00007ffe6d600000 - 0x00007ffe6d6c4000 	C:\WINDOWS\System32\KERNEL32.DLL
0x00007ffe6c5c0000 - 0x00007ffe6c967000 	C:\WINDOWS\System32\KERNELBASE.dll
0x00007ffe6c430000 - 0x00007ffe6c541000 	C:\WINDOWS\System32\ucrtbase.dll
0x00007ffe5e3a0000 - 0x00007ffe5e3b9000 	C:\Program Files\Java\jdk-21\bin\jli.dll
0x00007ffe6d1f0000 - 0x00007ffe6d2a2000 	C:\WINDOWS\System32\ADVAPI32.dll
0x00007ffe6efc0000 - 0x00007ffe6f067000 	C:\WINDOWS\System32\msvcrt.dll
0x00007ffe6df30000 - 0x00007ffe6dfd8000 	C:\WINDOWS\System32\sechost.dll
0x00007ffe6c400000 - 0x00007ffe6c428000 	C:\WINDOWS\System32\bcrypt.dll
0x00007ffe6d040000 - 0x00007ffe6d155000 	C:\WINDOWS\System32\RPCRT4.dll
0x00007ffe6e1d0000 - 0x00007ffe6e37e000 	C:\WINDOWS\System32\USER32.dll
0x00007ffe6c3d0000 - 0x00007ffe6c3f6000 	C:\WINDOWS\System32\win32u.dll
0x00007ffe6d1c0000 - 0x00007ffe6d1e9000 	C:\WINDOWS\System32\GDI32.dll
0x00007ffe6ccc0000 - 0x00007ffe6cdd9000 	C:\WINDOWS\System32\gdi32full.dll
0x00007ffe6cc20000 - 0x00007ffe6ccba000 	C:\WINDOWS\System32\msvcp_win.dll
0x00007ffe58720000 - 0x00007ffe5873b000 	C:\Program Files\Java\jdk-21\bin\VCRUNTIME140.dll
0x00007ffe44c10000 - 0x00007ffe44ea3000 	C:\WINDOWS\WinSxS\amd64_microsoft.windows.common-controls_6595b64144ccf1df_6.0.22621.3235_none_270f74e173860f98\COMCTL32.dll
0x00007ffe64e70000 - 0x00007ffe64e7a000 	C:\WINDOWS\SYSTEM32\VERSION.dll
0x00007ffe6ef70000 - 0x00007ffe6efa1000 	C:\WINDOWS\System32\IMM32.DLL
0x00007ffe5e390000 - 0x00007ffe5e39c000 	C:\Program Files\Java\jdk-21\bin\vcruntime140_1.dll
0x00007ffe57d10000 - 0x00007ffe57d9e000 	C:\Program Files\Java\jdk-21\bin\msvcp140.dll
0x00007ffe0ee50000 - 0x00007ffe0fb65000 	C:\Program Files\Java\jdk-21\bin\server\jvm.dll
0x00007ffe6e150000 - 0x00007ffe6e1c1000 	C:\WINDOWS\System32\WS2_32.dll
0x00007ffe6c2a0000 - 0x00007ffe6c2ed000 	C:\WINDOWS\SYSTEM32\POWRPROF.dll
0x00007ffe63ff0000 - 0x00007ffe64024000 	C:\WINDOWS\SYSTEM32\WINMM.dll
0x00007ffe6c280000 - 0x00007ffe6c293000 	C:\WINDOWS\SYSTEM32\UMPDC.dll
0x00007ffe6b410000 - 0x00007ffe6b428000 	C:\WINDOWS\SYSTEM32\kernel.appcore.dll
0x00007ffe58710000 - 0x00007ffe5871a000 	C:\Program Files\Java\jdk-21\bin\jimage.dll
0x00007ffe69420000 - 0x00007ffe69653000 	C:\WINDOWS\SYSTEM32\DBGHELP.DLL
0x00007ffe6e5f0000 - 0x00007ffe6e978000 	C:\WINDOWS\System32\combase.dll
0x00007ffe6d490000 - 0x00007ffe6d567000 	C:\WINDOWS\System32\OLEAUT32.dll
0x00007ffe4ece0000 - 0x00007ffe4ed12000 	C:\WINDOWS\SYSTEM32\dbgcore.DLL
0x00007ffe6cba0000 - 0x00007ffe6cc19000 	C:\WINDOWS\System32\bcryptPrimitives.dll
0x00007ffe58470000 - 0x00007ffe5848f000 	C:\Program Files\Java\jdk-21\bin\java.dll
0x00007ffe6d6d0000 - 0x00007ffe6df2c000 	C:\WINDOWS\System32\SHELL32.dll
0x00007ffe6a330000 - 0x00007ffe6ac29000 	C:\WINDOWS\SYSTEM32\windows.storage.dll
0x00007ffe6a1f0000 - 0x00007ffe6a32e000 	C:\WINDOWS\SYSTEM32\wintypes.dll
0x00007ffe6e380000 - 0x00007ffe6e473000 	C:\WINDOWS\System32\SHCORE.dll
0x00007ffe6e980000 - 0x00007ffe6e9de000 	C:\WINDOWS\System32\shlwapi.dll
0x00007ffe6c300000 - 0x00007ffe6c321000 	C:\WINDOWS\SYSTEM32\profapi.dll
0x00007ffe56370000 - 0x00007ffe56447000 	C:\Program Files\Java\jdk-21\bin\jsvml.dll
0x00007ffe58700000 - 0x00007ffe58710000 	C:\Program Files\Java\jdk-21\bin\net.dll
0x00007ffe65920000 - 0x00007ffe65a56000 	C:\WINDOWS\SYSTEM32\WINHTTP.dll
0x00007ffe6b880000 - 0x00007ffe6b8e9000 	C:\WINDOWS\system32\mswsock.dll
0x00007ffe58250000 - 0x00007ffe58266000 	C:\Program Files\Java\jdk-21\bin\nio.dll
0x00007ffe58230000 - 0x00007ffe58248000 	C:\Program Files\Java\jdk-21\bin\zip.dll

dbghelp: loaded successfully - version: 4.0.5 - missing functions: none
symbol engine: initialized successfully - sym options: 0x614 - pdb path: .;C:\Program Files\Java\jdk-21\bin;C:\WINDOWS\SYSTEM32;C:\WINDOWS\WinSxS\amd64_microsoft.windows.common-controls_6595b64144ccf1df_6.0.22621.3235_none_270f74e173860f98;C:\Program Files\Java\jdk-21\bin\server

VM Arguments:
jvm_args: -Dfile.encoding=utf8 
java_command: c:\\Users\\Butani Jeel\\.vscode\\extensions\\vscjava.vscode-gradle-3.13.5\\lib\\gradle-language-server.jar
java_class_path (initial): c:\\Users\\Butani Jeel\\.vscode\\extensions\\vscjava.vscode-gradle-3.13.5\\lib\\gradle-language-server.jar
Launcher Type: SUN_STANDARD

[Global flags]
     intx CICompilerCount                          = 4                                         {product} {ergonomic}
     uint ConcGCThreads                            = 2                                         {product} {ergonomic}
     uint G1ConcRefinementThreads                  = 8                                         {product} {ergonomic}
   size_t G1HeapRegionSize                         = 1048576                                   {product} {ergonomic}
    uintx GCDrainStackTargetSize                   = 64                                        {product} {ergonomic}
   size_t InitialHeapSize                          = 130023424                                 {product} {ergonomic}
   size_t MarkStackSize                            = 4194304                                   {product} {ergonomic}
   size_t MaxHeapSize                              = 2080374784                                {product} {ergonomic}
   size_t MaxNewSize                               = 1247805440                                {product} {ergonomic}
   size_t MinHeapDeltaBytes                        = 1048576                                   {product} {ergonomic}
   size_t MinHeapSize                              = 8388608                                   {product} {ergonomic}
    uintx NonNMethodCodeHeapSize                   = 5839372                                {pd product} {ergonomic}
    uintx NonProfiledCodeHeapSize                  = 122909434                              {pd product} {ergonomic}
    uintx ProfiledCodeHeapSize                     = 122909434                              {pd product} {ergonomic}
    uintx ReservedCodeCacheSize                    = 251658240                              {pd product} {ergonomic}
     bool SegmentedCodeCache                       = true                                      {product} {ergonomic}
   size_t SoftMaxHeapSize                          = 2080374784                             {manageable} {ergonomic}
     bool UseCompressedOops                        = true                           {product lp64_product} {ergonomic}
     bool UseG1GC                                  = true                                      {product} {ergonomic}
     bool UseLargePagesIndividualAllocation        = false                                  {pd product} {ergonomic}

Logging:
Log output configuration:
 #0: stdout all=warning uptime,level,tags foldmultilines=false
 #1: stderr all=off uptime,level,tags foldmultilines=false

Environment Variables:
PATH=C:\Program Files\Common Files\Oracle\Java\javapath;C:\WINDOWS\system32;C:\WINDOWS;C:\WINDOWS\System32\Wbem;C:\WINDOWS\System32\WindowsPowerShell\v1.0\;C:\WINDOWS\System32\OpenSSH\;C:\Program Files\dotnet\;C:\xampp;C:\Program Files\Git\cmd;C:\Program Files\Microsoft SQL Server\150\Tools\Binn\;C:\Program Files\Microsoft SQL Server\Client SDK\ODBC\170\Tools\Binn\;C:\Program Files (x86)\Microsoft SQL Server\150\Tools\Binn\;C:\Program Files (x86)\Microsoft SQL Server\150\DTS\Binn\;C:\Program Files\Microsoft SQL Server\150\DTS\Binn\;C:\Program Files (x86)\Microsoft SQL Server\Client SDK\ODBC\130\Tools\Binn\;C:\Program Files (x86)\Microsoft SQL Server\140\Tools\Binn\;C:\Program Files (x86)\Microsoft SQL Server\140\DTS\Binn\;C:\Program Files (x86)\Microsoft SQL Server\140\Tools\Binn\ManagementStudio\;C:\Users\Butani Jeel\AppData\Local\Pub\Cache\bin;C:\Users\Butani Jeel\AppData\Roaming\npm;C:\Program Files\nodejs\;C:\Program Files\MySQL\MySQL Shell 8.0\bin\;C:\Users\Butani Jeel\AppData\Local\Microsoft\WindowsApps;D:\dev and mul\jdk1.8.0_201\jdk1.8.0_201\bin;C:\Users\Butani Jeel\.vscode\Microsoft VS Code\bin;D:\Flutter\install\flutter\bin;C:\Users\Butani Jeel\.dotnet\tools;C:\Users\Butani Jeel\AppData\Roaming\npm;D:\IntelliJ IDEA Community Edition 2023.3.2\bin;;C:\msys64\ucrt64\bin
USERNAME=Jeel
OS=Windows_NT
PROCESSOR_IDENTIFIER=Intel64 Family 6 Model 140 Stepping 1, GenuineIntel
TMP=C:\Users\BUTANI~1\AppData\Local\Temp
TEMP=C:\Users\BUTANI~1\AppData\Local\Temp




Periodic native trim disabled

---------------  S Y S T E M  ---------------

OS:
 Windows 11 , 64 bit Build 22621 (10.0.22621.3374)
OS uptime: 3 days 0:06 hours

CPU: total 8 (initial active 8) (4 cores per cpu, 2 threads per core) family 6 model 140 stepping 1 microcode 0xb4, cx8, cmov, fxsr, ht, mmx, 3dnowpref, sse, sse2, sse3, ssse3, sse4.1, sse4.2, popcnt, lzcnt, tsc, tscinvbit, avx, avx2, aes, erms, clmul, bmi1, bmi2, adx, avx512f, avx512dq, avx512cd, avx512bw, avx512vl, sha, fma, vzeroupper, avx512_vpopcntdq, avx512_vpclmulqdq, avx512_vaes, avx512_vnni, clflush, clflushopt, clwb, avx512_vbmi2, avx512_vbmi, rdtscp, rdpid, fsrm, gfni, avx512_bitalg, f16c, pku, cet_ibt, cet_ss, avx512_ifma
Processor Information for all 8 processors :
  Max Mhz: 2419, Current Mhz: 2419, Mhz Limit: 2419

Memory: 4k page, system-wide physical 7934M (77M free)
TotalPageFile size 20734M (AvailPageFile size 3M)
current process WorkingSet (physical memory assigned to process): 59M, peak: 59M
current process commit charge ("private bytes"): 215M, peak: 215M

vm_info: Java HotSpot(TM) 64-Bit Server VM (21.0.1+12-LTS-29) for windows-amd64 JRE (21.0.1+12-LTS-29), built on 2023-10-05T13:27:09Z by "mach5one" with MS VC++ 17.1 (VS2022)

END.
