#
# There is insufficient memory for the Java Runtime Environment to continue.
# Native memory allocation (malloc) failed to allocate 32744 bytes for ChunkPool::allocate
# Possible reasons:
#   The system is out of physical RAM or swap space
#   The process is running with CompressedOops enabled, and the Java Heap may be blocking the growth of the native heap
# Possible solutions:
#   Reduce memory load on the system
#   Increase physical memory or swap space
#   Check if swap backing store is full
#   Decrease Java heap size (-Xmx/-Xms)
#   Decrease number of Java threads
#   Decrease Java thread stack sizes (-Xss)
#   Set larger code cache with -XX:ReservedCodeCacheSize=
#   JVM is running with Unscaled Compressed Oops mode in which the Java heap is
#     placed in the first 4GB address space. The Java Heap base address is the
#     maximum limit for the native heap growth. Please use -XX:HeapBaseMinAddress
#     to set the Java Heap base and to place the Java Heap above 4GB virtual address.
# This output file may be truncated or incomplete.
#
#  Out of Memory Error (arena.cpp:79), pid=3156, tid=20148
#
# JRE version: OpenJDK Runtime Environment Temurin-17.0.10+7 (17.0.10+7) (build 17.0.10+7)
# Java VM: OpenJDK 64-Bit Server VM Temurin-17.0.10+7 (17.0.10+7, mixed mode, tiered, compressed oops, compressed class ptrs, parallel gc, windows-amd64)
# No core dump will be written. Minidumps are not enabled by default on client versions of Windows
#

---------------  S U M M A R Y ------------

Command Line: --add-modules=ALL-SYSTEM --add-opens=java.base/java.util=ALL-UNNAMED --add-opens=java.base/java.lang=ALL-UNNAMED --add-opens=java.base/sun.nio.fs=ALL-UNNAMED -Declipse.application=org.eclipse.jdt.ls.core.id1 -Dosgi.bundles.defaultStartLevel=4 -Declipse.product=org.eclipse.jdt.ls.core.product -Djava.import.generatesMetadataFilesAtProjectRoot=false -DDetectVMInstallationsJob.disabled=true -Dfile.encoding=utf8 -XX:+UseParallelGC -XX:GCTimeRatio=4 -XX:AdaptiveSizePolicyWeight=90 -Dsun.zip.disableMemoryMapping=true -Xmx1G -Xms100m -Xlog:disable -javaagent:c:\Users\Butani Jeel\.vscode\extensions\redhat.java-1.29.0-win32-x64\lombok\lombok-1.18.32.jar c:\Users\Butani Jeel\.vscode\extensions\redhat.java-1.29.0-win32-x64\server\plugins\org.eclipse.equinox.launcher_1.6.800.v20240304-1850.jar -configuration c:\Users\Butani Jeel\AppData\Roaming\Code\User\globalStorage\redhat.java\1.29.0\config_ss_win -data c:\Users\Butani Jeel\AppData\Roaming\Code\User\workspaceStorage\cecd2bf41a9f934d139ef9bd3f5baad6\redhat.java\ss_ws --stdio

Host: 11th Gen Intel(R) Core(TM) i5-1135G7 @ 2.40GHz, 8 cores, 7G,  Windows 11 , 64 bit Build 22621 (10.0.22621.3374)
Time: Mon Apr 22 07:33:10 2024 India Standard Time elapsed time: 78.613090 seconds (0d 0h 1m 18s)

---------------  T H R E A D  ---------------

Current thread (0x000001d2849fdb80):  JavaThread "C2 CompilerThread0" daemon [_thread_in_native, id=20148, stack(0x000000c970400000,0x000000c970500000)]


Current CompileTask:
C2:  78613 3601       4       java.io.WinNTFileSystem::normalize (143 bytes)

Stack: [0x000000c970400000,0x000000c970500000]
Native frames: (J=compiled Java code, j=interpreted, Vv=VM code, C=native code)
V  [jvm.dll+0x67d2c9]
V  [jvm.dll+0x834afa]
V  [jvm.dll+0x8365be]
V  [jvm.dll+0x836c23]
V  [jvm.dll+0x2477ff]
V  [jvm.dll+0xac711]
V  [jvm.dll+0xacb5c]
V  [jvm.dll+0xac61b]
V  [jvm.dll+0x65ab1c]
V  [jvm.dll+0x5863b9]
V  [jvm.dll+0x585d73]
V  [jvm.dll+0x584f88]
V  [jvm.dll+0x2228a2]
V  [jvm.dll+0x21b5cd]
V  [jvm.dll+0x219201]
V  [jvm.dll+0x1a502d]
V  [jvm.dll+0x2290de]
V  [jvm.dll+0x2272ac]
V  [jvm.dll+0x7e9bb7]
V  [jvm.dll+0x7e3fba]
V  [jvm.dll+0x67c1b5]
C  [ucrtbase.dll+0x29333]
C  [KERNEL32.DLL+0x1257d]
C  [ntdll.dll+0x5aa48]


---------------  P R O C E S S  ---------------

Threads class SMR info:
_java_thread_list=0x000001d287e257e0, length=23, elements={
0x000001d2ebae0940, 0x000001d2ff962030, 0x000001d2ff963ec0, 0x000001d2849f3020,
0x000001d2849f38f0, 0x000001d2849f65d0, 0x000001d2849faec0, 0x000001d2849fdb80,
0x000001d284a61520, 0x000001d284a66200, 0x000001d284afddc0, 0x000001d284d08010,
0x000001d2862c5fb0, 0x000001d285e28150, 0x000001d285f6a2a0, 0x000001d28632b010,
0x000001d2865cd770, 0x000001d2865d0500, 0x000001d2865cfff0, 0x000001d2865cdc80,
0x000001d2865cd260, 0x000001d2865cf0c0, 0x000001d2865cebb0
}

Java Threads: ( => current thread )
  0x000001d2ebae0940 JavaThread "main" [_thread_blocked, id=11340, stack(0x000000c96fb00000,0x000000c96fc00000)]
  0x000001d2ff962030 JavaThread "Reference Handler" daemon [_thread_blocked, id=10052, stack(0x000000c96fe00000,0x000000c96ff00000)]
  0x000001d2ff963ec0 JavaThread "Finalizer" daemon [_thread_blocked, id=19292, stack(0x000000c96ff00000,0x000000c970000000)]
  0x000001d2849f3020 JavaThread "Signal Dispatcher" daemon [_thread_blocked, id=2124, stack(0x000000c970000000,0x000000c970100000)]
  0x000001d2849f38f0 JavaThread "Attach Listener" daemon [_thread_blocked, id=18428, stack(0x000000c970100000,0x000000c970200000)]
  0x000001d2849f65d0 JavaThread "Service Thread" daemon [_thread_blocked, id=10664, stack(0x000000c970200000,0x000000c970300000)]
  0x000001d2849faec0 JavaThread "Monitor Deflation Thread" daemon [_thread_blocked, id=17268, stack(0x000000c970300000,0x000000c970400000)]
=>0x000001d2849fdb80 JavaThread "C2 CompilerThread0" daemon [_thread_in_native, id=20148, stack(0x000000c970400000,0x000000c970500000)]
  0x000001d284a61520 JavaThread "C1 CompilerThread0" daemon [_thread_blocked, id=9212, stack(0x000000c970500000,0x000000c970600000)]
  0x000001d284a66200 JavaThread "Sweeper thread" daemon [_thread_blocked, id=16432, stack(0x000000c970600000,0x000000c970700000)]
  0x000001d284afddc0 JavaThread "Common-Cleaner" daemon [_thread_blocked, id=9388, stack(0x000000c970700000,0x000000c970800000)]
  0x000001d284d08010 JavaThread "Notification Thread" daemon [_thread_blocked, id=26220, stack(0x000000c970800000,0x000000c970900000)]
  0x000001d2862c5fb0 JavaThread "Active Thread: Equinox Container: 47ebb8c3-83fc-437a-8dc3-ec33c489510b" [_thread_blocked, id=24628, stack(0x000000c971000000,0x000000c971100000)]
  0x000001d285e28150 JavaThread "Framework Event Dispatcher: Equinox Container: 47ebb8c3-83fc-437a-8dc3-ec33c489510b" daemon [_thread_blocked, id=15960, stack(0x000000c971100000,0x000000c971200000)]
  0x000001d285f6a2a0 JavaThread "Start Level: Equinox Container: 47ebb8c3-83fc-437a-8dc3-ec33c489510b" daemon [_thread_blocked, id=26840, stack(0x000000c971200000,0x000000c971300000)]
  0x000001d28632b010 JavaThread "SCR Component Actor" daemon [_thread_blocked, id=4816, stack(0x000000c971300000,0x000000c971400000)]
  0x000001d2865cd770 JavaThread "Worker-JM" [_thread_blocked, id=23108, stack(0x000000c971600000,0x000000c971700000)]
  0x000001d2865d0500 JavaThread "Worker-0" [_thread_blocked, id=19356, stack(0x000000c971700000,0x000000c971800000)]
  0x000001d2865cfff0 JavaThread "Worker-1" [_thread_blocked, id=3692, stack(0x000000c971800000,0x000000c971900000)]
  0x000001d2865cdc80 JavaThread "JNA Cleaner" daemon [_thread_blocked, id=21336, stack(0x000000c971500000,0x000000c971600000)]
  0x000001d2865cd260 JavaThread "pool-2-thread-1" [_thread_blocked, id=20312, stack(0x000000c971900000,0x000000c971a00000)]
  0x000001d2865cf0c0 JavaThread "WorkspaceEventsHandler" [_thread_blocked, id=17508, stack(0x000000c971a00000,0x000000c971b00000)]
  0x000001d2865cebb0 JavaThread "pool-1-thread-1" [_thread_in_vm, id=22672, stack(0x000000c971b00000,0x000000c971c00000)]

Other Threads:
  0x000001d2ebb6b4a0 VMThread "VM Thread" [stack: 0x000000c96fd00000,0x000000c96fe00000] [id=15508]
  0x000001d284d084f0 WatcherThread [stack: 0x000000c970900000,0x000000c970a00000] [id=26392]
  0x000001d2ebaf4420 GCTaskThread "GC Thread#0" [stack: 0x000000c96fc00000,0x000000c96fd00000] [id=9568]
  0x000001d286618010 GCTaskThread "GC Thread#1" [stack: 0x000000c970a00000,0x000000c970b00000] [id=25088]
  0x000001d28635eb40 GCTaskThread "GC Thread#2" [stack: 0x000000c970b00000,0x000000c970c00000] [id=20660]
  0x000001d2864d0880 GCTaskThread "GC Thread#3" [stack: 0x000000c970c00000,0x000000c970d00000] [id=1392]
  0x000001d2864d0b40 GCTaskThread "GC Thread#4" [stack: 0x000000c970d00000,0x000000c970e00000] [id=3444]
  0x000001d286237840 GCTaskThread "GC Thread#5" [stack: 0x000000c970e00000,0x000000c970f00000] [id=23040]
  0x000001d285f82710 GCTaskThread "GC Thread#6" [stack: 0x000000c970f00000,0x000000c971000000] [id=19760]
  0x000001d285ce42b0 GCTaskThread "GC Thread#7" [stack: 0x000000c971400000,0x000000c971500000] [id=26780]

Threads with active compile tasks:
C2 CompilerThread0    78646 3601       4       java.io.WinNTFileSystem::normalize (143 bytes)

VM state: not at safepoint (normal execution)

VM Mutex/Monitor currently owned by a thread: None

Heap address: 0x00000000c0000000, size: 1024 MB, Compressed Oops mode: 32-bit

CDS archive(s) not mapped
Compressed class space mapped at: 0x0000000100000000-0x0000000140000000, reserved size: 1073741824
Narrow klass base: 0x0000000000000000, Narrow klass shift: 3, Narrow klass range: 0x140000000

GC Precious Log:
 CPUs: 8 total, 8 available
 Memory: 7934M
 Large Page Support: Disabled
 NUMA Support: Disabled
 Compressed Oops: Enabled (32-bit)
 Alignments: Space 512K, Generation 512K, Heap 2M
 Heap Min Capacity: 100M
 Heap Initial Capacity: 100M
 Heap Max Capacity: 1G
 Pre-touch: Disabled
 Parallel Workers: 8

Heap:
 PSYoungGen      total 26112K, used 19477K [0x00000000eab00000, 0x00000000ec980000, 0x0000000100000000)
  eden space 23040K, 73% used [0x00000000eab00000,0x00000000ebb784f0,0x00000000ec180000)
  from space 3072K, 85% used [0x00000000ec680000,0x00000000ec90cf40,0x00000000ec980000)
  to   space 3584K, 0% used [0x00000000ec280000,0x00000000ec280000,0x00000000ec600000)
 ParOldGen       total 68608K, used 12356K [0x00000000c0000000, 0x00000000c4300000, 0x00000000eab00000)
  object space 68608K, 18% used [0x00000000c0000000,0x00000000c0c112d0,0x00000000c4300000)
 Metaspace       used 37074K, committed 37824K, reserved 1114112K
  class space    used 3731K, committed 4096K, reserved 1048576K

Card table byte_map: [0x000001d2eb4a0000,0x000001d2eb6b0000] _byte_map_base: 0x000001d2eaea0000

Marking Bits: (ParMarkBitMap*) 0x00007ffdc0bbd7d0
 Begin Bits: [0x000001d2fd770000, 0x000001d2fe770000)
 End Bits:   [0x000001d2fe770000, 0x000001d2ff770000)

Polling page: 0x000001d2eb290000

Metaspace:

Usage:
  Non-class:     32.56 MB used.
      Class:      3.64 MB used.
       Both:     36.21 MB used.

Virtual space:
  Non-class space:       64.00 MB reserved,      32.94 MB ( 51%) committed,  1 nodes.
      Class space:        1.00 GB reserved,       4.00 MB ( <1%) committed,  1 nodes.
             Both:        1.06 GB reserved,      36.94 MB (  3%) committed. 

Chunk freelists:
   Non-Class:  14.41 MB
       Class:  11.98 MB
        Both:  26.39 MB

MaxMetaspaceSize: unlimited
CompressedClassSpaceSize: 1.00 GB
Initial GC threshold: 21.00 MB
Current GC threshold: 58.38 MB
CDS: off
MetaspaceReclaimPolicy: balanced
 - commit_granule_bytes: 65536.
 - commit_granule_words: 8192.
 - virtual_space_node_default_size: 8388608.
 - enlarge_chunks_in_place: 1.
 - new_chunks_are_fully_committed: 0.
 - uncommit_free_chunks: 1.
 - use_allocation_guard: 0.
 - handle_deallocations: 1.


Internal statistics:

num_allocs_failed_limit: 6.
num_arena_births: 366.
num_arena_deaths: 14.
num_vsnodes_births: 2.
num_vsnodes_deaths: 0.
num_space_committed: 591.
num_space_uncommitted: 0.
num_chunks_returned_to_freelist: 20.
num_chunks_taken_from_freelist: 1512.
num_chunk_merges: 8.
num_chunk_splits: 977.
num_chunks_enlarged: 658.
num_inconsistent_stats: 0.

CodeHeap 'non-profiled nmethods': size=120000Kb used=1628Kb max_used=1628Kb free=118371Kb
 bounds [0x000001d2f6240000, 0x000001d2f64b0000, 0x000001d2fd770000]
CodeHeap 'profiled nmethods': size=120000Kb used=7392Kb max_used=7392Kb free=112607Kb
 bounds [0x000001d2ee770000, 0x000001d2eeeb0000, 0x000001d2f5ca0000]
CodeHeap 'non-nmethods': size=5760Kb used=1295Kb max_used=1336Kb free=4464Kb
 bounds [0x000001d2f5ca0000, 0x000001d2f5f10000, 0x000001d2f6240000]
 total_blobs=4209 nmethods=3599 adapters=524
 compilation: enabled
              stopped_count=0, restarted_count=0
 full_count=0

Compilation events (20 events):
Event: 14.474 Thread 0x000001d286f9b4e0 nmethod 3590 0x000001d2f63d4090 code [0x000001d2f63d4280, 0x000001d2f63d5218]
Event: 14.500 Thread 0x000001d284a61520 3593       3       jdk.internal.misc.Unsafe::weakCompareAndSetReference (11 bytes)
Event: 14.500 Thread 0x000001d284a61520 nmethod 3593 0x000001d2eeea6190 code [0x000001d2eeea6320, 0x000001d2eeea6458]
Event: 14.501 Thread 0x000001d284a61520 3594       1       org.eclipse.core.internal.jobs.InternalJob::getJobGroup (5 bytes)
Event: 14.501 Thread 0x000001d284a61520 nmethod 3594 0x000001d2f63d5a10 code [0x000001d2f63d5ba0, 0x000001d2f63d5c78]
Event: 32.298 Thread 0x000001d284a61520 3595       1       java.util.concurrent.atomic.AtomicInteger::get (5 bytes)
Event: 32.298 Thread 0x000001d284a61520 nmethod 3595 0x000001d2f63d5d10 code [0x000001d2f63d5ea0, 0x000001d2f63d5f78]
Event: 61.652 Thread 0x000001d2849fdb80 3596       4       java.util.concurrent.locks.ReentrantReadWriteLock$Sync::tryReleaseShared (146 bytes)
Event: 61.672 Thread 0x000001d2849fdb80 nmethod 3596 0x000001d2f63d6010 code [0x000001d2f63d6200, 0x000001d2f63d6880]
Event: 74.515 Thread 0x000001d284a61520 3597       1       org.eclipse.core.internal.jobs.InternalJob::getStartTime (5 bytes)
Event: 74.515 Thread 0x000001d284a61520 nmethod 3597 0x000001d2f63d6e90 code [0x000001d2f63d7020, 0x000001d2f63d70f8]
Event: 78.551 Thread 0x000001d284a61520 3598       3       java.lang.StackTraceElement::<init> (10 bytes)
Event: 78.552 Thread 0x000001d284a61520 nmethod 3598 0x000001d2eeea6510 code [0x000001d2eeea66a0, 0x000001d2eeea6818]
Event: 78.557 Thread 0x000001d284a61520 3599  s!   3       java.lang.StackTraceElement::computeFormat (71 bytes)
Event: 78.560 Thread 0x000001d2849fdb80 3601       4       java.io.WinNTFileSystem::normalize (143 bytes)
Event: 78.562 Thread 0x000001d284a61520 nmethod 3599 0x000001d2eeea6910 code [0x000001d2eeea6b20, 0x000001d2eeea7378]
Event: 78.562 Thread 0x000001d284a61520 3600       3       java.lang.StackTraceElement::isHashedInJavaBase (31 bytes)
Event: 78.563 Thread 0x000001d284a61520 nmethod 3600 0x000001d2eeea7610 code [0x000001d2eeea7800, 0x000001d2eeea7d18]
Event: 78.581 Thread 0x000001d284a61520 3602       3       java.text.SimpleDateFormat::useDateFormatSymbols (20 bytes)
Event: 78.583 Thread 0x000001d284a61520 nmethod 3602 0x000001d2eeea7e90 code [0x000001d2eeea8020, 0x000001d2eeea81d8]

GC Heap History (20 events):
Event: 4.899 GC heap before
{Heap before GC invocations=3 (full 0):
 PSYoungGen      total 29696K, used 29673K [0x00000000eab00000, 0x00000000ecc00000, 0x0000000100000000)
  eden space 25600K, 100% used [0x00000000eab00000,0x00000000ec400000,0x00000000ec400000)
  from space 4096K, 99% used [0x00000000ec800000,0x00000000ecbfa788,0x00000000ecc00000)
  to   space 4096K, 0% used [0x00000000ec400000,0x00000000ec400000,0x00000000ec800000)
 ParOldGen       total 68608K, used 740K [0x00000000c0000000, 0x00000000c4300000, 0x00000000eab00000)
  object space 68608K, 1% used [0x00000000c0000000,0x00000000c00b9360,0x00000000c4300000)
 Metaspace       used 19740K, committed 20160K, reserved 1114112K
  class space    used 2015K, committed 2176K, reserved 1048576K
}
Event: 4.904 GC heap after
{Heap after GC invocations=3 (full 0):
 PSYoungGen      total 29696K, used 4084K [0x00000000eab00000, 0x00000000ecc00000, 0x0000000100000000)
  eden space 25600K, 0% used [0x00000000eab00000,0x00000000eab00000,0x00000000ec400000)
  from space 4096K, 99% used [0x00000000ec400000,0x00000000ec7fd368,0x00000000ec800000)
  to   space 4096K, 0% used [0x00000000ec800000,0x00000000ec800000,0x00000000ecc00000)
 ParOldGen       total 68608K, used 2631K [0x00000000c0000000, 0x00000000c4300000, 0x00000000eab00000)
  object space 68608K, 3% used [0x00000000c0000000,0x00000000c0291d98,0x00000000c4300000)
 Metaspace       used 19740K, committed 20160K, reserved 1114112K
  class space    used 2015K, committed 2176K, reserved 1048576K
}
Event: 6.570 GC heap before
{Heap before GC invocations=4 (full 0):
 PSYoungGen      total 29696K, used 11407K [0x00000000eab00000, 0x00000000ecc00000, 0x0000000100000000)
  eden space 25600K, 28% used [0x00000000eab00000,0x00000000eb226be0,0x00000000ec400000)
  from space 4096K, 99% used [0x00000000ec400000,0x00000000ec7fd368,0x00000000ec800000)
  to   space 4096K, 0% used [0x00000000ec800000,0x00000000ec800000,0x00000000ecc00000)
 ParOldGen       total 68608K, used 2631K [0x00000000c0000000, 0x00000000c4300000, 0x00000000eab00000)
  object space 68608K, 3% used [0x00000000c0000000,0x00000000c0291d98,0x00000000c4300000)
 Metaspace       used 21041K, committed 21504K, reserved 1114112K
  class space    used 2152K, committed 2368K, reserved 1048576K
}
Event: 6.573 GC heap after
{Heap after GC invocations=4 (full 0):
 PSYoungGen      total 29696K, used 4090K [0x00000000eab00000, 0x00000000ecc00000, 0x0000000100000000)
  eden space 25600K, 0% used [0x00000000eab00000,0x00000000eab00000,0x00000000ec400000)
  from space 4096K, 99% used [0x00000000ec800000,0x00000000ecbfebd8,0x00000000ecc00000)
  to   space 4096K, 0% used [0x00000000ec400000,0x00000000ec400000,0x00000000ec800000)
 ParOldGen       total 68608K, used 2915K [0x00000000c0000000, 0x00000000c4300000, 0x00000000eab00000)
  object space 68608K, 4% used [0x00000000c0000000,0x00000000c02d8e00,0x00000000c4300000)
 Metaspace       used 21041K, committed 21504K, reserved 1114112K
  class space    used 2152K, committed 2368K, reserved 1048576K
}
Event: 6.573 GC heap before
{Heap before GC invocations=5 (full 1):
 PSYoungGen      total 29696K, used 4090K [0x00000000eab00000, 0x00000000ecc00000, 0x0000000100000000)
  eden space 25600K, 0% used [0x00000000eab00000,0x00000000eab00000,0x00000000ec400000)
  from space 4096K, 99% used [0x00000000ec800000,0x00000000ecbfebd8,0x00000000ecc00000)
  to   space 4096K, 0% used [0x00000000ec400000,0x00000000ec400000,0x00000000ec800000)
 ParOldGen       total 68608K, used 2915K [0x00000000c0000000, 0x00000000c4300000, 0x00000000eab00000)
  object space 68608K, 4% used [0x00000000c0000000,0x00000000c02d8e00,0x00000000c4300000)
 Metaspace       used 21041K, committed 21504K, reserved 1114112K
  class space    used 2152K, committed 2368K, reserved 1048576K
}
Event: 6.598 GC heap after
{Heap after GC invocations=5 (full 1):
 PSYoungGen      total 29696K, used 0K [0x00000000eab00000, 0x00000000ecc00000, 0x0000000100000000)
  eden space 25600K, 0% used [0x00000000eab00000,0x00000000eab00000,0x00000000ec400000)
  from space 4096K, 0% used [0x00000000ec800000,0x00000000ec800000,0x00000000ecc00000)
  to   space 4096K, 0% used [0x00000000ec400000,0x00000000ec400000,0x00000000ec800000)
 ParOldGen       total 68608K, used 6828K [0x00000000c0000000, 0x00000000c4300000, 0x00000000eab00000)
  object space 68608K, 9% used [0x00000000c0000000,0x00000000c06ab2b8,0x00000000c4300000)
 Metaspace       used 21028K, committed 21504K, reserved 1114112K
  class space    used 2148K, committed 2368K, reserved 1048576K
}
Event: 8.269 GC heap before
{Heap before GC invocations=6 (full 1):
 PSYoungGen      total 29696K, used 25600K [0x00000000eab00000, 0x00000000ecc00000, 0x0000000100000000)
  eden space 25600K, 100% used [0x00000000eab00000,0x00000000ec400000,0x00000000ec400000)
  from space 4096K, 0% used [0x00000000ec800000,0x00000000ec800000,0x00000000ecc00000)
  to   space 4096K, 0% used [0x00000000ec400000,0x00000000ec400000,0x00000000ec800000)
 ParOldGen       total 68608K, used 6828K [0x00000000c0000000, 0x00000000c4300000, 0x00000000eab00000)
  object space 68608K, 9% used [0x00000000c0000000,0x00000000c06ab2b8,0x00000000c4300000)
 Metaspace       used 24101K, committed 24576K, reserved 1114112K
  class space    used 2389K, committed 2624K, reserved 1048576K
}
Event: 8.272 GC heap after
{Heap after GC invocations=6 (full 1):
 PSYoungGen      total 26112K, used 847K [0x00000000eab00000, 0x00000000ec880000, 0x0000000100000000)
  eden space 25088K, 0% used [0x00000000eab00000,0x00000000eab00000,0x00000000ec380000)
  from space 1024K, 82% used [0x00000000ec400000,0x00000000ec4d3c88,0x00000000ec500000)
  to   space 2560K, 0% used [0x00000000ec600000,0x00000000ec600000,0x00000000ec880000)
 ParOldGen       total 68608K, used 6836K [0x00000000c0000000, 0x00000000c4300000, 0x00000000eab00000)
  object space 68608K, 9% used [0x00000000c0000000,0x00000000c06ad2b8,0x00000000c4300000)
 Metaspace       used 24101K, committed 24576K, reserved 1114112K
  class space    used 2389K, committed 2624K, reserved 1048576K
}
Event: 9.029 GC heap before
{Heap before GC invocations=7 (full 1):
 PSYoungGen      total 26112K, used 25935K [0x00000000eab00000, 0x00000000ec880000, 0x0000000100000000)
  eden space 25088K, 100% used [0x00000000eab00000,0x00000000ec380000,0x00000000ec380000)
  from space 1024K, 82% used [0x00000000ec400000,0x00000000ec4d3c88,0x00000000ec500000)
  to   space 2560K, 0% used [0x00000000ec600000,0x00000000ec600000,0x00000000ec880000)
 ParOldGen       total 68608K, used 6836K [0x00000000c0000000, 0x00000000c4300000, 0x00000000eab00000)
  object space 68608K, 9% used [0x00000000c0000000,0x00000000c06ad2b8,0x00000000c4300000)
 Metaspace       used 27065K, committed 27584K, reserved 1114112K
  class space    used 2621K, committed 2880K, reserved 1048576K
}
Event: 9.031 GC heap after
{Heap after GC invocations=7 (full 1):
 PSYoungGen      total 27136K, used 2530K [0x00000000eab00000, 0x00000000ec900000, 0x0000000100000000)
  eden space 24576K, 0% used [0x00000000eab00000,0x00000000eab00000,0x00000000ec300000)
  from space 2560K, 98% used [0x00000000ec600000,0x00000000ec878a38,0x00000000ec880000)
  to   space 3072K, 0% used [0x00000000ec300000,0x00000000ec300000,0x00000000ec600000)
 ParOldGen       total 68608K, used 6884K [0x00000000c0000000, 0x00000000c4300000, 0x00000000eab00000)
  object space 68608K, 10% used [0x00000000c0000000,0x00000000c06b9098,0x00000000c4300000)
 Metaspace       used 27065K, committed 27584K, reserved 1114112K
  class space    used 2621K, committed 2880K, reserved 1048576K
}
Event: 10.265 GC heap before
{Heap before GC invocations=8 (full 1):
 PSYoungGen      total 27136K, used 27090K [0x00000000eab00000, 0x00000000ec900000, 0x0000000100000000)
  eden space 24576K, 99% used [0x00000000eab00000,0x00000000ec2fbfc0,0x00000000ec300000)
  from space 2560K, 98% used [0x00000000ec600000,0x00000000ec878a38,0x00000000ec880000)
  to   space 3072K, 0% used [0x00000000ec300000,0x00000000ec300000,0x00000000ec600000)
 ParOldGen       total 68608K, used 6884K [0x00000000c0000000, 0x00000000c4300000, 0x00000000eab00000)
  object space 68608K, 10% used [0x00000000c0000000,0x00000000c06b9098,0x00000000c4300000)
 Metaspace       used 30409K, committed 31040K, reserved 1114112K
  class space    used 2934K, committed 3200K, reserved 1048576K
}
Event: 10.268 GC heap after
{Heap after GC invocations=8 (full 1):
 PSYoungGen      total 27136K, used 3067K [0x00000000eab00000, 0x00000000ecc80000, 0x0000000100000000)
  eden space 24064K, 0% used [0x00000000eab00000,0x00000000eab00000,0x00000000ec280000)
  from space 3072K, 99% used [0x00000000ec300000,0x00000000ec5fef68,0x00000000ec600000)
  to   space 5120K, 0% used [0x00000000ec780000,0x00000000ec780000,0x00000000ecc80000)
 ParOldGen       total 68608K, used 8092K [0x00000000c0000000, 0x00000000c4300000, 0x00000000eab00000)
  object space 68608K, 11% used [0x00000000c0000000,0x00000000c07e7378,0x00000000c4300000)
 Metaspace       used 30409K, committed 31040K, reserved 1114112K
  class space    used 2934K, committed 3200K, reserved 1048576K
}
Event: 12.449 GC heap before
{Heap before GC invocations=9 (full 1):
 PSYoungGen      total 27136K, used 27131K [0x00000000eab00000, 0x00000000ecc80000, 0x0000000100000000)
  eden space 24064K, 100% used [0x00000000eab00000,0x00000000ec280000,0x00000000ec280000)
  from space 3072K, 99% used [0x00000000ec300000,0x00000000ec5fef68,0x00000000ec600000)
  to   space 5120K, 0% used [0x00000000ec780000,0x00000000ec780000,0x00000000ecc80000)
 ParOldGen       total 68608K, used 8092K [0x00000000c0000000, 0x00000000c4300000, 0x00000000eab00000)
  object space 68608K, 11% used [0x00000000c0000000,0x00000000c07e7378,0x00000000c4300000)
 Metaspace       used 33695K, committed 34368K, reserved 1114112K
  class space    used 3336K, committed 3648K, reserved 1048576K
}
Event: 12.453 GC heap after
{Heap after GC invocations=9 (full 1):
 PSYoungGen      total 28672K, used 4984K [0x00000000eab00000, 0x00000000ecd00000, 0x0000000100000000)
  eden space 23552K, 0% used [0x00000000eab00000,0x00000000eab00000,0x00000000ec200000)
  from space 5120K, 97% used [0x00000000ec780000,0x00000000ecc5e108,0x00000000ecc80000)
  to   space 5632K, 0% used [0x00000000ec200000,0x00000000ec200000,0x00000000ec780000)
 ParOldGen       total 68608K, used 8100K [0x00000000c0000000, 0x00000000c4300000, 0x00000000eab00000)
  object space 68608K, 11% used [0x00000000c0000000,0x00000000c07e9378,0x00000000c4300000)
 Metaspace       used 33695K, committed 34368K, reserved 1114112K
  class space    used 3336K, committed 3648K, reserved 1048576K
}
Event: 13.019 GC heap before
{Heap before GC invocations=10 (full 1):
 PSYoungGen      total 28672K, used 15623K [0x00000000eab00000, 0x00000000ecd00000, 0x0000000100000000)
  eden space 23552K, 45% used [0x00000000eab00000,0x00000000eb563d38,0x00000000ec200000)
  from space 5120K, 97% used [0x00000000ec780000,0x00000000ecc5e108,0x00000000ecc80000)
  to   space 5632K, 0% used [0x00000000ec200000,0x00000000ec200000,0x00000000ec780000)
 ParOldGen       total 68608K, used 8100K [0x00000000c0000000, 0x00000000c4300000, 0x00000000eab00000)
  object space 68608K, 11% used [0x00000000c0000000,0x00000000c07e9378,0x00000000c4300000)
 Metaspace       used 35179K, committed 35840K, reserved 1114112K
  class space    used 3515K, committed 3840K, reserved 1048576K
}
Event: 13.023 GC heap after
{Heap after GC invocations=10 (full 1):
 PSYoungGen      total 27648K, used 3908K [0x00000000eab00000, 0x00000000ecb00000, 0x0000000100000000)
  eden space 23552K, 0% used [0x00000000eab00000,0x00000000eab00000,0x00000000ec200000)
  from space 4096K, 95% used [0x00000000ec200000,0x00000000ec5d1150,0x00000000ec600000)
  to   space 4608K, 0% used [0x00000000ec680000,0x00000000ec680000,0x00000000ecb00000)
 ParOldGen       total 68608K, used 9571K [0x00000000c0000000, 0x00000000c4300000, 0x00000000eab00000)
  object space 68608K, 13% used [0x00000000c0000000,0x00000000c0958f20,0x00000000c4300000)
 Metaspace       used 35179K, committed 35840K, reserved 1114112K
  class space    used 3515K, committed 3840K, reserved 1048576K
}
Event: 13.023 GC heap before
{Heap before GC invocations=11 (full 2):
 PSYoungGen      total 27648K, used 3908K [0x00000000eab00000, 0x00000000ecb00000, 0x0000000100000000)
  eden space 23552K, 0% used [0x00000000eab00000,0x00000000eab00000,0x00000000ec200000)
  from space 4096K, 95% used [0x00000000ec200000,0x00000000ec5d1150,0x00000000ec600000)
  to   space 4608K, 0% used [0x00000000ec680000,0x00000000ec680000,0x00000000ecb00000)
 ParOldGen       total 68608K, used 9571K [0x00000000c0000000, 0x00000000c4300000, 0x00000000eab00000)
  object space 68608K, 13% used [0x00000000c0000000,0x00000000c0958f20,0x00000000c4300000)
 Metaspace       used 35179K, committed 35840K, reserved 1114112K
  class space    used 3515K, committed 3840K, reserved 1048576K
}
Event: 13.050 GC heap after
{Heap after GC invocations=11 (full 2):
 PSYoungGen      total 27648K, used 0K [0x00000000eab00000, 0x00000000ecb00000, 0x0000000100000000)
  eden space 23552K, 0% used [0x00000000eab00000,0x00000000eab00000,0x00000000ec200000)
  from space 4096K, 0% used [0x00000000ec200000,0x00000000ec200000,0x00000000ec600000)
  to   space 4608K, 0% used [0x00000000ec680000,0x00000000ec680000,0x00000000ecb00000)
 ParOldGen       total 68608K, used 12348K [0x00000000c0000000, 0x00000000c4300000, 0x00000000eab00000)
  object space 68608K, 17% used [0x00000000c0000000,0x00000000c0c0f2d0,0x00000000c4300000)
 Metaspace       used 35179K, committed 35840K, reserved 1114112K
  class space    used 3515K, committed 3840K, reserved 1048576K
}
Event: 13.965 GC heap before
{Heap before GC invocations=12 (full 2):
 PSYoungGen      total 27648K, used 23552K [0x00000000eab00000, 0x00000000ecb00000, 0x0000000100000000)
  eden space 23552K, 100% used [0x00000000eab00000,0x00000000ec200000,0x00000000ec200000)
  from space 4096K, 0% used [0x00000000ec200000,0x00000000ec200000,0x00000000ec600000)
  to   space 4608K, 0% used [0x00000000ec680000,0x00000000ec680000,0x00000000ecb00000)
 ParOldGen       total 68608K, used 12348K [0x00000000c0000000, 0x00000000c4300000, 0x00000000eab00000)
  object space 68608K, 17% used [0x00000000c0000000,0x00000000c0c0f2d0,0x00000000c4300000)
 Metaspace       used 36610K, committed 37248K, reserved 1114112K
  class space    used 3687K, committed 3968K, reserved 1048576K
}
Event: 13.968 GC heap after
{Heap after GC invocations=12 (full 2):
 PSYoungGen      total 26112K, used 2611K [0x00000000eab00000, 0x00000000ec980000, 0x0000000100000000)
  eden space 23040K, 0% used [0x00000000eab00000,0x00000000eab00000,0x00000000ec180000)
  from space 3072K, 85% used [0x00000000ec680000,0x00000000ec90cf40,0x00000000ec980000)
  to   space 3584K, 0% used [0x00000000ec280000,0x00000000ec280000,0x00000000ec600000)
 ParOldGen       total 68608K, used 12356K [0x00000000c0000000, 0x00000000c4300000, 0x00000000eab00000)
  object space 68608K, 18% used [0x00000000c0000000,0x00000000c0c112d0,0x00000000c4300000)
 Metaspace       used 36610K, committed 37248K, reserved 1114112K
  class space    used 3687K, committed 3968K, reserved 1048576K
}

Dll operation events (10 events):
Event: 0.017 Loaded shared library c:\Users\Butani Jeel\.vscode\extensions\redhat.java-1.29.0-win32-x64\jre\17.0.10-win32-x86_64\bin\java.dll
Event: 0.370 Loaded shared library c:\Users\Butani Jeel\.vscode\extensions\redhat.java-1.29.0-win32-x64\jre\17.0.10-win32-x86_64\bin\zip.dll
Event: 0.377 Loaded shared library C:\Users\Butani Jeel\.vscode\extensions\redhat.java-1.29.0-win32-x64\jre\17.0.10-win32-x86_64\bin\instrument.dll
Event: 0.435 Loaded shared library C:\Users\Butani Jeel\.vscode\extensions\redhat.java-1.29.0-win32-x64\jre\17.0.10-win32-x86_64\bin\net.dll
Event: 0.438 Loaded shared library C:\Users\Butani Jeel\.vscode\extensions\redhat.java-1.29.0-win32-x64\jre\17.0.10-win32-x86_64\bin\nio.dll
Event: 0.448 Loaded shared library C:\Users\Butani Jeel\.vscode\extensions\redhat.java-1.29.0-win32-x64\jre\17.0.10-win32-x86_64\bin\zip.dll
Event: 0.483 Loaded shared library C:\Users\Butani Jeel\.vscode\extensions\redhat.java-1.29.0-win32-x64\jre\17.0.10-win32-x86_64\bin\jimage.dll
Event: 0.597 Loaded shared library c:\Users\Butani Jeel\.vscode\extensions\redhat.java-1.29.0-win32-x64\jre\17.0.10-win32-x86_64\bin\verify.dll
Event: 1.824 Loaded shared library C:\Users\Butani Jeel\AppData\Roaming\Code\User\globalStorage\redhat.java\1.29.0\config_ss_win\org.eclipse.equinox.launcher\org.eclipse.equinox.launcher.win32.win32.x86_64_1.2.900.v20240213-1244\eclipse_11900.dll
Event: 11.908 Loaded shared library C:\Users\Butani Jeel\AppData\Local\Temp\jna-2304834\jna8428099969083278457.dll

Deoptimization events (20 events):
Event: 14.002 Thread 0x000001d2865cebb0 DEOPT PACKING pc=0x000001d2f63a45e8 sp=0x000000c971bfec50
Event: 14.002 Thread 0x000001d2865cebb0 DEOPT UNPACKING pc=0x000001d2f5cf9ea3 sp=0x000000c971bfeb48 mode 2
Event: 14.002 Thread 0x000001d2865cfff0 DEOPT PACKING pc=0x000001d2eee38c28 sp=0x000000c9718fe630
Event: 14.002 Thread 0x000001d2865cfff0 DEOPT UNPACKING pc=0x000001d2f5cfa9e3 sp=0x000000c9718fdb38 mode 0
Event: 14.003 Thread 0x000001d2865cfff0 DEOPT PACKING pc=0x000001d2eee38c28 sp=0x000000c9718fe630
Event: 14.003 Thread 0x000001d2865cfff0 DEOPT UNPACKING pc=0x000001d2f5cfa9e3 sp=0x000000c9718fdb38 mode 0
Event: 14.004 Thread 0x000001d2865cfff0 DEOPT PACKING pc=0x000001d2eee38c28 sp=0x000000c9718fe630
Event: 14.004 Thread 0x000001d2865cfff0 DEOPT UNPACKING pc=0x000001d2f5cfa9e3 sp=0x000000c9718fdb38 mode 0
Event: 14.017 Thread 0x000001d2865cfff0 Uncommon trap: trap_request=0xffffff45 fr.pc=0x000001d2f63b2f6c relative=0x000000000000014c
Event: 14.017 Thread 0x000001d2865cfff0 Uncommon trap: reason=unstable_if action=reinterpret pc=0x000001d2f63b2f6c method=org.eclipse.jdt.internal.compiler.util.Util.isClassFileName(Ljava/lang/String;)Z @ 20 c2
Event: 14.017 Thread 0x000001d2865cfff0 DEOPT PACKING pc=0x000001d2f63b2f6c sp=0x000000c9718fe7d0
Event: 14.017 Thread 0x000001d2865cfff0 DEOPT UNPACKING pc=0x000001d2f5cf9ea3 sp=0x000000c9718fe750 mode 2
Event: 14.040 Thread 0x000001d2865cfff0 DEOPT PACKING pc=0x000001d2eebdd5bd sp=0x000000c9718fe230
Event: 14.040 Thread 0x000001d2865cfff0 DEOPT UNPACKING pc=0x000001d2f5cfa9e3 sp=0x000000c9718fd6b8 mode 0
Event: 14.447 Thread 0x000001d2865cebb0 Uncommon trap: trap_request=0xffffffcc fr.pc=0x000001d2f63d2054 relative=0x0000000000000334
Event: 14.447 Thread 0x000001d2865cebb0 Uncommon trap: reason=intrinsic_or_type_checked_inlining action=make_not_entrant pc=0x000001d2f63d2054 method=java.util.Arrays.copyOf([Ljava/lang/Object;ILjava/lang/Class;)[Ljava/lang/Object; @ 35 c2
Event: 14.447 Thread 0x000001d2865cebb0 DEOPT PACKING pc=0x000001d2f63d2054 sp=0x000000c971bfd7e0
Event: 14.447 Thread 0x000001d2865cebb0 DEOPT UNPACKING pc=0x000001d2f5cf9ea3 sp=0x000000c971bfd770 mode 2
Event: 78.560 Thread 0x000001d2865cebb0 DEOPT PACKING pc=0x000001d2eeb7c288 sp=0x000000c971bfda80
Event: 78.561 Thread 0x000001d2865cebb0 DEOPT UNPACKING pc=0x000001d2f5cfa9e3 sp=0x000000c971bfcf88 mode 0

Classes unloaded (7 events):
Event: 6.576 Thread 0x000001d2ebb6b4a0 Unloading class 0x000000010021e400 'java/lang/invoke/LambdaForm$MH+0x000000010021e400'
Event: 6.576 Thread 0x000001d2ebb6b4a0 Unloading class 0x000000010021e000 'java/lang/invoke/LambdaForm$MH+0x000000010021e000'
Event: 6.576 Thread 0x000001d2ebb6b4a0 Unloading class 0x000000010021dc00 'java/lang/invoke/LambdaForm$MH+0x000000010021dc00'
Event: 6.576 Thread 0x000001d2ebb6b4a0 Unloading class 0x000000010021d800 'java/lang/invoke/LambdaForm$MH+0x000000010021d800'
Event: 6.576 Thread 0x000001d2ebb6b4a0 Unloading class 0x000000010021d400 'java/lang/invoke/LambdaForm$BMH+0x000000010021d400'
Event: 6.576 Thread 0x000001d2ebb6b4a0 Unloading class 0x000000010021d000 'java/lang/invoke/LambdaForm$DMH+0x000000010021d000'
Event: 6.576 Thread 0x000001d2ebb6b4a0 Unloading class 0x0000000100218400 'java/lang/invoke/LambdaForm$DMH+0x0000000100218400'

Classes redefined (0 events):
No events

Internal exceptions (20 events):
Event: 10.537 Thread 0x000001d285f6a2a0 Exception <a 'java/io/FileNotFoundException'{0x00000000eb303cc0}> (0x00000000eb303cc0) 
thrown [s\src\hotspot\share\prims\jni.cpp, line 516]
Event: 12.022 Thread 0x000001d285f6a2a0 Exception <a 'java/lang/UnsatisfiedLinkError'{0x00000000eba4f7b8}: The specified procedure could not be found.
> (0x00000000eba4f7b8) 
thrown [s\src\hotspot\share\prims\jni.cpp, line 535]
Event: 12.029 Thread 0x000001d285f6a2a0 Exception <a 'java/io/FileNotFoundException'{0x00000000eba75748}> (0x00000000eba75748) 
thrown [s\src\hotspot\share\prims\jni.cpp, line 516]
Event: 12.040 Thread 0x000001d285f6a2a0 Exception <a 'java/io/FileNotFoundException'{0x00000000ebaf20a0}> (0x00000000ebaf20a0) 
thrown [s\src\hotspot\share\prims\jni.cpp, line 516]
Event: 12.114 Thread 0x000001d285f6a2a0 Exception <a 'java/lang/UnsatisfiedLinkError'{0x00000000ebb83710}: The specified procedure could not be found.
> (0x00000000ebb83710) 
thrown [s\src\hotspot\share\prims\jni.cpp, line 535]
Event: 12.214 Thread 0x000001d2ebae0940 Exception <a 'java/lang/NoSuchMethodError'{0x00000000ebd82a88}: 'java.lang.Object java.lang.invoke.DirectMethodHandle$Holder.invokeStatic(java.lang.Object, java.lang.Object, long, java.lang.Object)'> (0x00000000ebd82a88) 
thrown [s\src\hotspot\share\interpreter\linkResolver.cpp, line 759]
Event: 12.215 Thread 0x000001d2ebae0940 Exception <a 'java/lang/NoSuchMethodError'{0x00000000ebd86790}: 'java.lang.Object java.lang.invoke.DirectMethodHandle$Holder.invokeStaticInit(java.lang.Object, java.lang.Object, long, java.lang.Object)'> (0x00000000ebd86790) 
thrown [s\src\hotspot\share\interpreter\linkResolver.cpp, line 759]
Event: 12.216 Thread 0x000001d2ebae0940 Exception <a 'java/lang/NoSuchMethodError'{0x00000000ebd8cda0}: 'java.lang.Object java.lang.invoke.DirectMethodHandle$Holder.newInvokeSpecial(java.lang.Object, java.lang.Object, long)'> (0x00000000ebd8cda0) 
thrown [s\src\hotspot\share\interpreter\linkResolver.cpp, line 759]
Event: 12.336 Thread 0x000001d2ebae0940 Exception <a 'java/lang/NoSuchMethodError'{0x00000000ebf5ba38}: 'void java.lang.invoke.DirectMethodHandle$Holder.invokeStatic(java.lang.Object, java.lang.Object, java.lang.Object, java.lang.Object)'> (0x00000000ebf5ba38) 
thrown [s\src\hotspot\share\interpreter\linkResolver.cpp, line 759]
Event: 12.645 Thread 0x000001d2ebae0940 Exception <a 'java/lang/NoSuchMethodError'{0x00000000eb0b34a0}: 'void java.lang.invoke.DirectMethodHandle$Holder.invokeSpecial(java.lang.Object, java.lang.Object, java.lang.Object, java.lang.Object, java.lang.Object, java.lang.Object)'> (0x00000000eb0b34a0) 
thrown [s\src\hotspot\share\interpreter\linkResolver.cpp, line 759]
Event: 12.648 Thread 0x000001d2ebae0940 Exception <a 'java/lang/IncompatibleClassChangeError'{0x00000000eb0bcfa8}: Found class java.lang.Object, but interface was expected> (0x00000000eb0bcfa8) 
thrown [s\src\hotspot\share\interpreter\linkResolver.cpp, line 826]
Event: 13.208 Thread 0x000001d2865cebb0 Exception <a 'java/io/FileNotFoundException'{0x00000000ead44b48}> (0x00000000ead44b48) 
thrown [s\src\hotspot\share\prims\jni.cpp, line 516]
Event: 13.251 Thread 0x000001d2865cebb0 Exception <a 'sun/nio/fs/WindowsException'{0x00000000eaebbcb0}> (0x00000000eaebbcb0) 
thrown [s\src\hotspot\share\prims\jni.cpp, line 516]
Event: 13.254 Thread 0x000001d2865d0500 Exception <a 'java/io/FileNotFoundException'{0x00000000eaef5968}> (0x00000000eaef5968) 
thrown [s\src\hotspot\share\prims\jni.cpp, line 516]
Event: 13.254 Thread 0x000001d2865d0500 Exception <a 'java/io/FileNotFoundException'{0x00000000eaef6980}> (0x00000000eaef6980) 
thrown [s\src\hotspot\share\prims\jni.cpp, line 516]
Event: 13.254 Thread 0x000001d2865d0500 Exception <a 'java/io/FileNotFoundException'{0x00000000eaef7708}> (0x00000000eaef7708) 
thrown [s\src\hotspot\share\prims\jni.cpp, line 516]
Event: 13.752 Thread 0x000001d2865cfff0 Exception <a 'java/io/FileNotFoundException'{0x00000000eb16bd40}> (0x00000000eb16bd40) 
thrown [s\src\hotspot\share\prims\jni.cpp, line 516]
Event: 13.753 Thread 0x000001d2865cfff0 Exception <a 'java/io/FileNotFoundException'{0x00000000eb16d290}> (0x00000000eb16d290) 
thrown [s\src\hotspot\share\prims\jni.cpp, line 516]
Event: 13.754 Thread 0x000001d2865cfff0 Exception <a 'java/lang/NoSuchMethodError'{0x00000000eb17f2f8}: 'void java.lang.invoke.DirectMethodHandle$Holder.invokeStaticInit(java.lang.Object, java.lang.Object, java.lang.Object)'> (0x00000000eb17f2f8) 
thrown [s\src\hotspot\share\interpreter\linkResolver.cpp, line 759]
Event: 14.031 Thread 0x000001d2865cebb0 Exception <a 'java/lang/NoSuchMethodError'{0x00000000eae6d9a0}: 'int java.lang.invoke.DirectMethodHandle$Holder.invokeVirtual(java.lang.Object, java.lang.Object)'> (0x00000000eae6d9a0) 
thrown [s\src\hotspot\share\interpreter\linkResolver.cpp, line 759]

VM Operations (20 events):
Event: 10.419 Executing VM operation: HandshakeAllThreads
Event: 10.419 Executing VM operation: HandshakeAllThreads done
Event: 11.419 Executing VM operation: Cleanup
Event: 11.419 Executing VM operation: Cleanup done
Event: 11.942 Executing VM operation: HandshakeAllThreads
Event: 11.942 Executing VM operation: HandshakeAllThreads done
Event: 12.449 Executing VM operation: ParallelGCFailedAllocation
Event: 12.453 Executing VM operation: ParallelGCFailedAllocation done
Event: 13.019 Executing VM operation: CollectForMetadataAllocation
Event: 13.050 Executing VM operation: CollectForMetadataAllocation done
Event: 13.196 Executing VM operation: HandshakeAllThreads
Event: 13.196 Executing VM operation: HandshakeAllThreads done
Event: 13.965 Executing VM operation: ParallelGCFailedAllocation
Event: 13.969 Executing VM operation: ParallelGCFailedAllocation done
Event: 14.377 Executing VM operation: HandshakeAllThreads
Event: 14.378 Executing VM operation: HandshakeAllThreads done
Event: 15.392 Executing VM operation: Cleanup
Event: 15.392 Executing VM operation: Cleanup done
Event: 60.138 Executing VM operation: HandshakeAllThreads
Event: 60.138 Executing VM operation: HandshakeAllThreads done

Events (20 events):
Event: 13.002 loading class jdk/internal/reflect/UnsafeQualifiedIntegerFieldAccessorImpl
Event: 13.003 loading class jdk/internal/reflect/UnsafeQualifiedIntegerFieldAccessorImpl done
Event: 13.180 loading class java/io/InvalidObjectException
Event: 13.180 loading class java/io/ObjectStreamException
Event: 13.180 loading class java/io/ObjectStreamException done
Event: 13.180 loading class java/io/InvalidObjectException done
Event: 13.239 loading class java/util/ServiceConfigurationError
Event: 13.239 loading class java/util/ServiceConfigurationError done
Event: 13.697 loading class java/util/concurrent/CompletableFuture$AltResult
Event: 13.698 loading class java/util/concurrent/CompletableFuture$AltResult done
Event: 13.698 loading class java/util/concurrent/CompletableFuture$Completion
Event: 13.698 loading class java/util/concurrent/CompletableFuture$AsynchronousCompletionTask
Event: 13.698 loading class java/util/concurrent/CompletableFuture$AsynchronousCompletionTask done
Event: 13.698 loading class java/util/concurrent/ForkJoinTask
Event: 13.699 loading class java/util/concurrent/ForkJoinTask done
Event: 13.699 loading class java/util/concurrent/CompletableFuture$Completion done
Event: 13.705 loading class java/util/regex/Pattern$BackRef
Event: 13.706 loading class java/util/regex/Pattern$BackRef done
Event: 14.379 Thread 0x000001d286f9b4e0 Thread added: 0x000001d286f9b4e0
Event: 19.507 Thread 0x000001d286f9b4e0 Thread exited: 0x000001d286f9b4e0


Dynamic libraries:
0x00007ff7d4ac0000 - 0x00007ff7d4ace000 	c:\Users\Butani Jeel\.vscode\extensions\redhat.java-1.29.0-win32-x64\jre\17.0.10-win32-x86_64\bin\java.exe
0x00007ffe6f0b0000 - 0x00007ffe6f2c6000 	C:\WINDOWS\SYSTEM32\ntdll.dll
0x00007ffe6d600000 - 0x00007ffe6d6c4000 	C:\WINDOWS\System32\KERNEL32.DLL
0x00007ffe6c5c0000 - 0x00007ffe6c967000 	C:\WINDOWS\System32\KERNELBASE.dll
0x00007ffe6c430000 - 0x00007ffe6c541000 	C:\WINDOWS\System32\ucrtbase.dll
0x00007ffdc0d40000 - 0x00007ffdc0d57000 	c:\Users\Butani Jeel\.vscode\extensions\redhat.java-1.29.0-win32-x64\jre\17.0.10-win32-x86_64\bin\jli.dll
0x00007ffe6e1d0000 - 0x00007ffe6e37e000 	C:\WINDOWS\System32\USER32.dll
0x00007ffe6c3d0000 - 0x00007ffe6c3f6000 	C:\WINDOWS\System32\win32u.dll
0x00007ffe6d1c0000 - 0x00007ffe6d1e9000 	C:\WINDOWS\System32\GDI32.dll
0x00007ffe6ccc0000 - 0x00007ffe6cdd9000 	C:\WINDOWS\System32\gdi32full.dll
0x00007ffe6cc20000 - 0x00007ffe6ccba000 	C:\WINDOWS\System32\msvcp_win.dll
0x00007ffdc0d20000 - 0x00007ffdc0d3b000 	c:\Users\Butani Jeel\.vscode\extensions\redhat.java-1.29.0-win32-x64\jre\17.0.10-win32-x86_64\bin\VCRUNTIME140.dll
0x00007ffe44c10000 - 0x00007ffe44ea3000 	C:\WINDOWS\WinSxS\amd64_microsoft.windows.common-controls_6595b64144ccf1df_6.0.22621.3235_none_270f74e173860f98\COMCTL32.dll
0x00007ffe6efc0000 - 0x00007ffe6f067000 	C:\WINDOWS\System32\msvcrt.dll
0x00007ffe6ef70000 - 0x00007ffe6efa1000 	C:\WINDOWS\System32\IMM32.DLL
0x00007ffe00e30000 - 0x00007ffe00e3c000 	c:\Users\Butani Jeel\.vscode\extensions\redhat.java-1.29.0-win32-x64\jre\17.0.10-win32-x86_64\bin\vcruntime140_1.dll
0x00007ffdc0c90000 - 0x00007ffdc0d1d000 	c:\Users\Butani Jeel\.vscode\extensions\redhat.java-1.29.0-win32-x64\jre\17.0.10-win32-x86_64\bin\msvcp140.dll
0x00007ffdc0020000 - 0x00007ffdc0c82000 	c:\Users\Butani Jeel\.vscode\extensions\redhat.java-1.29.0-win32-x64\jre\17.0.10-win32-x86_64\bin\server\jvm.dll
0x00007ffe6d1f0000 - 0x00007ffe6d2a2000 	C:\WINDOWS\System32\ADVAPI32.dll
0x00007ffe6df30000 - 0x00007ffe6dfd8000 	C:\WINDOWS\System32\sechost.dll
0x00007ffe6c400000 - 0x00007ffe6c428000 	C:\WINDOWS\System32\bcrypt.dll
0x00007ffe6d040000 - 0x00007ffe6d155000 	C:\WINDOWS\System32\RPCRT4.dll
0x00007ffe6c2a0000 - 0x00007ffe6c2ed000 	C:\WINDOWS\SYSTEM32\POWRPROF.dll
0x00007ffdddef0000 - 0x00007ffdddef9000 	C:\WINDOWS\SYSTEM32\WSOCK32.dll
0x00007ffe6e150000 - 0x00007ffe6e1c1000 	C:\WINDOWS\System32\WS2_32.dll
0x00007ffe63ff0000 - 0x00007ffe64024000 	C:\WINDOWS\SYSTEM32\WINMM.dll
0x00007ffe64e70000 - 0x00007ffe64e7a000 	C:\WINDOWS\SYSTEM32\VERSION.dll
0x00007ffe6c280000 - 0x00007ffe6c293000 	C:\WINDOWS\SYSTEM32\UMPDC.dll
0x00007ffe6b410000 - 0x00007ffe6b428000 	C:\WINDOWS\SYSTEM32\kernel.appcore.dll
0x00007ffddd580000 - 0x00007ffddd58a000 	c:\Users\Butani Jeel\.vscode\extensions\redhat.java-1.29.0-win32-x64\jre\17.0.10-win32-x86_64\bin\jimage.dll
0x00007ffe69420000 - 0x00007ffe69653000 	C:\WINDOWS\SYSTEM32\DBGHELP.DLL
0x00007ffe6e5f0000 - 0x00007ffe6e978000 	C:\WINDOWS\System32\combase.dll
0x00007ffe6d490000 - 0x00007ffe6d567000 	C:\WINDOWS\System32\OLEAUT32.dll
0x00007ffe4ece0000 - 0x00007ffe4ed12000 	C:\WINDOWS\SYSTEM32\dbgcore.DLL
0x00007ffe6cba0000 - 0x00007ffe6cc19000 	C:\WINDOWS\System32\bcryptPrimitives.dll
0x00007ffdda1b0000 - 0x00007ffdda1be000 	c:\Users\Butani Jeel\.vscode\extensions\redhat.java-1.29.0-win32-x64\jre\17.0.10-win32-x86_64\bin\instrument.dll
0x00007ffdbfff0000 - 0x00007ffdc0015000 	c:\Users\Butani Jeel\.vscode\extensions\redhat.java-1.29.0-win32-x64\jre\17.0.10-win32-x86_64\bin\java.dll
0x00007ffddda20000 - 0x00007ffddda38000 	c:\Users\Butani Jeel\.vscode\extensions\redhat.java-1.29.0-win32-x64\jre\17.0.10-win32-x86_64\bin\zip.dll
0x00007ffe6d6d0000 - 0x00007ffe6df2c000 	C:\WINDOWS\System32\SHELL32.dll
0x00007ffe6a330000 - 0x00007ffe6ac29000 	C:\WINDOWS\SYSTEM32\windows.storage.dll
0x00007ffe6a1f0000 - 0x00007ffe6a32e000 	C:\WINDOWS\SYSTEM32\wintypes.dll
0x00007ffe6e380000 - 0x00007ffe6e473000 	C:\WINDOWS\System32\SHCORE.dll
0x00007ffe6e980000 - 0x00007ffe6e9de000 	C:\WINDOWS\System32\shlwapi.dll
0x00007ffe6c300000 - 0x00007ffe6c321000 	C:\WINDOWS\SYSTEM32\profapi.dll
0x00007ffe240e0000 - 0x00007ffe240f9000 	C:\Users\Butani Jeel\.vscode\extensions\redhat.java-1.29.0-win32-x64\jre\17.0.10-win32-x86_64\bin\net.dll
0x00007ffe65920000 - 0x00007ffe65a56000 	C:\WINDOWS\SYSTEM32\WINHTTP.dll
0x00007ffe6b880000 - 0x00007ffe6b8e9000 	C:\WINDOWS\system32\mswsock.dll
0x00007ffddda40000 - 0x00007ffddda56000 	C:\Users\Butani Jeel\.vscode\extensions\redhat.java-1.29.0-win32-x64\jre\17.0.10-win32-x86_64\bin\nio.dll
0x00007ffe240d0000 - 0x00007ffe240e0000 	c:\Users\Butani Jeel\.vscode\extensions\redhat.java-1.29.0-win32-x64\jre\17.0.10-win32-x86_64\bin\verify.dll
0x00007ffe583f0000 - 0x00007ffe5842e000 	C:\Users\Butani Jeel\AppData\Roaming\Code\User\globalStorage\redhat.java\1.29.0\config_ss_win\org.eclipse.equinox.launcher\org.eclipse.equinox.launcher.win32.win32.x86_64_1.2.900.v20240213-1244\eclipse_11900.dll
0x00007ffe6ce90000 - 0x00007ffe6d035000 	C:\WINDOWS\System32\ole32.dll
0x00007ffe6bae0000 - 0x00007ffe6bafb000 	C:\WINDOWS\SYSTEM32\CRYPTSP.dll
0x00007ffe6b370000 - 0x00007ffe6b3a5000 	C:\WINDOWS\system32\rsaenh.dll
0x00007ffe6b980000 - 0x00007ffe6b9a8000 	C:\WINDOWS\SYSTEM32\USERENV.dll
0x00007ffe6bb00000 - 0x00007ffe6bb0c000 	C:\WINDOWS\SYSTEM32\CRYPTBASE.dll
0x00007ffe6ae90000 - 0x00007ffe6aebd000 	C:\WINDOWS\SYSTEM32\IPHLPAPI.DLL
0x00007ffe6efb0000 - 0x00007ffe6efb9000 	C:\WINDOWS\System32\NSI.dll
0x00007ffe64f30000 - 0x00007ffe64f49000 	C:\WINDOWS\SYSTEM32\dhcpcsvc6.DLL
0x00007ffe64e80000 - 0x00007ffe64e9f000 	C:\WINDOWS\SYSTEM32\dhcpcsvc.DLL
0x00007ffe6af00000 - 0x00007ffe6aff9000 	C:\WINDOWS\SYSTEM32\DNSAPI.dll
0x00007ffe583a0000 - 0x00007ffe583e5000 	C:\Users\Butani Jeel\AppData\Local\Temp\jna-2304834\jna8428099969083278457.dll
0x00007ffe6ea00000 - 0x00007ffe6ea08000 	C:\WINDOWS\System32\PSAPI.DLL

dbghelp: loaded successfully - version: 4.0.5 - missing functions: none
symbol engine: initialized successfully - sym options: 0x614 - pdb path: .;c:\Users\Butani Jeel\.vscode\extensions\redhat.java-1.29.0-win32-x64\jre\17.0.10-win32-x86_64\bin;C:\WINDOWS\SYSTEM32;C:\WINDOWS\WinSxS\amd64_microsoft.windows.common-controls_6595b64144ccf1df_6.0.22621.3235_none_270f74e173860f98;c:\Users\Butani Jeel\.vscode\extensions\redhat.java-1.29.0-win32-x64\jre\17.0.10-win32-x86_64\bin\server;C:\Users\Butani Jeel\AppData\Roaming\Code\User\globalStorage\redhat.java\1.29.0\config_ss_win\org.eclipse.equinox.launcher\org.eclipse.equinox.launcher.win32.win32.x86_64_1.2.900.v20240213-1244;C:\Users\Butani Jeel\AppData\Local\Temp\jna-2304834

VM Arguments:
jvm_args: --add-modules=ALL-SYSTEM --add-opens=java.base/java.util=ALL-UNNAMED --add-opens=java.base/java.lang=ALL-UNNAMED --add-opens=java.base/sun.nio.fs=ALL-UNNAMED -Declipse.application=org.eclipse.jdt.ls.core.id1 -Dosgi.bundles.defaultStartLevel=4 -Declipse.product=org.eclipse.jdt.ls.core.product -Djava.import.generatesMetadataFilesAtProjectRoot=false -DDetectVMInstallationsJob.disabled=true -Dfile.encoding=utf8 -XX:+UseParallelGC -XX:GCTimeRatio=4 -XX:AdaptiveSizePolicyWeight=90 -Dsun.zip.disableMemoryMapping=true -Xmx1G -Xms100m -Xlog:disable -javaagent:c:\Users\Butani Jeel\.vscode\extensions\redhat.java-1.29.0-win32-x64\lombok\lombok-1.18.32.jar 
java_command: c:\Users\Butani Jeel\.vscode\extensions\redhat.java-1.29.0-win32-x64\server\plugins\org.eclipse.equinox.launcher_1.6.800.v20240304-1850.jar -configuration c:\Users\Butani Jeel\AppData\Roaming\Code\User\globalStorage\redhat.java\1.29.0\config_ss_win -data c:\Users\Butani Jeel\AppData\Roaming\Code\User\workspaceStorage\cecd2bf41a9f934d139ef9bd3f5baad6\redhat.java\ss_ws --stdio
java_class_path (initial): c:\Users\Butani Jeel\.vscode\extensions\redhat.java-1.29.0-win32-x64\server\plugins\org.eclipse.equinox.launcher_1.6.800.v20240304-1850.jar
Launcher Type: SUN_STANDARD

[Global flags]
    uintx AdaptiveSizePolicyWeight                 = 90                                        {product} {command line}
     intx CICompilerCount                          = 4                                         {product} {ergonomic}
    uintx GCTimeRatio                              = 4                                         {product} {command line}
   size_t InitialHeapSize                          = 104857600                                 {product} {command line}
   size_t MaxHeapSize                              = 1073741824                                {product} {command line}
   size_t MaxNewSize                               = 357564416                                 {product} {ergonomic}
   size_t MinHeapDeltaBytes                        = 524288                                    {product} {ergonomic}
   size_t MinHeapSize                              = 104857600                                 {product} {command line}
   size_t NewSize                                  = 34603008                                  {product} {ergonomic}
    uintx NonNMethodCodeHeapSize                   = 5839372                                {pd product} {ergonomic}
    uintx NonProfiledCodeHeapSize                  = 122909434                              {pd product} {ergonomic}
   size_t OldSize                                  = 70254592                                  {product} {ergonomic}
    uintx ProfiledCodeHeapSize                     = 122909434                              {pd product} {ergonomic}
    uintx ReservedCodeCacheSize                    = 251658240                              {pd product} {ergonomic}
     bool SegmentedCodeCache                       = true                                      {product} {ergonomic}
   size_t SoftMaxHeapSize                          = 1073741824                             {manageable} {ergonomic}
     bool UseCompressedClassPointers               = true                           {product lp64_product} {ergonomic}
     bool UseCompressedOops                        = true                           {product lp64_product} {ergonomic}
     bool UseLargePagesIndividualAllocation        = false                                  {pd product} {ergonomic}
     bool UseParallelGC                            = true                                      {product} {command line}

Logging:
Log output configuration:
 #0: stdout all=off uptime,level,tags
 #1: stderr all=off uptime,level,tags

Environment Variables:
PATH=C:\Program Files\Common Files\Oracle\Java\javapath;C:\WINDOWS\system32;C:\WINDOWS;C:\WINDOWS\System32\Wbem;C:\WINDOWS\System32\WindowsPowerShell\v1.0\;C:\WINDOWS\System32\OpenSSH\;C:\Program Files\dotnet\;C:\xampp;C:\Program Files\Git\cmd;C:\Program Files\Microsoft SQL Server\150\Tools\Binn\;C:\Program Files\Microsoft SQL Server\Client SDK\ODBC\170\Tools\Binn\;C:\Program Files (x86)\Microsoft SQL Server\150\Tools\Binn\;C:\Program Files (x86)\Microsoft SQL Server\150\DTS\Binn\;C:\Program Files\Microsoft SQL Server\150\DTS\Binn\;C:\Program Files (x86)\Microsoft SQL Server\Client SDK\ODBC\130\Tools\Binn\;C:\Program Files (x86)\Microsoft SQL Server\140\Tools\Binn\;C:\Program Files (x86)\Microsoft SQL Server\140\DTS\Binn\;C:\Program Files (x86)\Microsoft SQL Server\140\Tools\Binn\ManagementStudio\;C:\Users\Butani Jeel\AppData\Local\Pub\Cache\bin;C:\Users\Butani Jeel\AppData\Roaming\npm;C:\Program Files\nodejs\;C:\Program Files\MySQL\MySQL Shell 8.0\bin\;C:\Users\Butani Jeel\AppData\Local\Microsoft\WindowsApps;D:\dev and mul\jdk1.8.0_201\jdk1.8.0_201\bin;C:\Users\Butani Jeel\.vscode\Microsoft VS Code\bin;D:\Flutter\install\flutter\bin;C:\Users\Butani Jeel\.dotnet\tools;C:\Users\Butani Jeel\AppData\Roaming\npm;D:\IntelliJ IDEA Community Edition 2023.3.2\bin;;C:\msys64\ucrt64\bin
USERNAME=Jeel
OS=Windows_NT
PROCESSOR_IDENTIFIER=Intel64 Family 6 Model 140 Stepping 1, GenuineIntel
TMP=C:\Users\BUTANI~1\AppData\Local\Temp
TEMP=C:\Users\BUTANI~1\AppData\Local\Temp



Periodic native trim disabled


---------------  S Y S T E M  ---------------

OS:
 Windows 11 , 64 bit Build 22621 (10.0.22621.3374)
OS uptime: 3 days 0:08 hours

CPU: total 8 (initial active 8) (4 cores per cpu, 2 threads per core) family 6 model 140 stepping 1 microcode 0xb4, cx8, cmov, fxsr, ht, mmx, 3dnowpref, sse, sse2, sse3, ssse3, sse4.1, sse4.2, popcnt, lzcnt, tsc, tscinvbit, avx, avx2, aes, erms, clmul, bmi1, bmi2, adx, avx512f, avx512dq, avx512cd, avx512bw, avx512vl, sha, fma, vzeroupper, avx512_vpopcntdq, avx512_vpclmulqdq, avx512_vaes, avx512_vnni, clflush, clflushopt, clwb, avx512_vbmi2, avx512_vbmi
Processor Information for all 8 processors :
  Max Mhz: 2419, Current Mhz: 2419, Mhz Limit: 2419

Memory: 4k page, system-wide physical 7934M (176M free)
TotalPageFile size 20734M (AvailPageFile size 68M)
current process WorkingSet (physical memory assigned to process): 85M, peak: 149M
current process commit charge ("private bytes"): 239M, peak: 252M

vm_info: OpenJDK 64-Bit Server VM (17.0.10+7) for windows-amd64 JRE (17.0.10+7), built on Jan 16 2024 23:25:11 by "admin" with MS VC++ 16.10 / 16.11 (VS2019)

END.
