#
# There is insufficient memory for the Java Runtime Environment to continue.
# Native memory allocation (mmap) failed to map 130023424 bytes for G1 virtual space
# Possible reasons:
#   The system is out of physical RAM or swap space
#   The process is running with CompressedOops enabled, and the Java Heap may be blocking the growth of the native heap
# Possible solutions:
#   Reduce memory load on the system
#   Increase physical memory or swap space
#   Check if swap backing store is full
#   Decrease Java heap size (-Xmx/-Xms)
#   Decrease number of Java threads
#   Decrease Java thread stack sizes (-Xss)
#   Set larger code cache with -XX:ReservedCodeCacheSize=
#   JVM is running with Unscaled Compressed Oops mode in which the Java heap is
#     placed in the first 4GB address space. The Java Heap base address is the
#     maximum limit for the native heap growth. Please use -XX:HeapBaseMinAddress
#     to set the Java Heap base and to place the Java Heap above 4GB virtual address.
# This output file may be truncated or incomplete.
#
#  Out of Memory Error (os_windows.cpp:3769), pid=18292, tid=11248
#
# JRE version:  (17.0.6) (build )
# Java VM: OpenJDK 64-Bit Server VM (17.0.6+0-b2043.56-10027231, mixed mode, sharing, tiered, compressed oops, compressed class ptrs, g1 gc, windows-amd64)
# No core dump will be written. Minidumps are not enabled by default on client versions of Windows
#

---------------  S U M M A R Y ------------

Command Line: org.jetbrains.kotlin.cli.jvm.K2JVMCompiler @D:\Flutter\mu_card_app_main\build\qr_code_scanner\20241129_10370152786259484862.compiler.options

Host: 11th Gen Intel(R) Core(TM) i5-1135G7 @ 2.40GHz, 8 cores, 7G,  Windows 11 , 64 bit Build 22621 (10.0.22621.4391)
Time: Fri Nov 29 12:17:35 2024 India Standard Time elapsed time: 0.027352 seconds (0d 0h 0m 0s)

---------------  T H R E A D  ---------------

Current thread (0x000001d784e62850):  JavaThread "Unknown thread" [_thread_in_vm, id=11248, stack(0x0000000142600000,0x0000000142700000)]

Stack: [0x0000000142600000,0x0000000142700000]
Native frames: (J=compiled Java code, j=interpreted, Vv=VM code, C=native code)
V  [jvm.dll+0x683c9a]
V  [jvm.dll+0x8427a4]
V  [jvm.dll+0x843f9e]
V  [jvm.dll+0x844603]
V  [jvm.dll+0x249b75]
V  [jvm.dll+0x680b69]
V  [jvm.dll+0x67505a]
V  [jvm.dll+0x309acb]
V  [jvm.dll+0x310f86]
V  [jvm.dll+0x3608ee]
V  [jvm.dll+0x360b1f]
V  [jvm.dll+0x2dfbf8]
V  [jvm.dll+0x2e0b64]
V  [jvm.dll+0x814091]
V  [jvm.dll+0x36e6a1]
V  [jvm.dll+0x7f35cc]
V  [jvm.dll+0x3f0e8f]
V  [jvm.dll+0x3f29d1]
C  [jli.dll+0x526b]
C  [ucrtbase.dll+0x29333]
C  [KERNEL32.DLL+0x1259d]
C  [ntdll.dll+0x5af38]


---------------  P R O C E S S  ---------------

Threads class SMR info:
_java_thread_list=0x00007ffdda64c058, length=0, elements={
}

Java Threads: ( => current thread )

Other Threads:
  0x000001d784ebd4b0 GCTaskThread "GC Thread#0" [stack: 0x0000000142700000,0x0000000142800000] [id=2448]
  0x000001d784ecfb00 ConcurrentGCThread "G1 Main Marker" [stack: 0x0000000142800000,0x0000000142900000] [id=18932]
  0x000001d784ed0410 ConcurrentGCThread "G1 Conc#0" [stack: 0x0000000142900000,0x0000000142a00000] [id=332]

[error occurred during error reporting (printing all threads), id 0xc0000005, EXCEPTION_ACCESS_VIOLATION (0xc0000005) at pc=0x00007ffdd9e00797]

VM state: not at safepoint (not fully initialized)

VM Mutex/Monitor currently owned by a thread:  ([mutex/lock_event])
[0x000001d784e5ff60] Heap_lock - owner thread: 0x000001d784e62850

Heap address: 0x0000000084000000, size: 1984 MB, Compressed Oops mode: 32-bit

CDS archive(s) mapped at: [0x0000000000000000-0x0000000000000000-0x0000000000000000), size 0, SharedBaseAddress: 0x0000000800000000, ArchiveRelocationMode: 0.
Narrow klass base: 0x0000000000000000, Narrow klass shift: 0, Narrow klass range: 0x0

GC Precious Log:
<Empty>

Heap:
 garbage-first heap   total 0K, used 0K [0x0000000084000000, 0x0000000100000000)
  region size 1024K, 0 young (0K), 0 survivors (0K)

[error occurred during error reporting (printing heap information), id 0xc0000005, EXCEPTION_ACCESS_VIOLATION (0xc0000005) at pc=0x00007ffdda1eda89]

GC Heap History (0 events):
No events

Dll operation events (1 events):
Event: 0.016 Loaded shared library C:\Program Files\Android\Android Studio\jbr\bin\java.dll

Deoptimization events (0 events):
No events

Classes unloaded (0 events):
No events

Classes redefined (0 events):
No events

Internal exceptions (0 events):
No events

VM Operations (0 events):
No events

Events (0 events):
No events


Dynamic libraries:
0x00007ff74fdb0000 - 0x00007ff74fdba000 	C:\Program Files\Android\Android Studio\jbr\bin\java.exe
0x00007ffe2ceb0000 - 0x00007ffe2d0c7000 	C:\WINDOWS\SYSTEM32\ntdll.dll
0x00007ffe2af10000 - 0x00007ffe2afd4000 	C:\WINDOWS\System32\KERNEL32.DLL
0x00007ffe2a3a0000 - 0x00007ffe2a75a000 	C:\WINDOWS\System32\KERNELBASE.dll
0x00007ffe2a810000 - 0x00007ffe2a921000 	C:\WINDOWS\System32\ucrtbase.dll
0x00007ffe15800000 - 0x00007ffe15817000 	C:\Program Files\Android\Android Studio\jbr\bin\jli.dll
0x00007ffe2b2d0000 - 0x00007ffe2b47e000 	C:\WINDOWS\System32\USER32.dll
0x00007ffe2a930000 - 0x00007ffe2a956000 	C:\WINDOWS\System32\win32u.dll
0x00007ffe2ad80000 - 0x00007ffe2ada9000 	C:\WINDOWS\System32\GDI32.dll
0x00007ffe2aaa0000 - 0x00007ffe2abbb000 	C:\WINDOWS\System32\gdi32full.dll
0x00007ffe2a190000 - 0x00007ffe2a22a000 	C:\WINDOWS\System32\msvcp_win.dll
0x00007ffe155d0000 - 0x00007ffe155eb000 	C:\Program Files\Android\Android Studio\jbr\bin\VCRUNTIME140.dll
0x00007ffe03ff0000 - 0x00007ffe04282000 	C:\WINDOWS\WinSxS\amd64_microsoft.windows.common-controls_6595b64144ccf1df_6.0.22621.4541_none_2710d1c57384c085\COMCTL32.dll
0x00007ffe2b220000 - 0x00007ffe2b2c7000 	C:\WINDOWS\System32\msvcrt.dll
0x00007ffe2b490000 - 0x00007ffe2b4c1000 	C:\WINDOWS\System32\IMM32.DLL
0x00007ffe157f0000 - 0x00007ffe157fc000 	C:\Program Files\Android\Android Studio\jbr\bin\vcruntime140_1.dll
0x00007ffe14d70000 - 0x00007ffe14dfd000 	C:\Program Files\Android\Android Studio\jbr\bin\msvcp140.dll
0x00007ffdd9b10000 - 0x00007ffdda77e000 	C:\Program Files\Android\Android Studio\jbr\bin\server\jvm.dll
0x00007ffe2adb0000 - 0x00007ffe2ae62000 	C:\WINDOWS\System32\ADVAPI32.dll
0x00007ffe2c3a0000 - 0x00007ffe2c447000 	C:\WINDOWS\System32\sechost.dll
0x00007ffe2a760000 - 0x00007ffe2a788000 	C:\WINDOWS\System32\bcrypt.dll
0x00007ffe2b950000 - 0x00007ffe2ba64000 	C:\WINDOWS\System32\RPCRT4.dll
0x00007ffe0d5f0000 - 0x00007ffe0d5f9000 	C:\WINDOWS\SYSTEM32\WSOCK32.dll
0x00007ffe2ae70000 - 0x00007ffe2aee1000 	C:\WINDOWS\System32\WS2_32.dll
0x00007ffe223f0000 - 0x00007ffe22424000 	C:\WINDOWS\SYSTEM32\WINMM.dll
0x00007ffe21880000 - 0x00007ffe2188a000 	C:\WINDOWS\SYSTEM32\VERSION.dll
0x00007ffe291d0000 - 0x00007ffe291e8000 	C:\WINDOWS\SYSTEM32\kernel.appcore.dll
0x00007ffe155c0000 - 0x00007ffe155ca000 	C:\Program Files\Android\Android Studio\jbr\bin\jimage.dll
0x00007ffe27000000 - 0x00007ffe27232000 	C:\WINDOWS\SYSTEM32\DBGHELP.DLL
0x00007ffe2cae0000 - 0x00007ffe2ce6f000 	C:\WINDOWS\System32\combase.dll
0x00007ffe2afe0000 - 0x00007ffe2b0b7000 	C:\WINDOWS\System32\OLEAUT32.dll
0x00007ffe0cd30000 - 0x00007ffe0cd62000 	C:\WINDOWS\SYSTEM32\dbgcore.DLL
0x00007ffe2a790000 - 0x00007ffe2a80b000 	C:\WINDOWS\System32\bcryptPrimitives.dll
0x00007ffe15590000 - 0x00007ffe155b5000 	C:\Program Files\Android\Android Studio\jbr\bin\java.dll

dbghelp: loaded successfully - version: 4.0.5 - missing functions: none
symbol engine: initialized successfully - sym options: 0x614 - pdb path: .;C:\Program Files\Android\Android Studio\jbr\bin;C:\WINDOWS\SYSTEM32;C:\WINDOWS\WinSxS\amd64_microsoft.windows.common-controls_6595b64144ccf1df_6.0.22621.4541_none_2710d1c57384c085;C:\Program Files\Android\Android Studio\jbr\bin\server

VM Arguments:
java_command: org.jetbrains.kotlin.cli.jvm.K2JVMCompiler @D:\Flutter\mu_card_app_main\build\qr_code_scanner\20241129_10370152786259484862.compiler.options
java_class_path (initial): C:\Users\Butani Jeel\.gradle\caches\modules-2\files-2.1\org.jetbrains.kotlin\kotlin-compiler-embeddable\2.0.21\79346ed53db48b18312a472602eb5c057070c54d\kotlin-compiler-embeddable-2.0.21.jar;C:\Users\Butani Jeel\.gradle\caches\modules-2\files-2.1\org.jetbrains.kotlin\kotlin-stdlib\2.0.21\618b539767b4899b4660a83006e052b63f1db551\kotlin-stdlib-2.0.21.jar;C:\Users\Butani Jeel\.gradle\caches\modules-2\files-2.1\org.jetbrains.kotlin\kotlin-script-runtime\2.0.21\c9b044380ad41f89aa89aa896c2d32a8c0b2129d\kotlin-script-runtime-2.0.21.jar;C:\Users\Butani Jeel\.gradle\caches\modules-2\files-2.1\org.jetbrains.kotlin\kotlin-reflect\1.6.10\1cbe9c92c12a94eea200d23c2bbaedaf3daf5132\kotlin-reflect-1.6.10.jar;C:\Users\Butani Jeel\.gradle\caches\modules-2\files-2.1\org.jetbrains.kotlin\kotlin-daemon-embeddable\2.0.21\c9e933b23287de9b5a17e2116b4657bb91aea72c\kotlin-daemon-embeddable-2.0.21.jar;C:\Users\Butani Jeel\.gradle\caches\modules-2\files-2.1\org.jetbrains.intellij.deps\trove4j\1.0.20200330\3afb14d5f9ceb459d724e907a21145e8ff394f02\trove4j-1.0.20200330.jar;C:\Users\Butani Jeel\.gradle\caches\modules-2\files-2.1\org.jetbrains.kotlinx\kotlinx-coroutines-core-jvm\1.6.4\2c997cd1c0ef33f3e751d3831929aeff1390cb30\kotlinx-coroutines-core-jvm-1.6.4.jar;C:\Users\Butani Jeel\.gradle\caches\modules-2\files-2.1\org.jetbrains\annotations\13.0\919f0dfe192fb4e063e7dacadee7f8bb9a2672a9\annotations-13.0.jar
Launcher Type: SUN_STANDARD

[Global flags]
     intx CICompilerCount                          = 4                                         {product} {ergonomic}
     uint ConcGCThreads                            = 2                                         {product} {ergonomic}
     uint G1ConcRefinementThreads                  = 8                                         {product} {ergonomic}
   size_t G1HeapRegionSize                         = 1048576                                   {product} {ergonomic}
    uintx GCDrainStackTargetSize                   = 64                                        {product} {ergonomic}
   size_t InitialHeapSize                          = 130023424                                 {product} {ergonomic}
   size_t MarkStackSize                            = 4194304                                   {product} {ergonomic}
   size_t MaxHeapSize                              = 2080374784                                {product} {ergonomic}
   size_t MinHeapDeltaBytes                        = 1048576                                   {product} {ergonomic}
   size_t MinHeapSize                              = 8388608                                   {product} {ergonomic}
    uintx NonNMethodCodeHeapSize                   = 5839372                                {pd product} {ergonomic}
    uintx NonProfiledCodeHeapSize                  = 122909434                              {pd product} {ergonomic}
    uintx ProfiledCodeHeapSize                     = 122909434                              {pd product} {ergonomic}
    uintx ReservedCodeCacheSize                    = 251658240                              {pd product} {ergonomic}
     bool SegmentedCodeCache                       = true                                      {product} {ergonomic}
   size_t SoftMaxHeapSize                          = 2080374784                             {manageable} {ergonomic}
     bool UseCompressedClassPointers               = true                           {product lp64_product} {ergonomic}
     bool UseCompressedOops                        = true                           {product lp64_product} {ergonomic}
     bool UseG1GC                                  = true                                      {product} {ergonomic}
     bool UseLargePagesIndividualAllocation        = false                                  {pd product} {ergonomic}

Logging:
Log output configuration:
 #0: stdout all=warning uptime,level,tags
 #1: stderr all=off uptime,level,tags

Environment Variables:
JAVA_HOME=C:\Program Files\Android\Android Studio\jbr
CLASSPATH=D:\Flutter\mu_card_app_main\android\\gradle\wrapper\gradle-wrapper.jar
PATH=C:\Program Files\Android\Android Studio\jbr\bin;D:\Flutter\install\flutter\bin\;C:\Program Files\Common Files\Oracle\Java\javapath;C:\WINDOWS\system32;C:\WINDOWS;C:\WINDOWS\System32\Wbem;C:\WINDOWS\System32\WindowsPowerShell\v1.0\;C:\WINDOWS\System32\OpenSSH\;C:\Program Files\dotnet\;C:\xampp;C:\Program Files\Git\cmd;C:\Program Files\Microsoft SQL Server\150\Tools\Binn\;C:\Program Files\Microsoft SQL Server\Client SDK\ODBC\170\Tools\Binn\;C:\Program Files (x86)\Microsoft SQL Server\150\Tools\Binn\;C:\Program Files (x86)\Microsoft SQL Server\150\DTS\Binn\;C:\Program Files\Microsoft SQL Server\150\DTS\Binn\;C:\Program Files (x86)\Microsoft SQL Server\Client SDK\ODBC\130\Tools\Binn\;C:\Program Files (x86)\Microsoft SQL Server\140\Tools\Binn\;C:\Program Files (x86)\Microsoft SQL Server\140\DTS\Binn\;C:\Users\Butani Jeel\AppData\Local\Pub\Cache\bin;C:\Users\Butani Jeel\AppData\Roaming\npm;C:\Program Files\nodejs\;C:\Program Files (x86)\Microsoft SQL Server\140\Tools\Binn\ManagementStudio\;C:\Program Files\MySQL\MySQL Shell 8.0\bin\;C:\Users\Butani Jeel\AppData\Local\Microsoft\WindowsApps;D:\dev and mul\jdk1.8.0_201\jdk1.8.0_201\bin;C:\Users\Butani Jeel\.vscode\Microsoft VS Code\bin;D:\Flutter\install\flutter\bin;C:\Users\Butani Jeel\.dotnet\tools;C:\Users\Butani Jeel\AppData\Roaming\npm;D:\IntelliJ IDEA Community Edition 2023.3.2\bin;;C:\msys64\ucrt64\bin;D:\Flutter\install\flutter\bin\mingit\cmd
USERNAME=Jeel
LANG=en_US.UTF-8
OS=Windows_NT
PROCESSOR_IDENTIFIER=Intel64 Family 6 Model 140 Stepping 1, GenuineIntel
TMP=C:\Users\BUTANI~1\AppData\Local\Temp
TEMP=C:\Users\BUTANI~1\AppData\Local\Temp


JNI global refs:

[error occurred during error reporting (JNI global references), id 0xc0000005, EXCEPTION_ACCESS_VIOLATION (0xc0000005) at pc=0x00007ffdd9bc7a10]


---------------  S Y S T E M  ---------------

OS:
 Windows 11 , 64 bit Build 22621 (10.0.22621.4391)
OS uptime: 0 days 2:37 hours

CPU: total 8 (initial active 8) (4 cores per cpu, 2 threads per core) family 6 model 140 stepping 1 microcode 0xb8, cx8, cmov, fxsr, ht, mmx, 3dnowpref, sse, sse2, sse3, ssse3, sse4.1, sse4.2, popcnt, lzcnt, tsc, tscinvbit, avx, avx2, aes, erms, clmul, bmi1, bmi2, adx, avx512f, avx512dq, avx512cd, avx512bw, avx512vl, sha, fma, vzeroupper, avx512_vpopcntdq, avx512_vpclmulqdq, avx512_vaes, avx512_vnni, clflush, clflushopt, clwb, avx512_vbmi2, avx512_vbmi

Memory: 4k page, system-wide physical 7934M (334M free)
TotalPageFile size 20716M (AvailPageFile size 103M)
current process WorkingSet (physical memory assigned to process): 11M, peak: 11M
current process commit charge ("private bytes"): 60M, peak: 184M

vm_info: OpenJDK 64-Bit Server VM (17.0.6+0-b2043.56-10027231) for windows-amd64 JRE (17.0.6+0-b2043.56-10027231), built on Apr 28 2023 00:43:19 by "androidbuild" with MS VC++ 16.10 / 16.11 (VS2019)

END.
