#
# There is insufficient memory for the Java Runtime Environment to continue.
# Native memory allocation (mmap) failed to map 65536 bytes for Failed to commit metaspace.
# Possible reasons:
#   The system is out of physical RAM or swap space
#   The process is running with CompressedOops enabled, and the Java Heap may be blocking the growth of the native heap
# Possible solutions:
#   Reduce memory load on the system
#   Increase physical memory or swap space
#   Check if swap backing store is full
#   Decrease Java heap size (-Xmx/-Xms)
#   Decrease number of Java threads
#   Decrease Java thread stack sizes (-Xss)
#   Set larger code cache with -XX:ReservedCodeCacheSize=
#   JVM is running with Unscaled Compressed Oops mode in which the Java heap is
#     placed in the first 4GB address space. The Java Heap base address is the
#     maximum limit for the native heap growth. Please use -XX:HeapBaseMinAddress
#     to set the Java Heap base and to place the Java Heap above 4GB virtual address.
# This output file may be truncated or incomplete.
#
#  Out of Memory Error (virtualSpaceNode.cpp:110), pid=5240, tid=10368
#
# JRE version: OpenJDK Runtime Environment (17.0.6) (build 17.0.6+0-b2043.56-10027231)
# Java VM: OpenJDK 64-Bit Server VM (17.0.6+0-b2043.56-10027231, mixed mode, tiered, compressed oops, compressed class ptrs, g1 gc, windows-amd64)
# No core dump will be written. Minidumps are not enabled by default on client versions of Windows
#

---------------  S U M M A R Y ------------

Command Line: org.jetbrains.kotlin.cli.jvm.K2JVMCompiler @D:\Flutter\mu_card_app_main\build\libphonenumber_plugin\20241129_2492675013586304905.compiler.options

Host: 11th Gen Intel(R) Core(TM) i5-1135G7 @ 2.40GHz, 8 cores, 7G,  Windows 11 , 64 bit Build 22621 (10.0.22621.4391)
Time: Fri Nov 29 12:17:54 2024 India Standard Time elapsed time: 25.888573 seconds (0d 0h 0m 25s)

---------------  T H R E A D  ---------------

Current thread (0x000002053f762990):  JavaThread "main" [_thread_in_vm, id=10368, stack(0x000000a886300000,0x000000a886400000)]

Stack: [0x000000a886300000,0x000000a886400000]
Native frames: (J=compiled Java code, j=interpreted, Vv=VM code, C=native code)
V  [jvm.dll+0x683c9a]
V  [jvm.dll+0x8427a4]
V  [jvm.dll+0x843f9e]
V  [jvm.dll+0x844603]
V  [jvm.dll+0x249b75]
V  [jvm.dll+0x83e7fb]
V  [jvm.dll+0x628006]
V  [jvm.dll+0x1c194e]
V  [jvm.dll+0x62a941]
V  [jvm.dll+0x6289a6]
V  [jvm.dll+0x6327d7]
V  [jvm.dll+0x1eda2b]
V  [jvm.dll+0x1edf65]
V  [jvm.dll+0x1ee884]
V  [jvm.dll+0x1e3dcc]
V  [jvm.dll+0x547fed]
V  [jvm.dll+0x7bd3d5]
V  [jvm.dll+0x7bd4ee]
V  [jvm.dll+0x41182a]
V  [jvm.dll+0x4179a9]
C  [java.dll+0x17ec]

Java frames: (J=compiled Java code, j=interpreted, Vv=VM code)
J 454  java.lang.ClassLoader.defineClass1(Ljava/lang/ClassLoader;Ljava/lang/String;[BIILjava/security/ProtectionDomain;Ljava/lang/String;)Ljava/lang/Class; java.base@17.0.6 (0 bytes) @ 0x000002054a7117db [0x000002054a711720+0x00000000000000bb]
J 3139 c2 java.lang.ClassLoader.defineClass(Ljava/lang/String;[BIILjava/security/ProtectionDomain;)Ljava/lang/Class; java.base@17.0.6 (43 bytes) @ 0x000002054a85c5c8 [0x000002054a85bb60+0x0000000000000a68]
J 571 c1 java.security.SecureClassLoader.defineClass(Ljava/lang/String;[BIILjava/security/CodeSource;)Ljava/lang/Class; java.base@17.0.6 (16 bytes) @ 0x0000020542d1748c [0x0000020542d173c0+0x00000000000000cc]
J 2570 c2 jdk.internal.loader.BuiltinClassLoader.findClassOnClassPathOrNull(Ljava/lang/String;)Ljava/lang/Class; java.base@17.0.6 (64 bytes) @ 0x000002054a8157fc [0x000002054a812aa0+0x0000000000002d5c]
J 2091 c1 jdk.internal.loader.BuiltinClassLoader.loadClassOrNull(Ljava/lang/String;Z)Ljava/lang/Class; java.base@17.0.6 (143 bytes) @ 0x0000020542fe49f4 [0x0000020542fe3b40+0x0000000000000eb4]
J 469 c1 jdk.internal.loader.ClassLoaders$AppClassLoader.loadClass(Ljava/lang/String;Z)Ljava/lang/Class; java.base@17.0.6 (40 bytes) @ 0x0000020542cd8c74 [0x0000020542cd8660+0x0000000000000614]
J 4087 c1 java.lang.ClassLoader.loadClass(Ljava/lang/String;)Ljava/lang/Class; java.base@17.0.6 (7 bytes) @ 0x000002054347ed3c [0x000002054347ec40+0x00000000000000fc]
v  ~StubRoutines::call_stub
J 454  java.lang.ClassLoader.defineClass1(Ljava/lang/ClassLoader;Ljava/lang/String;[BIILjava/security/ProtectionDomain;Ljava/lang/String;)Ljava/lang/Class; java.base@17.0.6 (0 bytes) @ 0x000002054a7117db [0x000002054a711720+0x00000000000000bb]
J 3139 c2 java.lang.ClassLoader.defineClass(Ljava/lang/String;[BIILjava/security/ProtectionDomain;)Ljava/lang/Class; java.base@17.0.6 (43 bytes) @ 0x000002054a85c5c8 [0x000002054a85bb60+0x0000000000000a68]
J 571 c1 java.security.SecureClassLoader.defineClass(Ljava/lang/String;[BIILjava/security/CodeSource;)Ljava/lang/Class; java.base@17.0.6 (16 bytes) @ 0x0000020542d1748c [0x0000020542d173c0+0x00000000000000cc]
J 2570 c2 jdk.internal.loader.BuiltinClassLoader.findClassOnClassPathOrNull(Ljava/lang/String;)Ljava/lang/Class; java.base@17.0.6 (64 bytes) @ 0x000002054a8157fc [0x000002054a812aa0+0x0000000000002d5c]
J 2091 c1 jdk.internal.loader.BuiltinClassLoader.loadClassOrNull(Ljava/lang/String;Z)Ljava/lang/Class; java.base@17.0.6 (143 bytes) @ 0x0000020542fe49f4 [0x0000020542fe3b40+0x0000000000000eb4]
J 469 c1 jdk.internal.loader.ClassLoaders$AppClassLoader.loadClass(Ljava/lang/String;Z)Ljava/lang/Class; java.base@17.0.6 (40 bytes) @ 0x0000020542cd8c74 [0x0000020542cd8660+0x0000000000000614]
J 4087 c1 java.lang.ClassLoader.loadClass(Ljava/lang/String;)Ljava/lang/Class; java.base@17.0.6 (7 bytes) @ 0x000002054347ed3c [0x000002054347ec40+0x00000000000000fc]
v  ~StubRoutines::call_stub
j  org.jetbrains.kotlin.ir.interpreter.transformer.IrConstTransformerKt.transformConst(Lorg/jetbrains/kotlin/ir/IrElement;Lorg/jetbrains/kotlin/ir/declarations/IrFile;Lorg/jetbrains/kotlin/ir/interpreter/IrInterpreter;Lorg/jetbrains/kotlin/ir/interpreter/checker/EvaluationMode;Lorg/jetbrains/kotlin/constant/EvaluatedConstTracker;Lorg/jetbrains/kotlin/incremental/components/InlineConstTracker;Lkotlin/jvm/functions/Function3;Lkotlin/jvm/functions/Function3;Z)Lorg/jetbrains/kotlin/ir/IrElement;+47
j  org.jetbrains.kotlin.ir.interpreter.transformer.IrConstTransformerKt.transformConst$default(Lorg/jetbrains/kotlin/ir/IrElement;Lorg/jetbrains/kotlin/ir/declarations/IrFile;Lorg/jetbrains/kotlin/ir/interpreter/IrInterpreter;Lorg/jetbrains/kotlin/ir/interpreter/checker/EvaluationMode;Lorg/jetbrains/kotlin/constant/EvaluatedConstTracker;Lorg/jetbrains/kotlin/incremental/components/InlineConstTracker;Lkotlin/jvm/functions/Function3;Lkotlin/jvm/functions/Function3;ZILjava/lang/Object;)Lorg/jetbrains/kotlin/ir/IrElement;+78
j  org.jetbrains.kotlin.fir.backend.Fir2IrConverter$Companion.evaluateConstants(Lorg/jetbrains/kotlin/ir/declarations/IrModuleFragment;Lorg/jetbrains/kotlin/fir/backend/Fir2IrComponents;)V+299
j  org.jetbrains.kotlin.fir.pipeline.Fir2IrPipeline.evaluateConstants(Lorg/jetbrains/kotlin/fir/pipeline/Fir2IrPipeline$Fir2IrConversionResult;)V+17
j  org.jetbrains.kotlin.fir.pipeline.Fir2IrPipeline.runActualizationPipeline(Lorg/jetbrains/kotlin/fir/pipeline/Fir2IrPipeline$Fir2IrConversionResult;)Lorg/jetbrains/kotlin/fir/pipeline/Fir2IrActualizedResult;+238
j  org.jetbrains.kotlin.fir.pipeline.Fir2IrPipeline.convertToIrAndActualize()Lorg/jetbrains/kotlin/fir/pipeline/Fir2IrActualizedResult;+47
j  org.jetbrains.kotlin.fir.pipeline.ConvertToIrKt.convertToIrAndActualize(Lorg/jetbrains/kotlin/fir/pipeline/FirResult;Lorg/jetbrains/kotlin/fir/backend/Fir2IrExtensions;Lorg/jetbrains/kotlin/fir/backend/Fir2IrConfiguration;Ljava/util/Collection;Lorg/jetbrains/kotlin/ir/util/KotlinMangler$IrMangler;Lorg/jetbrains/kotlin/fir/backend/FirMangler;Lorg/jetbrains/kotlin/fir/backend/Fir2IrVisibilityConverter;Lorg/jetbrains/kotlin/builtins/KotlinBuiltIns;Lkotlin/jvm/functions/Function1;Lorg/jetbrains/kotlin/backend/common/IrSpecialAnnotationsProvider;Lkotlin/jvm/functions/Function1;Lkotlin/jvm/functions/Function1;)Lorg/jetbrains/kotlin/fir/pipeline/Fir2IrActualizedResult;+107
j  org.jetbrains.kotlin.fir.pipeline.ConvertToIrKt.convertToIrAndActualize$default(Lorg/jetbrains/kotlin/fir/pipeline/FirResult;Lorg/jetbrains/kotlin/fir/backend/Fir2IrExtensions;Lorg/jetbrains/kotlin/fir/backend/Fir2IrConfiguration;Ljava/util/Collection;Lorg/jetbrains/kotlin/ir/util/KotlinMangler$IrMangler;Lorg/jetbrains/kotlin/fir/backend/FirMangler;Lorg/jetbrains/kotlin/fir/backend/Fir2IrVisibilityConverter;Lorg/jetbrains/kotlin/builtins/KotlinBuiltIns;Lkotlin/jvm/functions/Function1;Lorg/jetbrains/kotlin/backend/common/IrSpecialAnnotationsProvider;Lkotlin/jvm/functions/Function1;Lkotlin/jvm/functions/Function1;ILjava/lang/Object;)Lorg/jetbrains/kotlin/fir/pipeline/Fir2IrActualizedResult;+36
j  org.jetbrains.kotlin.cli.jvm.compiler.pipeline.JvmCompilerPipelineKt.convertToIrAndActualizeForJvm(Lorg/jetbrains/kotlin/fir/pipeline/FirResult;Lorg/jetbrains/kotlin/fir/backend/Fir2IrExtensions;Lorg/jetbrains/kotlin/config/CompilerConfiguration;Lorg/jetbrains/kotlin/diagnostics/impl/BaseDiagnosticsCollector;Ljava/util/Collection;)Lorg/jetbrains/kotlin/fir/pipeline/Fir2IrActualizedResult;+134
j  org.jetbrains.kotlin.cli.jvm.compiler.pipeline.JvmCompilerPipelineKt.convertAnalyzedFirToIr(Lorg/jetbrains/kotlin/cli/jvm/compiler/pipeline/ModuleCompilerInput;Lorg/jetbrains/kotlin/fir/pipeline/FirResult;Lorg/jetbrains/kotlin/cli/jvm/compiler/pipeline/ModuleCompilerEnvironment;)Lorg/jetbrains/kotlin/cli/jvm/compiler/pipeline/ModuleCompilerIrBackendInput;+119
j  org.jetbrains.kotlin.cli.jvm.compiler.pipeline.JvmCompilerPipelineKt.compileModulesUsingFrontendIrAndLightTree(Lorg/jetbrains/kotlin/cli/jvm/compiler/VfsBasedProjectEnvironment;Lorg/jetbrains/kotlin/config/CompilerConfiguration;Lorg/jetbrains/kotlin/cli/common/messages/MessageCollector;Ljava/io/File;Lorg/jetbrains/kotlin/modules/Module;Ljava/lang/String;ZZ)Z+487
j  org.jetbrains.kotlin.cli.jvm.K2JVMCompiler.doExecute(Lorg/jetbrains/kotlin/cli/common/arguments/K2JVMCompilerArguments;Lorg/jetbrains/kotlin/config/CompilerConfiguration;Lorg/jetbrains/kotlin/com/intellij/openapi/Disposable;Lorg/jetbrains/kotlin/utils/KotlinPaths;)Lorg/jetbrains/kotlin/cli/common/ExitCode;+986
j  org.jetbrains.kotlin.cli.jvm.K2JVMCompiler.doExecute(Lorg/jetbrains/kotlin/cli/common/arguments/CommonCompilerArguments;Lorg/jetbrains/kotlin/config/CompilerConfiguration;Lorg/jetbrains/kotlin/com/intellij/openapi/Disposable;Lorg/jetbrains/kotlin/utils/KotlinPaths;)Lorg/jetbrains/kotlin/cli/common/ExitCode;+9
j  org.jetbrains.kotlin.cli.common.CLICompiler.execImpl(Lorg/jetbrains/kotlin/cli/common/messages/MessageCollector;Lorg/jetbrains/kotlin/config/Services;Lorg/jetbrains/kotlin/cli/common/arguments/CommonCompilerArguments;)Lorg/jetbrains/kotlin/cli/common/ExitCode;+238
j  org.jetbrains.kotlin.cli.common.CLICompiler.execImpl(Lorg/jetbrains/kotlin/cli/common/messages/MessageCollector;Lorg/jetbrains/kotlin/config/Services;Lorg/jetbrains/kotlin/cli/common/arguments/CommonToolArguments;)Lorg/jetbrains/kotlin/cli/common/ExitCode;+7
j  org.jetbrains.kotlin.cli.common.CLITool.exec(Lorg/jetbrains/kotlin/cli/common/messages/MessageCollector;Lorg/jetbrains/kotlin/config/Services;Lorg/jetbrains/kotlin/cli/common/arguments/CommonToolArguments;)Lorg/jetbrains/kotlin/cli/common/ExitCode;+76
j  org.jetbrains.kotlin.cli.common.CLITool.exec(Ljava/io/PrintStream;Lorg/jetbrains/kotlin/config/Services;Lorg/jetbrains/kotlin/cli/common/messages/MessageRenderer;[Ljava/lang/String;)Lorg/jetbrains/kotlin/cli/common/ExitCode;+239
j  org.jetbrains.kotlin.cli.common.CLITool.exec(Ljava/io/PrintStream;Lorg/jetbrains/kotlin/cli/common/messages/MessageRenderer;[Ljava/lang/String;)Lorg/jetbrains/kotlin/cli/common/ExitCode;+25
j  org.jetbrains.kotlin.cli.common.CLITool$Companion.doMainNoExit(Lorg/jetbrains/kotlin/cli/common/CLITool;[Ljava/lang/String;Lorg/jetbrains/kotlin/cli/common/messages/MessageRenderer;)Lorg/jetbrains/kotlin/cli/common/ExitCode;+39
j  org.jetbrains.kotlin.cli.common.CLITool$Companion.doMainNoExit$default(Lorg/jetbrains/kotlin/cli/common/CLITool$Companion;Lorg/jetbrains/kotlin/cli/common/CLITool;[Ljava/lang/String;Lorg/jetbrains/kotlin/cli/common/messages/MessageRenderer;ILjava/lang/Object;)Lorg/jetbrains/kotlin/cli/common/ExitCode;+16
j  org.jetbrains.kotlin.cli.common.CLITool$Companion.doMain(Lorg/jetbrains/kotlin/cli/common/CLITool;[Ljava/lang/String;)V+54
j  org.jetbrains.kotlin.cli.jvm.K2JVMCompiler$Companion.main([Ljava/lang/String;)V+20
j  org.jetbrains.kotlin.cli.jvm.K2JVMCompiler.main([Ljava/lang/String;)V+4
v  ~StubRoutines::call_stub

---------------  P R O C E S S  ---------------

Threads class SMR info:
_java_thread_list=0x000002055c19f140, length=12, elements={
0x000002053f762990, 0x0000020559344380, 0x0000020559345d40, 0x0000020559c3b7f0,
0x0000020559c3c0b0, 0x0000020559c3ca60, 0x0000020559c3f420, 0x0000020559c401b0,
0x0000020559c40c50, 0x0000020559c41640, 0x0000020559d3ac00, 0x0000020559d3d370
}

Java Threads: ( => current thread )
=>0x000002053f762990 JavaThread "main" [_thread_in_vm, id=10368, stack(0x000000a886300000,0x000000a886400000)]
  0x0000020559344380 JavaThread "Reference Handler" daemon [_thread_blocked, id=19388, stack(0x000000a886b00000,0x000000a886c00000)]
  0x0000020559345d40 JavaThread "Finalizer" daemon [_thread_blocked, id=7724, stack(0x000000a886c00000,0x000000a886d00000)]
  0x0000020559c3b7f0 JavaThread "Signal Dispatcher" daemon [_thread_blocked, id=19624, stack(0x000000a886d00000,0x000000a886e00000)]
  0x0000020559c3c0b0 JavaThread "Attach Listener" daemon [_thread_blocked, id=8584, stack(0x000000a886e00000,0x000000a886f00000)]
  0x0000020559c3ca60 JavaThread "Service Thread" daemon [_thread_blocked, id=8820, stack(0x000000a886f00000,0x000000a887000000)]
  0x0000020559c3f420 JavaThread "Monitor Deflation Thread" daemon [_thread_blocked, id=15892, stack(0x000000a887000000,0x000000a887100000)]
  0x0000020559c401b0 JavaThread "C2 CompilerThread0" daemon [_thread_blocked, id=20324, stack(0x000000a887100000,0x000000a887200000)]
  0x0000020559c40c50 JavaThread "C1 CompilerThread0" daemon [_thread_blocked, id=10232, stack(0x000000a887200000,0x000000a887300000)]
  0x0000020559c41640 JavaThread "Sweeper thread" daemon [_thread_blocked, id=18220, stack(0x000000a887300000,0x000000a887400000)]
  0x0000020559d3ac00 JavaThread "Notification Thread" daemon [_thread_blocked, id=8000, stack(0x000000a887400000,0x000000a887500000)]
  0x0000020559d3d370 JavaThread "Common-Cleaner" daemon [_thread_blocked, id=768, stack(0x000000a887600000,0x000000a887700000)]

Other Threads:
  0x0000020559341340 VMThread "VM Thread" [stack: 0x000000a886a00000,0x000000a886b00000] [id=7088]
  0x0000020559d3d0e0 WatcherThread [stack: 0x000000a887500000,0x000000a887600000] [id=17444]
  0x000002053f7bd5f0 GCTaskThread "GC Thread#0" [stack: 0x000000a886500000,0x000000a886600000] [id=12132]
  0x000002055a4b41e0 GCTaskThread "GC Thread#1" [stack: 0x000000a887700000,0x000000a887800000] [id=12480]
  0x000002055a4a26c0 GCTaskThread "GC Thread#2" [stack: 0x000000a887800000,0x000000a887900000] [id=15128]
  0x000002055a4a2970 GCTaskThread "GC Thread#3" [stack: 0x000000a887900000,0x000000a887a00000] [id=20156]
  0x000002055a4a2c20 GCTaskThread "GC Thread#4" [stack: 0x000000a887a00000,0x000000a887b00000] [id=3896]
  0x000002055a7947f0 GCTaskThread "GC Thread#5" [stack: 0x000000a887b00000,0x000000a887c00000] [id=11240]
  0x000002055a293850 GCTaskThread "GC Thread#6" [stack: 0x000000a887c00000,0x000000a887d00000] [id=15860]
  0x000002055a876600 GCTaskThread "GC Thread#7" [stack: 0x000000a887e00000,0x000000a887f00000] [id=18500]
  0x000002053f7cfc40 ConcurrentGCThread "G1 Main Marker" [stack: 0x000000a886600000,0x000000a886700000] [id=5860]
  0x000002053f7d0550 ConcurrentGCThread "G1 Conc#0" [stack: 0x000000a886700000,0x000000a886800000] [id=19176]
  0x000002055a8768b0 ConcurrentGCThread "G1 Conc#1" [stack: 0x000000a887d00000,0x000000a887e00000] [id=19192]
  0x000002053f81ec40 ConcurrentGCThread "G1 Refine#0" [stack: 0x000000a886800000,0x000000a886900000] [id=7112]
  0x0000020559196710 ConcurrentGCThread "G1 Service" [stack: 0x000000a886900000,0x000000a886a00000] [id=19876]

Threads with active compile tasks:

VM state: not at safepoint (normal execution)

VM Mutex/Monitor currently owned by a thread:  ([mutex/lock_event])
[0x000002053f75ff80] Metaspace_lock - owner thread: 0x000002053f762990

Heap address: 0x0000000084000000, size: 1984 MB, Compressed Oops mode: 32-bit

CDS archive(s) not mapped
Compressed class space mapped at: 0x0000000100000000-0x0000000140000000, reserved size: 1073741824
Narrow klass base: 0x0000000000000000, Narrow klass shift: 3, Narrow klass range: 0x140000000

GC Precious Log:
 CPUs: 8 total, 8 available
 Memory: 7934M
 Large Page Support: Disabled
 NUMA Support: Disabled
 Compressed Oops: Enabled (32-bit)
 Heap Region Size: 1M
 Heap Min Capacity: 8M
 Heap Initial Capacity: 124M
 Heap Max Capacity: 1984M
 Pre-touch: Disabled
 Parallel Workers: 8
 Concurrent Workers: 2
 Concurrent Refinement Workers: 8
 Periodic GC: Disabled

Heap:
 garbage-first heap   total 95232K, used 42162K [0x0000000084000000, 0x0000000100000000)
  region size 1024K, 4 young (4096K), 2 survivors (2048K)
 Metaspace       used 62083K, committed 62336K, reserved 1105920K
  class space    used 7164K, committed 7296K, reserved 1048576K

Heap Regions: E=young(eden), S=young(survivor), O=old, HS=humongous(starts), HC=humongous(continues), CS=collection set, F=free, OA=open archive, CA=closed archive, TAMS=top-at-mark-start (previous, next)
|   0|0x0000000084000000, 0x0000000084100000, 0x0000000084100000|100%|HS|  |TAMS 0x0000000084100000, 0x0000000084000000| Complete 
|   1|0x0000000084100000, 0x0000000084200000, 0x0000000084200000|100%|HC|  |TAMS 0x0000000084200000, 0x0000000084100000| Complete 
|   2|0x0000000084200000, 0x0000000084300000, 0x0000000084300000|100%|HC|  |TAMS 0x0000000084300000, 0x0000000084200000| Complete 
|   3|0x0000000084300000, 0x0000000084400000, 0x0000000084400000|100%| O|  |TAMS 0x0000000084400000, 0x0000000084300000| Untracked 
|   4|0x0000000084400000, 0x0000000084500000, 0x0000000084500000|100%| O|  |TAMS 0x0000000084500000, 0x0000000084400000| Untracked 
|   5|0x0000000084500000, 0x00000000845ef800, 0x0000000084600000| 93%| O|  |TAMS 0x00000000845ef800, 0x0000000084500000| Untracked 
|   6|0x0000000084600000, 0x0000000084600000, 0x0000000084700000|  0%| F|  |TAMS 0x0000000084600000, 0x0000000084600000| Untracked 
|   7|0x0000000084700000, 0x0000000084800000, 0x0000000084800000|100%| O|  |TAMS 0x0000000084800000, 0x0000000084700000| Untracked 
|   8|0x0000000084800000, 0x0000000084900000, 0x0000000084900000|100%| O|  |TAMS 0x0000000084900000, 0x0000000084800000| Untracked 
|   9|0x0000000084900000, 0x0000000084a00000, 0x0000000084a00000|100%| O|  |TAMS 0x0000000084a00000, 0x0000000084900000| Untracked 
|  10|0x0000000084a00000, 0x0000000084b00000, 0x0000000084b00000|100%| O|  |TAMS 0x0000000084b00000, 0x0000000084a00000| Untracked 
|  11|0x0000000084b00000, 0x0000000084c00000, 0x0000000084c00000|100%| O|  |TAMS 0x0000000084c00000, 0x0000000084b00000| Untracked 
|  12|0x0000000084c00000, 0x0000000084d00000, 0x0000000084d00000|100%| O|  |TAMS 0x0000000084d00000, 0x0000000084c00000| Untracked 
|  13|0x0000000084d00000, 0x0000000084e00000, 0x0000000084e00000|100%| O|  |TAMS 0x0000000084e00000, 0x0000000084d00000| Untracked 
|  14|0x0000000084e00000, 0x0000000084f00000, 0x0000000084f00000|100%| O|  |TAMS 0x0000000084f00000, 0x0000000084e00000| Untracked 
|  15|0x0000000084f00000, 0x0000000085000000, 0x0000000085000000|100%| O|  |TAMS 0x0000000085000000, 0x0000000084f00000| Untracked 
|  16|0x0000000085000000, 0x0000000085100000, 0x0000000085100000|100%| O|  |TAMS 0x0000000085100000, 0x0000000085000000| Untracked 
|  17|0x0000000085100000, 0x0000000085200000, 0x0000000085200000|100%| O|  |TAMS 0x0000000085200000, 0x0000000085100000| Untracked 
|  18|0x0000000085200000, 0x0000000085300000, 0x0000000085300000|100%| O|  |TAMS 0x0000000085300000, 0x0000000085200000| Untracked 
|  19|0x0000000085300000, 0x0000000085400000, 0x0000000085400000|100%| O|  |TAMS 0x0000000085400000, 0x0000000085300000| Untracked 
|  20|0x0000000085400000, 0x0000000085500000, 0x0000000085500000|100%| O|  |TAMS 0x0000000085500000, 0x0000000085400000| Untracked 
|  21|0x0000000085500000, 0x0000000085600000, 0x0000000085600000|100%| O|  |TAMS 0x0000000085600000, 0x0000000085500000| Untracked 
|  22|0x0000000085600000, 0x0000000085700000, 0x0000000085700000|100%| O|  |TAMS 0x0000000085700000, 0x0000000085600000| Untracked 
|  23|0x0000000085700000, 0x0000000085800000, 0x0000000085800000|100%| O|  |TAMS 0x0000000085800000, 0x0000000085700000| Untracked 
|  24|0x0000000085800000, 0x0000000085900000, 0x0000000085900000|100%| O|  |TAMS 0x0000000085900000, 0x0000000085800000| Untracked 
|  25|0x0000000085900000, 0x0000000085a00000, 0x0000000085a00000|100%| O|  |TAMS 0x0000000085a00000, 0x0000000085900000| Untracked 
|  26|0x0000000085a00000, 0x0000000085b00000, 0x0000000085b00000|100%| O|  |TAMS 0x0000000085b00000, 0x0000000085a00000| Untracked 
|  27|0x0000000085b00000, 0x0000000085c00000, 0x0000000085c00000|100%| O|  |TAMS 0x0000000085c00000, 0x0000000085b00000| Untracked 
|  28|0x0000000085c00000, 0x0000000085d00000, 0x0000000085d00000|100%| O|  |TAMS 0x0000000085d00000, 0x0000000085c00000| Untracked 
|  29|0x0000000085d00000, 0x0000000085e00000, 0x0000000085e00000|100%| O|  |TAMS 0x0000000085e00000, 0x0000000085d00000| Untracked 
|  30|0x0000000085e00000, 0x0000000085f00000, 0x0000000085f00000|100%| O|  |TAMS 0x0000000085f00000, 0x0000000085e00000| Untracked 
|  31|0x0000000085f00000, 0x0000000086000000, 0x0000000086000000|100%| O|  |TAMS 0x0000000086000000, 0x0000000085f00000| Untracked 
|  32|0x0000000086000000, 0x0000000086100000, 0x0000000086100000|100%| O|  |TAMS 0x0000000086100000, 0x0000000086000000| Untracked 
|  33|0x0000000086100000, 0x0000000086200000, 0x0000000086200000|100%| O|  |TAMS 0x0000000086200000, 0x0000000086100000| Untracked 
|  34|0x0000000086200000, 0x0000000086300000, 0x0000000086300000|100%| O|  |TAMS 0x0000000086300000, 0x0000000086200000| Untracked 
|  35|0x0000000086300000, 0x0000000086400000, 0x0000000086400000|100%| O|  |TAMS 0x0000000086400000, 0x0000000086300000| Untracked 
|  36|0x0000000086400000, 0x0000000086500000, 0x0000000086500000|100%| O|  |TAMS 0x0000000086500000, 0x0000000086400000| Untracked 
|  37|0x0000000086500000, 0x0000000086600000, 0x0000000086600000|100%| O|  |TAMS 0x0000000086580000, 0x0000000086500000| Untracked 
|  38|0x0000000086600000, 0x0000000086700000, 0x0000000086700000|100%| O|  |TAMS 0x0000000086600000, 0x0000000086600000| Untracked 
|  39|0x0000000086700000, 0x00000000867f9800, 0x0000000086800000| 97%| O|  |TAMS 0x0000000086700000, 0x0000000086700000| Untracked 
|  40|0x0000000086800000, 0x0000000086800000, 0x0000000086900000|  0%| F|  |TAMS 0x0000000086800000, 0x0000000086800000| Untracked 
|  41|0x0000000086900000, 0x0000000086900000, 0x0000000086a00000|  0%| F|  |TAMS 0x0000000086900000, 0x0000000086900000| Untracked 
|  42|0x0000000086a00000, 0x0000000086a00000, 0x0000000086b00000|  0%| F|  |TAMS 0x0000000086a00000, 0x0000000086a00000| Untracked 
|  43|0x0000000086b00000, 0x0000000086b00000, 0x0000000086c00000|  0%| F|  |TAMS 0x0000000086b00000, 0x0000000086b00000| Untracked 
|  44|0x0000000086c00000, 0x0000000086c00000, 0x0000000086d00000|  0%| F|  |TAMS 0x0000000086c00000, 0x0000000086c00000| Untracked 
|  45|0x0000000086d00000, 0x0000000086d00000, 0x0000000086e00000|  0%| F|  |TAMS 0x0000000086d00000, 0x0000000086d00000| Untracked 
|  46|0x0000000086e00000, 0x0000000086e00000, 0x0000000086f00000|  0%| F|  |TAMS 0x0000000086e00000, 0x0000000086e00000| Untracked 
|  47|0x0000000086f00000, 0x0000000086f00000, 0x0000000087000000|  0%| F|  |TAMS 0x0000000086f00000, 0x0000000086f00000| Untracked 
|  48|0x0000000087000000, 0x0000000087000000, 0x0000000087100000|  0%| F|  |TAMS 0x0000000087000000, 0x0000000087000000| Untracked 
|  49|0x0000000087100000, 0x0000000087100000, 0x0000000087200000|  0%| F|  |TAMS 0x0000000087100000, 0x0000000087100000| Untracked 
|  50|0x0000000087200000, 0x0000000087200000, 0x0000000087300000|  0%| F|  |TAMS 0x0000000087200000, 0x0000000087200000| Untracked 
|  51|0x0000000087300000, 0x0000000087300000, 0x0000000087400000|  0%| F|  |TAMS 0x0000000087300000, 0x0000000087300000| Untracked 
|  52|0x0000000087400000, 0x0000000087400000, 0x0000000087500000|  0%| F|  |TAMS 0x0000000087400000, 0x0000000087400000| Untracked 
|  53|0x0000000087500000, 0x0000000087500000, 0x0000000087600000|  0%| F|  |TAMS 0x0000000087500000, 0x0000000087500000| Untracked 
|  54|0x0000000087600000, 0x0000000087600000, 0x0000000087700000|  0%| F|  |TAMS 0x0000000087600000, 0x0000000087600000| Untracked 
|  55|0x0000000087700000, 0x0000000087700000, 0x0000000087800000|  0%| F|  |TAMS 0x0000000087700000, 0x0000000087700000| Untracked 
|  56|0x0000000087800000, 0x0000000087843a38, 0x0000000087900000| 26%| S|CS|TAMS 0x0000000087800000, 0x0000000087800000| Complete 
|  57|0x0000000087900000, 0x0000000087a00000, 0x0000000087a00000|100%| S|CS|TAMS 0x0000000087900000, 0x0000000087900000| Complete 
|  58|0x0000000087a00000, 0x0000000087a00000, 0x0000000087b00000|  0%| F|  |TAMS 0x0000000087a00000, 0x0000000087a00000| Untracked 
|  59|0x0000000087b00000, 0x0000000087b00000, 0x0000000087c00000|  0%| F|  |TAMS 0x0000000087b00000, 0x0000000087b00000| Untracked 
|  60|0x0000000087c00000, 0x0000000087c00000, 0x0000000087d00000|  0%| F|  |TAMS 0x0000000087c00000, 0x0000000087c00000| Untracked 
|  61|0x0000000087d00000, 0x0000000087d00000, 0x0000000087e00000|  0%| F|  |TAMS 0x0000000087d00000, 0x0000000087d00000| Untracked 
|  62|0x0000000087e00000, 0x0000000087e00000, 0x0000000087f00000|  0%| F|  |TAMS 0x0000000087e00000, 0x0000000087e00000| Untracked 
|  63|0x0000000087f00000, 0x0000000087f00000, 0x0000000088000000|  0%| F|  |TAMS 0x0000000087f00000, 0x0000000087f00000| Untracked 
|  64|0x0000000088000000, 0x0000000088000000, 0x0000000088100000|  0%| F|  |TAMS 0x0000000088000000, 0x0000000088000000| Untracked 
|  65|0x0000000088100000, 0x0000000088100000, 0x0000000088200000|  0%| F|  |TAMS 0x0000000088100000, 0x0000000088100000| Untracked 
|  66|0x0000000088200000, 0x0000000088200000, 0x0000000088300000|  0%| F|  |TAMS 0x0000000088200000, 0x0000000088200000| Untracked 
|  67|0x0000000088300000, 0x0000000088300000, 0x0000000088400000|  0%| F|  |TAMS 0x0000000088300000, 0x0000000088300000| Untracked 
|  68|0x0000000088400000, 0x0000000088400000, 0x0000000088500000|  0%| F|  |TAMS 0x0000000088400000, 0x0000000088400000| Untracked 
|  69|0x0000000088500000, 0x0000000088500000, 0x0000000088600000|  0%| F|  |TAMS 0x0000000088500000, 0x0000000088500000| Untracked 
|  70|0x0000000088600000, 0x0000000088600000, 0x0000000088700000|  0%| F|  |TAMS 0x0000000088600000, 0x0000000088600000| Untracked 
|  71|0x0000000088700000, 0x0000000088700000, 0x0000000088800000|  0%| F|  |TAMS 0x0000000088700000, 0x0000000088700000| Untracked 
|  72|0x0000000088800000, 0x0000000088800000, 0x0000000088900000|  0%| F|  |TAMS 0x0000000088800000, 0x0000000088800000| Untracked 
|  73|0x0000000088900000, 0x0000000088900000, 0x0000000088a00000|  0%| F|  |TAMS 0x0000000088900000, 0x0000000088900000| Untracked 
|  74|0x0000000088a00000, 0x0000000088a00000, 0x0000000088b00000|  0%| F|  |TAMS 0x0000000088a00000, 0x0000000088a00000| Untracked 
|  75|0x0000000088b00000, 0x0000000088b00000, 0x0000000088c00000|  0%| F|  |TAMS 0x0000000088b00000, 0x0000000088b00000| Untracked 
|  76|0x0000000088c00000, 0x0000000088c00000, 0x0000000088d00000|  0%| F|  |TAMS 0x0000000088c00000, 0x0000000088c00000| Untracked 
|  77|0x0000000088d00000, 0x0000000088d00000, 0x0000000088e00000|  0%| F|  |TAMS 0x0000000088d00000, 0x0000000088d00000| Untracked 
|  78|0x0000000088e00000, 0x0000000088e00000, 0x0000000088f00000|  0%| F|  |TAMS 0x0000000088e00000, 0x0000000088e00000| Untracked 
|  79|0x0000000088f00000, 0x0000000088f00000, 0x0000000089000000|  0%| F|  |TAMS 0x0000000088f00000, 0x0000000088f00000| Untracked 
|  80|0x0000000089000000, 0x0000000089000000, 0x0000000089100000|  0%| F|  |TAMS 0x0000000089000000, 0x0000000089000000| Untracked 
|  81|0x0000000089100000, 0x0000000089100000, 0x0000000089200000|  0%| F|  |TAMS 0x0000000089100000, 0x0000000089100000| Untracked 
|  82|0x0000000089200000, 0x0000000089200000, 0x0000000089300000|  0%| F|  |TAMS 0x0000000089200000, 0x0000000089200000| Untracked 
|  83|0x0000000089300000, 0x0000000089300000, 0x0000000089400000|  0%| F|  |TAMS 0x0000000089300000, 0x0000000089300000| Untracked 
|  84|0x0000000089400000, 0x0000000089400000, 0x0000000089500000|  0%| F|  |TAMS 0x0000000089400000, 0x0000000089400000| Untracked 
|  85|0x0000000089500000, 0x0000000089500000, 0x0000000089600000|  0%| F|  |TAMS 0x0000000089500000, 0x0000000089500000| Untracked 
|  86|0x0000000089600000, 0x0000000089600000, 0x0000000089700000|  0%| F|  |TAMS 0x0000000089600000, 0x0000000089600000| Untracked 
|  87|0x0000000089700000, 0x0000000089700000, 0x0000000089800000|  0%| F|  |TAMS 0x0000000089700000, 0x0000000089700000| Untracked 
|  88|0x0000000089800000, 0x0000000089800000, 0x0000000089900000|  0%| F|  |TAMS 0x0000000089800000, 0x0000000089800000| Untracked 
|  89|0x0000000089900000, 0x0000000089900000, 0x0000000089a00000|  0%| F|  |TAMS 0x0000000089900000, 0x0000000089900000| Untracked 
|  90|0x0000000089a00000, 0x0000000089a00000, 0x0000000089b00000|  0%| F|  |TAMS 0x0000000089a00000, 0x0000000089a00000| Untracked 
|  93|0x0000000089d00000, 0x0000000089e00000, 0x0000000089e00000|100%| E|  |TAMS 0x0000000089d00000, 0x0000000089d00000| Complete 
|  94|0x0000000089e00000, 0x0000000089f00000, 0x0000000089f00000|100%| E|CS|TAMS 0x0000000089e00000, 0x0000000089e00000| Complete 

Card table byte_map: [0x0000020552330000,0x0000020552710000] _byte_map_base: 0x0000020551f10000

Marking Bits (Prev, Next): (CMBitMap*) 0x000002053f7bfb10, (CMBitMap*) 0x000002053f7bfb50
 Prev Bits: [0x0000020552af0000, 0x00000205549f0000)
 Next Bits: [0x00000205549f0000, 0x00000205568f0000)

Polling page: 0x000002053d6d0000

Metaspace:

Usage:
  Non-class:     53.63 MB used.
      Class:      7.00 MB used.
       Both:     60.63 MB used.

Virtual space:
  Non-class space:       56.00 MB reserved,      53.75 MB ( 96%) committed,  7 nodes.
      Class space:        1.00 GB reserved,       7.12 MB ( <1%) committed,  1 nodes.
             Both:        1.05 GB reserved,      60.88 MB (  6%) committed. 

Chunk freelists:
   Non-Class:  2.17 MB
       Class:  816.00 KB
        Both:  2.97 MB

MaxMetaspaceSize: unlimited
CompressedClassSpaceSize: 1.00 GB
Initial GC threshold: 21.00 MB
Current GC threshold: 101.06 MB
CDS: off
MetaspaceReclaimPolicy: balanced
 - commit_granule_bytes: 65536.
 - commit_granule_words: 8192.
 - virtual_space_node_default_size: 1048576.
 - enlarge_chunks_in_place: 1.
 - new_chunks_are_fully_committed: 0.
 - uncommit_free_chunks: 1.
 - use_allocation_guard: 0.
 - handle_deallocations: 1.


Internal statistics:

num_allocs_failed_limit: 3.
num_arena_births: 290.
num_arena_deaths: 0.
num_vsnodes_births: 8.
num_vsnodes_deaths: 0.
num_space_committed: 974.
num_space_uncommitted: 0.
num_chunks_returned_to_freelist: 3.
num_chunks_taken_from_freelist: 2221.
num_chunk_merges: 3.
num_chunk_splits: 1806.
num_chunks_enlarged: 1633.
num_purges: 0.
num_inconsistent_stats: 0.

CodeHeap 'non-profiled nmethods': size=120000Kb used=2520Kb max_used=2520Kb free=117479Kb
 bounds [0x000002054a6f0000, 0x000002054a970000, 0x0000020551c20000]
CodeHeap 'profiled nmethods': size=120000Kb used=13535Kb max_used=13535Kb free=106464Kb
 bounds [0x0000020542c20000, 0x0000020543960000, 0x000002054a150000]
CodeHeap 'non-nmethods': size=5760Kb used=1406Kb max_used=1431Kb free=4353Kb
 bounds [0x000002054a150000, 0x000002054a3c0000, 0x000002054a6f0000]
 total_blobs=6105 nmethods=5365 adapters=651
 compilation: enabled
              stopped_count=0, restarted_count=0
 full_count=0

Compilation events (20 events):
Event: 25.687 Thread 0x0000020559c40c50 nmethod 5392 0x0000020543950390 code [0x0000020543950860, 0x0000020543952c28]
Event: 25.687 Thread 0x0000020559c40c50 5391       3       java.math.BigInteger::<init> (8 bytes)
Event: 25.687 Thread 0x0000020559c40c50 nmethod 5391 0x0000020543953b10 code [0x0000020543953ca0, 0x0000020543953de8]
Event: 25.687 Thread 0x0000020559c40c50 5393       3       java.math.BigInteger::trustedStripLeadingZeroInts (37 bytes)
Event: 25.688 Thread 0x0000020559c40c50 nmethod 5393 0x0000020543953e90 code [0x0000020543954040, 0x00000205439542a8]
Event: 25.688 Thread 0x0000020559c40c50 5396       1       org.jetbrains.kotlin.fir.backend.Fir2IrComponentsStorage::getLazyDeclarationsGenerator (5 bytes)
Event: 25.688 Thread 0x0000020559c40c50 nmethod 5396 0x000002054a95f690 code [0x000002054a95f820, 0x000002054a95f8f8]
Event: 25.700 Thread 0x0000020559c40c50 5397       1       org.jetbrains.kotlin.ir.declarations.impl.IrClassImpl::getTypeParameters (5 bytes)
Event: 25.700 Thread 0x0000020559c40c50 nmethod 5397 0x000002054a95f990 code [0x000002054a95fb20, 0x000002054a95fbf8]
Event: 25.701 Thread 0x0000020559c40c50 5398       3       org.jetbrains.kotlin.ir.visitors.IrElementVisitorVoid$DefaultImpls::visitDeclarationReference (17 bytes)
Event: 25.701 Thread 0x0000020559c40c50 nmethod 5398 0x0000020543954390 code [0x00000205439545a0, 0x0000020543954be8]
Event: 25.701 Thread 0x0000020559c40c50 5399       3       org.jetbrains.kotlin.backend.common.actualizer.SpecialFakeOverrideSymbolsResolverVisitor::visitElement (70 bytes)
Event: 25.703 Thread 0x0000020559c40c50 nmethod 5399 0x0000020543954e90 code [0x0000020543955240, 0x0000020543956b18]
Event: 25.703 Thread 0x0000020559c40c50 5400       3       org.jetbrains.kotlin.ir.IrElementBase::acceptChildren (7 bytes)
Event: 25.703 Thread 0x0000020559c40c50 nmethod 5400 0x0000020543957290 code [0x00000205439574a0, 0x0000020543957a18]
Event: 25.703 Thread 0x0000020559c40c50 5401       1       org.jetbrains.kotlin.ir.expressions.impl.IrBlockImpl::getStatements (5 bytes)
Event: 25.703 Thread 0x0000020559c40c50 nmethod 5401 0x000002054a95fc90 code [0x000002054a95fe20, 0x000002054a95fef8]
Event: 25.737 Thread 0x0000020559c401b0 nmethod 5378 0x000002054a95ff90 code [0x000002054a960120, 0x000002054a960c38]
Event: 25.737 Thread 0x0000020559c401b0 5382       4       org.jetbrains.org.objectweb.asm.ClassReader::readElementValue (1237 bytes)
Event: 25.835 Thread 0x0000020559c401b0 nmethod 5382 0x000002054a960f90 code [0x000002054a9613c0, 0x000002054a963fb8]

GC Heap History (20 events):
Event: 14.744 GC heap before
{Heap before GC invocations=9 (full 0):
 garbage-first heap   total 29696K, used 20145K [0x0000000084000000, 0x0000000100000000)
  region size 1024K, 8 young (8192K), 2 survivors (2048K)
 Metaspace       used 34849K, committed 35008K, reserved 1081344K
  class space    used 4312K, committed 4416K, reserved 1048576K
}
Event: 14.748 GC heap after
{Heap after GC invocations=10 (full 0):
 garbage-first heap   total 29696K, used 15160K [0x0000000084000000, 0x0000000100000000)
  region size 1024K, 1 young (1024K), 1 survivors (1024K)
 Metaspace       used 34849K, committed 35008K, reserved 1081344K
  class space    used 4312K, committed 4416K, reserved 1048576K
}
Event: 15.162 GC heap before
{Heap before GC invocations=11 (full 0):
 garbage-first heap   total 29696K, used 21304K [0x0000000084000000, 0x0000000100000000)
  region size 1024K, 8 young (8192K), 1 survivors (1024K)
 Metaspace       used 36391K, committed 36672K, reserved 1081344K
  class space    used 4504K, committed 4608K, reserved 1048576K
}
Event: 15.165 GC heap after
{Heap after GC invocations=12 (full 0):
 garbage-first heap   total 29696K, used 15438K [0x0000000084000000, 0x0000000100000000)
  region size 1024K, 1 young (1024K), 1 survivors (1024K)
 Metaspace       used 36391K, committed 36672K, reserved 1081344K
  class space    used 4504K, committed 4608K, reserved 1048576K
}
Event: 15.213 GC heap before
{Heap before GC invocations=12 (full 0):
 garbage-first heap   total 29696K, used 16462K [0x0000000084000000, 0x0000000100000000)
  region size 1024K, 2 young (2048K), 1 survivors (1024K)
 Metaspace       used 36722K, committed 36992K, reserved 1089536K
  class space    used 4542K, committed 4672K, reserved 1048576K
}
Event: 15.218 GC heap after
{Heap after GC invocations=13 (full 0):
 garbage-first heap   total 29696K, used 15274K [0x0000000084000000, 0x0000000100000000)
  region size 1024K, 1 young (1024K), 1 survivors (1024K)
 Metaspace       used 36722K, committed 36992K, reserved 1089536K
  class space    used 4542K, committed 4672K, reserved 1048576K
}
Event: 15.746 GC heap before
{Heap before GC invocations=13 (full 0):
 garbage-first heap   total 29696K, used 21418K [0x0000000084000000, 0x0000000100000000)
  region size 1024K, 8 young (8192K), 1 survivors (1024K)
 Metaspace       used 38878K, committed 39104K, reserved 1089536K
  class space    used 4735K, committed 4864K, reserved 1048576K
}
Event: 15.750 GC heap after
{Heap after GC invocations=14 (full 0):
 garbage-first heap   total 29696K, used 15548K [0x0000000084000000, 0x0000000100000000)
  region size 1024K, 1 young (1024K), 1 survivors (1024K)
 Metaspace       used 38878K, committed 39104K, reserved 1089536K
  class space    used 4735K, committed 4864K, reserved 1048576K
}
Event: 16.006 GC heap before
{Heap before GC invocations=15 (full 0):
 garbage-first heap   total 29696K, used 21692K [0x0000000084000000, 0x0000000100000000)
  region size 1024K, 8 young (8192K), 1 survivors (1024K)
 Metaspace       used 40832K, committed 41088K, reserved 1089536K
  class space    used 4939K, committed 5056K, reserved 1048576K
}
Event: 16.011 GC heap after
{Heap after GC invocations=16 (full 0):
 garbage-first heap   total 78848K, used 15822K [0x0000000084000000, 0x0000000100000000)
  region size 1024K, 1 young (1024K), 1 survivors (1024K)
 Metaspace       used 40832K, committed 41088K, reserved 1089536K
  class space    used 4939K, committed 5056K, reserved 1048576K
}
Event: 18.036 GC heap before
{Heap before GC invocations=16 (full 0):
 garbage-first heap   total 78848K, used 59854K [0x0000000084000000, 0x0000000100000000)
  region size 1024K, 43 young (44032K), 1 survivors (1024K)
 Metaspace       used 48225K, committed 48448K, reserved 1097728K
  class space    used 5751K, committed 5824K, reserved 1048576K
}
Event: 18.059 GC heap after
{Heap after GC invocations=17 (full 0):
 garbage-first heap   total 78848K, used 23214K [0x0000000084000000, 0x0000000100000000)
  region size 1024K, 6 young (6144K), 6 survivors (6144K)
 Metaspace       used 48225K, committed 48448K, reserved 1097728K
  class space    used 5751K, committed 5824K, reserved 1048576K
}
Event: 20.749 GC heap before
{Heap before GC invocations=17 (full 0):
 garbage-first heap   total 78848K, used 58030K [0x0000000084000000, 0x0000000100000000)
  region size 1024K, 40 young (40960K), 6 survivors (6144K)
 Metaspace       used 51399K, committed 51648K, reserved 1097728K
  class space    used 6125K, committed 6208K, reserved 1048576K
}
Event: 20.774 GC heap after
{Heap after GC invocations=18 (full 0):
 garbage-first heap   total 78848K, used 31791K [0x0000000084000000, 0x0000000100000000)
  region size 1024K, 5 young (5120K), 5 survivors (5120K)
 Metaspace       used 51399K, committed 51648K, reserved 1097728K
  class space    used 6125K, committed 6208K, reserved 1048576K
}
Event: 22.691 GC heap before
{Heap before GC invocations=18 (full 0):
 garbage-first heap   total 78848K, used 57391K [0x0000000084000000, 0x0000000100000000)
  region size 1024K, 30 young (30720K), 5 survivors (5120K)
 Metaspace       used 52602K, committed 52928K, reserved 1097728K
  class space    used 6215K, committed 6336K, reserved 1048576K
}
Event: 22.719 GC heap after
{Heap after GC invocations=19 (full 0):
 garbage-first heap   total 78848K, used 37822K [0x0000000084000000, 0x0000000100000000)
  region size 1024K, 4 young (4096K), 4 survivors (4096K)
 Metaspace       used 52602K, committed 52928K, reserved 1097728K
  class space    used 6215K, committed 6336K, reserved 1048576K
}
Event: 24.271 GC heap before
{Heap before GC invocations=19 (full 0):
 garbage-first heap   total 78848K, used 58302K [0x0000000084000000, 0x0000000100000000)
  region size 1024K, 25 young (25600K), 4 survivors (4096K)
 Metaspace       used 57408K, committed 57728K, reserved 1105920K
  class space    used 6719K, committed 6848K, reserved 1048576K
}
Event: 24.302 GC heap after
{Heap after GC invocations=20 (full 0):
 garbage-first heap   total 78848K, used 41245K [0x0000000084000000, 0x0000000100000000)
  region size 1024K, 3 young (3072K), 3 survivors (3072K)
 Metaspace       used 57408K, committed 57728K, reserved 1105920K
  class space    used 6719K, committed 6848K, reserved 1048576K
}
Event: 25.655 GC heap before
{Heap before GC invocations=20 (full 0):
 garbage-first heap   total 78848K, used 59677K [0x0000000084000000, 0x0000000100000000)
  region size 1024K, 22 young (22528K), 3 survivors (3072K)
 Metaspace       used 61722K, committed 61952K, reserved 1105920K
  class space    used 7139K, committed 7232K, reserved 1048576K
}
Event: 25.667 GC heap after
{Heap after GC invocations=21 (full 0):
 garbage-first heap   total 95232K, used 42162K [0x0000000084000000, 0x0000000100000000)
  region size 1024K, 2 young (2048K), 2 survivors (2048K)
 Metaspace       used 61722K, committed 61952K, reserved 1105920K
  class space    used 7139K, committed 7232K, reserved 1048576K
}

Dll operation events (2 events):
Event: 0.053 Loaded shared library C:\Program Files\Android\Android Studio\jbr\bin\java.dll
Event: 10.064 Loaded shared library C:\Program Files\Android\Android Studio\jbr\bin\verify.dll

Deoptimization events (20 events):
Event: 24.334 Thread 0x000002053f762990 Uncommon trap: trap_request=0xffffffde fr.pc=0x000002054a83e4d0 relative=0x0000000000000230
Event: 24.334 Thread 0x000002053f762990 Uncommon trap: reason=class_check action=maybe_recompile pc=0x000002054a83e4d0 method=org.jetbrains.kotlin.protobuf.CodedOutputStream.refreshBuffer()V @ 28 c2
Event: 24.334 Thread 0x000002053f762990 DEOPT PACKING pc=0x000002054a83e4d0 sp=0x000000a8863fde80
Event: 24.334 Thread 0x000002053f762990 DEOPT UNPACKING pc=0x000002054a1aa1a3 sp=0x000000a8863fdde8 mode 2
Event: 24.334 Thread 0x000002053f762990 Uncommon trap: trap_request=0xffffffde fr.pc=0x000002054a83e4d0 relative=0x0000000000000230
Event: 24.334 Thread 0x000002053f762990 Uncommon trap: reason=class_check action=maybe_recompile pc=0x000002054a83e4d0 method=org.jetbrains.kotlin.protobuf.CodedOutputStream.refreshBuffer()V @ 28 c2
Event: 24.334 Thread 0x000002053f762990 DEOPT PACKING pc=0x000002054a83e4d0 sp=0x000000a8863fde80
Event: 24.334 Thread 0x000002053f762990 DEOPT UNPACKING pc=0x000002054a1aa1a3 sp=0x000000a8863fdde8 mode 2
Event: 24.335 Thread 0x000002053f762990 Uncommon trap: trap_request=0xffffffde fr.pc=0x000002054a83aa50 relative=0x0000000000000230
Event: 24.335 Thread 0x000002053f762990 Uncommon trap: reason=class_check action=maybe_recompile pc=0x000002054a83aa50 method=org.jetbrains.kotlin.protobuf.CodedOutputStream.refreshBuffer()V @ 28 c2
Event: 24.335 Thread 0x000002053f762990 DEOPT PACKING pc=0x000002054a83aa50 sp=0x000000a8863fde20
Event: 24.335 Thread 0x000002053f762990 DEOPT UNPACKING pc=0x000002054a1aa1a3 sp=0x000000a8863fdde8 mode 2
Event: 25.037 Thread 0x000002053f762990 Uncommon trap: trap_request=0xffffff45 fr.pc=0x000002054a91cf28 relative=0x0000000000000a28
Event: 25.037 Thread 0x000002053f762990 Uncommon trap: reason=unstable_if action=reinterpret pc=0x000002054a91cf28 method=org.jetbrains.kotlin.fir.resolve.providers.impl.FirSyntheticFunctionInterfaceProviderBase$Companion.mayBeSyntheticFunctionClassName(Lorg/jetbrains/kotlin/name/ClassId;)Z @ 3
Event: 25.037 Thread 0x000002053f762990 DEOPT PACKING pc=0x000002054a91cf28 sp=0x000000a8863fcc00
Event: 25.037 Thread 0x000002053f762990 DEOPT UNPACKING pc=0x000002054a1aa1a3 sp=0x000000a8863fc910 mode 2
Event: 25.316 Thread 0x000002053f762990 DEOPT PACKING pc=0x0000020542dc939b sp=0x000000a8863fce20
Event: 25.316 Thread 0x000002053f762990 DEOPT UNPACKING pc=0x000002054a1aace3 sp=0x000000a8863fc290 mode 0
Event: 25.649 Thread 0x000002053f762990 DEOPT PACKING pc=0x000002054310f9a1 sp=0x000000a8863fd8d0
Event: 25.649 Thread 0x000002053f762990 DEOPT UNPACKING pc=0x000002054a1aace3 sp=0x000000a8863fcdd8 mode 0

Classes unloaded (0 events):
No events

Classes redefined (0 events):
No events

Internal exceptions (20 events):
Event: 18.668 Thread 0x000002053f762990 Exception <a 'java/lang/NoSuchMethodError'{0x000000008761fbe0}: 'java.lang.Object java.lang.invoke.DirectMethodHandle$Holder.newInvokeSpecial(java.lang.Object, int, java.lang.Object)'> (0x000000008761fbe0) 
thrown [s\src\hotspot\share\interpreter\linkResolver.cpp, line 771]
Event: 19.117 Thread 0x000002053f762990 Exception <a 'java/lang/NoSuchMethodError'{0x000000008720d7c8}: 'java.lang.Object java.lang.invoke.DirectMethodHandle$Holder.invokeSpecial(java.lang.Object, java.lang.Object, int, java.lang.Object, java.lang.Object)'> (0x000000008720d7c8) 
thrown [s\src\hotspot\share\interpreter\linkResolver.cpp, line 771]
Event: 19.182 Thread 0x000002053f762990 Exception <a 'java/lang/NoSuchMethodError'{0x00000000872ad020}: 'java.lang.Object java.lang.invoke.DirectMethodHandle$Holder.newInvokeSpecial(java.lang.Object, java.lang.Object, java.lang.Object, java.lang.Object, java.lang.Object, int)'> (0x00000000872ad020) 
thrown [s\src\hotspot\share\interpreter\linkResolver.cpp, line 771]
Event: 19.184 Thread 0x000002053f762990 Exception <a 'java/lang/NoSuchMethodError'{0x00000000872b5168}: 'java.lang.Object java.lang.invoke.Invokers$Holder.linkToTargetMethod(java.lang.Object, java.lang.Object, java.lang.Object, java.lang.Object, int, java.lang.Object)'> (0x00000000872b5168) 
thrown [s\src\hotspot\share\interpreter\linkResolver.cpp, line 771]
Event: 19.500 Thread 0x000002053f762990 Exception <a 'java/lang/NoSuchMethodError'{0x0000000087197b08}: 'java.lang.Object java.lang.invoke.DirectMethodHandle$Holder.invokeStatic(java.lang.Object, java.lang.Object, java.lang.Object, int, java.lang.Object, java.lang.Object)'> (0x0000000087197b08) 
thrown [s\src\hotspot\share\interpreter\linkResolver.cpp, line 771]
Event: 19.682 Thread 0x000002053f762990 Exception <a 'java/lang/NoSuchMethodError'{0x0000000087039f60}: 'java.lang.Object java.lang.invoke.DirectMethodHandle$Holder.invokeStatic(java.lang.Object, int, java.lang.Object, java.lang.Object)'> (0x0000000087039f60) 
thrown [s\src\hotspot\share\interpreter\linkResolver.cpp, line 771]
Event: 20.228 Thread 0x000002053f762990 Exception <a 'java/lang/NoSuchMethodError'{0x0000000086e2ec18}: 'java.lang.Object java.lang.invoke.DirectMethodHandle$Holder.newInvokeSpecial(java.lang.Object, int, java.lang.Object, java.lang.Object, java.lang.Object)'> (0x0000000086e2ec18) 
thrown [s\src\hotspot\share\interpreter\linkResolver.cpp, line 771]
Event: 20.230 Thread 0x000002053f762990 Exception <a 'java/lang/NoSuchMethodError'{0x0000000086e36a40}: 'java.lang.Object java.lang.invoke.Invokers$Holder.linkToTargetMethod(int, java.lang.Object, java.lang.Object, java.lang.Object, java.lang.Object)'> (0x0000000086e36a40) 
thrown [s\src\hotspot\share\interpreter\linkResolver.cpp, line 771]
Event: 23.172 Thread 0x000002053f762990 Implicit null exception at 0x000002054a7a9e4c to 0x000002054a7a9f28
Event: 23.455 Thread 0x000002053f762990 Implicit null exception at 0x000002054a876ed5 to 0x000002054a877054
Event: 23.663 Thread 0x000002053f762990 Exception <a 'java/lang/NoSuchMethodError'{0x000000008804d7a8}: 'java.lang.Object java.lang.invoke.DirectMethodHandle$Holder.newInvokeSpecial(java.lang.Object, java.lang.Object, int, java.lang.Object, java.lang.Object, java.lang.Object)'> (0x000000008804d7a8) 
thrown [s\src\hotspot\share\interpreter\linkResolver.cpp, line 771]
Event: 23.667 Thread 0x000002053f762990 Exception <a 'java/lang/NoSuchMethodError'{0x0000000088051b18}: 'java.lang.Object java.lang.invoke.DirectMethodHandle$Holder.invokeSpecial(java.lang.Object, java.lang.Object, java.lang.Object, int, java.lang.Object, java.lang.Object, java.lang.Object)'> (0x0000000088051b18) 
thrown [s\src\hotspot\share\interpreter\linkResolver.cpp, line 771]
Event: 23.672 Thread 0x000002053f762990 Exception <a 'java/lang/NoSuchMethodError'{0x00000000880553f8}: 'java.lang.Object java.lang.invoke.Invokers$Holder.linkToTargetMethod(java.lang.Object, int, java.lang.Object, java.lang.Object, java.lang.Object, java.lang.Object)'> (0x00000000880553f8) 
thrown [s\src\hotspot\share\interpreter\linkResolver.cpp, line 771]
Event: 24.216 Thread 0x000002053f762990 Implicit null exception at 0x000002054a726972 to 0x000002054a726fb0
Event: 24.220 Thread 0x000002053f762990 Implicit null exception at 0x000002054a7120f2 to 0x000002054a712744
Event: 24.326 Thread 0x000002053f762990 Exception <a 'java/lang/NoSuchMethodError'{0x0000000089eacc58}: 'java.lang.Object java.lang.invoke.DirectMethodHandle$Holder.invokeStatic(java.lang.Object, java.lang.Object, int)'> (0x0000000089eacc58) 
thrown [s\src\hotspot\share\interpreter\linkResolver.cpp, line 771]
Event: 25.098 Thread 0x000002053f762990 Exception <a 'java/lang/NoSuchMethodError'{0x00000000881493f8}: 'java.lang.Object java.lang.invoke.DirectMethodHandle$Holder.invokeStatic(java.lang.Object, java.lang.Object, int, int)'> (0x00000000881493f8) 
thrown [s\src\hotspot\share\interpreter\linkResolver.cpp, line 771]
Event: 25.099 Thread 0x000002053f762990 Exception <a 'java/lang/NoSuchMethodError'{0x00000000881509b8}: 'java.lang.Object java.lang.invoke.DirectMethodHandle$Holder.newInvokeSpecial(java.lang.Object, java.lang.Object, int, int)'> (0x00000000881509b8) 
thrown [s\src\hotspot\share\interpreter\linkResolver.cpp, line 771]
Event: 25.099 Thread 0x000002053f762990 Exception <a 'java/lang/NoSuchMethodError'{0x0000000088154ed0}: 'java.lang.Object java.lang.invoke.DirectMethodHandle$Holder.invokeSpecial(java.lang.Object, java.lang.Object, java.lang.Object, int, int)'> (0x0000000088154ed0) 
thrown [s\src\hotspot\share\interpreter\linkResolver.cpp, line 771]
Event: 25.099 Thread 0x000002053f762990 Exception <a 'java/lang/NoSuchMethodError'{0x0000000088158d48}: 'java.lang.Object java.lang.invoke.Invokers$Holder.linkToTargetMethod(java.lang.Object, int, int, java.lang.Object)'> (0x0000000088158d48) 
thrown [s\src\hotspot\share\interpreter\linkResolver.cpp, line 771]

VM Operations (20 events):
Event: 24.163 Executing VM operation: ICBufferFull
Event: 24.164 Executing VM operation: ICBufferFull done
Event: 24.178 Executing VM operation: HandshakeAllThreads
Event: 24.178 Executing VM operation: HandshakeAllThreads done
Event: 24.243 Executing VM operation: HandshakeAllThreads
Event: 24.243 Executing VM operation: HandshakeAllThreads done
Event: 24.246 Executing VM operation: HandshakeAllThreads
Event: 24.246 Executing VM operation: HandshakeAllThreads done
Event: 24.271 Executing VM operation: G1CollectForAllocation
Event: 24.302 Executing VM operation: G1CollectForAllocation done
Event: 24.638 Executing VM operation: HandshakeAllThreads
Event: 24.638 Executing VM operation: HandshakeAllThreads done
Event: 25.251 Executing VM operation: HandshakeAllThreads
Event: 25.251 Executing VM operation: HandshakeAllThreads done
Event: 25.655 Executing VM operation: G1CollectForAllocation
Event: 25.670 Executing VM operation: G1CollectForAllocation done
Event: 25.718 Executing VM operation: G1Concurrent
Event: 25.727 Executing VM operation: G1Concurrent done
Event: 25.748 Executing VM operation: G1Concurrent
Event: 25.748 Executing VM operation: G1Concurrent done

Events (20 events):
Event: 24.022 loading class java/util/ServiceLoader$2
Event: 24.022 loading class java/util/ServiceLoader$2 done
Event: 24.022 loading class java/util/ServiceLoader$3
Event: 24.023 loading class java/util/ServiceLoader$3 done
Event: 24.023 loading class java/util/Collections$EmptyEnumeration
Event: 24.023 loading class java/util/Collections$EmptyEnumeration done
Event: 24.023 loading class jdk/internal/loader/BuiltinClassLoader$1
Event: 24.023 loading class jdk/internal/loader/BuiltinClassLoader$1 done
Event: 24.024 loading class java/lang/CompoundEnumeration
Event: 24.024 loading class java/lang/CompoundEnumeration done
Event: 24.024 loading class jdk/internal/loader/URLClassPath$1
Event: 24.024 loading class jdk/internal/loader/URLClassPath$1 done
Event: 24.029 loading class java/util/ServiceLoader$1
Event: 24.029 loading class java/util/ServiceLoader$1 done
Event: 24.030 loading class java/util/ServiceLoader$ProviderImpl
Event: 24.030 loading class java/util/ServiceLoader$Provider
Event: 24.030 loading class java/util/ServiceLoader$Provider done
Event: 24.030 loading class java/util/ServiceLoader$ProviderImpl done
Event: 24.608 Thread 0x000002055e0b2a00 Thread added: 0x000002055e0b2a00
Event: 24.927 Thread 0x000002055e0b2a00 Thread exited: 0x000002055e0b2a00


Dynamic libraries:
0x00007ff74fdb0000 - 0x00007ff74fdba000 	C:\Program Files\Android\Android Studio\jbr\bin\java.exe
0x00007ffe2ceb0000 - 0x00007ffe2d0c7000 	C:\WINDOWS\SYSTEM32\ntdll.dll
0x00007ffe2af10000 - 0x00007ffe2afd4000 	C:\WINDOWS\System32\KERNEL32.DLL
0x00007ffe2a3a0000 - 0x00007ffe2a75a000 	C:\WINDOWS\System32\KERNELBASE.dll
0x00007ffe2a810000 - 0x00007ffe2a921000 	C:\WINDOWS\System32\ucrtbase.dll
0x00007ffe15800000 - 0x00007ffe15817000 	C:\Program Files\Android\Android Studio\jbr\bin\jli.dll
0x00007ffe2b2d0000 - 0x00007ffe2b47e000 	C:\WINDOWS\System32\USER32.dll
0x00007ffe2a930000 - 0x00007ffe2a956000 	C:\WINDOWS\System32\win32u.dll
0x00007ffe2ad80000 - 0x00007ffe2ada9000 	C:\WINDOWS\System32\GDI32.dll
0x00007ffe2aaa0000 - 0x00007ffe2abbb000 	C:\WINDOWS\System32\gdi32full.dll
0x00007ffe2a190000 - 0x00007ffe2a22a000 	C:\WINDOWS\System32\msvcp_win.dll
0x00007ffe155d0000 - 0x00007ffe155eb000 	C:\Program Files\Android\Android Studio\jbr\bin\VCRUNTIME140.dll
0x00007ffe03ff0000 - 0x00007ffe04282000 	C:\WINDOWS\WinSxS\amd64_microsoft.windows.common-controls_6595b64144ccf1df_6.0.22621.4541_none_2710d1c57384c085\COMCTL32.dll
0x00007ffe2b220000 - 0x00007ffe2b2c7000 	C:\WINDOWS\System32\msvcrt.dll
0x00007ffe2b490000 - 0x00007ffe2b4c1000 	C:\WINDOWS\System32\IMM32.DLL
0x00007ffe157f0000 - 0x00007ffe157fc000 	C:\Program Files\Android\Android Studio\jbr\bin\vcruntime140_1.dll
0x00007ffe14d70000 - 0x00007ffe14dfd000 	C:\Program Files\Android\Android Studio\jbr\bin\msvcp140.dll
0x00007ffdd9b10000 - 0x00007ffdda77e000 	C:\Program Files\Android\Android Studio\jbr\bin\server\jvm.dll
0x00007ffe2adb0000 - 0x00007ffe2ae62000 	C:\WINDOWS\System32\ADVAPI32.dll
0x00007ffe2c3a0000 - 0x00007ffe2c447000 	C:\WINDOWS\System32\sechost.dll
0x00007ffe2a760000 - 0x00007ffe2a788000 	C:\WINDOWS\System32\bcrypt.dll
0x00007ffe2b950000 - 0x00007ffe2ba64000 	C:\WINDOWS\System32\RPCRT4.dll
0x00007ffe0d5f0000 - 0x00007ffe0d5f9000 	C:\WINDOWS\SYSTEM32\WSOCK32.dll
0x00007ffe2ae70000 - 0x00007ffe2aee1000 	C:\WINDOWS\System32\WS2_32.dll
0x00007ffe223f0000 - 0x00007ffe22424000 	C:\WINDOWS\SYSTEM32\WINMM.dll
0x00007ffe21880000 - 0x00007ffe2188a000 	C:\WINDOWS\SYSTEM32\VERSION.dll
0x00007ffe291d0000 - 0x00007ffe291e8000 	C:\WINDOWS\SYSTEM32\kernel.appcore.dll
0x00007ffe155c0000 - 0x00007ffe155ca000 	C:\Program Files\Android\Android Studio\jbr\bin\jimage.dll
0x00007ffe27000000 - 0x00007ffe27232000 	C:\WINDOWS\SYSTEM32\DBGHELP.DLL
0x00007ffe2cae0000 - 0x00007ffe2ce6f000 	C:\WINDOWS\System32\combase.dll
0x00007ffe2afe0000 - 0x00007ffe2b0b7000 	C:\WINDOWS\System32\OLEAUT32.dll
0x00007ffe0cd30000 - 0x00007ffe0cd62000 	C:\WINDOWS\SYSTEM32\dbgcore.DLL
0x00007ffe2a790000 - 0x00007ffe2a80b000 	C:\WINDOWS\System32\bcryptPrimitives.dll
0x00007ffe15590000 - 0x00007ffe155b5000 	C:\Program Files\Android\Android Studio\jbr\bin\java.dll
0x00007ffe15570000 - 0x00007ffe15588000 	C:\Program Files\Android\Android Studio\jbr\bin\zip.dll
0x00007ffe2bac0000 - 0x00007ffe2c338000 	C:\WINDOWS\System32\SHELL32.dll
0x00007ffe280d0000 - 0x00007ffe289d8000 	C:\WINDOWS\SYSTEM32\windows.storage.dll
0x00007ffe27f90000 - 0x00007ffe280cf000 	C:\WINDOWS\SYSTEM32\wintypes.dll
0x00007ffe2b0c0000 - 0x00007ffe2b1ba000 	C:\WINDOWS\System32\SHCORE.dll
0x00007ffe2b1c0000 - 0x00007ffe2b21e000 	C:\WINDOWS\System32\shlwapi.dll
0x00007ffe2a0c0000 - 0x00007ffe2a0eb000 	C:\WINDOWS\SYSTEM32\profapi.dll
0x00007ffe14d50000 - 0x00007ffe14d69000 	C:\Program Files\Android\Android Studio\jbr\bin\net.dll
0x00007ffe257c0000 - 0x00007ffe258f6000 	C:\WINDOWS\SYSTEM32\WINHTTP.dll
0x00007ffe29650000 - 0x00007ffe296b9000 	C:\WINDOWS\system32\mswsock.dll
0x00007ffe14d30000 - 0x00007ffe14d46000 	C:\Program Files\Android\Android Studio\jbr\bin\nio.dll
0x00007ffe14f70000 - 0x00007ffe14f80000 	C:\Program Files\Android\Android Studio\jbr\bin\verify.dll

dbghelp: loaded successfully - version: 4.0.5 - missing functions: none
symbol engine: initialized successfully - sym options: 0x614 - pdb path: .;C:\Program Files\Android\Android Studio\jbr\bin;C:\WINDOWS\SYSTEM32;C:\WINDOWS\WinSxS\amd64_microsoft.windows.common-controls_6595b64144ccf1df_6.0.22621.4541_none_2710d1c57384c085;C:\Program Files\Android\Android Studio\jbr\bin\server

VM Arguments:
java_command: org.jetbrains.kotlin.cli.jvm.K2JVMCompiler @D:\Flutter\mu_card_app_main\build\libphonenumber_plugin\20241129_2492675013586304905.compiler.options
java_class_path (initial): C:\Users\Butani Jeel\.gradle\caches\modules-2\files-2.1\org.jetbrains.kotlin\kotlin-compiler-embeddable\2.0.21\79346ed53db48b18312a472602eb5c057070c54d\kotlin-compiler-embeddable-2.0.21.jar;C:\Users\Butani Jeel\.gradle\caches\modules-2\files-2.1\org.jetbrains.kotlin\kotlin-stdlib\2.0.21\618b539767b4899b4660a83006e052b63f1db551\kotlin-stdlib-2.0.21.jar;C:\Users\Butani Jeel\.gradle\caches\modules-2\files-2.1\org.jetbrains.kotlin\kotlin-script-runtime\2.0.21\c9b044380ad41f89aa89aa896c2d32a8c0b2129d\kotlin-script-runtime-2.0.21.jar;C:\Users\Butani Jeel\.gradle\caches\modules-2\files-2.1\org.jetbrains.kotlin\kotlin-reflect\1.6.10\1cbe9c92c12a94eea200d23c2bbaedaf3daf5132\kotlin-reflect-1.6.10.jar;C:\Users\Butani Jeel\.gradle\caches\modules-2\files-2.1\org.jetbrains.kotlin\kotlin-daemon-embeddable\2.0.21\c9e933b23287de9b5a17e2116b4657bb91aea72c\kotlin-daemon-embeddable-2.0.21.jar;C:\Users\Butani Jeel\.gradle\caches\modules-2\files-2.1\org.jetbrains.intellij.deps\trove4j\1.0.20200330\3afb14d5f9ceb459d724e907a21145e8ff394f02\trove4j-1.0.20200330.jar;C:\Users\Butani Jeel\.gradle\caches\modules-2\files-2.1\org.jetbrains.kotlinx\kotlinx-coroutines-core-jvm\1.6.4\2c997cd1c0ef33f3e751d3831929aeff1390cb30\kotlinx-coroutines-core-jvm-1.6.4.jar;C:\Users\Butani Jeel\.gradle\caches\modules-2\files-2.1\org.jetbrains\annotations\13.0\919f0dfe192fb4e063e7dacadee7f8bb9a2672a9\annotations-13.0.jar
Launcher Type: SUN_STANDARD

[Global flags]
     intx CICompilerCount                          = 4                                         {product} {ergonomic}
     uint ConcGCThreads                            = 2                                         {product} {ergonomic}
     uint G1ConcRefinementThreads                  = 8                                         {product} {ergonomic}
   size_t G1HeapRegionSize                         = 1048576                                   {product} {ergonomic}
    uintx GCDrainStackTargetSize                   = 64                                        {product} {ergonomic}
   size_t InitialHeapSize                          = 130023424                                 {product} {ergonomic}
   size_t MarkStackSize                            = 4194304                                   {product} {ergonomic}
   size_t MaxHeapSize                              = 2080374784                                {product} {ergonomic}
   size_t MaxNewSize                               = 1247805440                                {product} {ergonomic}
   size_t MinHeapDeltaBytes                        = 1048576                                   {product} {ergonomic}
   size_t MinHeapSize                              = 8388608                                   {product} {ergonomic}
    uintx NonNMethodCodeHeapSize                   = 5839372                                {pd product} {ergonomic}
    uintx NonProfiledCodeHeapSize                  = 122909434                              {pd product} {ergonomic}
    uintx ProfiledCodeHeapSize                     = 122909434                              {pd product} {ergonomic}
    uintx ReservedCodeCacheSize                    = 251658240                              {pd product} {ergonomic}
     bool SegmentedCodeCache                       = true                                      {product} {ergonomic}
   size_t SoftMaxHeapSize                          = 2080374784                             {manageable} {ergonomic}
     bool UseCompressedClassPointers               = true                           {product lp64_product} {ergonomic}
     bool UseCompressedOops                        = true                           {product lp64_product} {ergonomic}
     bool UseG1GC                                  = true                                      {product} {ergonomic}
     bool UseLargePagesIndividualAllocation        = false                                  {pd product} {ergonomic}

Logging:
Log output configuration:
 #0: stdout all=warning uptime,level,tags
 #1: stderr all=off uptime,level,tags

Environment Variables:
JAVA_HOME=C:\Program Files\Android\Android Studio\jbr
CLASSPATH=D:\Flutter\mu_card_app_main\android\\gradle\wrapper\gradle-wrapper.jar
PATH=C:\Program Files\Android\Android Studio\jbr\bin;D:\Flutter\install\flutter\bin\;C:\Program Files\Common Files\Oracle\Java\javapath;C:\WINDOWS\system32;C:\WINDOWS;C:\WINDOWS\System32\Wbem;C:\WINDOWS\System32\WindowsPowerShell\v1.0\;C:\WINDOWS\System32\OpenSSH\;C:\Program Files\dotnet\;C:\xampp;C:\Program Files\Git\cmd;C:\Program Files\Microsoft SQL Server\150\Tools\Binn\;C:\Program Files\Microsoft SQL Server\Client SDK\ODBC\170\Tools\Binn\;C:\Program Files (x86)\Microsoft SQL Server\150\Tools\Binn\;C:\Program Files (x86)\Microsoft SQL Server\150\DTS\Binn\;C:\Program Files\Microsoft SQL Server\150\DTS\Binn\;C:\Program Files (x86)\Microsoft SQL Server\Client SDK\ODBC\130\Tools\Binn\;C:\Program Files (x86)\Microsoft SQL Server\140\Tools\Binn\;C:\Program Files (x86)\Microsoft SQL Server\140\DTS\Binn\;C:\Users\Butani Jeel\AppData\Local\Pub\Cache\bin;C:\Users\Butani Jeel\AppData\Roaming\npm;C:\Program Files\nodejs\;C:\Program Files (x86)\Microsoft SQL Server\140\Tools\Binn\ManagementStudio\;C:\Program Files\MySQL\MySQL Shell 8.0\bin\;C:\Users\Butani Jeel\AppData\Local\Microsoft\WindowsApps;D:\dev and mul\jdk1.8.0_201\jdk1.8.0_201\bin;C:\Users\Butani Jeel\.vscode\Microsoft VS Code\bin;D:\Flutter\install\flutter\bin;C:\Users\Butani Jeel\.dotnet\tools;C:\Users\Butani Jeel\AppData\Roaming\npm;D:\IntelliJ IDEA Community Edition 2023.3.2\bin;;C:\msys64\ucrt64\bin;D:\Flutter\install\flutter\bin\mingit\cmd
USERNAME=Jeel
LANG=en_US.UTF-8
OS=Windows_NT
PROCESSOR_IDENTIFIER=Intel64 Family 6 Model 140 Stepping 1, GenuineIntel
TMP=C:\Users\BUTANI~1\AppData\Local\Temp
TEMP=C:\Users\BUTANI~1\AppData\Local\Temp


JNI global refs:
JNI global refs: 8, weak refs: 0

JNI global refs memory usage: 843, weak refs: 841


---------------  S Y S T E M  ---------------

OS:
 Windows 11 , 64 bit Build 22621 (10.0.22621.4391)
OS uptime: 0 days 2:37 hours

CPU: total 8 (initial active 8) (4 cores per cpu, 2 threads per core) family 6 model 140 stepping 1 microcode 0xb8, cx8, cmov, fxsr, ht, mmx, 3dnowpref, sse, sse2, sse3, ssse3, sse4.1, sse4.2, popcnt, lzcnt, tsc, tscinvbit, avx, avx2, aes, erms, clmul, bmi1, bmi2, adx, avx512f, avx512dq, avx512cd, avx512bw, avx512vl, sha, fma, vzeroupper, avx512_vpopcntdq, avx512_vpclmulqdq, avx512_vaes, avx512_vnni, clflush, clflushopt, clwb, avx512_vbmi2, avx512_vbmi

Memory: 4k page, system-wide physical 7934M (381M free)
TotalPageFile size 20734M (AvailPageFile size 1M)
current process WorkingSet (physical memory assigned to process): 232M, peak: 232M
current process commit charge ("private bytes"): 281M, peak: 281M

vm_info: OpenJDK 64-Bit Server VM (17.0.6+0-b2043.56-10027231) for windows-amd64 JRE (17.0.6+0-b2043.56-10027231), built on Apr 28 2023 00:43:19 by "androidbuild" with MS VC++ 16.10 / 16.11 (VS2019)

END.
