#
# There is insufficient memory for the Java Runtime Environment to continue.
# Native memory allocation (malloc) failed to allocate 53872 bytes for Chunk::new
# Possible reasons:
#   The system is out of physical RAM or swap space
#   The process is running with CompressedOops enabled, and the Java Heap may be blocking the growth of the native heap
# Possible solutions:
#   Reduce memory load on the system
#   Increase physical memory or swap space
#   Check if swap backing store is full
#   Decrease Java heap size (-Xmx/-Xms)
#   Decrease number of Java threads
#   Decrease Java thread stack sizes (-Xss)
#   Set larger code cache with -XX:ReservedCodeCacheSize=
#   JVM is running with Unscaled Compressed Oops mode in which the Java heap is
#     placed in the first 4GB address space. The Java Heap base address is the
#     maximum limit for the native heap growth. Please use -XX:HeapBaseMinAddress
#     to set the Java Heap base and to place the Java Heap above 4GB virtual address.
# This output file may be truncated or incomplete.
#
#  Out of Memory Error (arena.cpp:189), pid=10664, tid=12480
#
# JRE version: OpenJDK Runtime Environment (17.0.6) (build 17.0.6+0-b2043.56-10027231)
# Java VM: OpenJDK 64-Bit Server VM (17.0.6+0-b2043.56-10027231, mixed mode, tiered, compressed oops, compressed class ptrs, g1 gc, windows-amd64)
# No core dump will be written. Minidumps are not enabled by default on client versions of Windows
#

---------------  S U M M A R Y ------------

Command Line: --add-opens=java.base/java.util=ALL-UNNAMED --add-opens=java.base/java.lang=ALL-UNNAMED --add-opens=java.base/java.lang.invoke=ALL-UNNAMED --add-opens=java.base/java.util=ALL-UNNAMED --add-opens=java.prefs/java.util.prefs=ALL-UNNAMED --add-opens=java.prefs/java.util.prefs=ALL-UNNAMED --add-opens=java.base/java.nio.charset=ALL-UNNAMED --add-opens=java.base/java.net=ALL-UNNAMED --add-opens=java.base/java.util.concurrent.atomic=ALL-UNNAMED -Xmx1536M -Dfile.encoding=windows-1252 -Duser.country=IN -Duser.language=en -Duser.variant org.gradle.launcher.daemon.bootstrap.GradleDaemon 7.5

Host: 11th Gen Intel(R) Core(TM) i5-1135G7 @ 2.40GHz, 8 cores, 7G,  Windows 11 , 64 bit Build 22621 (10.0.22621.2506)
Time: Mon Nov 13 18:55:58 2023 India Standard Time elapsed time: 3.619806 seconds (0d 0h 0m 3s)

---------------  T H R E A D  ---------------

Current thread (0x0000022e0f827880):  JavaThread "C2 CompilerThread0" daemon [_thread_in_native, id=12480, stack(0x000000aa16c00000,0x000000aa16d00000)]


Current CompileTask:
C2:   3619 2422       4       com.google.common.base.CharMatcher::indexIn (48 bytes)

Stack: [0x000000aa16c00000,0x000000aa16d00000]
Native frames: (J=compiled Java code, j=interpreted, Vv=VM code, C=native code)
V  [jvm.dll+0x683c9a]
V  [jvm.dll+0x8427a4]
V  [jvm.dll+0x843f9e]
V  [jvm.dll+0x844603]
V  [jvm.dll+0x249b75]
V  [jvm.dll+0xabcac]
V  [jvm.dll+0xac27c]
V  [jvm.dll+0x368857]
V  [jvm.dll+0x332f31]
V  [jvm.dll+0x3323da]
V  [jvm.dll+0x21c201]
V  [jvm.dll+0x21b621]
V  [jvm.dll+0x1a4fdd]
V  [jvm.dll+0x22b098]
V  [jvm.dll+0x229159]
V  [jvm.dll+0x7f81ec]
V  [jvm.dll+0x7f274a]
V  [jvm.dll+0x682ad5]
C  [ucrtbase.dll+0x29363]
C  [KERNEL32.DLL+0x1257d]
C  [ntdll.dll+0x5aa58]


---------------  P R O C E S S  ---------------

Threads class SMR info:
_java_thread_list=0x0000022e124bf9a0, length=27, elements={
0x0000022e760a26b0, 0x0000022e7fc01030, 0x0000022e7fc02380, 0x0000022e7fc0d6c0,
0x0000022e7fc0df80, 0x0000022e7fc0e930, 0x0000022e0f826400, 0x0000022e0f827880,
0x0000022e0f828270, 0x0000022e0f82b410, 0x0000022e0f9a6280, 0x0000022e0f9a6750,
0x0000022e105d8540, 0x0000022e12348790, 0x0000022e1228cef0, 0x0000022e11fff8d0,
0x0000022e11100560, 0x0000022e1111ec60, 0x0000022e111218d0, 0x0000022e11121400,
0x0000022e111235b0, 0x0000022e11120590, 0x0000022e11120a60, 0x0000022e11121da0,
0x0000022e111200c0, 0x0000022e11123a80, 0x0000022e11122270
}

Java Threads: ( => current thread )
  0x0000022e760a26b0 JavaThread "main" [_thread_blocked, id=18828, stack(0x000000aa15f00000,0x000000aa16000000)]
  0x0000022e7fc01030 JavaThread "Reference Handler" daemon [_thread_blocked, id=15276, stack(0x000000aa16600000,0x000000aa16700000)]
  0x0000022e7fc02380 JavaThread "Finalizer" daemon [_thread_blocked, id=6652, stack(0x000000aa16700000,0x000000aa16800000)]
  0x0000022e7fc0d6c0 JavaThread "Signal Dispatcher" daemon [_thread_blocked, id=10560, stack(0x000000aa16800000,0x000000aa16900000)]
  0x0000022e7fc0df80 JavaThread "Attach Listener" daemon [_thread_blocked, id=10192, stack(0x000000aa16900000,0x000000aa16a00000)]
  0x0000022e7fc0e930 JavaThread "Service Thread" daemon [_thread_blocked, id=20452, stack(0x000000aa16a00000,0x000000aa16b00000)]
  0x0000022e0f826400 JavaThread "Monitor Deflation Thread" daemon [_thread_blocked, id=19188, stack(0x000000aa16b00000,0x000000aa16c00000)]
=>0x0000022e0f827880 JavaThread "C2 CompilerThread0" daemon [_thread_in_native, id=12480, stack(0x000000aa16c00000,0x000000aa16d00000)]
  0x0000022e0f828270 JavaThread "C1 CompilerThread0" daemon [_thread_blocked, id=13668, stack(0x000000aa16d00000,0x000000aa16e00000)]
  0x0000022e0f82b410 JavaThread "Sweeper thread" daemon [_thread_blocked, id=16620, stack(0x000000aa16e00000,0x000000aa16f00000)]
  0x0000022e0f9a6280 JavaThread "Common-Cleaner" daemon [_thread_blocked, id=16348, stack(0x000000aa16f00000,0x000000aa17000000)]
  0x0000022e0f9a6750 JavaThread "Notification Thread" daemon [_thread_blocked, id=8140, stack(0x000000aa17000000,0x000000aa17100000)]
  0x0000022e105d8540 JavaThread "C2 CompilerThread1" daemon [_thread_blocked, id=20332, stack(0x000000aa17500000,0x000000aa17600000)]
  0x0000022e12348790 JavaThread "Daemon health stats" [_thread_blocked, id=18660, stack(0x000000aa17700000,0x000000aa17800000)]
  0x0000022e1228cef0 JavaThread "Incoming local TCP Connector on port 56956" [_thread_in_native, id=13120, stack(0x000000aa17800000,0x000000aa17900000)]
  0x0000022e11fff8d0 JavaThread "Daemon periodic checks" [_thread_blocked, id=18088, stack(0x000000aa17900000,0x000000aa17a00000)]
  0x0000022e11100560 JavaThread "Daemon" [_thread_blocked, id=22396, stack(0x000000aa17a00000,0x000000aa17b00000)]
  0x0000022e1111ec60 JavaThread "Handler for socket connection from /127.0.0.1:56956 to /127.0.0.1:56957" [_thread_in_native, id=8332, stack(0x000000aa17b00000,0x000000aa17c00000)]
  0x0000022e111218d0 JavaThread "Cancel handler" [_thread_blocked, id=12404, stack(0x000000aa17c00000,0x000000aa17d00000)]
  0x0000022e11121400 JavaThread "Daemon worker" [_thread_in_vm, id=9856, stack(0x000000aa17d00000,0x000000aa17e00000)]
  0x0000022e111235b0 JavaThread "Asynchronous log dispatcher for DefaultDaemonConnection: socket connection from /127.0.0.1:56956 to /127.0.0.1:56957" [_thread_blocked, id=15368, stack(0x000000aa17e00000,0x000000aa17f00000)]
  0x0000022e11120590 JavaThread "Stdin handler" [_thread_blocked, id=20760, stack(0x000000aa17f00000,0x000000aa18000000)]
  0x0000022e11120a60 JavaThread "Daemon client event forwarder" [_thread_blocked, id=22092, stack(0x000000aa18000000,0x000000aa18100000)]
  0x0000022e11121da0 JavaThread "Cache worker for journal cache (C:\Users\Butani Jeel\.gradle\caches\journal-1)" [_thread_blocked, id=2516, stack(0x000000aa18100000,0x000000aa18200000)]
  0x0000022e111200c0 JavaThread "File lock request listener" [_thread_in_native, id=19868, stack(0x000000aa18200000,0x000000aa18300000)]
  0x0000022e11123a80 JavaThread "Cache worker for file hash cache (C:\Users\Butani Jeel\.gradle\caches\7.5\fileHashes)" [_thread_blocked, id=17064, stack(0x000000aa18700000,0x000000aa18800000)]
  0x0000022e11122270 JavaThread "File watcher server" daemon [_thread_in_native, id=11076, stack(0x000000aa18800000,0x000000aa18900000)]

Other Threads:
  0x0000022e7fbdad40 VMThread "VM Thread" [stack: 0x000000aa16500000,0x000000aa16600000] [id=8564]
  0x0000022e0f9c4e30 WatcherThread [stack: 0x000000aa17100000,0x000000aa17200000] [id=8964]
  0x0000022e760ec070 GCTaskThread "GC Thread#0" [stack: 0x000000aa16000000,0x000000aa16100000] [id=14136]
  0x0000022e105400b0 GCTaskThread "GC Thread#1" [stack: 0x000000aa17200000,0x000000aa17300000] [id=1420]
  0x0000022e109d9c30 GCTaskThread "GC Thread#2" [stack: 0x000000aa17300000,0x000000aa17400000] [id=22176]
  0x0000022e1026dcc0 GCTaskThread "GC Thread#3" [stack: 0x000000aa17400000,0x000000aa17500000] [id=8792]
  0x0000022e105899d0 GCTaskThread "GC Thread#4" [stack: 0x000000aa17600000,0x000000aa17700000] [id=10396]
  0x0000022e12148260 GCTaskThread "GC Thread#5" [stack: 0x000000aa18300000,0x000000aa18400000] [id=4020]
  0x0000022e1132ad40 GCTaskThread "GC Thread#6" [stack: 0x000000aa18400000,0x000000aa18500000] [id=11648]
  0x0000022e10a84180 GCTaskThread "GC Thread#7" [stack: 0x000000aa18500000,0x000000aa18600000] [id=19140]
  0x0000022e760f8e50 ConcurrentGCThread "G1 Main Marker" [stack: 0x000000aa16100000,0x000000aa16200000] [id=12392]
  0x0000022e760f9700 ConcurrentGCThread "G1 Conc#0" [stack: 0x000000aa16200000,0x000000aa16300000] [id=10476]
  0x0000022e1225cfb0 ConcurrentGCThread "G1 Conc#1" [stack: 0x000000aa18600000,0x000000aa18700000] [id=5548]
  0x0000022e7615deb0 ConcurrentGCThread "G1 Refine#0" [stack: 0x000000aa16300000,0x000000aa16400000] [id=1712]
  0x0000022e7615e770 ConcurrentGCThread "G1 Service" [stack: 0x000000aa16400000,0x000000aa16500000] [id=21112]

Threads with active compile tasks:
C2 CompilerThread0     3642 2422       4       com.google.common.base.CharMatcher::indexIn (48 bytes)

VM state: not at safepoint (normal execution)

VM Mutex/Monitor currently owned by a thread: None

Heap address: 0x00000000a0000000, size: 1536 MB, Compressed Oops mode: 32-bit

CDS archive(s) not mapped
Compressed class space mapped at: 0x0000000100000000-0x0000000140000000, reserved size: 1073741824
Narrow klass base: 0x0000000000000000, Narrow klass shift: 3, Narrow klass range: 0x140000000

GC Precious Log:
 CPUs: 8 total, 8 available
 Memory: 7934M
 Large Page Support: Disabled
 NUMA Support: Disabled
 Compressed Oops: Enabled (32-bit)
 Heap Region Size: 1M
 Heap Min Capacity: 8M
 Heap Initial Capacity: 124M
 Heap Max Capacity: 1536M
 Pre-touch: Disabled
 Parallel Workers: 8
 Concurrent Workers: 2
 Concurrent Refinement Workers: 8
 Periodic GC: Disabled

Heap:
 garbage-first heap   total 65536K, used 24198K [0x00000000a0000000, 0x0000000100000000)
  region size 1024K, 8 young (8192K), 3 survivors (3072K)
 Metaspace       used 27280K, committed 27584K, reserved 1073152K
  class space    used 3615K, committed 3712K, reserved 1048576K

Heap Regions: E=young(eden), S=young(survivor), O=old, HS=humongous(starts), HC=humongous(continues), CS=collection set, F=free, OA=open archive, CA=closed archive, TAMS=top-at-mark-start (previous, next)
|   0|0x00000000a0000000, 0x00000000a0100000, 0x00000000a0100000|100%| O|  |TAMS 0x00000000a0000000, 0x00000000a0000000| Untracked 
|   1|0x00000000a0100000, 0x00000000a0200000, 0x00000000a0200000|100%| O|  |TAMS 0x00000000a0200000, 0x00000000a0100000| Untracked 
|   2|0x00000000a0200000, 0x00000000a0300000, 0x00000000a0300000|100%| O|  |TAMS 0x00000000a0300000, 0x00000000a0200000| Untracked 
|   3|0x00000000a0300000, 0x00000000a0400000, 0x00000000a0400000|100%|HS|  |TAMS 0x00000000a0400000, 0x00000000a0300000| Complete 
|   4|0x00000000a0400000, 0x00000000a0500000, 0x00000000a0500000|100%|HC|  |TAMS 0x00000000a0500000, 0x00000000a0400000| Complete 
|   5|0x00000000a0500000, 0x00000000a0600000, 0x00000000a0600000|100%|HC|  |TAMS 0x00000000a0600000, 0x00000000a0500000| Complete 
|   6|0x00000000a0600000, 0x00000000a0700000, 0x00000000a0700000|100%| O|  |TAMS 0x00000000a0700000, 0x00000000a0600000| Untracked 
|   7|0x00000000a0700000, 0x00000000a0800000, 0x00000000a0800000|100%| O|  |TAMS 0x00000000a0800000, 0x00000000a0700000| Untracked 
|   8|0x00000000a0800000, 0x00000000a0900000, 0x00000000a0900000|100%| O|  |TAMS 0x00000000a0900000, 0x00000000a0800000| Untracked 
|   9|0x00000000a0900000, 0x00000000a0a00000, 0x00000000a0a00000|100%| O|  |TAMS 0x00000000a0a00000, 0x00000000a0900000| Untracked 
|  10|0x00000000a0a00000, 0x00000000a0a45400, 0x00000000a0b00000| 27%| O|  |TAMS 0x00000000a0a45400, 0x00000000a0a00000| Untracked 
|  11|0x00000000a0b00000, 0x00000000a0c00000, 0x00000000a0c00000|100%| O|  |TAMS 0x00000000a0b00000, 0x00000000a0b00000| Untracked 
|  12|0x00000000a0c00000, 0x00000000a0d00000, 0x00000000a0d00000|100%| O|  |TAMS 0x00000000a0c00000, 0x00000000a0c00000| Untracked 
|  13|0x00000000a0d00000, 0x00000000a0e00000, 0x00000000a0e00000|100%| O|  |TAMS 0x00000000a0d00000, 0x00000000a0d00000| Untracked 
|  14|0x00000000a0e00000, 0x00000000a0f00000, 0x00000000a0f00000|100%| O|  |TAMS 0x00000000a0e00000, 0x00000000a0e00000| Untracked 
|  15|0x00000000a0f00000, 0x00000000a1000000, 0x00000000a1000000|100%| O|  |TAMS 0x00000000a0f00000, 0x00000000a0f00000| Untracked 
|  16|0x00000000a1000000, 0x00000000a1100000, 0x00000000a1100000|100%| O|  |TAMS 0x00000000a1000000, 0x00000000a1000000| Untracked 
|  17|0x00000000a1100000, 0x00000000a1200000, 0x00000000a1200000|100%| O|  |TAMS 0x00000000a1100000, 0x00000000a1100000| Untracked 
|  18|0x00000000a1200000, 0x00000000a120c800, 0x00000000a1300000|  4%| O|  |TAMS 0x00000000a1200000, 0x00000000a1200000| Untracked 
|  19|0x00000000a1300000, 0x00000000a1300000, 0x00000000a1400000|  0%| F|  |TAMS 0x00000000a1300000, 0x00000000a1300000| Untracked 
|  20|0x00000000a1400000, 0x00000000a1400000, 0x00000000a1500000|  0%| F|  |TAMS 0x00000000a1400000, 0x00000000a1400000| Untracked 
|  21|0x00000000a1500000, 0x00000000a1500000, 0x00000000a1600000|  0%| F|  |TAMS 0x00000000a1500000, 0x00000000a1500000| Untracked 
|  22|0x00000000a1600000, 0x00000000a1600000, 0x00000000a1700000|  0%| F|  |TAMS 0x00000000a1600000, 0x00000000a1600000| Untracked 
|  23|0x00000000a1700000, 0x00000000a174fda0, 0x00000000a1800000| 31%| S|CS|TAMS 0x00000000a1700000, 0x00000000a1700000| Complete 
|  24|0x00000000a1800000, 0x00000000a1900000, 0x00000000a1900000|100%| S|CS|TAMS 0x00000000a1800000, 0x00000000a1800000| Complete 
|  25|0x00000000a1900000, 0x00000000a1a00000, 0x00000000a1a00000|100%| S|CS|TAMS 0x00000000a1900000, 0x00000000a1900000| Complete 
|  26|0x00000000a1a00000, 0x00000000a1a00000, 0x00000000a1b00000|  0%| F|  |TAMS 0x00000000a1a00000, 0x00000000a1a00000| Untracked 
|  27|0x00000000a1b00000, 0x00000000a1b00000, 0x00000000a1c00000|  0%| F|  |TAMS 0x00000000a1b00000, 0x00000000a1b00000| Untracked 
|  28|0x00000000a1c00000, 0x00000000a1c00000, 0x00000000a1d00000|  0%| F|  |TAMS 0x00000000a1c00000, 0x00000000a1c00000| Untracked 
|  29|0x00000000a1d00000, 0x00000000a1d00000, 0x00000000a1e00000|  0%| F|  |TAMS 0x00000000a1d00000, 0x00000000a1d00000| Untracked 
|  30|0x00000000a1e00000, 0x00000000a1e00000, 0x00000000a1f00000|  0%| F|  |TAMS 0x00000000a1e00000, 0x00000000a1e00000| Untracked 
|  31|0x00000000a1f00000, 0x00000000a1f00000, 0x00000000a2000000|  0%| F|  |TAMS 0x00000000a1f00000, 0x00000000a1f00000| Untracked 
|  32|0x00000000a2000000, 0x00000000a2000000, 0x00000000a2100000|  0%| F|  |TAMS 0x00000000a2000000, 0x00000000a2000000| Untracked 
|  33|0x00000000a2100000, 0x00000000a2100000, 0x00000000a2200000|  0%| F|  |TAMS 0x00000000a2100000, 0x00000000a2100000| Untracked 
|  34|0x00000000a2200000, 0x00000000a2200000, 0x00000000a2300000|  0%| F|  |TAMS 0x00000000a2200000, 0x00000000a2200000| Untracked 
|  35|0x00000000a2300000, 0x00000000a2300000, 0x00000000a2400000|  0%| F|  |TAMS 0x00000000a2300000, 0x00000000a2300000| Untracked 
|  36|0x00000000a2400000, 0x00000000a2400000, 0x00000000a2500000|  0%| F|  |TAMS 0x00000000a2400000, 0x00000000a2400000| Untracked 
|  37|0x00000000a2500000, 0x00000000a2500000, 0x00000000a2600000|  0%| F|  |TAMS 0x00000000a2500000, 0x00000000a2500000| Untracked 
|  38|0x00000000a2600000, 0x00000000a2600000, 0x00000000a2700000|  0%| F|  |TAMS 0x00000000a2600000, 0x00000000a2600000| Untracked 
|  39|0x00000000a2700000, 0x00000000a2700000, 0x00000000a2800000|  0%| F|  |TAMS 0x00000000a2700000, 0x00000000a2700000| Untracked 
|  40|0x00000000a2800000, 0x00000000a2800000, 0x00000000a2900000|  0%| F|  |TAMS 0x00000000a2800000, 0x00000000a2800000| Untracked 
|  41|0x00000000a2900000, 0x00000000a2900000, 0x00000000a2a00000|  0%| F|  |TAMS 0x00000000a2900000, 0x00000000a2900000| Untracked 
|  42|0x00000000a2a00000, 0x00000000a2a00000, 0x00000000a2b00000|  0%| F|  |TAMS 0x00000000a2a00000, 0x00000000a2a00000| Untracked 
|  43|0x00000000a2b00000, 0x00000000a2b00000, 0x00000000a2c00000|  0%| F|  |TAMS 0x00000000a2b00000, 0x00000000a2b00000| Untracked 
|  44|0x00000000a2c00000, 0x00000000a2c00000, 0x00000000a2d00000|  0%| F|  |TAMS 0x00000000a2c00000, 0x00000000a2c00000| Untracked 
|  45|0x00000000a2d00000, 0x00000000a2d00000, 0x00000000a2e00000|  0%| F|  |TAMS 0x00000000a2d00000, 0x00000000a2d00000| Untracked 
|  46|0x00000000a2e00000, 0x00000000a2e00000, 0x00000000a2f00000|  0%| F|  |TAMS 0x00000000a2e00000, 0x00000000a2e00000| Untracked 
|  47|0x00000000a2f00000, 0x00000000a2f00000, 0x00000000a3000000|  0%| F|  |TAMS 0x00000000a2f00000, 0x00000000a2f00000| Untracked 
|  48|0x00000000a3000000, 0x00000000a3000000, 0x00000000a3100000|  0%| F|  |TAMS 0x00000000a3000000, 0x00000000a3000000| Untracked 
|  49|0x00000000a3100000, 0x00000000a3100000, 0x00000000a3200000|  0%| F|  |TAMS 0x00000000a3100000, 0x00000000a3100000| Untracked 
|  50|0x00000000a3200000, 0x00000000a3200000, 0x00000000a3300000|  0%| F|  |TAMS 0x00000000a3200000, 0x00000000a3200000| Untracked 
|  51|0x00000000a3300000, 0x00000000a3300000, 0x00000000a3400000|  0%| F|  |TAMS 0x00000000a3300000, 0x00000000a3300000| Untracked 
|  52|0x00000000a3400000, 0x00000000a3400000, 0x00000000a3500000|  0%| F|  |TAMS 0x00000000a3400000, 0x00000000a3400000| Untracked 
|  53|0x00000000a3500000, 0x00000000a3500000, 0x00000000a3600000|  0%| F|  |TAMS 0x00000000a3500000, 0x00000000a3500000| Untracked 
|  54|0x00000000a3600000, 0x00000000a3600000, 0x00000000a3700000|  0%| F|  |TAMS 0x00000000a3600000, 0x00000000a3600000| Untracked 
|  69|0x00000000a4500000, 0x00000000a4500000, 0x00000000a4600000|  0%| F|  |TAMS 0x00000000a4500000, 0x00000000a4500000| Untracked 
|  70|0x00000000a4600000, 0x00000000a4600000, 0x00000000a4700000|  0%| F|  |TAMS 0x00000000a4600000, 0x00000000a4600000| Untracked 
|  71|0x00000000a4700000, 0x00000000a4700000, 0x00000000a4800000|  0%| F|  |TAMS 0x00000000a4700000, 0x00000000a4700000| Untracked 
|  72|0x00000000a4800000, 0x00000000a4800000, 0x00000000a4900000|  0%| F|  |TAMS 0x00000000a4800000, 0x00000000a4800000| Untracked 
|  73|0x00000000a4900000, 0x00000000a49e0070, 0x00000000a4a00000| 87%| E|  |TAMS 0x00000000a4900000, 0x00000000a4900000| Complete 
|  74|0x00000000a4a00000, 0x00000000a4b00000, 0x00000000a4b00000|100%| E|CS|TAMS 0x00000000a4a00000, 0x00000000a4a00000| Complete 
|  75|0x00000000a4b00000, 0x00000000a4c00000, 0x00000000a4c00000|100%| E|CS|TAMS 0x00000000a4b00000, 0x00000000a4b00000| Complete 
|  76|0x00000000a4c00000, 0x00000000a4d00000, 0x00000000a4d00000|100%| E|CS|TAMS 0x00000000a4c00000, 0x00000000a4c00000| Complete 
| 123|0x00000000a7b00000, 0x00000000a7c00000, 0x00000000a7c00000|100%| E|CS|TAMS 0x00000000a7b00000, 0x00000000a7b00000| Complete 

Card table byte_map: [0x0000022e79b90000,0x0000022e79e90000] _byte_map_base: 0x0000022e79690000

Marking Bits (Prev, Next): (CMBitMap*) 0x0000022e760ec560, (CMBitMap*) 0x0000022e760ec520
 Prev Bits: [0x0000022e7b990000, 0x0000022e7d190000)
 Next Bits: [0x0000022e7a190000, 0x0000022e7b990000)

Polling page: 0x0000022e73ff0000

Metaspace:

Usage:
  Non-class:     23.13 MB used.
      Class:      3.53 MB used.
       Both:     26.66 MB used.

Virtual space:
  Non-class space:       24.00 MB reserved,      23.31 MB ( 97%) committed,  3 nodes.
      Class space:        1.00 GB reserved,       3.62 MB ( <1%) committed,  1 nodes.
             Both:        1.02 GB reserved,      26.94 MB (  3%) committed. 

Chunk freelists:
   Non-Class:  160.00 KB
       Class:  192.00 KB
        Both:  352.00 KB

MaxMetaspaceSize: unlimited
CompressedClassSpaceSize: 1.00 GB
Initial GC threshold: 21.00 MB
Current GC threshold: 35.12 MB
CDS: off
MetaspaceReclaimPolicy: balanced
 - commit_granule_bytes: 65536.
 - commit_granule_words: 8192.
 - virtual_space_node_default_size: 1048576.
 - enlarge_chunks_in_place: 1.
 - new_chunks_are_fully_committed: 0.
 - uncommit_free_chunks: 1.
 - use_allocation_guard: 0.
 - handle_deallocations: 1.


Internal statistics:

num_allocs_failed_limit: 3.
num_arena_births: 202.
num_arena_deaths: 0.
num_vsnodes_births: 4.
num_vsnodes_deaths: 0.
num_space_committed: 431.
num_space_uncommitted: 0.
num_chunks_returned_to_freelist: 3.
num_chunks_taken_from_freelist: 850.
num_chunk_merges: 3.
num_chunk_splits: 562.
num_chunks_enlarged: 418.
num_purges: 0.
num_inconsistent_stats: 0.

CodeHeap 'non-profiled nmethods': size=120000Kb used=1398Kb max_used=1398Kb free=118601Kb
 bounds [0x0000022e07ad0000, 0x0000022e07d40000, 0x0000022e0f000000]
CodeHeap 'profiled nmethods': size=120000Kb used=4925Kb max_used=4925Kb free=115074Kb
 bounds [0x0000022e00000000, 0x0000022e004d0000, 0x0000022e07530000]
CodeHeap 'non-nmethods': size=5760Kb used=1236Kb max_used=1279Kb free=4523Kb
 bounds [0x0000022e07530000, 0x0000022e077a0000, 0x0000022e07ad0000]
 total_blobs=2957 nmethods=2424 adapters=445
 compilation: enabled
              stopped_count=0, restarted_count=0
 full_count=0

Compilation events (20 events):
Event: 3.581 Thread 0x0000022e0f827880 2416       4       jdk.internal.perf.PerfCounter::getParentDelegationTime (4 bytes)
Event: 3.581 Thread 0x0000022e105d8540 2417       4       jdk.internal.perf.PerfCounter::getFindClassTime (4 bytes)
Event: 3.581 Thread 0x0000022e0f827880 nmethod 2416 0x0000022e07c2c910 code [0x0000022e07c2ca80, 0x0000022e07c2cad8]
Event: 3.581 Thread 0x0000022e105d8540 nmethod 2417 0x0000022e07c2cc10 code [0x0000022e07c2cd80, 0x0000022e07c2cdd8]
Event: 3.581 Thread 0x0000022e0f827880 2418       4       jdk.internal.perf.PerfCounter::getFindClasses (4 bytes)
Event: 3.581 Thread 0x0000022e0f827880 nmethod 2418 0x0000022e07c2cf10 code [0x0000022e07c2d080, 0x0000022e07c2d0d8]
Event: 3.595 Thread 0x0000022e0f828270 2419       3       java.util.concurrent.locks.AbstractQueuedSynchronizer::signalNext (34 bytes)
Event: 3.596 Thread 0x0000022e0f828270 nmethod 2419 0x0000022e004cb210 code [0x0000022e004cb3e0, 0x0000022e004cb698]
Event: 3.598 Thread 0x0000022e0f828270 2420       3       java.lang.reflect.Constructor::getRoot (5 bytes)
Event: 3.598 Thread 0x0000022e0f828270 nmethod 2420 0x0000022e004cb810 code [0x0000022e004cb9a0, 0x0000022e004cbab8]
Event: 3.614 Thread 0x0000022e0f828270 2421       3       com.google.common.base.CharMatcher$IsEither::matches (22 bytes)
Event: 3.614 Thread 0x0000022e0f827880 2422       4       com.google.common.base.CharMatcher::indexIn (48 bytes)
Event: 3.614 Thread 0x0000022e0f828270 nmethod 2421 0x0000022e004cbb90 code [0x0000022e004cbd20, 0x0000022e004cbed8]
Event: 3.616 Thread 0x0000022e0f828270 2423       3       java.util.Collections$UnmodifiableCollection::size (10 bytes)
Event: 3.617 Thread 0x0000022e0f828270 nmethod 2423 0x0000022e004cbf90 code [0x0000022e004cc140, 0x0000022e004cc308]
Event: 3.617 Thread 0x0000022e0f828270 2424       3       java.util.Collections$UnmodifiableList::get (11 bytes)
Event: 3.617 Thread 0x0000022e0f828270 nmethod 2424 0x0000022e004cc410 code [0x0000022e004cc5c0, 0x0000022e004cc788]
Event: 3.617 Thread 0x0000022e0f828270 2425       1       org.gradle.api.internal.file.pattern.EndOfPathMatcher::getMaxSegments (2 bytes)
Event: 3.617 Thread 0x0000022e0f828270 nmethod 2425 0x0000022e07c2d210 code [0x0000022e07c2d3a0, 0x0000022e07c2d478]
Event: 3.617 Thread 0x0000022e0f828270 2426       3       org.gradle.api.internal.file.pattern.PatternMatcherFactory::compile (117 bytes)

GC Heap History (8 events):
Event: 0.993 GC heap before
{Heap before GC invocations=0 (full 0):
 garbage-first heap   total 126976K, used 28672K [0x00000000a0000000, 0x0000000100000000)
  region size 1024K, 23 young (23552K), 0 survivors (0K)
 Metaspace       used 10269K, committed 10432K, reserved 1064960K
  class space    used 1061K, committed 1152K, reserved 1048576K
}
Event: 0.999 GC heap after
{Heap after GC invocations=1 (full 0):
 garbage-first heap   total 126976K, used 9704K [0x00000000a0000000, 0x0000000100000000)
  region size 1024K, 3 young (3072K), 3 survivors (3072K)
 Metaspace       used 10269K, committed 10432K, reserved 1064960K
  class space    used 1061K, committed 1152K, reserved 1048576K
}
Event: 1.456 GC heap before
{Heap before GC invocations=1 (full 0):
 garbage-first heap   total 126976K, used 38376K [0x00000000a0000000, 0x0000000100000000)
  region size 1024K, 31 young (31744K), 3 survivors (3072K)
 Metaspace       used 11232K, committed 11392K, reserved 1064960K
  class space    used 1163K, committed 1280K, reserved 1048576K
}
Event: 1.460 GC heap after
{Heap after GC invocations=2 (full 0):
 garbage-first heap   total 126976K, used 13005K [0x00000000a0000000, 0x0000000100000000)
  region size 1024K, 4 young (4096K), 4 survivors (4096K)
 Metaspace       used 11232K, committed 11392K, reserved 1064960K
  class space    used 1163K, committed 1280K, reserved 1048576K
}
Event: 2.627 GC heap before
{Heap before GC invocations=2 (full 0):
 garbage-first heap   total 126976K, used 56013K [0x00000000a0000000, 0x0000000100000000)
  region size 1024K, 47 young (48128K), 4 survivors (4096K)
 Metaspace       used 21341K, committed 21504K, reserved 1073152K
  class space    used 2597K, committed 2688K, reserved 1048576K
}
Event: 2.634 GC heap after
{Heap after GC invocations=3 (full 0):
 garbage-first heap   total 126976K, used 17685K [0x00000000a0000000, 0x0000000100000000)
  region size 1024K, 8 young (8192K), 8 survivors (8192K)
 Metaspace       used 21341K, committed 21504K, reserved 1073152K
  class space    used 2597K, committed 2688K, reserved 1048576K
}
Event: 3.491 GC heap before
{Heap before GC invocations=4 (full 0):
 garbage-first heap   total 65536K, used 48405K [0x00000000a0000000, 0x0000000100000000)
  region size 1024K, 38 young (38912K), 8 survivors (8192K)
 Metaspace       used 26371K, committed 26624K, reserved 1073152K
  class space    used 3455K, committed 3584K, reserved 1048576K
}
Event: 3.499 GC heap after
{Heap after GC invocations=5 (full 0):
 garbage-first heap   total 65536K, used 20102K [0x00000000a0000000, 0x0000000100000000)
  region size 1024K, 3 young (3072K), 3 survivors (3072K)
 Metaspace       used 26371K, committed 26624K, reserved 1073152K
  class space    used 3455K, committed 3584K, reserved 1048576K
}

Dll operation events (2 events):
Event: 0.047 Loaded shared library C:\Program Files\Android\Android Studio\jbr\bin\java.dll
Event: 0.644 Loaded shared library C:\Program Files\Android\Android Studio\jbr\bin\verify.dll

Deoptimization events (20 events):
Event: 3.081 Thread 0x0000022e11121400 DEOPT PACKING pc=0x0000022e07be156c sp=0x000000aa17dfaa00
Event: 3.081 Thread 0x0000022e11121400 DEOPT UNPACKING pc=0x0000022e0758a1a3 sp=0x000000aa17dfa938 mode 2
Event: 3.081 Thread 0x0000022e11121400 Uncommon trap: trap_request=0xffffff45 fr.pc=0x0000022e07be0cdc relative=0x000000000000035c
Event: 3.081 Thread 0x0000022e11121400 Uncommon trap: reason=unstable_if action=reinterpret pc=0x0000022e07be0cdc method=java.util.HashMap.getNode(Ljava/lang/Object;)Ljava/util/HashMap$Node; @ 131 c2
Event: 3.081 Thread 0x0000022e11121400 DEOPT PACKING pc=0x0000022e07be0cdc sp=0x000000aa17dfaa00
Event: 3.081 Thread 0x0000022e11121400 DEOPT UNPACKING pc=0x0000022e0758a1a3 sp=0x000000aa17dfa940 mode 2
Event: 3.081 Thread 0x0000022e11121400 Uncommon trap: trap_request=0xffffff45 fr.pc=0x0000022e07b07e04 relative=0x0000000000000244
Event: 3.081 Thread 0x0000022e11121400 Uncommon trap: reason=unstable_if action=reinterpret pc=0x0000022e07b07e04 method=java.util.HashMap.getNode(Ljava/lang/Object;)Ljava/util/HashMap$Node; @ 66 c2
Event: 3.081 Thread 0x0000022e11121400 DEOPT PACKING pc=0x0000022e07b07e04 sp=0x000000aa17dfa9b0
Event: 3.081 Thread 0x0000022e11121400 DEOPT UNPACKING pc=0x0000022e0758a1a3 sp=0x000000aa17dfa940 mode 2
Event: 3.104 Thread 0x0000022e11121400 Uncommon trap: trap_request=0xffffff45 fr.pc=0x0000022e07b81580 relative=0x00000000000003c0
Event: 3.104 Thread 0x0000022e11121400 Uncommon trap: reason=unstable_if action=reinterpret pc=0x0000022e07b81580 method=java.util.concurrent.ConcurrentHashMap.get(Ljava/lang/Object;)Ljava/lang/Object; @ 76 c2
Event: 3.104 Thread 0x0000022e11121400 DEOPT PACKING pc=0x0000022e07b81580 sp=0x000000aa17df9e80
Event: 3.104 Thread 0x0000022e11121400 DEOPT UNPACKING pc=0x0000022e0758a1a3 sp=0x000000aa17df9df8 mode 2
Event: 3.267 Thread 0x0000022e11121400 DEOPT PACKING pc=0x0000022e000c82fa sp=0x000000aa17df93b0
Event: 3.267 Thread 0x0000022e11121400 DEOPT UNPACKING pc=0x0000022e0758ace3 sp=0x000000aa17df8900 mode 0
Event: 3.612 Thread 0x0000022e11121400 Uncommon trap: trap_request=0xffffff76 fr.pc=0x0000022e07c17bf4 relative=0x0000000000000154
Event: 3.612 Thread 0x0000022e11121400 Uncommon trap: reason=predicate action=maybe_recompile pc=0x0000022e07c17bf4 method=com.google.common.base.CharMatcher.indexIn(Ljava/lang/CharSequence;I)I @ 19 c2
Event: 3.612 Thread 0x0000022e11121400 DEOPT PACKING pc=0x0000022e07c17bf4 sp=0x000000aa17dfb490
Event: 3.612 Thread 0x0000022e11121400 DEOPT UNPACKING pc=0x0000022e0758a1a3 sp=0x000000aa17dfb420 mode 2

Classes unloaded (0 events):
No events

Classes redefined (0 events):
No events

Internal exceptions (20 events):
Event: 2.425 Thread 0x0000022e11121400 Exception <a 'java/lang/NoSuchMethodError'{0x00000000a5718d50}: 'java.lang.Object java.lang.invoke.Invokers$Holder.linkToTargetMethod(java.lang.Object, java.lang.Object, int, java.lang.Object)'> (0x00000000a5718d50) 
thrown [s\src\hotspot\share\interpreter\linkResolver.cpp, line 771]
Event: 2.596 Thread 0x0000022e11121400 Exception <a 'java/lang/NoSuchMethodError'{0x00000000a4f4ee20}: 'java.lang.Object java.lang.invoke.DirectMethodHandle$Holder.newInvokeSpecial(java.lang.Object, java.lang.Object, java.lang.Object, java.lang.Object, java.lang.Object, java.lang.Object)'> (0x00000000a4f4ee20) 
thrown [s\src\hotspot\share\interpreter\linkResolver.cpp, line 771]
Event: 2.731 Thread 0x0000022e11121400 Exception <a 'java/lang/NoSuchMethodError'{0x00000000a3371e58}: 'int java.lang.invoke.DirectMethodHandle$Holder.invokeSpecialIFC(java.lang.Object, java.lang.Object, java.lang.Object, java.lang.Object)'> (0x00000000a3371e58) 
thrown [s\src\hotspot\share\interpreter\linkResolver.cpp, line 771]
Event: 2.732 Thread 0x0000022e11121400 Exception <a 'java/lang/NoSuchMethodError'{0x00000000a3380eb0}: 'java.lang.Object java.lang.invoke.DirectMethodHandle$Holder.invokeInterface(java.lang.Object, java.lang.Object, java.lang.Object)'> (0x00000000a3380eb0) 
thrown [s\src\hotspot\share\interpreter\linkResolver.cpp, line 771]
Event: 2.733 Thread 0x0000022e11121400 Exception <a 'java/lang/IncompatibleClassChangeError'{0x00000000a3384d88}: Found class java.lang.Object, but interface was expected> (0x00000000a3384d88) 
thrown [s\src\hotspot\share\interpreter\linkResolver.cpp, line 838]
Event: 2.789 Thread 0x0000022e11121400 Exception <a 'java/lang/NoSuchMethodError'{0x00000000a3059450}: 'int java.lang.invoke.DirectMethodHandle$Holder.invokeStatic(java.lang.Object, java.lang.Object, java.lang.Object, java.lang.Object)'> (0x00000000a3059450) 
thrown [s\src\hotspot\share\interpreter\linkResolver.cpp, line 771]
Event: 2.789 Thread 0x0000022e11121400 Exception <a 'java/lang/NoSuchMethodError'{0x00000000a305d598}: 'java.lang.Object java.lang.invoke.Invokers$Holder.invokeExact_MT(java.lang.Object, java.lang.Object, java.lang.Object, java.lang.Object, java.lang.Object, java.lang.Object)'> (0x00000000a305d598) 
thrown [s\src\hotspot\share\interpreter\linkResolver.cpp, line 771]
Event: 2.806 Thread 0x0000022e11121400 Exception <a 'java/lang/NoSuchMethodError'{0x00000000a2f045b0}: 'java.lang.Object java.lang.invoke.DirectMethodHandle$Holder.invokeInterface(java.lang.Object, java.lang.Object)'> (0x00000000a2f045b0) 
thrown [s\src\hotspot\share\interpreter\linkResolver.cpp, line 771]
Event: 2.847 Thread 0x0000022e11121400 Exception <a 'java/lang/NoSuchMethodError'{0x00000000a2eb3e90}: 'void java.lang.invoke.DirectMethodHandle$Holder.invokeSpecial(java.lang.Object, java.lang.Object, java.lang.Object, java.lang.Object, java.lang.Object)'> (0x00000000a2eb3e90) 
thrown [s\src\hotspot\share\interpreter\linkResolver.cpp, line 771]
Event: 2.894 Thread 0x0000022e11121400 Exception <a 'java/lang/NoSuchMethodError'{0x00000000a2c19b88}: 'java.lang.Object java.lang.invoke.DirectMethodHandle$Holder.invokeSpecial(java.lang.Object, java.lang.Object, java.lang.Object, java.lang.Object, java.lang.Object, java.lang.Object, java.lang.Object, java.lang.Object, java.lang.Object)'> (0x00000000a2c19b88) 
thrown [s\src\hotspot\share\interpreter\linkResolver.cpp, line 771]
Event: 3.010 Thread 0x0000022e11121400 Exception <a 'java/lang/NoSuchMethodError'{0x00000000a284f3f0}: 'void java.lang.invoke.DirectMethodHandle$Holder.invokeStatic(java.lang.Object, java.lang.Object)'> (0x00000000a284f3f0) 
thrown [s\src\hotspot\share\interpreter\linkResolver.cpp, line 771]
Event: 3.021 Thread 0x0000022e11121400 Exception <a 'java/lang/NoSuchMethodError'{0x00000000a2892338}: 'java.lang.Object java.lang.invoke.DirectMethodHandle$Holder.invokeVirtual(java.lang.Object, java.lang.Object, java.lang.Object, java.lang.Object)'> (0x00000000a2892338) 
thrown [s\src\hotspot\share\interpreter\linkResolver.cpp, line 771]
Event: 3.095 Thread 0x0000022e11121400 Exception <a 'java/lang/NoSuchMethodError'{0x00000000a26da2b0}: 'java.lang.Object java.lang.invoke.DirectMethodHandle$Holder.newInvokeSpecial(java.lang.Object, java.lang.Object, java.lang.Object, java.lang.Object, java.lang.Object)'> (0x00000000a26da2b0) 
thrown [s\src\hotspot\share\interpreter\linkResolver.cpp, line 771]
Event: 3.151 Thread 0x0000022e11121400 Exception <a 'java/lang/NoSuchMethodError'{0x00000000a24da780}: 'void java.lang.invoke.DirectMethodHandle$Holder.invokeSpecial(java.lang.Object, java.lang.Object, java.lang.Object, java.lang.Object, java.lang.Object, java.lang.Object)'> (0x00000000a24da780) 
thrown [s\src\hotspot\share\interpreter\linkResolver.cpp, line 771]
Event: 3.159 Thread 0x0000022e11121400 Exception <a 'java/lang/NoSuchMethodError'{0x00000000a2315ca0}: 'java.lang.Object java.lang.invoke.DirectMethodHandle$Holder.newInvokeSpecial(java.lang.Object, java.lang.Object, java.lang.Object, java.lang.Object, java.lang.Object, java.lang.Object, java.lang.Object)'> (0x00000000a2315ca0) 
thrown [s\src\hotspot\share\interpreter\linkResolver.cpp, line 771]
Event: 3.159 Thread 0x0000022e11121400 Exception <a 'java/lang/NoSuchMethodError'{0x00000000a231a970}: 'java.lang.Object java.lang.invoke.Invokers$Holder.linkToTargetMethod(java.lang.Object, java.lang.Object, java.lang.Object, java.lang.Object, java.lang.Object, java.lang.Object, java.lang.Object)'> (0x00000000a231a970) 
thrown [s\src\hotspot\share\interpreter\linkResolver.cpp, line 771]
Event: 3.180 Thread 0x0000022e11121400 Exception <a 'java/lang/NoSuchMethodError'{0x00000000a23d3490}: 'void java.lang.invoke.DirectMethodHandle$Holder.invokeSpecial(java.lang.Object, java.lang.Object, java.lang.Object, java.lang.Object, java.lang.Object, java.lang.Object, java.lang.Object)'> (0x00000000a23d3490) 
thrown [s\src\hotspot\share\interpreter\linkResolver.cpp, line 771]
Event: 3.217 Thread 0x0000022e11121400 Exception <a 'java/lang/NoSuchMethodError'{0x00000000a21684a0}: 'java.lang.Object java.lang.invoke.DirectMethodHandle$Holder.invokeVirtual(java.lang.Object, java.lang.Object, java.lang.Object, java.lang.Object, java.lang.Object, java.lang.Object, java.lang.Object, java.lang.Object, java.lang.Object, java.lang.Object, java.lang.Object, java.lang.Object, java.lang.Object, java.lang.Object, java.lang.Object, java.lang.Object, java.lang.Object, java.lang.Object, java.lang.Object, java.lang.Object, java.lang.Ob
Event: 3.328 Thread 0x0000022e11121400 Exception <a 'java/lang/NoSuchMethodError'{0x00000000a1d6d530}: 'int java.lang.invoke.DirectMethodHandle$Holder.invokeStaticInit(java.lang.Object, java.lang.Object, java.lang.Object)'> (0x00000000a1d6d530) 
thrown [s\src\hotspot\share\interpreter\linkResolver.cpp, line 771]
Event: 3.512 Thread 0x0000022e11121400 Exception <a 'java/lang/NoSuchMethodError'{0x00000000a7b61070}: 'void java.lang.invoke.DirectMethodHandle$Holder.invokeStaticInit(java.lang.Object, java.lang.Object)'> (0x00000000a7b61070) 
thrown [s\src\hotspot\share\interpreter\linkResolver.cpp, line 771]

VM Operations (20 events):
Event: 2.079 Executing VM operation: HandshakeAllThreads
Event: 2.080 Executing VM operation: HandshakeAllThreads done
Event: 2.578 Executing VM operation: HandshakeAllThreads
Event: 2.578 Executing VM operation: HandshakeAllThreads done
Event: 2.578 Executing VM operation: Cleanup
Event: 2.578 Executing VM operation: Cleanup done
Event: 2.578 Executing VM operation: HandshakeAllThreads
Event: 2.578 Executing VM operation: HandshakeAllThreads done
Event: 2.606 Executing VM operation: HandshakeAllThreads
Event: 2.606 Executing VM operation: HandshakeAllThreads done
Event: 2.606 Executing VM operation: HandshakeAllThreads
Event: 2.606 Executing VM operation: HandshakeAllThreads done
Event: 2.627 Executing VM operation: CollectForMetadataAllocation
Event: 2.634 Executing VM operation: CollectForMetadataAllocation done
Event: 2.640 Executing VM operation: G1Concurrent
Event: 2.641 Executing VM operation: G1Concurrent done
Event: 2.643 Executing VM operation: G1Concurrent
Event: 2.645 Executing VM operation: G1Concurrent done
Event: 3.491 Executing VM operation: G1CollectForAllocation
Event: 3.499 Executing VM operation: G1CollectForAllocation done

Events (20 events):
Event: 3.173 loading class java/util/ConcurrentModificationException
Event: 3.173 loading class java/util/ConcurrentModificationException done
Event: 3.314 loading class java/util/concurrent/atomic/AtomicReferenceFieldUpdater
Event: 3.314 loading class java/util/concurrent/atomic/AtomicReferenceFieldUpdater done
Event: 3.314 loading class java/util/concurrent/atomic/AtomicReferenceFieldUpdater$AtomicReferenceFieldUpdaterImpl
Event: 3.314 loading class java/util/concurrent/atomic/AtomicReferenceFieldUpdater$AtomicReferenceFieldUpdaterImpl done
Event: 3.314 loading class java/util/concurrent/atomic/AtomicReferenceFieldUpdater$AtomicReferenceFieldUpdaterImpl$1
Event: 3.315 loading class java/util/concurrent/atomic/AtomicReferenceFieldUpdater$AtomicReferenceFieldUpdaterImpl$1 done
Event: 3.315 loading class sun/reflect/misc/ReflectUtil
Event: 3.315 loading class sun/reflect/misc/ReflectUtil done
Event: 3.458 loading class java/util/DualPivotQuicksort
Event: 3.462 loading class java/util/DualPivotQuicksort done
Event: 3.594 loading class java/util/function/UnaryOperator
Event: 3.594 loading class java/util/function/UnaryOperator done
Event: 3.604 loading class java/util/concurrent/CancellationException
Event: 3.604 loading class java/util/concurrent/CancellationException done
Event: 3.605 loading class java/util/concurrent/TimeoutException
Event: 3.605 loading class java/util/concurrent/TimeoutException done
Event: 3.609 loading class java/util/ServiceConfigurationError
Event: 3.609 loading class java/util/ServiceConfigurationError done


Dynamic libraries:
0x00007ff640b40000 - 0x00007ff640b4a000 	C:\Program Files\Android\Android Studio\jbr\bin\java.exe
0x00007ff9153f0000 - 0x00007ff915607000 	C:\WINDOWS\SYSTEM32\ntdll.dll
0x00007ff9142d0000 - 0x00007ff914394000 	C:\WINDOWS\System32\KERNEL32.DLL
0x00007ff912a00000 - 0x00007ff912da7000 	C:\WINDOWS\System32\KERNELBASE.dll
0x00007ff912770000 - 0x00007ff912881000 	C:\WINDOWS\System32\ucrtbase.dll
0x00007ff8fe020000 - 0x00007ff8fe037000 	C:\Program Files\Android\Android Studio\jbr\bin\jli.dll
0x00007ff913470000 - 0x00007ff91361e000 	C:\WINDOWS\System32\USER32.dll
0x00007ff912890000 - 0x00007ff9128b6000 	C:\WINDOWS\System32\win32u.dll
0x00007ff8fd7e0000 - 0x00007ff8fd7fb000 	C:\Program Files\Android\Android Studio\jbr\bin\VCRUNTIME140.dll
0x00007ff914db0000 - 0x00007ff914dd9000 	C:\WINDOWS\System32\GDI32.dll
0x00007ff913030000 - 0x00007ff913149000 	C:\WINDOWS\System32\gdi32full.dll
0x00007ff912e20000 - 0x00007ff912eba000 	C:\WINDOWS\System32\msvcp_win.dll
0x00007ff8ea730000 - 0x00007ff8ea9c3000 	C:\WINDOWS\WinSxS\amd64_microsoft.windows.common-controls_6595b64144ccf1df_6.0.22621.2506_none_270c5ae97388e100\COMCTL32.dll
0x00007ff9139c0000 - 0x00007ff913a67000 	C:\WINDOWS\System32\msvcrt.dll
0x00007ff914d70000 - 0x00007ff914da1000 	C:\WINDOWS\System32\IMM32.DLL
0x00007ff8fd7d0000 - 0x00007ff8fd7dc000 	C:\Program Files\Android\Android Studio\jbr\bin\vcruntime140_1.dll
0x00007ff8fabd0000 - 0x00007ff8fac5d000 	C:\Program Files\Android\Android Studio\jbr\bin\msvcp140.dll
0x00007ff8fc1e0000 - 0x00007ff8fce4e000 	C:\Program Files\Android\Android Studio\jbr\bin\server\jvm.dll
0x00007ff914cc0000 - 0x00007ff914d70000 	C:\WINDOWS\System32\ADVAPI32.dll
0x00007ff914970000 - 0x00007ff914a16000 	C:\WINDOWS\System32\sechost.dll
0x00007ff914820000 - 0x00007ff914937000 	C:\WINDOWS\System32\RPCRT4.dll
0x00007ff8fe400000 - 0x00007ff8fe409000 	C:\WINDOWS\SYSTEM32\WSOCK32.dll
0x00007ff906200000 - 0x00007ff90620a000 	C:\WINDOWS\SYSTEM32\VERSION.dll
0x00007ff913340000 - 0x00007ff9133b1000 	C:\WINDOWS\System32\WS2_32.dll
0x00007ff907890000 - 0x00007ff9078c4000 	C:\WINDOWS\SYSTEM32\WINMM.dll
0x00007ff911710000 - 0x00007ff911728000 	C:\WINDOWS\SYSTEM32\kernel.appcore.dll
0x00007ff8fe3f0000 - 0x00007ff8fe3fa000 	C:\Program Files\Android\Android Studio\jbr\bin\jimage.dll
0x00007ff90ff90000 - 0x00007ff9101c3000 	C:\WINDOWS\SYSTEM32\DBGHELP.DLL
0x00007ff9143a0000 - 0x00007ff914729000 	C:\WINDOWS\System32\combase.dll
0x00007ff914730000 - 0x00007ff914807000 	C:\WINDOWS\System32\OLEAUT32.dll
0x00007ff8f57d0000 - 0x00007ff8f5802000 	C:\WINDOWS\SYSTEM32\dbgcore.DLL
0x00007ff9128c0000 - 0x00007ff91293a000 	C:\WINDOWS\System32\bcryptPrimitives.dll
0x00007ff8fe3c0000 - 0x00007ff8fe3e5000 	C:\Program Files\Android\Android Studio\jbr\bin\java.dll
0x00007ff8fe370000 - 0x00007ff8fe388000 	C:\Program Files\Android\Android Studio\jbr\bin\zip.dll
0x00007ff913a70000 - 0x00007ff9142c9000 	C:\WINDOWS\System32\SHELL32.dll
0x00007ff910690000 - 0x00007ff910f84000 	C:\WINDOWS\SYSTEM32\windows.storage.dll
0x00007ff910550000 - 0x00007ff91068e000 	C:\WINDOWS\SYSTEM32\wintypes.dll
0x00007ff9131c0000 - 0x00007ff9132b3000 	C:\WINDOWS\System32\SHCORE.dll
0x00007ff913960000 - 0x00007ff9139be000 	C:\WINDOWS\System32\shlwapi.dll
0x00007ff9126a0000 - 0x00007ff9126c6000 	C:\WINDOWS\SYSTEM32\profapi.dll
0x00007ff8fe1f0000 - 0x00007ff8fe209000 	C:\Program Files\Android\Android Studio\jbr\bin\net.dll
0x00007ff909d90000 - 0x00007ff909ec7000 	C:\WINDOWS\SYSTEM32\WINHTTP.dll
0x00007ff911bf0000 - 0x00007ff911c59000 	C:\WINDOWS\system32\mswsock.dll
0x00007ff8fe1d0000 - 0x00007ff8fe1e6000 	C:\Program Files\Android\Android Studio\jbr\bin\nio.dll
0x00007ff8fe3b0000 - 0x00007ff8fe3c0000 	C:\Program Files\Android\Android Studio\jbr\bin\verify.dll
0x00007ff8fd4e0000 - 0x00007ff8fd507000 	C:\Users\Butani Jeel\.gradle\native\e1d6ef7f7dcc3fd88c89a11ec53ec762bb8ba0a96d01ffa2cd45eb1d1d8dd5c5\windows-amd64\native-platform.dll
0x00007ff8fbff0000 - 0x00007ff8fc134000 	C:\Users\Butani Jeel\.gradle\native\0d407fdbe67a94daf76414ababcb853783967236a71b16ec16e742cd7a986fd3\windows-amd64\native-platform-file-events.dll
0x00007ff8fe360000 - 0x00007ff8fe369000 	C:\Program Files\Android\Android Studio\jbr\bin\management.dll
0x00007ff8fe340000 - 0x00007ff8fe34b000 	C:\Program Files\Android\Android Studio\jbr\bin\management_ext.dll
0x00007ff913150000 - 0x00007ff913158000 	C:\WINDOWS\System32\PSAPI.DLL
0x00007ff911e50000 - 0x00007ff911e6b000 	C:\WINDOWS\SYSTEM32\CRYPTSP.dll
0x00007ff9116d0000 - 0x00007ff911705000 	C:\WINDOWS\system32\rsaenh.dll
0x00007ff911ce0000 - 0x00007ff911d0c000 	C:\WINDOWS\SYSTEM32\USERENV.dll
0x00007ff912010000 - 0x00007ff912038000 	C:\WINDOWS\SYSTEM32\bcrypt.dll
0x00007ff911e40000 - 0x00007ff911e4c000 	C:\WINDOWS\SYSTEM32\CRYPTBASE.dll
0x00007ff911230000 - 0x00007ff91125d000 	C:\WINDOWS\SYSTEM32\IPHLPAPI.DLL
0x00007ff913160000 - 0x00007ff913169000 	C:\WINDOWS\System32\NSI.dll
0x00007ff909c20000 - 0x00007ff909c39000 	C:\WINDOWS\SYSTEM32\dhcpcsvc6.DLL
0x00007ff909c00000 - 0x00007ff909c1f000 	C:\WINDOWS\SYSTEM32\dhcpcsvc.DLL
0x00007ff911260000 - 0x00007ff911359000 	C:\WINDOWS\SYSTEM32\DNSAPI.dll
0x00007ff879e00000 - 0x00007ff879e08000 	C:\WINDOWS\system32\wshunix.dll

dbghelp: loaded successfully - version: 4.0.5 - missing functions: none
symbol engine: initialized successfully - sym options: 0x614 - pdb path: .;C:\Program Files\Android\Android Studio\jbr\bin;C:\WINDOWS\SYSTEM32;C:\WINDOWS\WinSxS\amd64_microsoft.windows.common-controls_6595b64144ccf1df_6.0.22621.2506_none_270c5ae97388e100;C:\Program Files\Android\Android Studio\jbr\bin\server;C:\Users\Butani Jeel\.gradle\native\e1d6ef7f7dcc3fd88c89a11ec53ec762bb8ba0a96d01ffa2cd45eb1d1d8dd5c5\windows-amd64;C:\Users\Butani Jeel\.gradle\native\0d407fdbe67a94daf76414ababcb853783967236a71b16ec16e742cd7a986fd3\windows-amd64

VM Arguments:
jvm_args: --add-opens=java.base/java.util=ALL-UNNAMED --add-opens=java.base/java.lang=ALL-UNNAMED --add-opens=java.base/java.lang.invoke=ALL-UNNAMED --add-opens=java.base/java.util=ALL-UNNAMED --add-opens=java.prefs/java.util.prefs=ALL-UNNAMED --add-opens=java.prefs/java.util.prefs=ALL-UNNAMED --add-opens=java.base/java.nio.charset=ALL-UNNAMED --add-opens=java.base/java.net=ALL-UNNAMED --add-opens=java.base/java.util.concurrent.atomic=ALL-UNNAMED -Xmx1536M -Dfile.encoding=windows-1252 -Duser.country=IN -Duser.language=en -Duser.variant 
java_command: org.gradle.launcher.daemon.bootstrap.GradleDaemon 7.5
java_class_path (initial): C:\Users\Butani Jeel\.gradle\wrapper\dists\gradle-7.5-all\6qsw290k5lz422uaf8jf6m7co\gradle-7.5\lib\gradle-launcher-7.5.jar
Launcher Type: SUN_STANDARD

[Global flags]
     intx CICompilerCount                          = 4                                         {product} {ergonomic}
     uint ConcGCThreads                            = 2                                         {product} {ergonomic}
     uint G1ConcRefinementThreads                  = 8                                         {product} {ergonomic}
   size_t G1HeapRegionSize                         = 1048576                                   {product} {ergonomic}
    uintx GCDrainStackTargetSize                   = 64                                        {product} {ergonomic}
   size_t InitialHeapSize                          = 130023424                                 {product} {ergonomic}
   size_t MarkStackSize                            = 4194304                                   {product} {ergonomic}
   size_t MaxHeapSize                              = 1610612736                                {product} {command line}
   size_t MaxNewSize                               = 965738496                                 {product} {ergonomic}
   size_t MinHeapDeltaBytes                        = 1048576                                   {product} {ergonomic}
   size_t MinHeapSize                              = 8388608                                   {product} {ergonomic}
    uintx NonNMethodCodeHeapSize                   = 5839372                                {pd product} {ergonomic}
    uintx NonProfiledCodeHeapSize                  = 122909434                              {pd product} {ergonomic}
    uintx ProfiledCodeHeapSize                     = 122909434                              {pd product} {ergonomic}
    uintx ReservedCodeCacheSize                    = 251658240                              {pd product} {ergonomic}
     bool SegmentedCodeCache                       = true                                      {product} {ergonomic}
   size_t SoftMaxHeapSize                          = 1610612736                             {manageable} {ergonomic}
     bool UseCompressedClassPointers               = true                           {product lp64_product} {ergonomic}
     bool UseCompressedOops                        = true                           {product lp64_product} {ergonomic}
     bool UseG1GC                                  = true                                      {product} {ergonomic}
     bool UseLargePagesIndividualAllocation        = false                                  {pd product} {ergonomic}

Logging:
Log output configuration:
 #0: stdout all=warning uptime,level,tags
 #1: stderr all=off uptime,level,tags

Environment Variables:
JAVA_HOME=C:\Program Files\Android\Android Studio\jbr
CLASSPATH=D:\Flutter\MU-CARD-APP-main\android\\gradle\wrapper\gradle-wrapper.jar
PATH=C:\Program Files\Android\Android Studio\jbr\bin;C:\WINDOWS\system32;C:\WINDOWS;C:\WINDOWS\System32\Wbem;C:\WINDOWS\System32\WindowsPowerShell\v1.0\;C:\WINDOWS\System32\OpenSSH\;C:\Program Files\dotnet\;C:\xampp;C:\Program Files\Git\cmd;C:\Program Files\Microsoft SQL Server\150\Tools\Binn\;C:\Program Files\Microsoft SQL Server\Client SDK\ODBC\170\Tools\Binn\;C:\Program Files (x86)\Microsoft SQL Server\150\Tools\Binn\;C:\Program Files (x86)\Microsoft SQL Server\150\DTS\Binn\;C:\Program Files\Microsoft SQL Server\150\DTS\Binn\;C:\Program Files (x86)\Microsoft SQL Server\Client SDK\ODBC\130\Tools\Binn\;C:\Program Files (x86)\Microsoft SQL Server\140\Tools\Binn\;C:\Program Files (x86)\Microsoft SQL Server\140\DTS\Binn\;C:\Program Files (x86)\Microsoft SQL Server\140\Tools\Binn\ManagementStudio\;C:\Program Files\nodejs\;C:\Users\Butani Jeel\AppData\Local\Pub\Cache\bin;C:\Users\Butani Jeel\AppData\Roaming\npm;C:\Program Files\MySQL\MySQL Shell 8.0\bin\;C:\Users\Butani Jeel\AppData\Local\Microsoft\WindowsApps;D:\dev and mul\jdk1.8.0_201\jdk1.8.0_201\bin;C:\Users\Butani Jeel\AppData\Local\GitHubDesktop\bin;C:\Users\Butani Jeel\.vscode\Microsoft VS Code\bin;D:\Flutter\install\flutter\bin;C:\Users\Butani Jeel\.dotnet\tools;C:\Users\Butani Jeel\AppData\Roaming\npm;D:\Flutter\install\flutter\bin\mingit\cmd;D:\Flutter\install\flutter\bin\mingit\cmd
USERNAME=Butani Jeel
OS=Windows_NT
PROCESSOR_IDENTIFIER=Intel64 Family 6 Model 140 Stepping 1, GenuineIntel
TMP=C:\Users\BUTANI~1\AppData\Local\Temp
TEMP=C:\Users\BUTANI~1\AppData\Local\Temp


JNI global refs:
JNI global refs: 24, weak refs: 0

JNI global refs memory usage: 843, weak refs: 841


---------------  S Y S T E M  ---------------

OS:
 Windows 11 , 64 bit Build 22621 (10.0.22621.2506)
OS uptime: 0 days 20:55 hours

CPU: total 8 (initial active 8) (4 cores per cpu, 2 threads per core) family 6 model 140 stepping 1 microcode 0xac, cx8, cmov, fxsr, ht, mmx, 3dnowpref, sse, sse2, sse3, ssse3, sse4.1, sse4.2, popcnt, lzcnt, tsc, tscinvbit, avx, avx2, aes, erms, clmul, bmi1, bmi2, adx, avx512f, avx512dq, avx512cd, avx512bw, avx512vl, sha, fma, vzeroupper, avx512_vpopcntdq, avx512_vpclmulqdq, avx512_vaes, avx512_vnni, clflush, clflushopt, clwb, avx512_vbmi2, avx512_vbmi

Memory: 4k page, system-wide physical 7934M (32M free)
TotalPageFile size 20734M (AvailPageFile size 1M)
current process WorkingSet (physical memory assigned to process): 175M, peak: 181M
current process commit charge ("private bytes"): 218M, peak: 258M

vm_info: OpenJDK 64-Bit Server VM (17.0.6+0-b2043.56-10027231) for windows-amd64 JRE (17.0.6+0-b2043.56-10027231), built on Apr 28 2023 00:43:19 by "androidbuild" with MS VC++ 16.10 / 16.11 (VS2019)

END.
