#
# There is insufficient memory for the Java Runtime Environment to continue.
# Native memory allocation (malloc) failed to allocate 947536 bytes for Chunk::new
# Possible reasons:
#   The system is out of physical RAM or swap space
#   The process is running with CompressedOops enabled, and the Java Heap may be blocking the growth of the native heap
# Possible solutions:
#   Reduce memory load on the system
#   Increase physical memory or swap space
#   Check if swap backing store is full
#   Decrease Java heap size (-Xmx/-Xms)
#   Decrease number of Java threads
#   Decrease Java thread stack sizes (-Xss)
#   Set larger code cache with -XX:ReservedCodeCacheSize=
#   JVM is running with Unscaled Compressed Oops mode in which the Java heap is
#     placed in the first 4GB address space. The Java Heap base address is the
#     maximum limit for the native heap growth. Please use -XX:HeapBaseMinAddress
#     to set the Java Heap base and to place the Java Heap above 4GB virtual address.
# This output file may be truncated or incomplete.
#
#  Out of Memory Error (arena.cpp:189), pid=11208, tid=8200
#
# JRE version: OpenJDK Runtime Environment (17.0.6) (build 17.0.6+0-b2043.56-10027231)
# Java VM: OpenJDK 64-Bit Server VM (17.0.6+0-b2043.56-10027231, mixed mode, tiered, compressed oops, compressed class ptrs, g1 gc, windows-amd64)
# No core dump will be written. Minidumps are not enabled by default on client versions of Windows
#

---------------  S U M M A R Y ------------

Command Line: org.jetbrains.kotlin.cli.jvm.K2JVMCompiler @D:\Flutter\mu_card_app_main\build\shared_preferences_android\20241129_12865550230849111974.compiler.options

Host: 11th Gen Intel(R) Core(TM) i5-1135G7 @ 2.40GHz, 8 cores, 7G,  Windows 11 , 64 bit Build 22621 (10.0.22621.4391)
Time: Fri Nov 29 12:17:54 2024 India Standard Time elapsed time: 23.192555 seconds (0d 0h 0m 23s)

---------------  T H R E A D  ---------------

Current thread (0x000001c6ad486bc0):  JavaThread "C2 CompilerThread1" daemon [_thread_in_native, id=8200, stack(0x0000007908b00000,0x0000007908c00000)]


Current CompileTask:
C2:  23192 6057   !   4       org.jetbrains.kotlin.metadata.ProtoBuf$ValueParameter::<init> (513 bytes)

Stack: [0x0000007908b00000,0x0000007908c00000]
Native frames: (J=compiled Java code, j=interpreted, Vv=VM code, C=native code)
V  [jvm.dll+0x683c9a]
V  [jvm.dll+0x8427a4]
V  [jvm.dll+0x843f9e]
V  [jvm.dll+0x844603]
V  [jvm.dll+0x249b75]
V  [jvm.dll+0xabcac]
V  [jvm.dll+0xac27c]
V  [jvm.dll+0x368802]
V  [jvm.dll+0x332f31]
V  [jvm.dll+0x3323da]
V  [jvm.dll+0x21c201]
V  [jvm.dll+0x21b621]
V  [jvm.dll+0x1a4fdd]
V  [jvm.dll+0x22b098]
V  [jvm.dll+0x229159]
V  [jvm.dll+0x7f81ec]
V  [jvm.dll+0x7f274a]
V  [jvm.dll+0x682ad5]
C  [ucrtbase.dll+0x29333]
C  [KERNEL32.DLL+0x1259d]
C  [ntdll.dll+0x5af38]


---------------  P R O C E S S  ---------------

Threads class SMR info:
_java_thread_list=0x000001c6abcada50, length=13, elements={
0x000001c691072990, 0x000001c6aac66560, 0x000001c6aac67f20, 0x000001c6ab83ab50,
0x000001c6ab83b500, 0x000001c6ab83beb0, 0x000001c6ab83e870, 0x000001c6ab83f550,
0x000001c6ab83fff0, 0x000001c6ab8409e0, 0x000001c6ab93ab20, 0x000001c6ab93d290,
0x000001c6ad486bc0
}

Java Threads: ( => current thread )
  0x000001c691072990 JavaThread "main" [_thread_in_Java, id=16296, stack(0x0000007906e00000,0x0000007906f00000)]
  0x000001c6aac66560 JavaThread "Reference Handler" daemon [_thread_blocked, id=20276, stack(0x0000007907600000,0x0000007907700000)]
  0x000001c6aac67f20 JavaThread "Finalizer" daemon [_thread_blocked, id=2024, stack(0x0000007907700000,0x0000007907800000)]
  0x000001c6ab83ab50 JavaThread "Signal Dispatcher" daemon [_thread_blocked, id=1912, stack(0x0000007907800000,0x0000007907900000)]
  0x000001c6ab83b500 JavaThread "Attach Listener" daemon [_thread_blocked, id=15180, stack(0x0000007907900000,0x0000007907a00000)]
  0x000001c6ab83beb0 JavaThread "Service Thread" daemon [_thread_blocked, id=20292, stack(0x0000007907a00000,0x0000007907b00000)]
  0x000001c6ab83e870 JavaThread "Monitor Deflation Thread" daemon [_thread_blocked, id=8912, stack(0x0000007907b00000,0x0000007907c00000)]
  0x000001c6ab83f550 JavaThread "C2 CompilerThread0" daemon [_thread_blocked, id=20460, stack(0x0000007907c00000,0x0000007907d00000)]
  0x000001c6ab83fff0 JavaThread "C1 CompilerThread0" daemon [_thread_blocked, id=16800, stack(0x0000007907d00000,0x0000007907e00000)]
  0x000001c6ab8409e0 JavaThread "Sweeper thread" daemon [_thread_blocked, id=4492, stack(0x0000007907e00000,0x0000007907f00000)]
  0x000001c6ab93ab20 JavaThread "Notification Thread" daemon [_thread_blocked, id=13724, stack(0x0000007907f00000,0x0000007908000000)]
  0x000001c6ab93d290 JavaThread "Common-Cleaner" daemon [_thread_blocked, id=14908, stack(0x0000007908100000,0x0000007908200000)]
=>0x000001c6ad486bc0 JavaThread "C2 CompilerThread1" daemon [_thread_in_native, id=8200, stack(0x0000007908b00000,0x0000007908c00000)]

Other Threads:
  0x000001c6aac61300 VMThread "VM Thread" [stack: 0x0000007907500000,0x0000007907600000] [id=14444]
  0x000001c6ab93d000 WatcherThread [stack: 0x0000007908000000,0x0000007908100000] [id=7996]
  0x000001c6910cd5f0 GCTaskThread "GC Thread#0" [stack: 0x0000007907000000,0x0000007907100000] [id=6076]
  0x000001c6abfcd120 GCTaskThread "GC Thread#1" [stack: 0x0000007908200000,0x0000007908300000] [id=2524]
  0x000001c6abfddfc0 GCTaskThread "GC Thread#2" [stack: 0x0000007908300000,0x0000007908400000] [id=20064]
  0x000001c6abfde270 GCTaskThread "GC Thread#3" [stack: 0x0000007908400000,0x0000007908500000] [id=4548]
  0x000001c6abfde520 GCTaskThread "GC Thread#4" [stack: 0x0000007908500000,0x0000007908600000] [id=5904]
  0x000001c6ac2d4f30 GCTaskThread "GC Thread#5" [stack: 0x0000007908600000,0x0000007908700000] [id=10204]
  0x000001c6ac2f5f40 GCTaskThread "GC Thread#6" [stack: 0x0000007908700000,0x0000007908800000] [id=14668]
  0x000001c6ad414120 GCTaskThread "GC Thread#7" [stack: 0x0000007908900000,0x0000007908a00000] [id=12888]
  0x000001c6910ddd30 ConcurrentGCThread "G1 Main Marker" [stack: 0x0000007907100000,0x0000007907200000] [id=20340]
  0x000001c6910e0650 ConcurrentGCThread "G1 Conc#0" [stack: 0x0000007907200000,0x0000007907300000] [id=13640]
  0x000001c6ac2f61f0 ConcurrentGCThread "G1 Conc#1" [stack: 0x0000007908800000,0x0000007908900000] [id=19032]
  0x000001c6aaab60d0 ConcurrentGCThread "G1 Refine#0" [stack: 0x0000007907300000,0x0000007907400000] [id=4112]
  0x000001c6ac2ac3b0 ConcurrentGCThread "G1 Refine#1" [stack: 0x0000007908a00000,0x0000007908b00000] [id=3356]
  0x000001c6aaab67a0 ConcurrentGCThread "G1 Service" [stack: 0x0000007907400000,0x0000007907500000] [id=17388]

Threads with active compile tasks:
C1 CompilerThread0    23210 6099       3       org.jetbrains.kotlin.fir.resolve.SupertypeSupplier$Default::forClass (48 bytes)
C2 CompilerThread1    23210 6057   !   4       org.jetbrains.kotlin.metadata.ProtoBuf$ValueParameter::<init> (513 bytes)

VM state: not at safepoint (normal execution)

VM Mutex/Monitor currently owned by a thread: None

Heap address: 0x0000000084000000, size: 1984 MB, Compressed Oops mode: 32-bit

CDS archive(s) not mapped
Compressed class space mapped at: 0x0000000100000000-0x0000000140000000, reserved size: 1073741824
Narrow klass base: 0x0000000000000000, Narrow klass shift: 3, Narrow klass range: 0x140000000

GC Precious Log:
 CPUs: 8 total, 8 available
 Memory: 7934M
 Large Page Support: Disabled
 NUMA Support: Disabled
 Compressed Oops: Enabled (32-bit)
 Heap Region Size: 1M
 Heap Min Capacity: 8M
 Heap Initial Capacity: 124M
 Heap Max Capacity: 1984M
 Pre-touch: Disabled
 Parallel Workers: 8
 Concurrent Workers: 2
 Concurrent Refinement Workers: 8
 Periodic GC: Disabled

Heap:
 garbage-first heap   total 65536K, used 46350K [0x0000000084000000, 0x0000000100000000)
  region size 1024K, 11 young (11264K), 2 survivors (2048K)
 Metaspace       used 61504K, committed 61824K, reserved 1105920K
  class space    used 7363K, committed 7488K, reserved 1048576K

Heap Regions: E=young(eden), S=young(survivor), O=old, HS=humongous(starts), HC=humongous(continues), CS=collection set, F=free, OA=open archive, CA=closed archive, TAMS=top-at-mark-start (previous, next)
|   0|0x0000000084000000, 0x0000000084100000, 0x0000000084100000|100%|HS|  |TAMS 0x0000000084100000, 0x0000000084000000| Complete 
|   1|0x0000000084100000, 0x0000000084200000, 0x0000000084200000|100%|HC|  |TAMS 0x0000000084200000, 0x0000000084100000| Complete 
|   2|0x0000000084200000, 0x0000000084300000, 0x0000000084300000|100%|HC|  |TAMS 0x0000000084300000, 0x0000000084200000| Complete 
|   3|0x0000000084300000, 0x0000000084400000, 0x0000000084400000|100%| O|  |TAMS 0x0000000084400000, 0x0000000084300000| Untracked 
|   4|0x0000000084400000, 0x0000000084500000, 0x0000000084500000|100%| O|  |TAMS 0x0000000084500000, 0x0000000084400000| Untracked 
|   5|0x0000000084500000, 0x0000000084600000, 0x0000000084600000|100%| O|  |TAMS 0x0000000084600000, 0x0000000084500000| Untracked 
|   6|0x0000000084600000, 0x0000000084700000, 0x0000000084700000|100%| O|  |TAMS 0x0000000084700000, 0x0000000084600000| Untracked 
|   7|0x0000000084700000, 0x0000000084800000, 0x0000000084800000|100%| O|  |TAMS 0x0000000084800000, 0x0000000084700000| Untracked 
|   8|0x0000000084800000, 0x0000000084900000, 0x0000000084900000|100%| O|  |TAMS 0x0000000084900000, 0x0000000084800000| Untracked 
|   9|0x0000000084900000, 0x0000000084a00000, 0x0000000084a00000|100%| O|  |TAMS 0x0000000084a00000, 0x0000000084900000| Untracked 
|  10|0x0000000084a00000, 0x0000000084b00000, 0x0000000084b00000|100%| O|  |TAMS 0x0000000084b00000, 0x0000000084a00000| Untracked 
|  11|0x0000000084b00000, 0x0000000084c00000, 0x0000000084c00000|100%| O|  |TAMS 0x0000000084c00000, 0x0000000084b00000| Untracked 
|  12|0x0000000084c00000, 0x0000000084d00000, 0x0000000084d00000|100%| O|  |TAMS 0x0000000084d00000, 0x0000000084c00000| Untracked 
|  13|0x0000000084d00000, 0x0000000084e00000, 0x0000000084e00000|100%| O|  |TAMS 0x0000000084e00000, 0x0000000084d00000| Untracked 
|  14|0x0000000084e00000, 0x0000000084f00000, 0x0000000084f00000|100%| O|  |TAMS 0x0000000084f00000, 0x0000000084e00000| Untracked 
|  15|0x0000000084f00000, 0x0000000085000000, 0x0000000085000000|100%| O|  |TAMS 0x0000000085000000, 0x0000000084f00000| Untracked 
|  16|0x0000000085000000, 0x0000000085100000, 0x0000000085100000|100%| O|  |TAMS 0x0000000085100000, 0x0000000085000000| Untracked 
|  17|0x0000000085100000, 0x0000000085200000, 0x0000000085200000|100%| O|  |TAMS 0x0000000085200000, 0x0000000085100000| Untracked 
|  18|0x0000000085200000, 0x0000000085300000, 0x0000000085300000|100%| O|  |TAMS 0x0000000085300000, 0x0000000085200000| Untracked 
|  19|0x0000000085300000, 0x0000000085400000, 0x0000000085400000|100%|HS|  |TAMS 0x0000000085400000, 0x0000000085300000| Complete 
|  20|0x0000000085400000, 0x0000000085500000, 0x0000000085500000|100%| O|  |TAMS 0x0000000085500000, 0x0000000085400000| Untracked 
|  21|0x0000000085500000, 0x0000000085600000, 0x0000000085600000|100%| O|  |TAMS 0x0000000085600000, 0x0000000085500000| Untracked 
|  22|0x0000000085600000, 0x0000000085700000, 0x0000000085700000|100%| O|  |TAMS 0x0000000085700000, 0x0000000085600000| Untracked 
|  23|0x0000000085700000, 0x0000000085800000, 0x0000000085800000|100%| O|  |TAMS 0x0000000085800000, 0x0000000085700000| Untracked 
|  24|0x0000000085800000, 0x0000000085900000, 0x0000000085900000|100%| O|  |TAMS 0x0000000085900000, 0x0000000085800000| Untracked 
|  25|0x0000000085900000, 0x0000000085a00000, 0x0000000085a00000|100%| O|  |TAMS 0x0000000085a00000, 0x0000000085900000| Untracked 
|  26|0x0000000085a00000, 0x0000000085b00000, 0x0000000085b00000|100%| O|  |TAMS 0x0000000085b00000, 0x0000000085a00000| Untracked 
|  27|0x0000000085b00000, 0x0000000085c00000, 0x0000000085c00000|100%| O|  |TAMS 0x0000000085c00000, 0x0000000085b00000| Untracked 
|  28|0x0000000085c00000, 0x0000000085d00000, 0x0000000085d00000|100%| O|  |TAMS 0x0000000085d00000, 0x0000000085c00000| Untracked 
|  29|0x0000000085d00000, 0x0000000085e00000, 0x0000000085e00000|100%| O|  |TAMS 0x0000000085e00000, 0x0000000085d00000| Untracked 
|  30|0x0000000085e00000, 0x0000000085f00000, 0x0000000085f00000|100%| O|  |TAMS 0x0000000085f00000, 0x0000000085e00000| Untracked 
|  31|0x0000000085f00000, 0x0000000086000000, 0x0000000086000000|100%| O|  |TAMS 0x0000000086000000, 0x0000000085f00000| Untracked 
|  32|0x0000000086000000, 0x0000000086100000, 0x0000000086100000|100%| O|  |TAMS 0x0000000086016c00, 0x0000000086000000| Untracked 
|  33|0x0000000086100000, 0x0000000086200000, 0x0000000086200000|100%| O|  |TAMS 0x0000000086100000, 0x0000000086100000| Untracked 
|  34|0x0000000086200000, 0x0000000086300000, 0x0000000086300000|100%| O|  |TAMS 0x0000000086200000, 0x0000000086200000| Untracked 
|  35|0x0000000086300000, 0x00000000863f1000, 0x0000000086400000| 94%| O|  |TAMS 0x0000000086300000, 0x0000000086300000| Untracked 
|  36|0x0000000086400000, 0x0000000086400000, 0x0000000086500000|  0%| F|  |TAMS 0x0000000086400000, 0x0000000086400000| Untracked 
|  37|0x0000000086500000, 0x0000000086500000, 0x0000000086600000|  0%| F|  |TAMS 0x0000000086500000, 0x0000000086500000| Untracked 
|  38|0x0000000086600000, 0x0000000086600000, 0x0000000086700000|  0%| F|  |TAMS 0x0000000086600000, 0x0000000086600000| Untracked 
|  39|0x0000000086700000, 0x0000000086700000, 0x0000000086800000|  0%| F|  |TAMS 0x0000000086700000, 0x0000000086700000| Untracked 
|  40|0x0000000086800000, 0x0000000086800000, 0x0000000086900000|  0%| F|  |TAMS 0x0000000086800000, 0x0000000086800000| Untracked 
|  41|0x0000000086900000, 0x0000000086900000, 0x0000000086a00000|  0%| F|  |TAMS 0x0000000086900000, 0x0000000086900000| Untracked 
|  42|0x0000000086a00000, 0x0000000086a00000, 0x0000000086b00000|  0%| F|  |TAMS 0x0000000086a00000, 0x0000000086a00000| Untracked 
|  43|0x0000000086b00000, 0x0000000086b00000, 0x0000000086c00000|  0%| F|  |TAMS 0x0000000086b00000, 0x0000000086b00000| Untracked 
|  44|0x0000000086c00000, 0x0000000086c00000, 0x0000000086d00000|  0%| F|  |TAMS 0x0000000086c00000, 0x0000000086c00000| Untracked 
|  45|0x0000000086d00000, 0x0000000086d00000, 0x0000000086e00000|  0%| F|  |TAMS 0x0000000086d00000, 0x0000000086d00000| Untracked 
|  46|0x0000000086e00000, 0x0000000086e00000, 0x0000000086f00000|  0%| F|  |TAMS 0x0000000086e00000, 0x0000000086e00000| Untracked 
|  47|0x0000000086f00000, 0x0000000086f00000, 0x0000000087000000|  0%| F|  |TAMS 0x0000000086f00000, 0x0000000086f00000| Untracked 
|  48|0x0000000087000000, 0x0000000087000000, 0x0000000087100000|  0%| F|  |TAMS 0x0000000087000000, 0x0000000087000000| Untracked 
|  49|0x0000000087100000, 0x0000000087100000, 0x0000000087200000|  0%| F|  |TAMS 0x0000000087100000, 0x0000000087100000| Untracked 
|  50|0x0000000087200000, 0x0000000087252800, 0x0000000087300000| 32%| S|CS|TAMS 0x0000000087200000, 0x0000000087200000| Complete 
|  51|0x0000000087300000, 0x0000000087400000, 0x0000000087400000|100%| S|CS|TAMS 0x0000000087300000, 0x0000000087300000| Complete 
|  52|0x0000000087400000, 0x0000000087400000, 0x0000000087500000|  0%| F|  |TAMS 0x0000000087400000, 0x0000000087400000| Untracked 
|  53|0x0000000087500000, 0x0000000087500000, 0x0000000087600000|  0%| F|  |TAMS 0x0000000087500000, 0x0000000087500000| Untracked 
|  54|0x0000000087600000, 0x0000000087600000, 0x0000000087700000|  0%| F|  |TAMS 0x0000000087600000, 0x0000000087600000| Untracked 
|  55|0x0000000087700000, 0x00000000877b7650, 0x0000000087800000| 71%| E|  |TAMS 0x0000000087700000, 0x0000000087700000| Complete 
|  56|0x0000000087800000, 0x0000000087900000, 0x0000000087900000|100%| E|CS|TAMS 0x0000000087800000, 0x0000000087800000| Complete 
|  57|0x0000000087900000, 0x0000000087a00000, 0x0000000087a00000|100%| E|CS|TAMS 0x0000000087900000, 0x0000000087900000| Complete 
|  58|0x0000000087a00000, 0x0000000087b00000, 0x0000000087b00000|100%| E|CS|TAMS 0x0000000087a00000, 0x0000000087a00000| Complete 
|  59|0x0000000087b00000, 0x0000000087c00000, 0x0000000087c00000|100%| E|CS|TAMS 0x0000000087b00000, 0x0000000087b00000| Complete 
|  93|0x0000000089d00000, 0x0000000089e00000, 0x0000000089e00000|100%| E|CS|TAMS 0x0000000089d00000, 0x0000000089d00000| Complete 
|  94|0x0000000089e00000, 0x0000000089f00000, 0x0000000089f00000|100%| E|CS|TAMS 0x0000000089e00000, 0x0000000089e00000| Complete 
| 122|0x000000008ba00000, 0x000000008bb00000, 0x000000008bb00000|100%| E|CS|TAMS 0x000000008ba00000, 0x000000008ba00000| Complete 
| 123|0x000000008bb00000, 0x000000008bc00000, 0x000000008bc00000|100%| E|CS|TAMS 0x000000008bb00000, 0x000000008bb00000| Complete 

Card table byte_map: [0x000001c6a3c40000,0x000001c6a4020000] _byte_map_base: 0x000001c6a3820000

Marking Bits (Prev, Next): (CMBitMap*) 0x000001c6910cdc00, (CMBitMap*) 0x000001c6910cdc40
 Prev Bits: [0x000001c6a4400000, 0x000001c6a6300000)
 Next Bits: [0x000001c6a6300000, 0x000001c6a8200000)

Polling page: 0x000001c68f040000

Metaspace:

Usage:
  Non-class:     52.88 MB used.
      Class:      7.19 MB used.
       Both:     60.07 MB used.

Virtual space:
  Non-class space:       56.00 MB reserved,      53.06 MB ( 95%) committed,  7 nodes.
      Class space:        1.00 GB reserved,       7.31 MB ( <1%) committed,  1 nodes.
             Both:        1.05 GB reserved,      60.38 MB (  6%) committed. 

Chunk freelists:
   Non-Class:  2.98 MB
       Class:  640.00 KB
        Both:  3.61 MB

MaxMetaspaceSize: unlimited
CompressedClassSpaceSize: 1.00 GB
Initial GC threshold: 21.00 MB
Current GC threshold: 96.50 MB
CDS: off
MetaspaceReclaimPolicy: balanced
 - commit_granule_bytes: 65536.
 - commit_granule_words: 8192.
 - virtual_space_node_default_size: 1048576.
 - enlarge_chunks_in_place: 1.
 - new_chunks_are_fully_committed: 0.
 - uncommit_free_chunks: 1.
 - use_allocation_guard: 0.
 - handle_deallocations: 1.


Internal statistics:

num_allocs_failed_limit: 6.
num_arena_births: 284.
num_arena_deaths: 0.
num_vsnodes_births: 8.
num_vsnodes_deaths: 0.
num_space_committed: 964.
num_space_uncommitted: 0.
num_chunks_returned_to_freelist: 6.
num_chunks_taken_from_freelist: 2212.
num_chunk_merges: 6.
num_chunk_splits: 1785.
num_chunks_enlarged: 1609.
num_purges: 0.
num_inconsistent_stats: 0.

CodeHeap 'non-profiled nmethods': size=120000Kb used=2770Kb max_used=2770Kb free=117229Kb
 bounds [0x000001c69c000000, 0x000001c69c2c0000, 0x000001c6a3530000]
CodeHeap 'profiled nmethods': size=120000Kb used=15818Kb max_used=15818Kb free=104181Kb
 bounds [0x000001c694530000, 0x000001c6954b0000, 0x000001c69ba60000]
CodeHeap 'non-nmethods': size=5760Kb used=1348Kb max_used=1391Kb free=4411Kb
 bounds [0x000001c69ba60000, 0x000001c69bcd0000, 0x000001c69c000000]
 total_blobs=6696 nmethods=6044 adapters=563
 compilation: enabled
              stopped_count=0, restarted_count=0
 full_count=0

Compilation events (20 events):
Event: 23.183 Thread 0x000001c6ab83fff0 nmethod 6083 0x000001c695486790 code [0x000001c695486960, 0x000001c695486d48]
Event: 23.183 Thread 0x000001c6ab83fff0 6084  s    3       java.util.zip.Inflater$InflaterZStreamRef::run (21 bytes)
Event: 23.184 Thread 0x000001c6ab83fff0 nmethod 6084 0x000001c695486e90 code [0x000001c695487040, 0x000001c695487288]
Event: 23.184 Thread 0x000001c6ab83fff0 6086       1       org.jetbrains.kotlin.metadata.ProtoBuf$Package::getTypeAliasList (5 bytes)
Event: 23.184 Thread 0x000001c6ab83fff0 nmethod 6086 0x000001c69c2b3410 code [0x000001c69c2b35a0, 0x000001c69c2b3678]
Event: 23.184 Thread 0x000001c6ab83fff0 6087       3       kotlin.collections.builders.SetBuilder::add (17 bytes)
Event: 23.185 Thread 0x000001c6ab83f550 nmethod 6080 0x000001c69c2b3710 code [0x000001c69c2b38a0, 0x000001c69c2b3a28]
Event: 23.185 Thread 0x000001c6ab83fff0 nmethod 6087 0x000001c695487390 code [0x000001c695487540, 0x000001c6954876e8]
Event: 23.185 Thread 0x000001c6ab83fff0 6088       3       org.jetbrains.kotlin.fir.deserialization.PackagePartsCacheData::topLevelFunctionNameIndex_delegate$lambda$2 (205 bytes)
Event: 23.185 Thread 0x000001c6ab83f550 6090       4       java.util.AbstractCollection::addAll (42 bytes)
Event: 23.188 Thread 0x000001c6ab83f550 nmethod 6090 0x000001c69c2b3b90 code [0x000001c69c2b3d20, 0x000001c69c2b3e58]
Event: 23.188 Thread 0x000001c6ab83f550 6092       4       kotlin.collections.AbstractList$Companion::checkPositionIndex$kotlin_stdlib (46 bytes)
Event: 23.188 Thread 0x000001c6ab83fff0 nmethod 6088 0x000001c695487790 code [0x000001c695487bc0, 0x000001c695489ab8]
Event: 23.188 Thread 0x000001c6ab83fff0 6089       1       org.jetbrains.kotlin.metadata.ProtoBuf$Package::getPropertyList (5 bytes)
Event: 23.188 Thread 0x000001c6ab83fff0 nmethod 6089 0x000001c69c2b4010 code [0x000001c69c2b41a0, 0x000001c69c2b4278]
Event: 23.188 Thread 0x000001c6ab83fff0 6091       3       org.jetbrains.kotlin.name.CallableId::hashCode (53 bytes)
Event: 23.188 Thread 0x000001c6ab83f550 nmethod 6092 0x000001c69c2b4310 code [0x000001c69c2b4480, 0x000001c69c2b4538]
Event: 23.189 Thread 0x000001c6ab83fff0 nmethod 6091 0x000001c69548a690 code [0x000001c69548a880, 0x000001c69548ad48]
Event: 23.189 Thread 0x000001c6ab83f550 6093   !   4       kotlin.jvm.internal.ArrayIterator::next (48 bytes)
Event: 23.190 Thread 0x000001c6ab83f550 nmethod 6093 0x000001c69c2b4610 code [0x000001c69c2b4780, 0x000001c69c2b4858]

GC Heap History (20 events):
Event: 13.966 GC heap before
{Heap before GC invocations=12 (full 0):
 garbage-first heap   total 37888K, used 27594K [0x0000000084000000, 0x0000000100000000)
  region size 1024K, 13 young (13312K), 2 survivors (2048K)
 Metaspace       used 45008K, committed 45248K, reserved 1089536K
  class space    used 5378K, committed 5504K, reserved 1048576K
}
Event: 13.976 GC heap after
{Heap after GC invocations=13 (full 0):
 garbage-first heap   total 37888K, used 18710K [0x0000000084000000, 0x0000000100000000)
  region size 1024K, 2 young (2048K), 2 survivors (2048K)
 Metaspace       used 45008K, committed 45248K, reserved 1089536K
  class space    used 5378K, committed 5504K, reserved 1048576K
}
Event: 14.979 GC heap before
{Heap before GC invocations=13 (full 0):
 garbage-first heap   total 37888K, used 28950K [0x0000000084000000, 0x0000000100000000)
  region size 1024K, 12 young (12288K), 2 survivors (2048K)
 Metaspace       used 48118K, committed 48256K, reserved 1097728K
  class space    used 5757K, committed 5824K, reserved 1048576K
}
Event: 14.987 GC heap after
{Heap after GC invocations=14 (full 0):
 garbage-first heap   total 47104K, used 19402K [0x0000000084000000, 0x0000000100000000)
  region size 1024K, 1 young (1024K), 1 survivors (1024K)
 Metaspace       used 48118K, committed 48256K, reserved 1097728K
  class space    used 5757K, committed 5824K, reserved 1048576K
}
Event: 16.043 GC heap before
{Heap before GC invocations=15 (full 0):
 garbage-first heap   total 47104K, used 36810K [0x0000000084000000, 0x0000000100000000)
  region size 1024K, 17 young (17408K), 1 survivors (1024K)
 Metaspace       used 51723K, committed 51968K, reserved 1097728K
  class space    used 6297K, committed 6464K, reserved 1048576K
}
Event: 16.051 GC heap after
{Heap after GC invocations=16 (full 0):
 garbage-first heap   total 47104K, used 22678K [0x0000000084000000, 0x0000000100000000)
  region size 1024K, 3 young (3072K), 3 survivors (3072K)
 Metaspace       used 51723K, committed 51968K, reserved 1097728K
  class space    used 6297K, committed 6464K, reserved 1048576K
}
Event: 16.319 GC heap before
{Heap before GC invocations=16 (full 0):
 garbage-first heap   total 47104K, used 35990K [0x0000000084000000, 0x0000000100000000)
  region size 1024K, 16 young (16384K), 3 survivors (3072K)
 Metaspace       used 51794K, committed 52096K, reserved 1097728K
  class space    used 6297K, committed 6464K, reserved 1048576K
}
Event: 16.332 GC heap after
{Heap after GC invocations=17 (full 0):
 garbage-first heap   total 47104K, used 27554K [0x0000000084000000, 0x0000000100000000)
  region size 1024K, 2 young (2048K), 2 survivors (2048K)
 Metaspace       used 51794K, committed 52096K, reserved 1097728K
  class space    used 6297K, committed 6464K, reserved 1048576K
}
Event: 17.246 GC heap before
{Heap before GC invocations=17 (full 0):
 garbage-first heap   total 47104K, used 34722K [0x0000000084000000, 0x0000000100000000)
  region size 1024K, 10 young (10240K), 2 survivors (2048K)
 Metaspace       used 52723K, committed 52992K, reserved 1097728K
  class space    used 6386K, committed 6528K, reserved 1048576K
}
Event: 17.255 GC heap after
{Heap after GC invocations=18 (full 0):
 garbage-first heap   total 47104K, used 30355K [0x0000000084000000, 0x0000000100000000)
  region size 1024K, 2 young (2048K), 2 survivors (2048K)
 Metaspace       used 52723K, committed 52992K, reserved 1097728K
  class space    used 6386K, committed 6528K, reserved 1048576K
}
Event: 17.691 GC heap before
{Heap before GC invocations=19 (full 0):
 garbage-first heap   total 53248K, used 36499K [0x0000000084000000, 0x0000000100000000)
  region size 1024K, 8 young (8192K), 2 survivors (2048K)
 Metaspace       used 53937K, committed 54208K, reserved 1097728K
  class space    used 6561K, committed 6720K, reserved 1048576K
}
Event: 17.700 GC heap after
{Heap after GC invocations=20 (full 0):
 garbage-first heap   total 53248K, used 31204K [0x0000000084000000, 0x0000000100000000)
  region size 1024K, 1 young (1024K), 1 survivors (1024K)
 Metaspace       used 53937K, committed 54208K, reserved 1097728K
  class space    used 6561K, committed 6720K, reserved 1048576K
}
Event: 18.426 GC heap before
{Heap before GC invocations=20 (full 0):
 garbage-first heap   total 53248K, used 39396K [0x0000000084000000, 0x0000000100000000)
  region size 1024K, 10 young (10240K), 1 survivors (1024K)
 Metaspace       used 56190K, committed 56448K, reserved 1105920K
  class space    used 6858K, committed 6976K, reserved 1048576K
}
Event: 18.434 GC heap after
{Heap after GC invocations=21 (full 0):
 garbage-first heap   total 53248K, used 32068K [0x0000000084000000, 0x0000000100000000)
  region size 1024K, 2 young (2048K), 2 survivors (2048K)
 Metaspace       used 56190K, committed 56448K, reserved 1105920K
  class space    used 6858K, committed 6976K, reserved 1048576K
}
Event: 18.583 GC heap before
{Heap before GC invocations=22 (full 0):
 garbage-first heap   total 65536K, used 40260K [0x0000000084000000, 0x0000000100000000)
  region size 1024K, 11 young (11264K), 2 survivors (2048K)
 Metaspace       used 56517K, committed 56832K, reserved 1105920K
  class space    used 6890K, committed 7040K, reserved 1048576K
}
Event: 18.593 GC heap after
{Heap after GC invocations=23 (full 0):
 garbage-first heap   total 65536K, used 34907K [0x0000000084000000, 0x0000000100000000)
  region size 1024K, 2 young (2048K), 2 survivors (2048K)
 Metaspace       used 56517K, committed 56832K, reserved 1105920K
  class space    used 6890K, committed 7040K, reserved 1048576K
}
Event: 19.779 GC heap before
{Heap before GC invocations=23 (full 0):
 garbage-first heap   total 65536K, used 48219K [0x0000000084000000, 0x0000000100000000)
  region size 1024K, 15 young (15360K), 2 survivors (2048K)
 Metaspace       used 58875K, committed 59200K, reserved 1105920K
  class space    used 7191K, committed 7360K, reserved 1048576K
}
Event: 19.791 GC heap after
{Heap after GC invocations=24 (full 0):
 garbage-first heap   total 65536K, used 36755K [0x0000000084000000, 0x0000000100000000)
  region size 1024K, 2 young (2048K), 2 survivors (2048K)
 Metaspace       used 58875K, committed 59200K, reserved 1105920K
  class space    used 7191K, committed 7360K, reserved 1048576K
}
Event: 21.847 GC heap before
{Heap before GC invocations=25 (full 0):
 garbage-first heap   total 65536K, used 48019K [0x0000000084000000, 0x0000000100000000)
  region size 1024K, 14 young (14336K), 2 survivors (2048K)
 Metaspace       used 60451K, committed 60736K, reserved 1105920K
  class space    used 7312K, committed 7488K, reserved 1048576K
}
Event: 21.858 GC heap after
{Heap after GC invocations=26 (full 0):
 garbage-first heap   total 65536K, used 38158K [0x0000000084000000, 0x0000000100000000)
  region size 1024K, 2 young (2048K), 2 survivors (2048K)
 Metaspace       used 60451K, committed 60736K, reserved 1105920K
  class space    used 7312K, committed 7488K, reserved 1048576K
}

Dll operation events (2 events):
Event: 0.019 Loaded shared library C:\Program Files\Android\Android Studio\jbr\bin\java.dll
Event: 6.878 Loaded shared library C:\Program Files\Android\Android Studio\jbr\bin\verify.dll

Deoptimization events (20 events):
Event: 22.757 Thread 0x000001c691072990 DEOPT PACKING pc=0x000001c69c0d6e9c sp=0x0000007906ef9850
Event: 22.757 Thread 0x000001c691072990 DEOPT UNPACKING pc=0x000001c69baba1a3 sp=0x0000007906ef97e8 mode 2
Event: 22.791 Thread 0x000001c691072990 Uncommon trap: trap_request=0xffffffde fr.pc=0x000001c69c0b1580 relative=0x0000000000001040
Event: 22.791 Thread 0x000001c691072990 Uncommon trap: reason=class_check action=maybe_recompile pc=0x000001c69c0b1580 method=java.util.concurrent.ConcurrentHashMap.putVal(Ljava/lang/Object;Ljava/lang/Object;Z)Ljava/lang/Object; @ 159 c2
Event: 22.791 Thread 0x000001c691072990 DEOPT PACKING pc=0x000001c69c0b1580 sp=0x0000007906ef9bb0
Event: 22.791 Thread 0x000001c691072990 DEOPT UNPACKING pc=0x000001c69baba1a3 sp=0x0000007906ef9b30 mode 2
Event: 22.792 Thread 0x000001c691072990 Uncommon trap: trap_request=0xffffffde fr.pc=0x000001c69c0b1580 relative=0x0000000000001040
Event: 22.792 Thread 0x000001c691072990 Uncommon trap: reason=class_check action=maybe_recompile pc=0x000001c69c0b1580 method=java.util.concurrent.ConcurrentHashMap.putVal(Ljava/lang/Object;Ljava/lang/Object;Z)Ljava/lang/Object; @ 159 c2
Event: 22.792 Thread 0x000001c691072990 DEOPT PACKING pc=0x000001c69c0b1580 sp=0x0000007906ef9bb0
Event: 22.792 Thread 0x000001c691072990 DEOPT UNPACKING pc=0x000001c69baba1a3 sp=0x0000007906ef9b30 mode 2
Event: 22.836 Thread 0x000001c691072990 Uncommon trap: trap_request=0xffffffde fr.pc=0x000001c69c0d6e9c relative=0x000000000000065c
Event: 22.836 Thread 0x000001c691072990 Uncommon trap: reason=class_check action=maybe_recompile pc=0x000001c69c0d6e9c method=org.jetbrains.kotlin.com.intellij.lang.impl.PsiBuilderImpl.skipWhitespace()V @ 72 c2
Event: 22.836 Thread 0x000001c691072990 DEOPT PACKING pc=0x000001c69c0d6e9c sp=0x0000007906ef68c0
Event: 22.836 Thread 0x000001c691072990 DEOPT UNPACKING pc=0x000001c69baba1a3 sp=0x0000007906ef6858 mode 2
Event: 22.839 Thread 0x000001c691072990 DEOPT PACKING pc=0x000001c6948487be sp=0x0000007906ef6260
Event: 22.839 Thread 0x000001c691072990 DEOPT UNPACKING pc=0x000001c69babace3 sp=0x0000007906ef5700 mode 0
Event: 22.914 Thread 0x000001c691072990 DEOPT PACKING pc=0x000001c694a97e2c sp=0x0000007906ef6df0
Event: 22.914 Thread 0x000001c691072990 DEOPT UNPACKING pc=0x000001c69babace3 sp=0x0000007906ef6280 mode 0
Event: 23.161 Thread 0x000001c691072990 DEOPT PACKING pc=0x000001c694a8fb91 sp=0x0000007906ef93c0
Event: 23.161 Thread 0x000001c691072990 DEOPT UNPACKING pc=0x000001c69babace3 sp=0x0000007906ef8930 mode 0

Classes unloaded (0 events):
No events

Classes redefined (0 events):
No events

Internal exceptions (20 events):
Event: 16.760 Thread 0x000001c691072990 Implicit null exception at 0x000001c69c07c558 to 0x000001c69c07c5ea
Event: 16.762 Thread 0x000001c691072990 Implicit null exception at 0x000001c69c09e78f to 0x000001c69c09e805
Event: 17.561 Thread 0x000001c691072990 Exception <a 'java/lang/NoSuchMethodError'{0x0000000086f8c440}: 'java.lang.Object java.lang.invoke.DirectMethodHandle$Holder.invokeStatic(java.lang.Object, java.lang.Object, java.lang.Object, java.lang.Object, int)'> (0x0000000086f8c440) 
thrown [s\src\hotspot\share\interpreter\linkResolver.cpp, line 771]
Event: 17.563 Thread 0x000001c691072990 Exception <a 'java/lang/NoSuchMethodError'{0x0000000086f96248}: 'java.lang.Object java.lang.invoke.DirectMethodHandle$Holder.newInvokeSpecial(java.lang.Object, java.lang.Object, java.lang.Object, java.lang.Object, int)'> (0x0000000086f96248) 
thrown [s\src\hotspot\share\interpreter\linkResolver.cpp, line 771]
Event: 17.564 Thread 0x000001c691072990 Exception <a 'java/lang/NoSuchMethodError'{0x0000000086f9e168}: 'java.lang.Object java.lang.invoke.Invokers$Holder.linkToTargetMethod(java.lang.Object, java.lang.Object, java.lang.Object, int, java.lang.Object)'> (0x0000000086f9e168) 
thrown [s\src\hotspot\share\interpreter\linkResolver.cpp, line 771]
Event: 18.137 Thread 0x000001c691072990 Exception <a 'java/lang/IncompatibleClassChangeError'{0x0000000089e6c1b0}: Found class java.lang.Object, but interface was expected> (0x0000000089e6c1b0) 
thrown [s\src\hotspot\share\interpreter\linkResolver.cpp, line 838]
Event: 18.747 Thread 0x000001c691072990 Exception <a 'java/lang/NoSuchMethodError'{0x0000000089d2c100}: 'java.lang.Object java.lang.invoke.DirectMethodHandle$Holder.newInvokeSpecial(java.lang.Object, java.lang.Object, java.lang.Object, int)'> (0x0000000089d2c100) 
thrown [s\src\hotspot\share\interpreter\linkResolver.cpp, line 771]
Event: 18.751 Thread 0x000001c691072990 Exception <a 'java/lang/NoSuchMethodError'{0x0000000089d2feb8}: 'java.lang.Object java.lang.invoke.DirectMethodHandle$Holder.invokeSpecial(java.lang.Object, java.lang.Object, java.lang.Object, java.lang.Object, int)'> (0x0000000089d2feb8) 
thrown [s\src\hotspot\share\interpreter\linkResolver.cpp, line 771]
Event: 18.754 Thread 0x000001c691072990 Exception <a 'java/lang/NoSuchMethodError'{0x0000000089d335c0}: 'java.lang.Object java.lang.invoke.Invokers$Holder.linkToTargetMethod(java.lang.Object, java.lang.Object, int, java.lang.Object)'> (0x0000000089d335c0) 
thrown [s\src\hotspot\share\interpreter\linkResolver.cpp, line 771]
Event: 18.793 Thread 0x000001c691072990 Exception <a 'java/lang/NoSuchMethodError'{0x0000000089d58a80}: 'java.lang.Object java.lang.invoke.DirectMethodHandle$Holder.newInvokeSpecial(java.lang.Object, int, java.lang.Object)'> (0x0000000089d58a80) 
thrown [s\src\hotspot\share\interpreter\linkResolver.cpp, line 771]
Event: 18.798 Thread 0x000001c691072990 Exception <a 'java/lang/NoSuchMethodError'{0x0000000089d6f240}: 'java.lang.Object java.lang.invoke.DirectMethodHandle$Holder.newInvokeSpecial(java.lang.Object, java.lang.Object, java.lang.Object, java.lang.Object, int, java.lang.Object, java.lang.Object)'> (0x0000000089d6f240) 
thrown [s\src\hotspot\share\interpreter\linkResolver.cpp, line 771]
Event: 18.801 Thread 0x000001c691072990 Exception <a 'java/lang/NoSuchMethodError'{0x0000000089d78838}: 'java.lang.Object java.lang.invoke.Invokers$Holder.linkToTargetMethod(java.lang.Object, java.lang.Object, java.lang.Object, int, java.lang.Object, java.lang.Object, java.lang.Object)'> (0x0000000089d78838) 
thrown [s\src\hotspot\share\interpreter\linkResolver.cpp, line 771]
Event: 18.978 Thread 0x000001c691072990 Exception <a 'java/lang/NoSuchMethodError'{0x0000000087a4b720}: 'java.lang.Object java.lang.invoke.DirectMethodHandle$Holder.newInvokeSpecial(java.lang.Object, java.lang.Object, java.lang.Object, java.lang.Object, java.lang.Object, int)'> (0x0000000087a4b720) 
thrown [s\src\hotspot\share\interpreter\linkResolver.cpp, line 771]
Event: 18.978 Thread 0x000001c691072990 Exception <a 'java/lang/NoSuchMethodError'{0x0000000087a53868}: 'java.lang.Object java.lang.invoke.Invokers$Holder.linkToTargetMethod(java.lang.Object, java.lang.Object, java.lang.Object, java.lang.Object, int, java.lang.Object)'> (0x0000000087a53868) 
thrown [s\src\hotspot\share\interpreter\linkResolver.cpp, line 771]
Event: 19.284 Thread 0x000001c691072990 Exception <a 'java/lang/NoSuchMethodError'{0x00000000875f8480}: 'java.lang.Object java.lang.invoke.DirectMethodHandle$Holder.invokeSpecial(java.lang.Object, java.lang.Object, int, java.lang.Object, java.lang.Object)'> (0x00000000875f8480) 
thrown [s\src\hotspot\share\interpreter\linkResolver.cpp, line 771]
Event: 19.577 Thread 0x000001c691072990 Exception <a 'java/lang/NoSuchMethodError'{0x00000000873bca78}: 'java.lang.Object java.lang.invoke.DirectMethodHandle$Holder.newInvokeSpecial(java.lang.Object, java.lang.Object, java.lang.Object, java.lang.Object, java.lang.Object, java.lang.Object, java.lang.Object, java.lang.Object, java.lang.Object)'> (0x00000000873bca78) 
thrown [s\src\hotspot\share\interpreter\linkResolver.cpp, line 771]
Event: 19.578 Thread 0x000001c691072990 Exception <a 'java/lang/NoSuchMethodError'{0x00000000873c2338}: 'java.lang.Object java.lang.invoke.DirectMethodHandle$Holder.invokeSpecial(java.lang.Object, java.lang.Object, java.lang.Object, java.lang.Object, java.lang.Object, java.lang.Object, java.lang.Object, java.lang.Object, java.lang.Object, java.lang.Object)'> (0x00000000873c2338) 
thrown [s\src\hotspot\share\interpreter\linkResolver.cpp, line 771]
Event: 19.578 Thread 0x000001c691072990 Exception <a 'java/lang/NoSuchMethodError'{0x00000000873c7868}: 'java.lang.Object java.lang.invoke.Invokers$Holder.linkToTargetMethod(java.lang.Object, java.lang.Object, java.lang.Object, java.lang.Object, java.lang.Object, java.lang.Object, java.lang.Object, java.lang.Object, java.lang.Object)'> (0x00000000873c7868) 
thrown [s\src\hotspot\share\interpreter\linkResolver.cpp, line 771]
Event: 19.749 Thread 0x000001c691072990 Exception <a 'java/lang/NoSuchMethodError'{0x000000008718ccc8}: 'java.lang.Object java.lang.invoke.DirectMethodHandle$Holder.invokeStatic(java.lang.Object, java.lang.Object, java.lang.Object, int, java.lang.Object, java.lang.Object)'> (0x000000008718ccc8) 
thrown [s\src\hotspot\share\interpreter\linkResolver.cpp, line 771]
Event: 20.096 Thread 0x000001c691072990 Exception <a 'java/lang/NoSuchMethodError'{0x0000000089e9b3f8}: 'java.lang.Object java.lang.invoke.DirectMethodHandle$Holder.invokeStatic(java.lang.Object, int, java.lang.Object, java.lang.Object)'> (0x0000000089e9b3f8) 
thrown [s\src\hotspot\share\interpreter\linkResolver.cpp, line 771]

VM Operations (20 events):
Event: 20.210 Executing VM operation: HandshakeAllThreads
Event: 20.210 Executing VM operation: HandshakeAllThreads done
Event: 20.322 Executing VM operation: ICBufferFull
Event: 20.322 Executing VM operation: ICBufferFull done
Event: 20.631 Executing VM operation: ICBufferFull
Event: 20.632 Executing VM operation: ICBufferFull done
Event: 21.602 Executing VM operation: ICBufferFull
Event: 21.602 Executing VM operation: ICBufferFull done
Event: 21.846 Executing VM operation: G1CollectForAllocation
Event: 21.858 Executing VM operation: G1CollectForAllocation done
Event: 22.471 Executing VM operation: ICBufferFull
Event: 22.471 Executing VM operation: ICBufferFull done
Event: 22.663 Executing VM operation: HandshakeAllThreads
Event: 22.663 Executing VM operation: HandshakeAllThreads done
Event: 22.671 Executing VM operation: HandshakeAllThreads
Event: 22.671 Executing VM operation: HandshakeAllThreads done
Event: 22.686 Executing VM operation: HandshakeAllThreads
Event: 22.686 Executing VM operation: HandshakeAllThreads done
Event: 22.778 Executing VM operation: ICBufferFull
Event: 22.778 Executing VM operation: ICBufferFull done

Events (20 events):
Event: 15.831 loading class java/util/AbstractList$ListItr done
Event: 15.977 loading class java/util/RegularEnumSet$EnumSetIterator
Event: 15.977 loading class java/util/RegularEnumSet$EnumSetIterator done
Event: 16.776 loading class java/lang/Byte$ByteCache
Event: 16.836 loading class java/lang/Byte$ByteCache done
Event: 16.974 Thread 0x000001c6afd57b70 Thread added: 0x000001c6afd57b70
Event: 17.567 loading class java/util/Collections$SynchronizedSet
Event: 17.567 loading class java/util/Collections$SynchronizedCollection
Event: 17.567 loading class java/util/Collections$SynchronizedCollection done
Event: 17.567 loading class java/util/Collections$SynchronizedSet done
Event: 17.634 loading class java/lang/Character$UnicodeBlock
Event: 17.638 loading class java/lang/Character$Subset
Event: 17.638 loading class java/lang/Character$Subset done
Event: 17.638 loading class java/lang/Character$UnicodeBlock done
Event: 17.749 loading class java/util/regex/Pattern$StartS
Event: 17.750 loading class java/util/regex/Pattern$StartS done
Event: 17.878 Thread 0x000001c6afd57b70 Thread exited: 0x000001c6afd57b70
Event: 18.705 loading class java/util/AbstractList$RandomAccessSubList
Event: 18.705 loading class java/util/AbstractList$RandomAccessSubList done
Event: 22.752 Thread 0x000001c6ad486bc0 Thread added: 0x000001c6ad486bc0


Dynamic libraries:
0x00007ff74fdb0000 - 0x00007ff74fdba000 	C:\Program Files\Android\Android Studio\jbr\bin\java.exe
0x00007ffe2ceb0000 - 0x00007ffe2d0c7000 	C:\WINDOWS\SYSTEM32\ntdll.dll
0x00007ffe2af10000 - 0x00007ffe2afd4000 	C:\WINDOWS\System32\KERNEL32.DLL
0x00007ffe2a3a0000 - 0x00007ffe2a75a000 	C:\WINDOWS\System32\KERNELBASE.dll
0x00007ffe2a810000 - 0x00007ffe2a921000 	C:\WINDOWS\System32\ucrtbase.dll
0x00007ffe15800000 - 0x00007ffe15817000 	C:\Program Files\Android\Android Studio\jbr\bin\jli.dll
0x00007ffe2b2d0000 - 0x00007ffe2b47e000 	C:\WINDOWS\System32\USER32.dll
0x00007ffe2a930000 - 0x00007ffe2a956000 	C:\WINDOWS\System32\win32u.dll
0x00007ffe2ad80000 - 0x00007ffe2ada9000 	C:\WINDOWS\System32\GDI32.dll
0x00007ffe2aaa0000 - 0x00007ffe2abbb000 	C:\WINDOWS\System32\gdi32full.dll
0x00007ffe2a190000 - 0x00007ffe2a22a000 	C:\WINDOWS\System32\msvcp_win.dll
0x00007ffe155d0000 - 0x00007ffe155eb000 	C:\Program Files\Android\Android Studio\jbr\bin\VCRUNTIME140.dll
0x00007ffe03ff0000 - 0x00007ffe04282000 	C:\WINDOWS\WinSxS\amd64_microsoft.windows.common-controls_6595b64144ccf1df_6.0.22621.4541_none_2710d1c57384c085\COMCTL32.dll
0x00007ffe2b220000 - 0x00007ffe2b2c7000 	C:\WINDOWS\System32\msvcrt.dll
0x00007ffe2b490000 - 0x00007ffe2b4c1000 	C:\WINDOWS\System32\IMM32.DLL
0x00007ffe157f0000 - 0x00007ffe157fc000 	C:\Program Files\Android\Android Studio\jbr\bin\vcruntime140_1.dll
0x00007ffe14d70000 - 0x00007ffe14dfd000 	C:\Program Files\Android\Android Studio\jbr\bin\msvcp140.dll
0x00007ffdd9b10000 - 0x00007ffdda77e000 	C:\Program Files\Android\Android Studio\jbr\bin\server\jvm.dll
0x00007ffe2adb0000 - 0x00007ffe2ae62000 	C:\WINDOWS\System32\ADVAPI32.dll
0x00007ffe2c3a0000 - 0x00007ffe2c447000 	C:\WINDOWS\System32\sechost.dll
0x00007ffe2a760000 - 0x00007ffe2a788000 	C:\WINDOWS\System32\bcrypt.dll
0x00007ffe2b950000 - 0x00007ffe2ba64000 	C:\WINDOWS\System32\RPCRT4.dll
0x00007ffe0d5f0000 - 0x00007ffe0d5f9000 	C:\WINDOWS\SYSTEM32\WSOCK32.dll
0x00007ffe2ae70000 - 0x00007ffe2aee1000 	C:\WINDOWS\System32\WS2_32.dll
0x00007ffe223f0000 - 0x00007ffe22424000 	C:\WINDOWS\SYSTEM32\WINMM.dll
0x00007ffe21880000 - 0x00007ffe2188a000 	C:\WINDOWS\SYSTEM32\VERSION.dll
0x00007ffe291d0000 - 0x00007ffe291e8000 	C:\WINDOWS\SYSTEM32\kernel.appcore.dll
0x00007ffe155c0000 - 0x00007ffe155ca000 	C:\Program Files\Android\Android Studio\jbr\bin\jimage.dll
0x00007ffe27000000 - 0x00007ffe27232000 	C:\WINDOWS\SYSTEM32\DBGHELP.DLL
0x00007ffe2cae0000 - 0x00007ffe2ce6f000 	C:\WINDOWS\System32\combase.dll
0x00007ffe2afe0000 - 0x00007ffe2b0b7000 	C:\WINDOWS\System32\OLEAUT32.dll
0x00007ffe0cd30000 - 0x00007ffe0cd62000 	C:\WINDOWS\SYSTEM32\dbgcore.DLL
0x00007ffe2a790000 - 0x00007ffe2a80b000 	C:\WINDOWS\System32\bcryptPrimitives.dll
0x00007ffe15590000 - 0x00007ffe155b5000 	C:\Program Files\Android\Android Studio\jbr\bin\java.dll
0x00007ffe15570000 - 0x00007ffe15588000 	C:\Program Files\Android\Android Studio\jbr\bin\zip.dll
0x00007ffe2bac0000 - 0x00007ffe2c338000 	C:\WINDOWS\System32\SHELL32.dll
0x00007ffe280d0000 - 0x00007ffe289d8000 	C:\WINDOWS\SYSTEM32\windows.storage.dll
0x00007ffe27f90000 - 0x00007ffe280cf000 	C:\WINDOWS\SYSTEM32\wintypes.dll
0x00007ffe2b0c0000 - 0x00007ffe2b1ba000 	C:\WINDOWS\System32\SHCORE.dll
0x00007ffe2b1c0000 - 0x00007ffe2b21e000 	C:\WINDOWS\System32\shlwapi.dll
0x00007ffe2a0c0000 - 0x00007ffe2a0eb000 	C:\WINDOWS\SYSTEM32\profapi.dll
0x00007ffe14d50000 - 0x00007ffe14d69000 	C:\Program Files\Android\Android Studio\jbr\bin\net.dll
0x00007ffe257c0000 - 0x00007ffe258f6000 	C:\WINDOWS\SYSTEM32\WINHTTP.dll
0x00007ffe29650000 - 0x00007ffe296b9000 	C:\WINDOWS\system32\mswsock.dll
0x00007ffe14d30000 - 0x00007ffe14d46000 	C:\Program Files\Android\Android Studio\jbr\bin\nio.dll
0x00007ffe14f70000 - 0x00007ffe14f80000 	C:\Program Files\Android\Android Studio\jbr\bin\verify.dll

dbghelp: loaded successfully - version: 4.0.5 - missing functions: none
symbol engine: initialized successfully - sym options: 0x614 - pdb path: .;C:\Program Files\Android\Android Studio\jbr\bin;C:\WINDOWS\SYSTEM32;C:\WINDOWS\WinSxS\amd64_microsoft.windows.common-controls_6595b64144ccf1df_6.0.22621.4541_none_2710d1c57384c085;C:\Program Files\Android\Android Studio\jbr\bin\server

VM Arguments:
java_command: org.jetbrains.kotlin.cli.jvm.K2JVMCompiler @D:\Flutter\mu_card_app_main\build\shared_preferences_android\20241129_12865550230849111974.compiler.options
java_class_path (initial): C:\Users\Butani Jeel\.gradle\caches\modules-2\files-2.1\org.jetbrains.kotlin\kotlin-compiler-embeddable\2.0.21\79346ed53db48b18312a472602eb5c057070c54d\kotlin-compiler-embeddable-2.0.21.jar;C:\Users\Butani Jeel\.gradle\caches\modules-2\files-2.1\org.jetbrains.kotlin\kotlin-stdlib\2.0.21\618b539767b4899b4660a83006e052b63f1db551\kotlin-stdlib-2.0.21.jar;C:\Users\Butani Jeel\.gradle\caches\modules-2\files-2.1\org.jetbrains.kotlin\kotlin-script-runtime\2.0.21\c9b044380ad41f89aa89aa896c2d32a8c0b2129d\kotlin-script-runtime-2.0.21.jar;C:\Users\Butani Jeel\.gradle\caches\modules-2\files-2.1\org.jetbrains.kotlin\kotlin-reflect\1.6.10\1cbe9c92c12a94eea200d23c2bbaedaf3daf5132\kotlin-reflect-1.6.10.jar;C:\Users\Butani Jeel\.gradle\caches\modules-2\files-2.1\org.jetbrains.kotlin\kotlin-daemon-embeddable\2.0.21\c9e933b23287de9b5a17e2116b4657bb91aea72c\kotlin-daemon-embeddable-2.0.21.jar;C:\Users\Butani Jeel\.gradle\caches\modules-2\files-2.1\org.jetbrains.intellij.deps\trove4j\1.0.20200330\3afb14d5f9ceb459d724e907a21145e8ff394f02\trove4j-1.0.20200330.jar;C:\Users\Butani Jeel\.gradle\caches\modules-2\files-2.1\org.jetbrains.kotlinx\kotlinx-coroutines-core-jvm\1.6.4\2c997cd1c0ef33f3e751d3831929aeff1390cb30\kotlinx-coroutines-core-jvm-1.6.4.jar;C:\Users\Butani Jeel\.gradle\caches\modules-2\files-2.1\org.jetbrains\annotations\13.0\919f0dfe192fb4e063e7dacadee7f8bb9a2672a9\annotations-13.0.jar
Launcher Type: SUN_STANDARD

[Global flags]
     intx CICompilerCount                          = 4                                         {product} {ergonomic}
     uint ConcGCThreads                            = 2                                         {product} {ergonomic}
     uint G1ConcRefinementThreads                  = 8                                         {product} {ergonomic}
   size_t G1HeapRegionSize                         = 1048576                                   {product} {ergonomic}
    uintx GCDrainStackTargetSize                   = 64                                        {product} {ergonomic}
   size_t InitialHeapSize                          = 130023424                                 {product} {ergonomic}
   size_t MarkStackSize                            = 4194304                                   {product} {ergonomic}
   size_t MaxHeapSize                              = 2080374784                                {product} {ergonomic}
   size_t MaxNewSize                               = 1247805440                                {product} {ergonomic}
   size_t MinHeapDeltaBytes                        = 1048576                                   {product} {ergonomic}
   size_t MinHeapSize                              = 8388608                                   {product} {ergonomic}
    uintx NonNMethodCodeHeapSize                   = 5839372                                {pd product} {ergonomic}
    uintx NonProfiledCodeHeapSize                  = 122909434                              {pd product} {ergonomic}
    uintx ProfiledCodeHeapSize                     = 122909434                              {pd product} {ergonomic}
    uintx ReservedCodeCacheSize                    = 251658240                              {pd product} {ergonomic}
     bool SegmentedCodeCache                       = true                                      {product} {ergonomic}
   size_t SoftMaxHeapSize                          = 2080374784                             {manageable} {ergonomic}
     bool UseCompressedClassPointers               = true                           {product lp64_product} {ergonomic}
     bool UseCompressedOops                        = true                           {product lp64_product} {ergonomic}
     bool UseG1GC                                  = true                                      {product} {ergonomic}
     bool UseLargePagesIndividualAllocation        = false                                  {pd product} {ergonomic}

Logging:
Log output configuration:
 #0: stdout all=warning uptime,level,tags
 #1: stderr all=off uptime,level,tags

Environment Variables:
JAVA_HOME=C:\Program Files\Android\Android Studio\jbr
CLASSPATH=D:\Flutter\mu_card_app_main\android\\gradle\wrapper\gradle-wrapper.jar
PATH=C:\Program Files\Android\Android Studio\jbr\bin;D:\Flutter\install\flutter\bin\;C:\Program Files\Common Files\Oracle\Java\javapath;C:\WINDOWS\system32;C:\WINDOWS;C:\WINDOWS\System32\Wbem;C:\WINDOWS\System32\WindowsPowerShell\v1.0\;C:\WINDOWS\System32\OpenSSH\;C:\Program Files\dotnet\;C:\xampp;C:\Program Files\Git\cmd;C:\Program Files\Microsoft SQL Server\150\Tools\Binn\;C:\Program Files\Microsoft SQL Server\Client SDK\ODBC\170\Tools\Binn\;C:\Program Files (x86)\Microsoft SQL Server\150\Tools\Binn\;C:\Program Files (x86)\Microsoft SQL Server\150\DTS\Binn\;C:\Program Files\Microsoft SQL Server\150\DTS\Binn\;C:\Program Files (x86)\Microsoft SQL Server\Client SDK\ODBC\130\Tools\Binn\;C:\Program Files (x86)\Microsoft SQL Server\140\Tools\Binn\;C:\Program Files (x86)\Microsoft SQL Server\140\DTS\Binn\;C:\Users\Butani Jeel\AppData\Local\Pub\Cache\bin;C:\Users\Butani Jeel\AppData\Roaming\npm;C:\Program Files\nodejs\;C:\Program Files (x86)\Microsoft SQL Server\140\Tools\Binn\ManagementStudio\;C:\Program Files\MySQL\MySQL Shell 8.0\bin\;C:\Users\Butani Jeel\AppData\Local\Microsoft\WindowsApps;D:\dev and mul\jdk1.8.0_201\jdk1.8.0_201\bin;C:\Users\Butani Jeel\.vscode\Microsoft VS Code\bin;D:\Flutter\install\flutter\bin;C:\Users\Butani Jeel\.dotnet\tools;C:\Users\Butani Jeel\AppData\Roaming\npm;D:\IntelliJ IDEA Community Edition 2023.3.2\bin;;C:\msys64\ucrt64\bin;D:\Flutter\install\flutter\bin\mingit\cmd
USERNAME=Jeel
LANG=en_US.UTF-8
OS=Windows_NT
PROCESSOR_IDENTIFIER=Intel64 Family 6 Model 140 Stepping 1, GenuineIntel
TMP=C:\Users\BUTANI~1\AppData\Local\Temp
TEMP=C:\Users\BUTANI~1\AppData\Local\Temp


JNI global refs:
JNI global refs: 10, weak refs: 0

JNI global refs memory usage: 843, weak refs: 841


---------------  S Y S T E M  ---------------

OS:
 Windows 11 , 64 bit Build 22621 (10.0.22621.4391)
OS uptime: 0 days 2:37 hours

CPU: total 8 (initial active 8) (4 cores per cpu, 2 threads per core) family 6 model 140 stepping 1 microcode 0xb8, cx8, cmov, fxsr, ht, mmx, 3dnowpref, sse, sse2, sse3, ssse3, sse4.1, sse4.2, popcnt, lzcnt, tsc, tscinvbit, avx, avx2, aes, erms, clmul, bmi1, bmi2, adx, avx512f, avx512dq, avx512cd, avx512bw, avx512vl, sha, fma, vzeroupper, avx512_vpopcntdq, avx512_vpclmulqdq, avx512_vaes, avx512_vnni, clflush, clflushopt, clwb, avx512_vbmi2, avx512_vbmi

Memory: 4k page, system-wide physical 7934M (377M free)
TotalPageFile size 20734M (AvailPageFile size 3M)
current process WorkingSet (physical memory assigned to process): 212M, peak: 219M
current process commit charge ("private bytes"): 245M, peak: 255M

vm_info: OpenJDK 64-Bit Server VM (17.0.6+0-b2043.56-10027231) for windows-amd64 JRE (17.0.6+0-b2043.56-10027231), built on Apr 28 2023 00:43:19 by "androidbuild" with MS VC++ 16.10 / 16.11 (VS2019)

END.
