#
# There is insufficient memory for the Java Runtime Environment to continue.
# Native memory allocation (malloc) failed to allocate 1797152 bytes for Chunk::new
# Possible reasons:
#   The system is out of physical RAM or swap space
#   The process is running with CompressedOops enabled, and the Java Heap may be blocking the growth of the native heap
# Possible solutions:
#   Reduce memory load on the system
#   Increase physical memory or swap space
#   Check if swap backing store is full
#   Decrease Java heap size (-Xmx/-Xms)
#   Decrease number of Java threads
#   Decrease Java thread stack sizes (-Xss)
#   Set larger code cache with -XX:ReservedCodeCacheSize=
#   JVM is running with Unscaled Compressed Oops mode in which the Java heap is
#     placed in the first 4GB address space. The Java Heap base address is the
#     maximum limit for the native heap growth. Please use -XX:HeapBaseMinAddress
#     to set the Java Heap base and to place the Java Heap above 4GB virtual address.
# This output file may be truncated or incomplete.
#
#  Out of Memory Error (arena.cpp:189), pid=1404, tid=18292
#
# JRE version: OpenJDK Runtime Environment (17.0.6) (build 17.0.6+0-b2043.56-10027231)
# Java VM: OpenJDK 64-Bit Server VM (17.0.6+0-b2043.56-10027231, mixed mode, tiered, compressed oops, compressed class ptrs, g1 gc, windows-amd64)
# No core dump will be written. Minidumps are not enabled by default on client versions of Windows
#

---------------  S U M M A R Y ------------

Command Line: org.jetbrains.kotlin.cli.jvm.K2JVMCompiler @D:\Flutter\mu_card_app_main\build\nfc_manager\20241129_3138919001286902785.compiler.options

Host: 11th Gen Intel(R) Core(TM) i5-1135G7 @ 2.40GHz, 8 cores, 7G,  Windows 11 , 64 bit Build 22621 (10.0.22621.4391)
Time: Fri Nov 29 12:17:54 2024 India Standard Time elapsed time: 25.613993 seconds (0d 0h 0m 25s)

---------------  T H R E A D  ---------------

Current thread (0x0000022af33036d0):  JavaThread "C2 CompilerThread1" daemon [_thread_in_native, id=18292, stack(0x000000f9aa100000,0x000000f9aa200000)]


Current CompileTask:
C2:  25614 6226       4       org.jetbrains.org.objectweb.asm.ClassReader::readMethod (1061 bytes)

Stack: [0x000000f9aa100000,0x000000f9aa200000]
Native frames: (J=compiled Java code, j=interpreted, Vv=VM code, C=native code)
V  [jvm.dll+0x683c9a]
V  [jvm.dll+0x8427a4]
V  [jvm.dll+0x843f9e]
V  [jvm.dll+0x844603]
V  [jvm.dll+0x249b75]
V  [jvm.dll+0xabcac]
V  [jvm.dll+0xac27c]
V  [jvm.dll+0x368857]
V  [jvm.dll+0x1bd0b8]
V  [jvm.dll+0x21c359]
V  [jvm.dll+0x21b621]
V  [jvm.dll+0x1a4fdd]
V  [jvm.dll+0x22b098]
V  [jvm.dll+0x229159]
V  [jvm.dll+0x7f81ec]
V  [jvm.dll+0x7f274a]
V  [jvm.dll+0x682ad5]
C  [ucrtbase.dll+0x29333]
C  [KERNEL32.DLL+0x1259d]
C  [ntdll.dll+0x5af38]


---------------  P R O C E S S  ---------------

Threads class SMR info:
_java_thread_list=0x0000022af333b680, length=13, elements={
0x0000022ad27d28d0, 0x0000022aeec12250, 0x0000022aeec13c10, 0x0000022aee378680,
0x0000022aee379030, 0x0000022aee3799e0, 0x0000022aeec433e0, 0x0000022aeec46180,
0x0000022aeec46c20, 0x0000022aeec49dc0, 0x0000022aeed1fbc0, 0x0000022aeed220a0,
0x0000022af33036d0
}

Java Threads: ( => current thread )
  0x0000022ad27d28d0 JavaThread "main" [_thread_in_vm, id=19720, stack(0x000000f9a8400000,0x000000f9a8500000)]
  0x0000022aeec12250 JavaThread "Reference Handler" daemon [_thread_blocked, id=17472, stack(0x000000f9a8c00000,0x000000f9a8d00000)]
  0x0000022aeec13c10 JavaThread "Finalizer" daemon [_thread_blocked, id=17092, stack(0x000000f9a8d00000,0x000000f9a8e00000)]
  0x0000022aee378680 JavaThread "Signal Dispatcher" daemon [_thread_blocked, id=18072, stack(0x000000f9a8e00000,0x000000f9a8f00000)]
  0x0000022aee379030 JavaThread "Attach Listener" daemon [_thread_blocked, id=20204, stack(0x000000f9a8f00000,0x000000f9a9000000)]
  0x0000022aee3799e0 JavaThread "Service Thread" daemon [_thread_blocked, id=4284, stack(0x000000f9a9000000,0x000000f9a9100000)]
  0x0000022aeec433e0 JavaThread "Monitor Deflation Thread" daemon [_thread_blocked, id=12600, stack(0x000000f9a9100000,0x000000f9a9200000)]
  0x0000022aeec46180 JavaThread "C2 CompilerThread0" daemon [_thread_in_native, id=13204, stack(0x000000f9a9200000,0x000000f9a9300000)]
  0x0000022aeec46c20 JavaThread "C1 CompilerThread0" daemon [_thread_blocked, id=20060, stack(0x000000f9a9300000,0x000000f9a9400000)]
  0x0000022aeec49dc0 JavaThread "Sweeper thread" daemon [_thread_blocked, id=6232, stack(0x000000f9a9400000,0x000000f9a9500000)]
  0x0000022aeed1fbc0 JavaThread "Notification Thread" daemon [_thread_blocked, id=10380, stack(0x000000f9a9500000,0x000000f9a9600000)]
  0x0000022aeed220a0 JavaThread "Common-Cleaner" daemon [_thread_blocked, id=17124, stack(0x000000f9a9700000,0x000000f9a9800000)]
=>0x0000022af33036d0 JavaThread "C2 CompilerThread1" daemon [_thread_in_native, id=18292, stack(0x000000f9aa100000,0x000000f9aa200000)]

Other Threads:
  0x0000022aee363280 VMThread "VM Thread" [stack: 0x000000f9a8b00000,0x000000f9a8c00000] [id=9612]
  0x0000022aee2ec440 WatcherThread [stack: 0x000000f9a9600000,0x000000f9a9700000] [id=7736]
  0x0000022ad282d530 GCTaskThread "GC Thread#0" [stack: 0x000000f9a8600000,0x000000f9a8700000] [id=10132]
  0x0000022aef489aa0 GCTaskThread "GC Thread#1" [stack: 0x000000f9a9800000,0x000000f9a9900000] [id=19124]
  0x0000022aef4e6280 GCTaskThread "GC Thread#2" [stack: 0x000000f9a9900000,0x000000f9a9a00000] [id=8568]
  0x0000022aef4e6530 GCTaskThread "GC Thread#3" [stack: 0x000000f9a9a00000,0x000000f9a9b00000] [id=13124]
  0x0000022aef4e67e0 GCTaskThread "GC Thread#4" [stack: 0x000000f9a9b00000,0x000000f9a9c00000] [id=12984]
  0x0000022aef1bac40 GCTaskThread "GC Thread#5" [stack: 0x000000f9a9c00000,0x000000f9a9d00000] [id=828]
  0x0000022aef7b48f0 GCTaskThread "GC Thread#6" [stack: 0x000000f9a9d00000,0x000000f9a9e00000] [id=5936]
  0x0000022aef760250 GCTaskThread "GC Thread#7" [stack: 0x000000f9a9f00000,0x000000f9aa000000] [id=20304]
  0x0000022ad283dc70 ConcurrentGCThread "G1 Main Marker" [stack: 0x000000f9a8700000,0x000000f9a8800000] [id=19328]
  0x0000022ad283e680 ConcurrentGCThread "G1 Conc#0" [stack: 0x000000f9a8800000,0x000000f9a8900000] [id=18040]
  0x0000022aef760a60 ConcurrentGCThread "G1 Conc#1" [stack: 0x000000f9a9e00000,0x000000f9a9f00000] [id=15632]
  0x0000022ad288ecb0 ConcurrentGCThread "G1 Refine#0" [stack: 0x000000f9a8900000,0x000000f9a8a00000] [id=11268]
  0x0000022af1aff3f0 ConcurrentGCThread "G1 Refine#1" [stack: 0x000000f9aa000000,0x000000f9aa100000] [id=18696]
  0x0000022aee1a6710 ConcurrentGCThread "G1 Service" [stack: 0x000000f9a8a00000,0x000000f9a8b00000] [id=18752]

Threads with active compile tasks:
C2 CompilerThread0    25633 6355       4       java.lang.ClassLoader::checkName (37 bytes)
C1 CompilerThread0    25633 6356   !   3       jdk.internal.reflect.ReflectionFactory::checkInitted (100 bytes)
C2 CompilerThread1    25633 6226       4       org.jetbrains.org.objectweb.asm.ClassReader::readMethod (1061 bytes)

VM state: not at safepoint (normal execution)

VM Mutex/Monitor currently owned by a thread: None

Heap address: 0x0000000084000000, size: 1984 MB, Compressed Oops mode: 32-bit

CDS archive(s) not mapped
Compressed class space mapped at: 0x0000000100000000-0x0000000140000000, reserved size: 1073741824
Narrow klass base: 0x0000000000000000, Narrow klass shift: 3, Narrow klass range: 0x140000000

GC Precious Log:
 CPUs: 8 total, 8 available
 Memory: 7934M
 Large Page Support: Disabled
 NUMA Support: Disabled
 Compressed Oops: Enabled (32-bit)
 Heap Region Size: 1M
 Heap Min Capacity: 8M
 Heap Initial Capacity: 124M
 Heap Max Capacity: 1984M
 Pre-touch: Disabled
 Parallel Workers: 8
 Concurrent Workers: 2
 Concurrent Refinement Workers: 8
 Periodic GC: Disabled

Heap:
 garbage-first heap   total 78848K, used 48038K [0x0000000084000000, 0x0000000100000000)
  region size 1024K, 7 young (7168K), 1 survivors (1024K)
 Metaspace       used 56982K, committed 57216K, reserved 1105920K
  class space    used 6556K, committed 6656K, reserved 1048576K

Heap Regions: E=young(eden), S=young(survivor), O=old, HS=humongous(starts), HC=humongous(continues), CS=collection set, F=free, OA=open archive, CA=closed archive, TAMS=top-at-mark-start (previous, next)
|   0|0x0000000084000000, 0x0000000084100000, 0x0000000084100000|100%|HS|  |TAMS 0x0000000084100000, 0x0000000084000000| Complete 
|   1|0x0000000084100000, 0x0000000084200000, 0x0000000084200000|100%|HC|  |TAMS 0x0000000084200000, 0x0000000084100000| Complete 
|   2|0x0000000084200000, 0x0000000084300000, 0x0000000084300000|100%|HC|  |TAMS 0x0000000084300000, 0x0000000084200000| Complete 
|   3|0x0000000084300000, 0x0000000084400000, 0x0000000084400000|100%| O|  |TAMS 0x0000000084400000, 0x0000000084300000| Untracked 
|   4|0x0000000084400000, 0x0000000084500000, 0x0000000084500000|100%| O|  |TAMS 0x0000000084500000, 0x0000000084400000| Untracked 
|   5|0x0000000084500000, 0x00000000845e9800, 0x0000000084600000| 91%| O|  |TAMS 0x00000000845e9800, 0x0000000084500000| Untracked 
|   6|0x0000000084600000, 0x0000000084700000, 0x0000000084700000|100%| O|  |TAMS 0x0000000084700000, 0x0000000084600000| Untracked 
|   7|0x0000000084700000, 0x0000000084800000, 0x0000000084800000|100%| O|  |TAMS 0x0000000084800000, 0x0000000084700000| Untracked 
|   8|0x0000000084800000, 0x0000000084900000, 0x0000000084900000|100%| O|  |TAMS 0x0000000084900000, 0x0000000084800000| Untracked 
|   9|0x0000000084900000, 0x0000000084a00000, 0x0000000084a00000|100%| O|  |TAMS 0x0000000084a00000, 0x0000000084900000| Untracked 
|  10|0x0000000084a00000, 0x0000000084b00000, 0x0000000084b00000|100%| O|  |TAMS 0x0000000084b00000, 0x0000000084a00000| Untracked 
|  11|0x0000000084b00000, 0x0000000084c00000, 0x0000000084c00000|100%| O|  |TAMS 0x0000000084c00000, 0x0000000084b00000| Untracked 
|  12|0x0000000084c00000, 0x0000000084d00000, 0x0000000084d00000|100%| O|  |TAMS 0x0000000084d00000, 0x0000000084c00000| Untracked 
|  13|0x0000000084d00000, 0x0000000084e00000, 0x0000000084e00000|100%| O|  |TAMS 0x0000000084e00000, 0x0000000084d00000| Untracked 
|  14|0x0000000084e00000, 0x0000000084f00000, 0x0000000084f00000|100%| O|  |TAMS 0x0000000084f00000, 0x0000000084e00000| Untracked 
|  15|0x0000000084f00000, 0x0000000085000000, 0x0000000085000000|100%| O|  |TAMS 0x0000000085000000, 0x0000000084f00000| Untracked 
|  16|0x0000000085000000, 0x0000000085100000, 0x0000000085100000|100%| O|  |TAMS 0x0000000085100000, 0x0000000085000000| Untracked 
|  17|0x0000000085100000, 0x0000000085200000, 0x0000000085200000|100%| O|  |TAMS 0x0000000085100000, 0x0000000085100000| Untracked 
|  18|0x0000000085200000, 0x0000000085300000, 0x0000000085300000|100%| O|  |TAMS 0x0000000085300000, 0x0000000085200000| Untracked 
|  19|0x0000000085300000, 0x0000000085400000, 0x0000000085400000|100%| O|  |TAMS 0x0000000085400000, 0x0000000085300000| Untracked 
|  20|0x0000000085400000, 0x0000000085500000, 0x0000000085500000|100%| O|  |TAMS 0x0000000085500000, 0x0000000085400000| Untracked 
|  21|0x0000000085500000, 0x0000000085600000, 0x0000000085600000|100%| O|  |TAMS 0x0000000085600000, 0x0000000085500000| Untracked 
|  22|0x0000000085600000, 0x0000000085700000, 0x0000000085700000|100%| O|  |TAMS 0x0000000085700000, 0x0000000085600000| Untracked 
|  23|0x0000000085700000, 0x0000000085800000, 0x0000000085800000|100%| O|  |TAMS 0x0000000085800000, 0x0000000085700000| Untracked 
|  24|0x0000000085800000, 0x0000000085900000, 0x0000000085900000|100%| O|  |TAMS 0x0000000085900000, 0x0000000085800000| Untracked 
|  25|0x0000000085900000, 0x0000000085a00000, 0x0000000085a00000|100%| O|  |TAMS 0x0000000085a00000, 0x0000000085900000| Untracked 
|  26|0x0000000085a00000, 0x0000000085b00000, 0x0000000085b00000|100%| O|  |TAMS 0x0000000085b00000, 0x0000000085a00000| Untracked 
|  27|0x0000000085b00000, 0x0000000085c00000, 0x0000000085c00000|100%| O|  |TAMS 0x0000000085c00000, 0x0000000085b00000| Untracked 
|  28|0x0000000085c00000, 0x0000000085d00000, 0x0000000085d00000|100%| O|  |TAMS 0x0000000085d00000, 0x0000000085c00000| Untracked 
|  29|0x0000000085d00000, 0x0000000085e00000, 0x0000000085e00000|100%| O|  |TAMS 0x0000000085e00000, 0x0000000085d00000| Untracked 
|  30|0x0000000085e00000, 0x0000000085f00000, 0x0000000085f00000|100%| O|  |TAMS 0x0000000085f00000, 0x0000000085e00000| Untracked 
|  31|0x0000000085f00000, 0x0000000086000000, 0x0000000086000000|100%| O|  |TAMS 0x0000000086000000, 0x0000000085f00000| Untracked 
|  32|0x0000000086000000, 0x0000000086100000, 0x0000000086100000|100%| O|  |TAMS 0x0000000086100000, 0x0000000086000000| Untracked 
|  33|0x0000000086100000, 0x0000000086200000, 0x0000000086200000|100%| O|  |TAMS 0x0000000086200000, 0x0000000086100000| Untracked 
|  34|0x0000000086200000, 0x0000000086300000, 0x0000000086300000|100%| O|  |TAMS 0x0000000086280000, 0x0000000086200000| Untracked 
|  35|0x0000000086300000, 0x0000000086400000, 0x0000000086400000|100%| O|  |TAMS 0x0000000086300000, 0x0000000086300000| Untracked 
|  36|0x0000000086400000, 0x0000000086500000, 0x0000000086500000|100%| O|  |TAMS 0x0000000086400000, 0x0000000086400000| Untracked 
|  37|0x0000000086500000, 0x0000000086600000, 0x0000000086600000|100%| O|  |TAMS 0x0000000086500000, 0x0000000086500000| Untracked 
|  38|0x0000000086600000, 0x0000000086700000, 0x0000000086700000|100%| O|  |TAMS 0x0000000086600000, 0x0000000086600000| Untracked 
|  39|0x0000000086700000, 0x0000000086800000, 0x0000000086800000|100%| O|  |TAMS 0x0000000086700000, 0x0000000086700000| Untracked 
|  40|0x0000000086800000, 0x0000000086900000, 0x0000000086900000|100%| O|  |TAMS 0x0000000086800000, 0x0000000086800000| Untracked 
|  41|0x0000000086900000, 0x0000000086a00000, 0x0000000086a00000|100%| O|  |TAMS 0x0000000086900000, 0x0000000086900000| Untracked 
|  42|0x0000000086a00000, 0x0000000086a00000, 0x0000000086b00000|  0%| F|  |TAMS 0x0000000086a00000, 0x0000000086a00000| Untracked 
|  43|0x0000000086b00000, 0x0000000086b00000, 0x0000000086c00000|  0%| F|  |TAMS 0x0000000086b00000, 0x0000000086b00000| Untracked 
|  44|0x0000000086c00000, 0x0000000086c00000, 0x0000000086d00000|  0%| F|  |TAMS 0x0000000086c00000, 0x0000000086c00000| Untracked 
|  45|0x0000000086d00000, 0x0000000086d00000, 0x0000000086e00000|  0%| F|  |TAMS 0x0000000086d00000, 0x0000000086d00000| Untracked 
|  46|0x0000000086e00000, 0x0000000086e00000, 0x0000000086f00000|  0%| F|  |TAMS 0x0000000086e00000, 0x0000000086e00000| Untracked 
|  47|0x0000000086f00000, 0x0000000086f00000, 0x0000000087000000|  0%| F|  |TAMS 0x0000000086f00000, 0x0000000086f00000| Untracked 
|  48|0x0000000087000000, 0x0000000087000000, 0x0000000087100000|  0%| F|  |TAMS 0x0000000087000000, 0x0000000087000000| Untracked 
|  49|0x0000000087100000, 0x0000000087100000, 0x0000000087200000|  0%| F|  |TAMS 0x0000000087100000, 0x0000000087100000| Untracked 
|  50|0x0000000087200000, 0x0000000087200000, 0x0000000087300000|  0%| F|  |TAMS 0x0000000087200000, 0x0000000087200000| Untracked 
|  51|0x0000000087300000, 0x0000000087300000, 0x0000000087400000|  0%| F|  |TAMS 0x0000000087300000, 0x0000000087300000| Untracked 
|  52|0x0000000087400000, 0x0000000087400000, 0x0000000087500000|  0%| F|  |TAMS 0x0000000087400000, 0x0000000087400000| Untracked 
|  53|0x0000000087500000, 0x0000000087500000, 0x0000000087600000|  0%| F|  |TAMS 0x0000000087500000, 0x0000000087500000| Untracked 
|  54|0x0000000087600000, 0x0000000087600000, 0x0000000087700000|  0%| F|  |TAMS 0x0000000087600000, 0x0000000087600000| Untracked 
|  55|0x0000000087700000, 0x0000000087700000, 0x0000000087800000|  0%| F|  |TAMS 0x0000000087700000, 0x0000000087700000| Untracked 
|  56|0x0000000087800000, 0x0000000087800000, 0x0000000087900000|  0%| F|  |TAMS 0x0000000087800000, 0x0000000087800000| Untracked 
|  57|0x0000000087900000, 0x0000000087900000, 0x0000000087a00000|  0%| F|  |TAMS 0x0000000087900000, 0x0000000087900000| Untracked 
|  58|0x0000000087a00000, 0x0000000087a00000, 0x0000000087b00000|  0%| F|  |TAMS 0x0000000087a00000, 0x0000000087a00000| Untracked 
|  59|0x0000000087b00000, 0x0000000087c00000, 0x0000000087c00000|100%| S|CS|TAMS 0x0000000087b00000, 0x0000000087b00000| Complete 
|  60|0x0000000087c00000, 0x0000000087c00000, 0x0000000087d00000|  0%| F|  |TAMS 0x0000000087c00000, 0x0000000087c00000| Untracked 
|  61|0x0000000087d00000, 0x0000000087d00000, 0x0000000087e00000|  0%| F|  |TAMS 0x0000000087d00000, 0x0000000087d00000| Untracked 
|  62|0x0000000087e00000, 0x0000000087e00000, 0x0000000087f00000|  0%| F|  |TAMS 0x0000000087e00000, 0x0000000087e00000| Untracked 
|  63|0x0000000087f00000, 0x0000000087f00000, 0x0000000088000000|  0%| F|  |TAMS 0x0000000087f00000, 0x0000000087f00000| Untracked 
|  64|0x0000000088000000, 0x0000000088000000, 0x0000000088100000|  0%| F|  |TAMS 0x0000000088000000, 0x0000000088000000| Untracked 
|  65|0x0000000088100000, 0x0000000088100000, 0x0000000088200000|  0%| F|  |TAMS 0x0000000088100000, 0x0000000088100000| Untracked 
|  66|0x0000000088200000, 0x0000000088200000, 0x0000000088300000|  0%| F|  |TAMS 0x0000000088200000, 0x0000000088200000| Untracked 
|  67|0x0000000088300000, 0x0000000088300000, 0x0000000088400000|  0%| F|  |TAMS 0x0000000088300000, 0x0000000088300000| Untracked 
|  68|0x0000000088400000, 0x0000000088400000, 0x0000000088500000|  0%| F|  |TAMS 0x0000000088400000, 0x0000000088400000| Untracked 
|  69|0x0000000088500000, 0x0000000088500000, 0x0000000088600000|  0%| F|  |TAMS 0x0000000088500000, 0x0000000088500000| Untracked 
|  70|0x0000000088600000, 0x0000000088600000, 0x0000000088700000|  0%| F|  |TAMS 0x0000000088600000, 0x0000000088600000| Untracked 
|  71|0x0000000088700000, 0x0000000088800000, 0x0000000088800000|100%| E|  |TAMS 0x0000000088700000, 0x0000000088700000| Complete 
|  72|0x0000000088800000, 0x0000000088900000, 0x0000000088900000|100%| E|CS|TAMS 0x0000000088800000, 0x0000000088800000| Complete 
|  73|0x0000000088900000, 0x0000000088a00000, 0x0000000088a00000|100%| E|CS|TAMS 0x0000000088900000, 0x0000000088900000| Complete 
|  74|0x0000000088a00000, 0x0000000088b00000, 0x0000000088b00000|100%| E|CS|TAMS 0x0000000088a00000, 0x0000000088a00000| Complete 
|  94|0x0000000089e00000, 0x0000000089f00000, 0x0000000089f00000|100%| E|CS|TAMS 0x0000000089e00000, 0x0000000089e00000| Complete 
|  95|0x0000000089f00000, 0x000000008a000000, 0x000000008a000000|100%| E|  |TAMS 0x0000000089f00000, 0x0000000089f00000| Complete 

Card table byte_map: [0x0000022ae72c0000,0x0000022ae76a0000] _byte_map_base: 0x0000022ae6ea0000

Marking Bits (Prev, Next): (CMBitMap*) 0x0000022ad282db80, (CMBitMap*) 0x0000022ad282db40
 Prev Bits: [0x0000022ae9980000, 0x0000022aeb880000)
 Next Bits: [0x0000022ae7a80000, 0x0000022ae9980000)

Polling page: 0x0000022ad7440000

Metaspace:

Usage:
  Non-class:     49.26 MB used.
      Class:      6.41 MB used.
       Both:     55.66 MB used.

Virtual space:
  Non-class space:       56.00 MB reserved,      49.38 MB ( 88%) committed,  7 nodes.
      Class space:        1.00 GB reserved,       6.50 MB ( <1%) committed,  1 nodes.
             Both:        1.05 GB reserved,      55.88 MB (  5%) committed. 

Chunk freelists:
   Non-Class:  1.70 MB
       Class:  1.39 MB
        Both:  3.09 MB

MaxMetaspaceSize: unlimited
CompressedClassSpaceSize: 1.00 GB
Initial GC threshold: 21.00 MB
Current GC threshold: 89.19 MB
CDS: off
MetaspaceReclaimPolicy: balanced
 - commit_granule_bytes: 65536.
 - commit_granule_words: 8192.
 - virtual_space_node_default_size: 1048576.
 - enlarge_chunks_in_place: 1.
 - new_chunks_are_fully_committed: 0.
 - uncommit_free_chunks: 1.
 - use_allocation_guard: 0.
 - handle_deallocations: 1.


Internal statistics:

num_allocs_failed_limit: 6.
num_arena_births: 264.
num_arena_deaths: 0.
num_vsnodes_births: 8.
num_vsnodes_deaths: 0.
num_space_committed: 893.
num_space_uncommitted: 0.
num_chunks_returned_to_freelist: 6.
num_chunks_taken_from_freelist: 2004.
num_chunk_merges: 6.
num_chunk_splits: 1647.
num_chunks_enlarged: 1484.
num_purges: 0.
num_inconsistent_stats: 0.

CodeHeap 'non-profiled nmethods': size=120000Kb used=2782Kb max_used=2782Kb free=117217Kb
 bounds [0x0000022adef30000, 0x0000022adf1f0000, 0x0000022ae6460000]
CodeHeap 'profiled nmethods': size=120000Kb used=18761Kb max_used=18761Kb free=101239Kb
 bounds [0x0000022ad7460000, 0x0000022ad86c0000, 0x0000022ade990000]
CodeHeap 'non-nmethods': size=5760Kb used=1340Kb max_used=1380Kb free=4419Kb
 bounds [0x0000022ade990000, 0x0000022adec00000, 0x0000022adef30000]
 total_blobs=6951 nmethods=6298 adapters=563
 compilation: enabled
              stopped_count=0, restarted_count=0
 full_count=0

Compilation events (20 events):
Event: 25.557 Thread 0x0000022aeec46180 6343       4       jdk.internal.org.objectweb.asm.ByteVector::putInt (74 bytes)
Event: 25.558 Thread 0x0000022aeec46c20 6344       3       java.text.MessageFormat::applyPattern (422 bytes)
Event: 25.558 Thread 0x0000022aeec46180 nmethod 6343 0x0000022adf1e6890 code [0x0000022adf1e6a00, 0x0000022adf1e6b58]
Event: 25.561 Thread 0x0000022aeec46c20 nmethod 6344 0x0000022ad86a6110 code [0x0000022ad86a65c0, 0x0000022ad86a9328]
Event: 25.561 Thread 0x0000022aeec46c20 6345       3       org.jetbrains.kotlin.diagnostics.AbstractKtDiagnosticWithParametersRenderer::<init> (6 bytes)
Event: 25.561 Thread 0x0000022aeec46c20 nmethod 6345 0x0000022ad86aa190 code [0x0000022ad86aa340, 0x0000022ad86aa668]
Event: 25.561 Thread 0x0000022aeec46c20 6346       3       org.jetbrains.kotlin.diagnostics.AbstractKtDiagnosticWithParametersRenderer::<init> (25 bytes)
Event: 25.561 Thread 0x0000022aeec46c20 nmethod 6346 0x0000022ad86aa790 code [0x0000022ad86aa940, 0x0000022ad86aac08]
Event: 25.561 Thread 0x0000022aeec46c20 6347       3       java.text.MessageFormat::<init> (56 bytes)
Event: 25.562 Thread 0x0000022aeec46c20 nmethod 6347 0x0000022ad86aad10 code [0x0000022ad86aaf00, 0x0000022ad86ab4f8]
Event: 25.562 Thread 0x0000022aeec46c20 6348       3       java.text.Format::<init> (5 bytes)
Event: 25.562 Thread 0x0000022aeec46c20 nmethod 6348 0x0000022ad86ab690 code [0x0000022ad86ab820, 0x0000022ad86ab978]
Event: 25.562 Thread 0x0000022aeec46c20 6349       3       java.util.Locale::getDefault (63 bytes)
Event: 25.562 Thread 0x0000022aeec46c20 nmethod 6349 0x0000022ad86aba10 code [0x0000022ad86abc40, 0x0000022ad86ac408]
Event: 25.563 Thread 0x0000022aeec46c20 6350       3       org.jetbrains.kotlin.diagnostics.KtDiagnosticFactoryToRendererMap::put (53 bytes)
Event: 25.564 Thread 0x0000022aeec46c20 nmethod 6350 0x0000022ad86ac610 code [0x0000022ad86ac880, 0x0000022ad86ad238]
Event: 25.570 Thread 0x0000022aeec46c20 6351       3       org.jetbrains.kotlin.diagnostics.KtDiagnosticWithParameters1Renderer::<init> (18 bytes)
Event: 25.571 Thread 0x0000022aeec46c20 nmethod 6351 0x0000022ad86ad590 code [0x0000022ad86ad7e0, 0x0000022ad86ae068]
Event: 25.572 Thread 0x0000022aeec46c20 6352       3       org.jetbrains.kotlin.diagnostics.KtDiagnosticFactoryToRendererMap::put (32 bytes)
Event: 25.573 Thread 0x0000022aeec46c20 nmethod 6352 0x0000022ad86ae390 code [0x0000022ad86ae6c0, 0x0000022ad86af728]

GC Heap History (20 events):
Event: 15.077 GC heap before
{Heap before GC invocations=11 (full 0):
 garbage-first heap   total 29696K, used 21907K [0x0000000084000000, 0x0000000100000000)
  region size 1024K, 9 young (9216K), 1 survivors (1024K)
 Metaspace       used 37991K, committed 38208K, reserved 1089536K
  class space    used 4610K, committed 4736K, reserved 1048576K
}
Event: 15.082 GC heap after
{Heap after GC invocations=12 (full 0):
 garbage-first heap   total 29696K, used 15328K [0x0000000084000000, 0x0000000100000000)
  region size 1024K, 2 young (2048K), 2 survivors (2048K)
 Metaspace       used 37991K, committed 38208K, reserved 1089536K
  class space    used 4610K, committed 4736K, reserved 1048576K
}
Event: 15.454 GC heap before
{Heap before GC invocations=12 (full 0):
 garbage-first heap   total 29696K, used 22496K [0x0000000084000000, 0x0000000100000000)
  region size 1024K, 9 young (9216K), 2 survivors (2048K)
 Metaspace       used 39973K, committed 40192K, reserved 1089536K
  class space    used 4825K, committed 4928K, reserved 1048576K
}
Event: 15.458 GC heap after
{Heap after GC invocations=13 (full 0):
 garbage-first heap   total 29696K, used 15871K [0x0000000084000000, 0x0000000100000000)
  region size 1024K, 2 young (2048K), 2 survivors (2048K)
 Metaspace       used 39973K, committed 40192K, reserved 1089536K
  class space    used 4825K, committed 4928K, reserved 1048576K
}
Event: 15.713 GC heap before
{Heap before GC invocations=14 (full 0):
 garbage-first heap   total 29696K, used 22015K [0x0000000084000000, 0x0000000100000000)
  region size 1024K, 9 young (9216K), 2 survivors (2048K)
 Metaspace       used 41626K, committed 41856K, reserved 1089536K
  class space    used 4997K, committed 5120K, reserved 1048576K
}
Event: 15.720 GC heap after
{Heap after GC invocations=15 (full 0):
 garbage-first heap   total 29696K, used 16282K [0x0000000084000000, 0x0000000100000000)
  region size 1024K, 1 young (1024K), 1 survivors (1024K)
 Metaspace       used 41626K, committed 41856K, reserved 1089536K
  class space    used 4997K, committed 5120K, reserved 1048576K
}
Event: 16.063 GC heap before
{Heap before GC invocations=15 (full 0):
 garbage-first heap   total 29696K, used 22426K [0x0000000084000000, 0x0000000100000000)
  region size 1024K, 8 young (8192K), 1 survivors (1024K)
 Metaspace       used 43230K, committed 43456K, reserved 1089536K
  class space    used 5203K, committed 5312K, reserved 1048576K
}
Event: 16.077 GC heap after
{Heap after GC invocations=16 (full 0):
 garbage-first heap   total 29696K, used 16848K [0x0000000084000000, 0x0000000100000000)
  region size 1024K, 1 young (1024K), 1 survivors (1024K)
 Metaspace       used 43230K, committed 43456K, reserved 1089536K
  class space    used 5203K, committed 5312K, reserved 1048576K
}
Event: 16.373 GC heap before
{Heap before GC invocations=17 (full 0):
 garbage-first heap   total 30720K, used 21968K [0x0000000084000000, 0x0000000100000000)
  region size 1024K, 7 young (7168K), 1 survivors (1024K)
 Metaspace       used 44729K, committed 44928K, reserved 1089536K
  class space    used 5361K, committed 5440K, reserved 1048576K
}
Event: 16.378 GC heap after
{Heap after GC invocations=18 (full 0):
 garbage-first heap   total 78848K, used 17183K [0x0000000084000000, 0x0000000100000000)
  region size 1024K, 1 young (1024K), 1 survivors (1024K)
 Metaspace       used 44729K, committed 44928K, reserved 1089536K
  class space    used 5361K, committed 5440K, reserved 1048576K
}
Event: 17.879 GC heap before
{Heap before GC invocations=18 (full 0):
 garbage-first heap   total 78848K, used 60191K [0x0000000084000000, 0x0000000100000000)
  region size 1024K, 42 young (43008K), 1 survivors (1024K)
 Metaspace       used 47359K, committed 47616K, reserved 1097728K
  class space    used 5626K, committed 5760K, reserved 1048576K
}
Event: 17.906 GC heap after
{Heap after GC invocations=19 (full 0):
 garbage-first heap   total 78848K, used 30116K [0x0000000084000000, 0x0000000100000000)
  region size 1024K, 6 young (6144K), 6 survivors (6144K)
 Metaspace       used 47359K, committed 47616K, reserved 1097728K
  class space    used 5626K, committed 5760K, reserved 1048576K
}
Event: 20.200 GC heap before
{Heap before GC invocations=19 (full 0):
 garbage-first heap   total 78848K, used 54692K [0x0000000084000000, 0x0000000100000000)
  region size 1024K, 31 young (31744K), 6 survivors (6144K)
 Metaspace       used 51992K, committed 52288K, reserved 1097728K
  class space    used 6173K, committed 6272K, reserved 1048576K
}
Event: 20.225 GC heap after
{Heap after GC invocations=20 (full 0):
 garbage-first heap   total 78848K, used 34134K [0x0000000084000000, 0x0000000100000000)
  region size 1024K, 4 young (4096K), 4 survivors (4096K)
 Metaspace       used 51992K, committed 52288K, reserved 1097728K
  class space    used 6173K, committed 6272K, reserved 1048576K
}
Event: 23.481 GC heap before
{Heap before GC invocations=20 (full 0):
 garbage-first heap   total 78848K, used 58710K [0x0000000084000000, 0x0000000100000000)
  region size 1024K, 28 young (28672K), 4 survivors (4096K)
 Metaspace       used 53981K, committed 54208K, reserved 1097728K
  class space    used 6290K, committed 6400K, reserved 1048576K
}
Event: 23.509 GC heap after
{Heap after GC invocations=21 (full 0):
 garbage-first heap   total 78848K, used 39334K [0x0000000084000000, 0x0000000100000000)
  region size 1024K, 4 young (4096K), 4 survivors (4096K)
 Metaspace       used 53981K, committed 54208K, reserved 1097728K
  class space    used 6290K, committed 6400K, reserved 1048576K
}
Event: 24.508 GC heap before
{Heap before GC invocations=21 (full 0):
 garbage-first heap   total 78848K, used 59814K [0x0000000084000000, 0x0000000100000000)
  region size 1024K, 24 young (24576K), 4 survivors (4096K)
 Metaspace       used 54497K, committed 54784K, reserved 1097728K
  class space    used 6300K, committed 6400K, reserved 1048576K
}
Event: 24.537 GC heap after
{Heap after GC invocations=22 (full 0):
 garbage-first heap   total 78848K, used 43942K [0x0000000084000000, 0x0000000100000000)
  region size 1024K, 3 young (3072K), 3 survivors (3072K)
 Metaspace       used 54497K, committed 54784K, reserved 1097728K
  class space    used 6300K, committed 6400K, reserved 1048576K
}
Event: 25.296 GC heap before
{Heap before GC invocations=23 (full 0):
 garbage-first heap   total 78848K, used 60326K [0x0000000084000000, 0x0000000100000000)
  region size 1024K, 20 young (20480K), 3 survivors (3072K)
 Metaspace       used 55574K, committed 55872K, reserved 1105920K
  class space    used 6391K, committed 6528K, reserved 1048576K
}
Event: 25.309 GC heap after
{Heap after GC invocations=24 (full 0):
 garbage-first heap   total 78848K, used 43942K [0x0000000084000000, 0x0000000100000000)
  region size 1024K, 1 young (1024K), 1 survivors (1024K)
 Metaspace       used 55574K, committed 55872K, reserved 1105920K
  class space    used 6391K, committed 6528K, reserved 1048576K
}

Dll operation events (2 events):
Event: 0.210 Loaded shared library C:\Program Files\Android\Android Studio\jbr\bin\java.dll
Event: 9.818 Loaded shared library C:\Program Files\Android\Android Studio\jbr\bin\verify.dll

Deoptimization events (20 events):
Event: 23.627 Thread 0x0000022ad27d28d0 DEOPT PACKING pc=0x0000022adf09f724 sp=0x000000f9a84f93f0
Event: 23.627 Thread 0x0000022ad27d28d0 DEOPT UNPACKING pc=0x0000022ade9ea1a3 sp=0x000000f9a84f9380 mode 2
Event: 23.642 Thread 0x0000022ad27d28d0 DEOPT PACKING pc=0x0000022ad7948b21 sp=0x000000f9a84f9ef0
Event: 23.642 Thread 0x0000022ad27d28d0 DEOPT UNPACKING pc=0x0000022ade9eace3 sp=0x000000f9a84f93f8 mode 0
Event: 24.688 Thread 0x0000022ad27d28d0 Uncommon trap: trap_request=0xffffff45 fr.pc=0x0000022adf1b6254 relative=0x00000000000002f4
Event: 24.688 Thread 0x0000022ad27d28d0 Uncommon trap: reason=unstable_if action=reinterpret pc=0x0000022adf1b6254 method=org.jetbrains.kotlin.resolve.calls.inference.components.VariableFixationFinder.isNotFixedRelevantVariable(Lorg/jetbrains/kotlin/resolve/calls/inference/components/VariableFi
Event: 24.688 Thread 0x0000022ad27d28d0 DEOPT PACKING pc=0x0000022adf1b6254 sp=0x000000f9a84fa250
Event: 24.688 Thread 0x0000022ad27d28d0 DEOPT UNPACKING pc=0x0000022ade9ea1a3 sp=0x000000f9a84fa1f0 mode 2
Event: 24.695 Thread 0x0000022ad27d28d0 Uncommon trap: trap_request=0xffffffc6 fr.pc=0x0000022adf0a8578 relative=0x0000000000000a78
Event: 24.695 Thread 0x0000022ad27d28d0 Uncommon trap: reason=bimorphic_or_optimized_type_check action=maybe_recompile pc=0x0000022adf0a8578 method=java.util.HashMap.putVal(ILjava/lang/Object;Ljava/lang/Object;ZZ)Ljava/lang/Object; @ 203 c2
Event: 24.695 Thread 0x0000022ad27d28d0 DEOPT PACKING pc=0x0000022adf0a8578 sp=0x000000f9a84fa140
Event: 24.695 Thread 0x0000022ad27d28d0 DEOPT UNPACKING pc=0x0000022ade9ea1a3 sp=0x000000f9a84fa060 mode 2
Event: 25.559 Thread 0x0000022ad27d28d0 Uncommon trap: trap_request=0xffffff45 fr.pc=0x0000022adef4f484 relative=0x0000000000000084
Event: 25.559 Thread 0x0000022ad27d28d0 Uncommon trap: reason=unstable_if action=reinterpret pc=0x0000022adef4f484 method=java.lang.CharacterDataLatin1.isWhitespace(I)Z @ 14 c2
Event: 25.559 Thread 0x0000022ad27d28d0 DEOPT PACKING pc=0x0000022adef4f484 sp=0x000000f9a84fba70
Event: 25.559 Thread 0x0000022ad27d28d0 DEOPT UNPACKING pc=0x0000022ade9ea1a3 sp=0x000000f9a84fb9e0 mode 2
Event: 25.566 Thread 0x0000022ad27d28d0 Uncommon trap: trap_request=0xffffff45 fr.pc=0x0000022adef8600c relative=0x000000000000018c
Event: 25.566 Thread 0x0000022ad27d28d0 Uncommon trap: reason=unstable_if action=reinterpret pc=0x0000022adef8600c method=java.lang.String.equals(Ljava/lang/Object;)Z @ 33 c2
Event: 25.566 Thread 0x0000022ad27d28d0 DEOPT PACKING pc=0x0000022adef8600c sp=0x000000f9a84fb620
Event: 25.566 Thread 0x0000022ad27d28d0 DEOPT UNPACKING pc=0x0000022ade9ea1a3 sp=0x000000f9a84fb5c0 mode 2

Classes unloaded (0 events):
No events

Classes redefined (0 events):
No events

Internal exceptions (20 events):
Event: 16.121 Thread 0x0000022ad27d28d0 Exception <a 'java/lang/NoSuchMethodError'{0x0000000089f7a420}: 'java.lang.Object java.lang.invoke.DirectMethodHandle$Holder.newInvokeSpecial(java.lang.Object, java.lang.Object, java.lang.Object, int, java.lang.Object)'> (0x0000000089f7a420) 
thrown [s\src\hotspot\share\interpreter\linkResolver.cpp, line 771]
Event: 18.115 Thread 0x0000022ad27d28d0 Exception <a 'java/lang/NoSuchMethodError'{0x000000008895fe60}: 'java.lang.Object java.lang.invoke.DirectMethodHandle$Holder.newInvokeSpecial(java.lang.Object, java.lang.Object, java.lang.Object, java.lang.Object, int, java.lang.Object, java.lang.Object)'> (0x000000008895fe60) 
thrown [s\src\hotspot\share\interpreter\linkResolver.cpp, line 771]
Event: 18.117 Thread 0x0000022ad27d28d0 Exception <a 'java/lang/NoSuchMethodError'{0x0000000088969458}: 'java.lang.Object java.lang.invoke.Invokers$Holder.linkToTargetMethod(java.lang.Object, java.lang.Object, java.lang.Object, int, java.lang.Object, java.lang.Object, java.lang.Object)'> (0x0000000088969458) 
thrown [s\src\hotspot\share\interpreter\linkResolver.cpp, line 771]
Event: 18.571 Thread 0x0000022ad27d28d0 Exception <a 'java/lang/NoSuchMethodError'{0x00000000880a0d90}: 'java.lang.Object java.lang.invoke.DirectMethodHandle$Holder.newInvokeSpecial(java.lang.Object, java.lang.Object, java.lang.Object, java.lang.Object, java.lang.Object, java.lang.Object, java.lang.Object, java.lang.Object, java.lang.Object)'> (0x00000000880a0d90) 
thrown [s\src\hotspot\share\interpreter\linkResolver.cpp, line 771]
Event: 18.572 Thread 0x0000022ad27d28d0 Exception <a 'java/lang/NoSuchMethodError'{0x00000000880a6650}: 'java.lang.Object java.lang.invoke.DirectMethodHandle$Holder.invokeSpecial(java.lang.Object, java.lang.Object, java.lang.Object, java.lang.Object, java.lang.Object, java.lang.Object, java.lang.Object, java.lang.Object, java.lang.Object, java.lang.Object)'> (0x00000000880a6650) 
thrown [s\src\hotspot\share\interpreter\linkResolver.cpp, line 771]
Event: 18.573 Thread 0x0000022ad27d28d0 Exception <a 'java/lang/NoSuchMethodError'{0x00000000880aaec0}: 'java.lang.Object java.lang.invoke.Invokers$Holder.linkToTargetMethod(java.lang.Object, java.lang.Object, java.lang.Object, java.lang.Object, java.lang.Object, java.lang.Object, java.lang.Object, java.lang.Object, java.lang.Object)'> (0x00000000880aaec0) 
thrown [s\src\hotspot\share\interpreter\linkResolver.cpp, line 771]
Event: 18.588 Thread 0x0000022ad27d28d0 Exception <a 'java/lang/NoSuchMethodError'{0x00000000880d1468}: 'java.lang.Object java.lang.invoke.DirectMethodHandle$Holder.invokeStatic(java.lang.Object, java.lang.Object, java.lang.Object, java.lang.Object, int)'> (0x00000000880d1468) 
thrown [s\src\hotspot\share\interpreter\linkResolver.cpp, line 771]
Event: 18.590 Thread 0x0000022ad27d28d0 Exception <a 'java/lang/NoSuchMethodError'{0x00000000880da8e0}: 'java.lang.Object java.lang.invoke.DirectMethodHandle$Holder.newInvokeSpecial(java.lang.Object, java.lang.Object, java.lang.Object, java.lang.Object, int)'> (0x00000000880da8e0) 
thrown [s\src\hotspot\share\interpreter\linkResolver.cpp, line 771]
Event: 18.592 Thread 0x0000022ad27d28d0 Exception <a 'java/lang/NoSuchMethodError'{0x00000000880e2558}: 'java.lang.Object java.lang.invoke.Invokers$Holder.linkToTargetMethod(java.lang.Object, java.lang.Object, java.lang.Object, int, java.lang.Object)'> (0x00000000880e2558) 
thrown [s\src\hotspot\share\interpreter\linkResolver.cpp, line 771]
Event: 18.599 Thread 0x0000022ad27d28d0 Exception <a 'java/lang/NoSuchMethodError'{0x00000000880f8898}: 'java.lang.Object java.lang.invoke.DirectMethodHandle$Holder.newInvokeSpecial(java.lang.Object, java.lang.Object, java.lang.Object, int)'> (0x00000000880f8898) 
thrown [s\src\hotspot\share\interpreter\linkResolver.cpp, line 771]
Event: 18.601 Thread 0x0000022ad27d28d0 Exception <a 'java/lang/NoSuchMethodError'{0x00000000880fc8f8}: 'java.lang.Object java.lang.invoke.DirectMethodHandle$Holder.invokeSpecial(java.lang.Object, java.lang.Object, java.lang.Object, java.lang.Object, int)'> (0x00000000880fc8f8) 
thrown [s\src\hotspot\share\interpreter\linkResolver.cpp, line 771]
Event: 18.601 Thread 0x0000022ad27d28d0 Exception <a 'java/lang/NoSuchMethodError'{0x0000000087f00a40}: 'java.lang.Object java.lang.invoke.Invokers$Holder.linkToTargetMethod(java.lang.Object, java.lang.Object, int, java.lang.Object)'> (0x0000000087f00a40) 
thrown [s\src\hotspot\share\interpreter\linkResolver.cpp, line 771]
Event: 18.607 Thread 0x0000022ad27d28d0 Exception <a 'java/lang/NoSuchMethodError'{0x0000000087f11998}: 'java.lang.Object java.lang.invoke.DirectMethodHandle$Holder.newInvokeSpecial(java.lang.Object, int, java.lang.Object)'> (0x0000000087f11998) 
thrown [s\src\hotspot\share\interpreter\linkResolver.cpp, line 771]
Event: 18.740 Thread 0x0000022ad27d28d0 Exception <a 'java/lang/NoSuchMethodError'{0x0000000087ed3738}: 'java.lang.Object java.lang.invoke.DirectMethodHandle$Holder.invokeSpecial(java.lang.Object, java.lang.Object, int, java.lang.Object, java.lang.Object)'> (0x0000000087ed3738) 
thrown [s\src\hotspot\share\interpreter\linkResolver.cpp, line 771]
Event: 19.265 Thread 0x0000022ad27d28d0 Exception <a 'java/lang/NoSuchMethodError'{0x0000000087be9a48}: 'java.lang.Object java.lang.invoke.DirectMethodHandle$Holder.newInvokeSpecial(java.lang.Object, java.lang.Object, java.lang.Object, java.lang.Object, java.lang.Object, int)'> (0x0000000087be9a48) 
thrown [s\src\hotspot\share\interpreter\linkResolver.cpp, line 771]
Event: 19.266 Thread 0x0000022ad27d28d0 Exception <a 'java/lang/NoSuchMethodError'{0x0000000087bf1b90}: 'java.lang.Object java.lang.invoke.Invokers$Holder.linkToTargetMethod(java.lang.Object, java.lang.Object, java.lang.Object, java.lang.Object, int, java.lang.Object)'> (0x0000000087bf1b90) 
thrown [s\src\hotspot\share\interpreter\linkResolver.cpp, line 771]
Event: 20.260 Thread 0x0000022ad27d28d0 Exception <a 'java/lang/NoSuchMethodError'{0x0000000089e05550}: 'java.lang.Object java.lang.invoke.DirectMethodHandle$Holder.newInvokeSpecial(java.lang.Object, int, java.lang.Object, java.lang.Object, java.lang.Object)'> (0x0000000089e05550) 
thrown [s\src\hotspot\share\interpreter\linkResolver.cpp, line 771]
Event: 20.261 Thread 0x0000022ad27d28d0 Exception <a 'java/lang/NoSuchMethodError'{0x0000000089e0d620}: 'java.lang.Object java.lang.invoke.Invokers$Holder.linkToTargetMethod(int, java.lang.Object, java.lang.Object, java.lang.Object, java.lang.Object)'> (0x0000000089e0d620) 
thrown [s\src\hotspot\share\interpreter\linkResolver.cpp, line 771]
Event: 20.297 Thread 0x0000022ad27d28d0 Exception <a 'java/lang/NoSuchMethodError'{0x0000000089e32ca0}: 'java.lang.Object java.lang.invoke.DirectMethodHandle$Holder.invokeStatic(java.lang.Object, java.lang.Object, java.lang.Object, int, java.lang.Object, java.lang.Object)'> (0x0000000089e32ca0) 
thrown [s\src\hotspot\share\interpreter\linkResolver.cpp, line 771]
Event: 21.056 Thread 0x0000022ad27d28d0 Exception <a 'java/lang/NoSuchMethodError'{0x0000000088495c08}: 'java.lang.Object java.lang.invoke.DirectMethodHandle$Holder.invokeStatic(java.lang.Object, int, java.lang.Object, java.lang.Object)'> (0x0000000088495c08) 
thrown [s\src\hotspot\share\interpreter\linkResolver.cpp, line 771]

VM Operations (20 events):
Event: 24.199 Executing VM operation: ICBufferFull
Event: 24.199 Executing VM operation: ICBufferFull done
Event: 24.508 Executing VM operation: G1CollectForAllocation
Event: 24.537 Executing VM operation: G1CollectForAllocation done
Event: 24.581 Executing VM operation: G1Concurrent
Event: 24.593 Executing VM operation: G1Concurrent done
Event: 24.613 Executing VM operation: G1Concurrent
Event: 24.614 Executing VM operation: G1Concurrent done
Event: 24.721 Executing VM operation: ICBufferFull
Event: 24.721 Executing VM operation: ICBufferFull done
Event: 25.272 Executing VM operation: ICBufferFull
Event: 25.272 Executing VM operation: ICBufferFull done
Event: 25.283 Executing VM operation: HandshakeAllThreads
Event: 25.283 Executing VM operation: HandshakeAllThreads done
Event: 25.284 Executing VM operation: HandshakeAllThreads
Event: 25.284 Executing VM operation: HandshakeAllThreads done
Event: 25.295 Executing VM operation: G1CollectForAllocation
Event: 25.309 Executing VM operation: G1CollectForAllocation done
Event: 25.566 Executing VM operation: HandshakeAllThreads
Event: 25.566 Executing VM operation: HandshakeAllThreads done

Events (20 events):
Event: 18.431 loading class java/util/AbstractList$SubList
Event: 18.431 loading class java/util/AbstractList$SubList done
Event: 18.431 loading class java/util/AbstractList$RandomAccessSubList done
Event: 19.096 loading class java/util/AbstractList$SubList$1
Event: 19.098 loading class java/util/AbstractList$SubList$1 done
Event: 19.842 loading class java/util/AbstractMap$SimpleImmutableEntry
Event: 19.843 loading class java/util/AbstractMap$SimpleImmutableEntry done
Event: 19.904 loading class java/lang/Byte$ByteCache
Event: 19.904 loading class java/lang/Byte$ByteCache done
Event: 24.470 Thread 0x0000022af33036d0 Thread added: 0x0000022af33036d0
Event: 25.485 loading class java/text/MessageFormat
Event: 25.487 loading class java/text/Format
Event: 25.487 loading class java/text/Format done
Event: 25.487 loading class java/text/MessageFormat done
Event: 25.487 loading class java/util/Locale$Category
Event: 25.487 loading class java/util/Locale$Category done
Event: 25.564 loading class java/text/ChoiceFormat
Event: 25.565 loading class java/text/NumberFormat
Event: 25.565 loading class java/text/NumberFormat done
Event: 25.565 loading class java/text/ChoiceFormat done


Dynamic libraries:
0x00007ff74fdb0000 - 0x00007ff74fdba000 	C:\Program Files\Android\Android Studio\jbr\bin\java.exe
0x00007ffe2ceb0000 - 0x00007ffe2d0c7000 	C:\WINDOWS\SYSTEM32\ntdll.dll
0x00007ffe2af10000 - 0x00007ffe2afd4000 	C:\WINDOWS\System32\KERNEL32.DLL
0x00007ffe2a3a0000 - 0x00007ffe2a75a000 	C:\WINDOWS\System32\KERNELBASE.dll
0x00007ffe2a810000 - 0x00007ffe2a921000 	C:\WINDOWS\System32\ucrtbase.dll
0x00007ffe15800000 - 0x00007ffe15817000 	C:\Program Files\Android\Android Studio\jbr\bin\jli.dll
0x00007ffe2b2d0000 - 0x00007ffe2b47e000 	C:\WINDOWS\System32\USER32.dll
0x00007ffe2a930000 - 0x00007ffe2a956000 	C:\WINDOWS\System32\win32u.dll
0x00007ffe2ad80000 - 0x00007ffe2ada9000 	C:\WINDOWS\System32\GDI32.dll
0x00007ffe2aaa0000 - 0x00007ffe2abbb000 	C:\WINDOWS\System32\gdi32full.dll
0x00007ffe2a190000 - 0x00007ffe2a22a000 	C:\WINDOWS\System32\msvcp_win.dll
0x00007ffe155d0000 - 0x00007ffe155eb000 	C:\Program Files\Android\Android Studio\jbr\bin\VCRUNTIME140.dll
0x00007ffe03ff0000 - 0x00007ffe04282000 	C:\WINDOWS\WinSxS\amd64_microsoft.windows.common-controls_6595b64144ccf1df_6.0.22621.4541_none_2710d1c57384c085\COMCTL32.dll
0x00007ffe2b220000 - 0x00007ffe2b2c7000 	C:\WINDOWS\System32\msvcrt.dll
0x00007ffe2b490000 - 0x00007ffe2b4c1000 	C:\WINDOWS\System32\IMM32.DLL
0x00007ffe157f0000 - 0x00007ffe157fc000 	C:\Program Files\Android\Android Studio\jbr\bin\vcruntime140_1.dll
0x00007ffe14d70000 - 0x00007ffe14dfd000 	C:\Program Files\Android\Android Studio\jbr\bin\msvcp140.dll
0x00007ffdd9b10000 - 0x00007ffdda77e000 	C:\Program Files\Android\Android Studio\jbr\bin\server\jvm.dll
0x00007ffe2adb0000 - 0x00007ffe2ae62000 	C:\WINDOWS\System32\ADVAPI32.dll
0x00007ffe2c3a0000 - 0x00007ffe2c447000 	C:\WINDOWS\System32\sechost.dll
0x00007ffe2a760000 - 0x00007ffe2a788000 	C:\WINDOWS\System32\bcrypt.dll
0x00007ffe2b950000 - 0x00007ffe2ba64000 	C:\WINDOWS\System32\RPCRT4.dll
0x00007ffe0d5f0000 - 0x00007ffe0d5f9000 	C:\WINDOWS\SYSTEM32\WSOCK32.dll
0x00007ffe2ae70000 - 0x00007ffe2aee1000 	C:\WINDOWS\System32\WS2_32.dll
0x00007ffe223f0000 - 0x00007ffe22424000 	C:\WINDOWS\SYSTEM32\WINMM.dll
0x00007ffe21880000 - 0x00007ffe2188a000 	C:\WINDOWS\SYSTEM32\VERSION.dll
0x00007ffe291d0000 - 0x00007ffe291e8000 	C:\WINDOWS\SYSTEM32\kernel.appcore.dll
0x00007ffe155c0000 - 0x00007ffe155ca000 	C:\Program Files\Android\Android Studio\jbr\bin\jimage.dll
0x00007ffe27000000 - 0x00007ffe27232000 	C:\WINDOWS\SYSTEM32\DBGHELP.DLL
0x00007ffe2cae0000 - 0x00007ffe2ce6f000 	C:\WINDOWS\System32\combase.dll
0x00007ffe2afe0000 - 0x00007ffe2b0b7000 	C:\WINDOWS\System32\OLEAUT32.dll
0x00007ffe0cd30000 - 0x00007ffe0cd62000 	C:\WINDOWS\SYSTEM32\dbgcore.DLL
0x00007ffe2a790000 - 0x00007ffe2a80b000 	C:\WINDOWS\System32\bcryptPrimitives.dll
0x00007ffe15590000 - 0x00007ffe155b5000 	C:\Program Files\Android\Android Studio\jbr\bin\java.dll
0x00007ffe15570000 - 0x00007ffe15588000 	C:\Program Files\Android\Android Studio\jbr\bin\zip.dll
0x00007ffe2bac0000 - 0x00007ffe2c338000 	C:\WINDOWS\System32\SHELL32.dll
0x00007ffe280d0000 - 0x00007ffe289d8000 	C:\WINDOWS\SYSTEM32\windows.storage.dll
0x00007ffe27f90000 - 0x00007ffe280cf000 	C:\WINDOWS\SYSTEM32\wintypes.dll
0x00007ffe2b0c0000 - 0x00007ffe2b1ba000 	C:\WINDOWS\System32\SHCORE.dll
0x00007ffe2b1c0000 - 0x00007ffe2b21e000 	C:\WINDOWS\System32\shlwapi.dll
0x00007ffe2a0c0000 - 0x00007ffe2a0eb000 	C:\WINDOWS\SYSTEM32\profapi.dll
0x00007ffe14d50000 - 0x00007ffe14d69000 	C:\Program Files\Android\Android Studio\jbr\bin\net.dll
0x00007ffe257c0000 - 0x00007ffe258f6000 	C:\WINDOWS\SYSTEM32\WINHTTP.dll
0x00007ffe29650000 - 0x00007ffe296b9000 	C:\WINDOWS\system32\mswsock.dll
0x00007ffe14d30000 - 0x00007ffe14d46000 	C:\Program Files\Android\Android Studio\jbr\bin\nio.dll
0x00007ffe14f70000 - 0x00007ffe14f80000 	C:\Program Files\Android\Android Studio\jbr\bin\verify.dll

dbghelp: loaded successfully - version: 4.0.5 - missing functions: none
symbol engine: initialized successfully - sym options: 0x614 - pdb path: .;C:\Program Files\Android\Android Studio\jbr\bin;C:\WINDOWS\SYSTEM32;C:\WINDOWS\WinSxS\amd64_microsoft.windows.common-controls_6595b64144ccf1df_6.0.22621.4541_none_2710d1c57384c085;C:\Program Files\Android\Android Studio\jbr\bin\server

VM Arguments:
java_command: org.jetbrains.kotlin.cli.jvm.K2JVMCompiler @D:\Flutter\mu_card_app_main\build\nfc_manager\20241129_3138919001286902785.compiler.options
java_class_path (initial): C:\Users\Butani Jeel\.gradle\caches\modules-2\files-2.1\org.jetbrains.kotlin\kotlin-compiler-embeddable\2.0.21\79346ed53db48b18312a472602eb5c057070c54d\kotlin-compiler-embeddable-2.0.21.jar;C:\Users\Butani Jeel\.gradle\caches\modules-2\files-2.1\org.jetbrains.kotlin\kotlin-stdlib\2.0.21\618b539767b4899b4660a83006e052b63f1db551\kotlin-stdlib-2.0.21.jar;C:\Users\Butani Jeel\.gradle\caches\modules-2\files-2.1\org.jetbrains.kotlin\kotlin-script-runtime\2.0.21\c9b044380ad41f89aa89aa896c2d32a8c0b2129d\kotlin-script-runtime-2.0.21.jar;C:\Users\Butani Jeel\.gradle\caches\modules-2\files-2.1\org.jetbrains.kotlin\kotlin-reflect\1.6.10\1cbe9c92c12a94eea200d23c2bbaedaf3daf5132\kotlin-reflect-1.6.10.jar;C:\Users\Butani Jeel\.gradle\caches\modules-2\files-2.1\org.jetbrains.kotlin\kotlin-daemon-embeddable\2.0.21\c9e933b23287de9b5a17e2116b4657bb91aea72c\kotlin-daemon-embeddable-2.0.21.jar;C:\Users\Butani Jeel\.gradle\caches\modules-2\files-2.1\org.jetbrains.intellij.deps\trove4j\1.0.20200330\3afb14d5f9ceb459d724e907a21145e8ff394f02\trove4j-1.0.20200330.jar;C:\Users\Butani Jeel\.gradle\caches\modules-2\files-2.1\org.jetbrains.kotlinx\kotlinx-coroutines-core-jvm\1.6.4\2c997cd1c0ef33f3e751d3831929aeff1390cb30\kotlinx-coroutines-core-jvm-1.6.4.jar;C:\Users\Butani Jeel\.gradle\caches\modules-2\files-2.1\org.jetbrains\annotations\13.0\919f0dfe192fb4e063e7dacadee7f8bb9a2672a9\annotations-13.0.jar
Launcher Type: SUN_STANDARD

[Global flags]
     intx CICompilerCount                          = 4                                         {product} {ergonomic}
     uint ConcGCThreads                            = 2                                         {product} {ergonomic}
     uint G1ConcRefinementThreads                  = 8                                         {product} {ergonomic}
   size_t G1HeapRegionSize                         = 1048576                                   {product} {ergonomic}
    uintx GCDrainStackTargetSize                   = 64                                        {product} {ergonomic}
   size_t InitialHeapSize                          = 130023424                                 {product} {ergonomic}
   size_t MarkStackSize                            = 4194304                                   {product} {ergonomic}
   size_t MaxHeapSize                              = 2080374784                                {product} {ergonomic}
   size_t MaxNewSize                               = 1247805440                                {product} {ergonomic}
   size_t MinHeapDeltaBytes                        = 1048576                                   {product} {ergonomic}
   size_t MinHeapSize                              = 8388608                                   {product} {ergonomic}
    uintx NonNMethodCodeHeapSize                   = 5839372                                {pd product} {ergonomic}
    uintx NonProfiledCodeHeapSize                  = 122909434                              {pd product} {ergonomic}
    uintx ProfiledCodeHeapSize                     = 122909434                              {pd product} {ergonomic}
    uintx ReservedCodeCacheSize                    = 251658240                              {pd product} {ergonomic}
     bool SegmentedCodeCache                       = true                                      {product} {ergonomic}
   size_t SoftMaxHeapSize                          = 2080374784                             {manageable} {ergonomic}
     bool UseCompressedClassPointers               = true                           {product lp64_product} {ergonomic}
     bool UseCompressedOops                        = true                           {product lp64_product} {ergonomic}
     bool UseG1GC                                  = true                                      {product} {ergonomic}
     bool UseLargePagesIndividualAllocation        = false                                  {pd product} {ergonomic}

Logging:
Log output configuration:
 #0: stdout all=warning uptime,level,tags
 #1: stderr all=off uptime,level,tags

Environment Variables:
JAVA_HOME=C:\Program Files\Android\Android Studio\jbr
CLASSPATH=D:\Flutter\mu_card_app_main\android\\gradle\wrapper\gradle-wrapper.jar
PATH=C:\Program Files\Android\Android Studio\jbr\bin;D:\Flutter\install\flutter\bin\;C:\Program Files\Common Files\Oracle\Java\javapath;C:\WINDOWS\system32;C:\WINDOWS;C:\WINDOWS\System32\Wbem;C:\WINDOWS\System32\WindowsPowerShell\v1.0\;C:\WINDOWS\System32\OpenSSH\;C:\Program Files\dotnet\;C:\xampp;C:\Program Files\Git\cmd;C:\Program Files\Microsoft SQL Server\150\Tools\Binn\;C:\Program Files\Microsoft SQL Server\Client SDK\ODBC\170\Tools\Binn\;C:\Program Files (x86)\Microsoft SQL Server\150\Tools\Binn\;C:\Program Files (x86)\Microsoft SQL Server\150\DTS\Binn\;C:\Program Files\Microsoft SQL Server\150\DTS\Binn\;C:\Program Files (x86)\Microsoft SQL Server\Client SDK\ODBC\130\Tools\Binn\;C:\Program Files (x86)\Microsoft SQL Server\140\Tools\Binn\;C:\Program Files (x86)\Microsoft SQL Server\140\DTS\Binn\;C:\Users\Butani Jeel\AppData\Local\Pub\Cache\bin;C:\Users\Butani Jeel\AppData\Roaming\npm;C:\Program Files\nodejs\;C:\Program Files (x86)\Microsoft SQL Server\140\Tools\Binn\ManagementStudio\;C:\Program Files\MySQL\MySQL Shell 8.0\bin\;C:\Users\Butani Jeel\AppData\Local\Microsoft\WindowsApps;D:\dev and mul\jdk1.8.0_201\jdk1.8.0_201\bin;C:\Users\Butani Jeel\.vscode\Microsoft VS Code\bin;D:\Flutter\install\flutter\bin;C:\Users\Butani Jeel\.dotnet\tools;C:\Users\Butani Jeel\AppData\Roaming\npm;D:\IntelliJ IDEA Community Edition 2023.3.2\bin;;C:\msys64\ucrt64\bin;D:\Flutter\install\flutter\bin\mingit\cmd
USERNAME=Jeel
LANG=en_US.UTF-8
OS=Windows_NT
PROCESSOR_IDENTIFIER=Intel64 Family 6 Model 140 Stepping 1, GenuineIntel
TMP=C:\Users\BUTANI~1\AppData\Local\Temp
TEMP=C:\Users\BUTANI~1\AppData\Local\Temp


JNI global refs:
JNI global refs: 10, weak refs: 0

JNI global refs memory usage: 843, weak refs: 841


---------------  S Y S T E M  ---------------

OS:
 Windows 11 , 64 bit Build 22621 (10.0.22621.4391)
OS uptime: 0 days 2:37 hours

CPU: total 8 (initial active 8) (4 cores per cpu, 2 threads per core) family 6 model 140 stepping 1 microcode 0xb8, cx8, cmov, fxsr, ht, mmx, 3dnowpref, sse, sse2, sse3, ssse3, sse4.1, sse4.2, popcnt, lzcnt, tsc, tscinvbit, avx, avx2, aes, erms, clmul, bmi1, bmi2, adx, avx512f, avx512dq, avx512cd, avx512bw, avx512vl, sha, fma, vzeroupper, avx512_vpopcntdq, avx512_vpclmulqdq, avx512_vaes, avx512_vnni, clflush, clflushopt, clwb, avx512_vbmi2, avx512_vbmi

Memory: 4k page, system-wide physical 7934M (378M free)
TotalPageFile size 20734M (AvailPageFile size 5M)
current process WorkingSet (physical memory assigned to process): 240M, peak: 243M
current process commit charge ("private bytes"): 277M, peak: 278M

vm_info: OpenJDK 64-Bit Server VM (17.0.6+0-b2043.56-10027231) for windows-amd64 JRE (17.0.6+0-b2043.56-10027231), built on Apr 28 2023 00:43:19 by "androidbuild" with MS VC++ 16.10 / 16.11 (VS2019)

END.
